* Measurement data measured by REW V5.20.13
* Source: /projects/speakers/CHR70/CHR70 near field combined scaled.txt
* Format: Comma/Tab/Space delimited data
* Dated: Aug 14, 2023 8:43:23 PM
* REW Settings:
*  C-weighting compensation: Off
*  Target level: 75.0 dB
* Note: Measurement imported from /projects/speakers/CHR70/CHR70 near field combined scaled.txt Format: Comma/Tab/Space delimited data 858 values loaded, 41 Hz to 19,896 Hz log spaced
* Measurement: CHR70 near field combined sc
* Smoothing: 1/24 octave
* Frequency Step: 1/96 octave
* Start Frequency: 40.876 Hz
*
* Freq(Hz)	SPL(dB)	Phase(degrees)
40.875885	72.439	99.2950
41.172089	72.555	98.0292
41.470440	72.744	95.9314
41.770950	72.967	93.3262
42.073643	73.199	90.4788
42.378525	73.424	87.5199
42.685616	73.636	84.5042
42.994934	73.833	81.4732
43.306492	74.014	78.4389
43.620308	74.177	75.4060
43.936401	74.324	72.3836
44.254780	74.457	69.3978
44.575470	74.577	66.4484
44.898483	74.685	63.5309
45.223835	74.782	60.6594
45.551544	74.868	57.8278
45.881630	74.941	55.0326
46.214108	75.004	52.2944
46.548996	75.057	49.6142
46.886307	75.099	46.9914
47.226067	75.133	44.4429
47.568283	75.161	41.9599
47.912983	75.183	39.5303
48.260181	75.200	37.1636
48.609894	75.211	34.8499
48.962143	75.216	32.5827
49.316940	75.215	30.3808
49.674313	75.209	28.2416
50.034271	75.199	26.1551
50.396843	75.184	24.1147
50.762039	75.167	22.1343
51.129883	75.149	20.2035
51.500389	75.129	18.3123
51.873581	75.109	16.4737
52.249481	75.088	14.6784
52.628101	75.065	12.9166
53.009464	75.042	11.1997
53.393593	75.019	9.5145
53.780506	74.994	7.8468
54.170223	74.970	6.2052
54.562763	74.947	4.5764
54.958145	74.924	2.9502
55.356396	74.902	1.3429
55.757530	74.882	-0.2495
56.161572	74.863	-1.8299
56.568542	74.847	-3.3794
56.978462	74.835	-4.9055
57.391350	74.824	-6.4233
57.807232	74.813	-7.9397
58.226128	74.801	-9.4317
58.648056	74.786	-10.8954
59.073048	74.768	-12.3267
59.501114	74.749	-13.7024
59.932281	74.732	-15.0329
60.366577	74.714	-16.3353
60.804020	74.698	-17.6010
61.244629	74.679	-18.8377
61.688435	74.657	-20.0441
62.135452	74.634	-21.1921
62.585712	74.612	-22.2859
63.039234	74.595	-23.3433
63.496040	74.587	-24.3687
63.956161	74.588	-25.3933
64.419617	74.597	-26.4409
64.886421	74.613	-27.4975
65.356621	74.634	-28.5654
65.830215	74.656	-29.6508
66.307251	74.678	-30.7561
66.787743	74.702	-31.8622
67.271713	74.724	-32.9788
67.759193	74.742	-34.1157
68.250206	74.759	-35.2564
68.744774	74.773	-36.4092
69.242928	74.783	-37.5818
69.744690	74.790	-38.7538
70.250084	74.793	-39.9251
70.759148	74.788	-41.0874
71.271896	74.779	-42.1995
71.788361	74.766	-43.2463
72.308571	74.753	-44.2252
72.832550	74.746	-45.1285
73.360321	74.749	-45.9936
73.891922	74.762	-46.8664
74.427376	74.785	-47.7604
74.966705	74.815	-48.7002
75.509949	74.844	-49.7031
76.057121	74.869	-50.7724
76.608261	74.890	-51.8860
77.163399	74.901	-53.0480
77.722557	74.896	-54.2519
78.285767	74.873	-55.4405
78.853058	74.828	-56.5544
79.424461	74.767	-57.5250
80.000000	74.703	-58.2846
80.579712	74.653	-58.8492
81.163628	74.626	-59.2930
81.751770	74.630	-59.6927
82.344177	74.658	-60.1392
82.940880	74.700	-60.6893
83.541901	74.750	-61.3368
84.147285	74.800	-62.0768
84.757050	74.844	-62.8914
85.371231	74.885	-63.7339
85.989868	74.920	-64.5878
86.612984	74.949	-65.4516
87.240616	74.970	-66.3238
87.872803	74.989	-67.1806
88.509560	75.004	-68.0244
89.150940	75.015	-68.8567
89.796967	75.027	-69.6540
90.447670	75.040	-70.4244
91.103088	75.053	-71.1857
91.763260	75.071	-71.9384
92.428215	75.092	-72.7093
93.097992	75.111	-73.5148
93.772614	75.129	-74.3299
94.452133	75.143	-75.1435
95.136566	75.151	-75.9432
95.825966	75.159	-76.7015
96.520363	75.168	-77.4310
97.219788	75.178	-78.1552
97.924286	75.191	-78.8765
98.633881	75.203	-79.6188
99.348625	75.207	-80.3984
100.068542	75.200	-81.1990
100.793686	75.185	-81.9530
101.524078	75.166	-82.6158
102.259766	75.149	-83.1732
103.000778	75.145	-83.6311
103.747162	75.154	-84.0481
104.498962	75.171	-84.4825
105.256203	75.195	-84.9482
106.018929	75.222	-85.4606
106.787186	75.247	-86.0191
107.561012	75.273	-86.5934
108.340446	75.297	-87.1783
109.125526	75.319	-87.7734
109.916290	75.344	-88.3603
110.712791	75.371	-88.9472
111.515060	75.397	-89.5416
112.323143	75.427	-90.1261
113.137085	75.457	-90.7069
113.956924	75.485	-91.2970
114.782700	75.510	-91.9036
115.614464	75.537	-92.5112
116.452255	75.564	-93.1258
117.296112	75.588	-93.7510
118.146095	75.613	-94.3667
119.002228	75.637	-94.9766
119.864563	75.661	-95.5909
120.733154	75.688	-96.2048
121.608040	75.715	-96.8356
122.489258	75.738	-97.4938
123.376869	75.759	-98.1592
124.270905	75.776	-98.8240
125.171425	75.787	-99.4789
126.078468	75.800	-100.1022
126.992081	75.815	-100.7074
127.912323	75.833	-101.3230
128.839233	75.856	-101.9646
129.772842	75.881	-102.6630
130.713242	75.898	-103.4339
131.660431	75.899	-104.2545
132.614502	75.884	-105.0529
133.575485	75.854	-105.7724
134.543427	75.814	-106.3827
135.518387	75.775	-106.8681
136.500412	75.742	-107.2500
137.489548	75.718	-107.5596
138.485855	75.710	-107.8229
139.489380	75.716	-108.0887
140.500168	75.728	-108.3907
141.518295	75.746	-108.7183
142.543793	75.769	-109.0651
143.576721	75.793	-109.4348
144.617142	75.824	-109.8308
145.665100	75.859	-110.2752
146.720642	75.891	-110.7800
147.783844	75.924	-111.3293
148.854752	75.950	-111.9099
149.933411	75.965	-112.5022
151.019897	75.967	-113.0775
152.114243	75.964	-113.5966
153.216522	75.959	-114.0478
154.326797	75.956	-114.4424
155.445114	75.966	-114.8065
156.571533	75.986	-115.1971
157.706116	76.008	-115.6607
158.848923	76.028	-116.1916
160.000000	76.038	-116.7517
161.159424	76.037	-117.2952
162.327255	76.034	-117.7917
163.503540	76.030	-118.2559
164.688354	76.024	-118.7112
165.881760	76.016	-119.1511
167.083801	76.002	-119.5546
168.294571	75.983	-119.8940
169.514099	75.969	-120.1495
170.742462	75.966	-120.3336
171.979736	75.973	-120.4745
173.225967	75.991	-120.6069
174.481232	76.029	-120.7696
175.745605	76.079	-121.0183
177.019119	76.133	-121.3999
178.301880	76.185	-121.9223
179.593933	76.220	-122.5543
180.895340	76.229	-123.2220
182.206177	76.220	-123.8292
183.526520	76.197	-124.3100
184.856430	76.172	-124.6527
186.195984	76.160	-124.8912
187.545227	76.160	-125.0806
188.904266	76.169	-125.2599
190.273132	76.190	-125.4364
191.651932	76.222	-125.6114
193.040726	76.266	-125.8090
194.439575	76.328	-126.0872
195.848572	76.400	-126.5153
197.267761	76.464	-127.1224
198.697250	76.503	-127.8671
200.137085	76.513	-128.6491
201.587372	76.496	-129.3574
203.048157	76.460	-129.9208
204.519531	76.426	-130.3310
206.001556	76.400	-130.6294
207.494324	76.385	-130.8776
208.997925	76.384	-131.1301
210.512405	76.389	-131.4149
212.037857	76.392	-131.7277
213.574371	76.394	-132.0427
215.122025	76.393	-132.3293
216.680893	76.392	-132.5719
218.251053	76.399	-132.7790
219.832581	76.416	-132.9770
221.425583	76.442	-133.2095
223.030121	76.480	-133.5248
224.646286	76.517	-133.9408
226.274170	76.544	-134.4350
227.913849	76.555	-134.9630
229.565399	76.554	-135.4909
231.228928	76.543	-135.9973
232.904510	76.517	-136.4649
234.592224	76.481	-136.8636
236.292191	76.435	-137.1366
238.004456	76.388	-137.2402
239.729126	76.359	-137.1920
241.466309	76.356	-137.0607
243.216080	76.381	-136.9397
244.978516	76.433	-136.9161
246.753738	76.500	-137.0372
248.541809	76.571	-137.3229
250.342850	76.642	-137.7862
252.156937	76.700	-138.4185
253.984161	76.735	-139.1915
255.824646	76.744	-140.0619
257.678467	76.719	-140.9520
259.545685	76.655	-141.7664
261.426483	76.555	-142.4071
263.320862	76.433	-142.7922
265.229004	76.303	-142.8530
267.150970	76.187	-142.5795
269.086853	76.111	-142.0582
271.036774	76.087	-141.4321
273.000824	76.112	-140.8581
274.979095	76.173	-140.4570
276.971710	76.251	-140.2590
278.978760	76.329	-140.2409
281.000336	76.404	-140.3784
283.036591	76.469	-140.6300
285.087585	76.519	-140.9446
287.153442	76.558	-141.2827
289.234283	76.589	-141.6114
291.330200	76.616	-141.9343
293.441284	76.643	-142.2858
295.567688	76.663	-142.6620
297.709503	76.671	-143.0212
299.866821	76.666	-143.3155
302.039795	76.660	-143.5365
304.228485	76.658	-143.6929
306.433044	76.663	-143.8151
308.653595	76.677	-143.9543
310.890228	76.696	-144.1308
313.143066	76.710	-144.3361
315.412231	76.719	-144.5434
317.697845	76.726	-144.6956
320.000000	76.590	-152.3695
322.318848	76.574	-152.6366
324.654510	76.558	-152.8980
327.007080	76.541	-153.1536
329.376709	76.523	-153.4032
331.763519	76.505	-153.6468
334.167603	76.487	-153.8841
336.589142	76.467	-154.1150
339.028198	76.448	-154.3394
341.484924	76.428	-154.5572
343.959473	76.407	-154.7682
346.451935	76.387	-154.9723
348.962463	76.365	-155.1693
351.491211	76.344	-155.3593
354.038239	76.322	-155.5420
356.603760	76.299	-155.7173
359.187866	76.277	-155.8852
361.790680	76.254	-156.0455
364.412354	76.231	-156.1982
367.053040	76.208	-156.3431
369.712860	76.184	-156.4802
372.391968	76.160	-156.6094
375.090454	76.137	-156.7306
377.808533	76.113	-156.8438
380.546265	76.089	-156.9489
383.303864	76.065	-157.0459
386.081451	76.041	-157.1347
388.879150	76.017	-157.2153
391.697144	75.994	-157.2877
394.535522	75.969	-157.3519
397.394501	75.945	-157.4079
400.274170	75.921	-157.4557
403.174744	75.897	-157.4952
406.096313	75.873	-157.5266
409.039062	75.849	-157.5498
412.003113	75.825	-157.5650
414.988647	75.802	-157.5720
417.995850	75.779	-157.5712
421.024811	75.756	-157.5623
424.075714	75.734	-157.5457
427.148743	75.713	-157.5213
430.244049	75.692	-157.4892
433.361786	75.671	-157.4495
436.502106	75.652	-157.4023
439.665161	75.633	-157.3478
442.851166	75.614	-157.2860
446.060242	75.597	-157.2170
449.292572	75.580	-157.1409
452.548340	75.564	-157.0580
455.827698	75.549	-156.9681
459.130798	75.534	-156.8716
462.457855	75.520	-156.7685
465.809021	75.508	-156.6588
469.184448	75.495	-156.5428
472.584381	75.484	-156.4206
476.008911	75.474	-156.2921
479.458252	75.465	-156.1576
482.932617	75.457	-156.0172
486.432159	75.449	-155.8708
489.957031	75.443	-155.7187
493.507477	75.438	-155.5610
497.083618	75.433	-155.3976
500.685699	75.430	-155.2288
504.313873	75.428	-155.0546
507.968323	75.428	-154.8751
511.649292	75.428	-154.6905
515.356934	75.430	-154.5007
519.091370	75.433	-154.3061
522.852966	75.438	-154.1066
526.641724	75.444	-153.9024
530.458008	75.451	-153.6937
534.301941	75.460	-153.4807
538.173706	75.471	-153.2637
542.073547	75.483	-153.0427
546.001648	75.497	-152.8182
549.958191	75.512	-152.5903
553.943420	75.529	-152.3595
557.957520	75.548	-152.1261
562.000671	75.569	-151.8906
566.073181	75.592	-151.6534
570.175171	75.617	-151.4151
574.306885	75.644	-151.1763
578.468567	75.674	-150.9375
582.660400	75.705	-150.6996
586.882568	75.739	-150.4632
591.135376	75.775	-150.2291
595.419006	75.813	-149.9983
599.733643	75.854	-149.7717
604.079590	75.897	-149.5502
608.456970	75.943	-149.3349
612.866089	75.992	-149.1269
617.307190	76.042	-148.9272
621.780457	76.096	-148.7370
626.286133	76.152	-148.5575
630.824463	76.210	-148.3900
635.395691	76.270	-148.2354
640.000000	76.333	-148.0952
644.637695	76.398	-147.9705
649.309021	76.465	-147.8625
654.014160	76.534	-147.7722
658.753418	76.606	-147.7009
663.527039	76.679	-147.6495
668.335205	76.753	-147.6191
673.178284	76.830	-147.6106
678.056396	76.907	-147.6249
682.969849	76.985	-147.6627
687.918945	77.064	-147.7247
692.903870	77.143	-147.8115
697.924927	77.223	-147.9235
702.982422	77.302	-148.0611
708.076477	77.380	-148.2245
713.207520	77.458	-148.4138
718.375732	77.534	-148.6291
723.581360	77.609	-148.8700
728.824707	77.683	-149.1365
734.106079	77.754	-149.4279
739.425720	77.824	-149.7439
744.783936	77.890	-150.0836
750.180908	77.954	-150.4463
755.617065	78.015	-150.8308
761.092529	78.073	-151.2361
766.607727	78.127	-151.6609
772.162903	78.177	-152.1036
777.758301	78.223	-152.5628
783.394287	78.264	-153.0365
789.071045	78.301	-153.5228
794.789001	78.333	-154.0195
800.548340	78.360	-154.5244
806.349487	78.382	-155.0350
812.192627	78.398	-155.5484
818.078125	78.408	-156.0618
824.006226	78.413	-156.5721
829.977295	78.412	-157.0758
835.991699	78.405	-157.5695
842.049622	78.392	-158.0493
848.151428	78.374	-158.5112
854.297485	78.349	-158.9509
860.488098	78.318	-159.3640
866.723572	78.282	-159.7458
873.004211	78.241	-160.0915
879.330322	78.194	-160.3960
885.702332	78.143	-160.6544
892.120483	78.088	-160.8615
898.585144	78.030	-161.0123
905.096680	77.970	-161.1020
911.655396	77.908	-161.1261
918.261597	77.846	-161.0806
924.915710	77.784	-160.9624
931.618042	77.726	-160.7690
938.368896	77.671	-160.4992
945.168762	77.621	-160.1534
952.017822	77.580	-159.7334
958.916504	77.547	-159.2433
965.865234	77.526	-158.6889
972.864319	77.517	-158.0783
979.914062	77.523	-157.4220
987.014954	77.546	-156.7323
994.167236	77.585	-156.0235
1001.371399	77.642	-155.3113
1008.627747	77.718	-154.6125
1015.936646	77.811	-153.9442
1023.298584	77.923	-153.3234
1030.713867	78.051	-152.7664
1038.182739	78.194	-152.2883
1045.705933	78.351	-151.9024
1053.283447	78.519	-151.6201
1060.916016	78.697	-151.4504
1068.603882	78.883	-151.4002
1076.347412	79.073	-151.4741
1084.147095	79.266	-151.6747
1092.003296	79.459	-152.0025
1099.916382	79.651	-152.4564
1107.886841	79.839	-153.0339
1115.915039	80.022	-153.7313
1124.001343	80.198	-154.5439
1132.146362	80.365	-155.4662
1140.350342	80.523	-156.4923
1148.613770	80.669	-157.6157
1156.937134	80.804	-158.8296
1165.320801	80.925	-160.1269
1173.765137	81.032	-161.5005
1182.270752	81.124	-162.9429
1190.838013	81.201	-164.4468
1199.467285	81.261	-166.0044
1208.159180	81.305	-167.6080
1216.913940	81.330	-169.2496
1225.732178	81.338	-170.9210
1234.614380	81.327	-172.6138
1243.560913	81.297	-174.3190
1252.572266	81.247	-176.0274
1261.648926	81.177	-177.7292
1270.791382	81.086	-179.4142
1280.000000	80.975	178.9290
1289.275391	80.843	177.3120
1298.618042	80.690	175.7478
1308.028320	80.516	174.2501
1317.506836	80.320	172.8340
1327.054077	80.104	171.5154
1336.670410	79.867	170.3117
1346.356567	79.611	169.2413
1356.112793	79.337	168.3236
1365.939697	79.046	167.5786
1375.837891	78.741	167.0265
1385.807739	78.425	166.6866
1395.849854	78.101	166.5765
1405.964844	77.775	166.7107
1416.152954	77.450	167.0984
1426.415039	77.134	167.7420
1436.751465	76.833	168.6351
1447.162720	76.555	169.7608
1457.649414	76.305	171.0915
1468.212158	76.091	172.5887
1478.851440	75.916	174.2057
1489.567871	75.783	175.8897
1500.361816	75.692	177.5868
1511.234131	75.641	179.2459
1522.185059	75.626	-179.1772
1533.215454	75.641	-177.7168
1544.325806	75.680	-176.3957
1555.516602	75.736	-175.2250
1566.788574	75.804	-174.2050
1578.142090	75.877	-173.3273
1589.578003	75.953	-172.5766
1601.096680	76.028	-171.9332
1612.698975	76.100	-171.3756
1624.385254	76.168	-170.8820
1636.156250	76.232	-170.4327
1648.012451	76.294	-170.0109
1659.954590	76.356	-169.6046
1671.983398	76.418	-169.2068
1684.099243	76.485	-168.8166
1696.302856	76.557	-168.4389
1708.594971	76.637	-168.0838
1720.976196	76.725	-167.7663
1733.447144	76.823	-167.5043
1746.008423	76.930	-167.3176
1758.660645	77.045	-167.2255
1771.404663	77.164	-167.2457
1784.240967	77.287	-167.3922
1797.170288	77.408	-167.6747
1810.193359	77.524	-168.0975
1823.310791	77.631	-168.6593
1836.523193	77.726	-169.3534
1849.831421	77.805	-170.1676
1863.236084	77.864	-171.0851
1876.737793	77.901	-172.0848
1890.337524	77.913	-173.1420
1904.035645	77.899	-174.2288
1917.833008	77.858	-175.3151
1931.730469	77.789	-176.3684
1945.728638	77.693	-177.3555
1959.828125	77.571	-178.2425
1974.029907	77.427	-178.9965
1988.334473	77.262	-179.5866
2002.742798	77.082	-179.9864
2017.255493	76.892	179.8242
2031.873291	76.699	179.8565
2046.597168	76.510	-179.8896
2061.427734	76.333	-179.4268
2076.365479	76.175	-178.7815
2091.411865	76.043	-177.9923
2106.566895	75.939	-177.1073
2121.832031	75.867	-176.1796
2137.207764	75.825	-175.2615
2152.694824	75.810	-174.3994
2168.294189	75.817	-173.6289
2184.006592	75.839	-172.9721
2199.832764	75.869	-172.4366
2215.773682	75.903	-172.0160
2231.830078	75.933	-171.6930
2248.002686	75.957	-171.4415
2264.292725	75.974	-171.2312
2280.700684	75.981	-171.0307
2297.227539	75.982	-170.8113
2313.874268	75.979	-170.5500
2330.641602	75.975	-170.2327
2347.530273	75.975	-169.8557
2364.541504	75.984	-169.4263
2381.676025	76.006	-168.9630
2398.934570	76.043	-168.4929
2416.318359	76.098	-168.0490
2433.827881	76.169	-167.6663
2451.464355	76.253	-167.3773
2469.228760	76.348	-167.2090
2487.121826	76.447	-167.1792
2505.144531	76.547	-167.2958
2523.297852	76.640	-167.5564
2541.582764	76.722	-167.9484
2560.000000	76.789	-168.4515
2578.550781	76.837	-169.0385
2597.236084	76.864	-169.6782
2616.056641	76.870	-170.3360
2635.013672	76.853	-170.9770
2654.108154	76.815	-171.5666
2673.340820	76.759	-172.0728
2692.713135	76.688	-172.4676
2712.225586	76.607	-172.7292
2731.879395	76.521	-172.8435
2751.675781	76.436	-172.8067
2771.615479	76.359	-172.6264
2791.699707	76.296	-172.3228
2811.929688	76.253	-171.9281
2832.305908	76.234	-171.4850
2852.830078	76.240	-171.0428
2873.502930	76.271	-170.6532
2894.325439	76.322	-170.3644
2915.298828	76.389	-170.2160
2936.424316	76.464	-170.2349
2957.702881	76.539	-170.4324
2979.135742	76.606	-170.8033
3000.723633	76.658	-171.3272
3022.468262	76.689	-171.9697
3044.370117	76.694	-172.6862
3066.430908	76.672	-173.4252
3088.651611	76.622	-174.1330
3111.033203	76.548	-174.7582
3133.577148	76.453	-175.2570
3156.284180	76.344	-175.5983
3179.156006	76.231	-175.7675
3202.193359	76.120	-175.7697
3225.397949	76.019	-175.6288
3248.770508	75.936	-175.3845
3272.312500	75.871	-175.0854
3296.024902	75.827	-174.7806
3319.909180	75.799	-174.5112
3343.966797	75.783	-174.3039
3368.198486	75.773	-174.1680
3392.605713	75.765	-174.0973
3417.189941	75.756	-174.0744
3441.952393	75.745	-174.0780
3466.894287	75.733	-174.0912
3492.016846	75.723	-174.1073
3517.321289	75.718	-174.1340
3542.809326	75.719	-174.1931
3568.481934	75.728	-174.3165
3594.340576	75.741	-174.5386
3620.386719	75.754	-174.8875
3646.621582	75.758	-175.3773
3673.046387	75.746	-176.0013
3699.662842	75.710	-176.7305
3726.472168	75.643	-177.5141
3753.475586	75.541	-178.2838
3780.675049	75.404	-178.9609
3808.071289	75.236	-179.4644
3835.666016	75.043	-179.7228
3863.460938	74.838	-179.6848
3891.457275	74.637	-179.3314
3919.656250	74.455	-178.6840
3948.059814	74.309	-177.8067
3976.668945	74.210	-176.7997
4005.485596	74.162	-175.7835
4034.510986	74.161	-174.8781
4063.746582	74.194	-174.1803
4093.194336	74.246	-173.7474
4122.855469	74.297	-173.5894
4152.730957	74.332	-173.6698
4182.823730	74.338	-173.9139
4213.133789	74.309	-174.2213
4243.664062	74.244	-174.4812
4274.415527	74.150	-174.5894
4305.389648	74.037	-174.4660
4336.588379	73.923	-174.0725
4368.013184	73.828	-173.4234
4399.665527	73.768	-172.5894
4431.547363	73.756	-171.6868
4463.660156	73.793	-170.8547
4496.005371	73.872	-170.2256
4528.585449	73.975	-169.8971
4561.401367	74.082	-169.9144
4594.455078	74.171	-170.2639
4627.748535	74.226	-170.8786
4661.283203	74.234	-171.6504
4695.060547	74.190	-172.4463
4729.083008	74.097	-173.1264
4763.352051	73.964	-173.5668
4797.869141	73.811	-173.6836
4832.636719	73.659	-173.4576
4867.655762	73.533	-172.9482
4902.928711	73.451	-172.2887
4938.457520	73.418	-171.6540
4974.243652	73.423	-171.2104
5010.289062	73.442	-171.0609
5046.595703	73.446	-171.2094
5083.165527	73.410	-171.5531
5120.000000	73.320	-171.9079
5157.101562	73.179	-172.0577
5194.472168	73.006	-171.8194
5232.113281	72.833	-171.1064
5270.027344	72.700	-169.9693
5308.216309	72.638	-168.5897
5346.681641	72.658	-167.2207
5385.426270	72.744	-166.0957
5424.451172	72.865	-165.3510
5463.758789	72.990	-164.9947
5503.351562	73.093	-164.9298
5543.230957	73.165	-165.0086
5583.399414	73.209	-165.0895
5623.859375	73.237	-165.0753
5664.611816	73.265	-164.9270
5705.660156	73.309	-164.6602
5747.005859	73.383	-164.3369
5788.650879	73.494	-164.0586
5830.597656	73.645	-163.9594
5872.848633	73.826	-164.1886
5915.405762	74.013	-164.8740
5958.271484	74.175	-166.0737
6001.447266	74.279	-167.7341
6044.936523	74.295	-169.6757
6088.740234	74.209	-171.6190
6132.861816	74.026	-173.2495
6177.303223	73.770	-174.3075
6222.066406	73.485	-174.6730
6267.154297	73.217	-174.4018
6312.568359	73.002	-173.6833
6358.312012	72.853	-172.7373
6404.386719	72.766	-171.7209
6450.795898	72.737	-170.7148
6497.541016	72.766	-169.7938
6544.625000	72.855	-169.1052
6592.049805	72.987	-168.8627
6639.818359	73.120	-169.2345
6687.933594	73.201	-170.1982
6736.396973	73.183	-171.4721
6785.211426	73.050	-172.5856
6834.379883	72.832	-173.0737
6883.904785	72.596	-172.7059
6933.788574	72.425	-171.6176
6984.033691	72.372	-170.2335
7034.642578	72.434	-169.0173
7085.618652	72.564	-168.2334
7136.963867	72.719	-167.9004
7188.681152	72.879	-167.9319
7240.773438	73.041	-168.2965
7293.243164	73.192	-169.0439
7346.092773	73.308	-170.1929
7399.325684	73.357	-171.6113
7452.944336	73.331	-173.0240
7506.951172	73.247	-174.1668
7561.350098	73.145	-174.9678
7616.142578	73.056	-175.5880
7671.332031	72.974	-176.2563
7726.921875	72.861	-177.0188
7782.914551	72.684	-177.6287
7839.312500	72.450	-177.6968
7896.119629	72.216	-177.0050
7953.337891	72.060	-175.7195
8010.971191	72.019	-174.3024
8069.021973	72.067	-173.1862
8127.493164	72.145	-172.5106
8186.388672	72.210	-172.1306
8245.710938	72.250	-171.8095
8305.461914	72.281	-171.3720
8365.647461	72.323	-170.7300
8426.267578	72.408	-169.8730
8487.328125	72.565	-168.9145
8548.831055	72.809	-168.1249
8610.779297	73.113	-167.8212
8673.176758	73.423	-168.1586
8736.026367	73.690	-169.0264
8799.331055	73.897	-170.1533
8863.094727	74.050	-171.2821
8927.320312	74.166	-172.2262
8992.010742	74.275	-172.8305
9057.170898	74.430	-173.0364
9122.802734	74.691	-173.0884
9188.910156	75.064	-173.5906
9255.497070	75.463	-175.1429
9322.566406	75.763	-177.7973
9390.121094	75.889	179.1135
9458.166016	75.871	176.5373
9526.704102	75.833	174.9780
9595.738281	75.921	174.0663
9665.273438	76.174	172.7997
9735.311523	76.488	170.2711
9805.857422	76.703	166.3003
9876.915039	76.700	161.5707
9948.487305	76.458	157.2613
10020.578125	76.064	154.3253
10093.191406	75.694	152.7740
10166.331055	75.478	151.6318
10240.000000	75.374	149.8600
10314.203125	75.226	147.3748
10388.944336	74.946	144.9915
10464.226562	74.584	143.4390
10540.054688	74.251	142.6887
10616.432617	74.007	142.2830
10693.363281	73.855	141.9201
10770.852539	73.800	141.3849
10848.902344	73.830	140.2206
10927.517578	73.861	138.0002
11006.703125	73.769	134.9196
11086.461914	73.490	131.7984
11166.798828	73.055	129.4647
11247.718750	72.556	128.2586
11329.223633	72.101	128.0008
11411.320312	71.766	128.1975
11494.011719	71.570	128.3080
11577.301758	71.479	128.0067
11661.195312	71.466	127.1779
11745.697266	71.523	125.6147
11830.811523	71.612	122.9261
11916.542969	71.643	118.8960
12002.894531	71.528	113.7943
12089.873047	71.223	108.2266
12177.480469	70.742	102.7452
12265.723633	70.139	97.5676
12354.606445	69.483	92.4680
12444.132812	68.835	86.8309
12534.308594	68.212	79.8575
12625.136719	67.599	70.7650
12716.624023	66.970	58.8615
12808.773438	66.323	43.6515
12901.591797	65.698	25.1143
12995.082031	65.210	3.9565
13089.250000	65.036	-18.5090
13184.099609	65.275	-40.8770
13279.636719	65.795	-62.0700
13375.867188	66.325	-81.1719
13472.793945	66.684	-97.0103
13570.422852	66.918	-108.4467
13668.759766	67.259	-115.4932
13767.809570	67.886	-119.8451
13867.577148	68.714	-123.7625
13968.067383	69.536	-128.5814
14069.285156	70.210	-134.4467
14171.237305	70.680	-140.8510
14273.927734	70.962	-147.1590
14377.362305	71.106	-153.0278
14481.546875	71.142	-158.4683
14586.486328	71.068	-163.4575
14692.185547	70.898	-167.7935
14798.651367	70.685	-171.4532
14905.888672	70.468	-174.7155
15013.902344	70.240	-177.7969
15122.700195	69.998	179.2520
15232.285156	69.751	176.2018
15342.664062	69.455	172.7560
15453.843750	69.005	169.2337
15565.829102	68.358	166.4782
15678.625000	67.587	164.8158
15792.239258	66.751	163.9725
15906.675781	65.796	164.2725
16021.942383	64.664	166.8632
16138.043945	63.448	172.5476
16254.986328	62.403	-178.7009
16372.777344	61.914	-167.2723
16491.421875	62.389	-154.2758
16610.923828	63.790	-142.2354
16731.294922	65.586	-133.9466
16852.535156	67.324	-130.6942
16974.656250	68.780	-132.1965
17097.662109	69.846	-137.3293
17221.558594	70.494	-144.4594
17346.353516	70.770	-151.8962
17472.052734	70.771	-158.5486
17598.662109	70.592	-164.1480
17726.189453	70.279	-168.8237
17854.640625	69.827	-172.5082
17984.021484	69.228	-174.6696
18114.341797	68.547	-174.6310
18245.605469	67.970	-172.5037
18377.820312	67.671	-169.5298
18510.994141	67.621	-166.8113
18645.132812	67.726	-164.5142
18780.242188	67.947	-162.6971
18916.332031	68.231	-161.5912
19053.408203	68.498	-161.2157
19191.476562	68.670	-161.0524
19330.546875	68.802	-159.9246
19470.623047	69.148	-157.4205
19611.714844	69.832	-154.9698
19753.830078	70.622	-154.1799
19896.974609	71.220	-154.9004
