* Measurement data measured by REW V5.31.3
* Source: EXCL: Microphone (Umik-1  Gain: 18dB), MICROPHONE (Master Volume), R, volume: 0.530
* Format: 256k Log Swept Sine, 1 sweep at 0.0 dBFS with no timing reference
* Dated: 08:41:26 21/01/2025
* REW Settings:
*  C-weighting compensation: Off
*  Target level: 75.0 dB
* Note: ; 
* Measurement: Tweeter Far Field
* Smoothing: 1/12 octave
* Frequency Step: 1/96 octave
* Start Frequency: 302.040 Hz
*
* Freq(Hz)	SPL(dB)	Phase(degrees)
302.039795	64.498	-29.6457
304.228485	64.612	-29.8367
306.433044	64.757	-30.0645
308.653595	64.925	-30.3198
310.890228	65.108	-30.5961
313.143066	65.300	-30.8893
315.412231	65.496	-31.1973
317.697845	65.695	-31.5188
320.000000	65.895	-31.8534
322.318848	66.095	-32.2009
324.654510	66.296	-32.5614
327.007080	66.496	-32.9351
329.376709	66.695	-33.3220
331.763519	66.894	-33.7224
334.167603	67.093	-34.1364
336.589142	67.291	-34.5643
339.028198	67.489	-35.0062
341.484924	67.685	-35.4622
343.959473	67.881	-35.9325
346.451935	68.076	-36.4172
348.962463	68.271	-36.9165
351.491211	68.464	-37.4304
354.038239	68.656	-37.9590
356.603760	68.847	-38.5024
359.187866	69.037	-39.0607
361.790680	69.226	-39.6339
364.412354	69.414	-40.2219
367.053040	69.600	-40.8249
369.712860	69.785	-41.4428
372.391968	69.968	-42.0755
375.090454	70.150	-42.7230
377.808533	70.331	-43.3852
380.546265	70.509	-44.0621
383.303864	70.686	-44.7534
386.081451	70.861	-45.4592
388.879150	71.033	-46.1792
391.697144	71.204	-46.9132
394.535522	71.372	-47.6611
397.394501	71.538	-48.4226
400.274170	71.702	-49.1975
403.174744	71.863	-49.9856
406.096313	72.021	-50.7865
409.039062	72.177	-51.5999
412.003113	72.330	-52.4256
414.988647	72.481	-53.2631
417.995850	72.629	-54.1120
421.024811	72.774	-54.9720
424.075714	72.916	-55.8426
427.148743	73.055	-56.7234
430.244049	73.192	-57.6138
433.361786	73.325	-58.5134
436.502106	73.455	-59.4215
439.665161	73.582	-60.3377
442.851166	73.705	-61.2612
446.060242	73.825	-62.1914
449.292572	73.942	-63.1276
452.548340	74.055	-64.0692
455.827698	74.164	-65.0152
459.130798	74.270	-65.9650
462.457855	74.372	-66.9177
465.809021	74.470	-67.8723
469.184448	74.564	-68.8279
472.584381	74.654	-69.7836
476.008911	74.741	-70.7383
479.458252	74.823	-71.6909
482.932617	74.901	-72.6403
486.432159	74.975	-73.5852
489.957031	75.045	-74.5244
493.507477	75.111	-75.4566
497.083618	75.172	-76.3803
500.685699	75.229	-77.2943
504.313873	75.283	-78.1968
507.968323	75.332	-79.0865
511.649292	75.377	-79.9617
515.356934	75.418	-80.8206
519.091370	75.455	-81.6617
522.852966	75.488	-82.4830
526.641724	75.518	-83.2827
530.458008	75.543	-84.0590
534.301941	75.566	-84.8100
538.173706	75.585	-85.5338
542.073547	75.601	-86.2284
546.001648	75.614	-86.8920
549.958191	75.625	-87.5226
553.943420	75.633	-88.1186
557.957520	75.640	-88.6781
562.000671	75.645	-89.1997
566.073181	75.649	-89.6818
570.175171	75.652	-90.1232
574.306885	75.655	-90.5230
578.468567	75.659	-90.8804
582.660400	75.664	-91.1952
586.882568	75.671	-91.4672
591.135376	75.680	-91.6971
595.419006	75.692	-91.8857
599.733643	75.708	-92.0346
604.079590	75.728	-92.1457
608.456970	75.753	-92.2216
612.866089	75.784	-92.2655
617.307190	75.821	-92.2811
621.780457	75.865	-92.2726
626.286133	75.916	-92.2448
630.824463	75.974	-92.2027
635.395691	76.039	-92.1517
640.000000	76.113	-92.0976
644.637695	76.194	-92.0461
649.309021	76.283	-92.0030
654.014160	76.379	-91.9737
658.753418	76.483	-91.9637
663.527039	76.593	-91.9780
668.335205	76.710	-92.0210
673.178284	76.832	-92.0969
678.056396	76.959	-92.2088
682.969849	77.091	-92.3597
687.918945	77.225	-92.5515
692.903870	77.362	-92.7857
697.924927	77.501	-93.0630
702.982422	77.641	-93.3837
708.076477	77.781	-93.7471
713.207520	77.921	-94.1523
718.375732	78.059	-94.5978
723.581360	78.196	-95.0815
728.824707	78.331	-95.6011
734.106079	78.462	-96.1540
739.425720	78.591	-96.7370
744.783936	78.716	-97.3470
750.180908	78.838	-97.9806
755.617065	78.955	-98.6342
761.092529	79.069	-99.3042
766.607727	79.178	-99.9871
772.162903	79.283	-100.6793
777.758301	79.384	-101.3771
783.394287	79.481	-102.0774
789.071045	79.575	-102.7769
794.789001	79.665	-103.4728
800.548340	79.752	-104.1625
806.349487	79.836	-104.8437
812.192627	79.918	-105.5147
818.078125	79.999	-106.1743
824.006226	80.078	-106.8216
829.977295	80.157	-107.4566
835.991699	80.235	-108.0797
842.049622	80.314	-108.6921
848.151428	80.393	-109.2955
854.297485	80.474	-109.8922
860.488098	80.557	-110.4851
866.723572	80.641	-111.0779
873.004211	80.728	-111.6742
879.330322	80.817	-112.2784
885.702332	80.907	-112.8947
892.120483	81.000	-113.5277
898.585144	81.095	-114.1815
905.096680	81.190	-114.8602
911.655396	81.286	-115.5675
918.261597	81.383	-116.3063
924.915710	81.478	-117.0790
931.618042	81.571	-117.8871
938.368896	81.662	-118.7312
945.168762	81.750	-119.6111
952.017822	81.832	-120.5253
958.916504	81.909	-121.4713
965.865234	81.979	-122.4457
972.864319	82.042	-123.4437
979.914062	82.096	-124.4596
987.014954	82.141	-125.4866
994.167236	82.176	-126.5167
1001.371399	82.200	-127.5409
1008.627747	82.214	-128.5493
1015.936646	82.216	-129.5309
1023.298584	82.208	-130.4738
1030.713867	82.189	-131.3656
1038.182739	82.161	-132.1931
1045.705933	82.124	-132.9429
1053.283447	82.079	-133.6018
1060.916016	82.029	-134.1572
1068.603882	81.976	-134.5975
1076.347412	81.923	-134.9135
1084.147095	81.873	-135.0989
1092.003296	81.830	-135.1515
1099.916382	81.798	-135.0743
1107.886841	81.782	-134.8764
1115.915039	81.786	-134.5739
1124.001343	81.813	-134.1897
1132.146362	81.866	-133.7533
1140.350342	81.946	-133.2990
1148.613770	82.056	-132.8643
1156.937134	82.193	-132.4876
1165.320801	82.355	-132.2048
1173.765137	82.540	-132.0478
1182.270752	82.742	-132.0423
1190.838013	82.957	-132.2066
1199.467285	83.181	-132.5518
1208.159180	83.407	-133.0818
1216.913940	83.631	-133.7939
1225.732178	83.848	-134.6801
1234.614380	84.055	-135.7281
1243.560913	84.247	-136.9217
1252.572266	84.423	-138.2424
1261.648926	84.578	-139.6694
1270.791382	84.712	-141.1805
1280.000000	84.823	-142.7522
1289.275391	84.909	-144.3599
1298.618042	84.971	-145.9781
1308.028320	85.008	-147.5805
1317.506836	85.020	-149.1403
1327.054077	85.009	-150.6301
1336.670410	84.977	-152.0222
1346.356567	84.926	-153.2897
1356.112793	84.859	-154.4069
1365.939697	84.782	-155.3506
1375.837891	84.699	-156.1019
1385.807739	84.616	-156.6484
1395.849854	84.541	-156.9868
1405.964844	84.482	-157.1247
1416.152954	84.446	-157.0833
1426.415039	84.440	-156.8975
1436.751465	84.469	-156.6154
1447.162720	84.537	-156.2948
1457.649414	84.644	-155.9984
1468.212158	84.789	-155.7882
1478.851440	84.966	-155.7191
1489.567871	85.169	-155.8352
1500.361816	85.392	-156.1666
1511.234131	85.625	-156.7296
1522.185059	85.862	-157.5273
1533.215454	86.095	-158.5522
1544.325806	86.318	-159.7886
1555.516602	86.527	-161.2150
1566.788574	86.717	-162.8061
1578.142090	86.886	-164.5348
1589.578003	87.032	-166.3731
1601.096680	87.152	-168.2933
1612.698975	87.248	-170.2686
1624.385254	87.318	-172.2735
1636.156250	87.363	-174.2842
1648.012451	87.386	-176.2788
1659.954590	87.385	-178.2375
1671.983398	87.365	179.8569
1684.099243	87.326	178.0193
1696.302856	87.272	176.2618
1708.594971	87.204	174.5940
1720.976196	87.124	173.0225
1733.447144	87.036	171.5516
1746.008423	86.942	170.1831
1758.660645	86.844	168.9168
1771.404663	86.745	167.7504
1784.240967	86.646	166.6801
1797.170288	86.550	165.7007
1810.193359	86.458	164.8051
1823.310791	86.373	163.9850
1836.523193	86.297	163.2296
1849.831421	86.230	162.5262
1863.236084	86.175	161.8588
1876.737793	86.132	161.2091
1890.337524	86.101	160.5560
1904.035645	86.083	159.8773
1917.833008	86.075	159.1501
1931.730469	86.075	158.3540
1945.728638	86.080	157.4719
1959.828125	86.085	156.4932
1974.029907	86.086	155.4147
1988.334473	86.078	154.2422
2002.742798	86.055	152.9910
2017.255493	86.014	151.6862
2031.873291	85.951	150.3614
2046.597168	85.864	149.0578
2061.427734	85.752	147.8220
2076.365479	85.618	146.7029
2091.411865	85.466	145.7479
2106.566895	85.303	144.9969
2121.832031	85.138	144.4756
2137.207764	84.981	144.1888
2152.694824	84.846	144.1138
2168.294189	84.741	144.1984
2184.006592	84.674	144.3648
2199.832764	84.648	144.5206
2215.773682	84.658	144.5741
2231.830078	84.696	144.4507
2248.002686	84.751	144.1051
2264.292725	84.808	143.5262
2280.700684	84.854	142.7360
2297.227539	84.881	141.7834
2313.874268	84.881	140.7360
2330.641602	84.850	139.6703
2347.530273	84.793	138.6629
2364.541504	84.713	137.7797
2381.676025	84.621	137.0665
2398.934570	84.528	136.5399
2416.318359	84.446	136.1812
2433.827881	84.386	135.9381
2451.464355	84.353	135.7330
2469.228760	84.345	135.4807
2487.121826	84.358	135.1074
2505.144531	84.379	134.5684
2523.297852	84.398	133.8563
2541.582764	84.402	133.0013
2560.000000	84.382	132.0640
2578.550781	84.336	131.1237
2597.236084	84.263	130.2640
2616.056641	84.172	129.5577
2635.013672	84.073	129.0517
2654.108154	83.980	128.7539
2673.340820	83.906	128.6280
2692.713135	83.861	128.5986
2712.225586	83.848	128.5692
2731.879395	83.862	128.4478
2751.675781	83.894	128.1711
2771.615479	83.929	127.7198
2791.699707	83.958	127.1191
2811.929688	83.970	126.4291
2832.305908	83.963	125.7277
2852.830078	83.940	125.0911
2873.502930	83.910	124.5745
2894.325439	83.884	124.1964
2915.298828	83.875	123.9317
2936.424316	83.890	123.7164
2957.702881	83.933	123.4650
2979.135742	84.000	123.0947
3000.723633	84.081	122.5486
3022.468262	84.165	121.8083
3044.370117	84.240	120.8934
3066.430908	84.300	119.8504
3088.651611	84.342	118.7370
3111.033203	84.369	117.6046
3133.577148	84.384	116.4844
3156.284180	84.395	115.3806
3179.156006	84.406	114.2710
3202.193359	84.419	113.1163
3225.397949	84.431	111.8748
3248.770508	84.437	110.5188
3272.312500	84.427	109.0449
3296.024902	84.393	107.4782
3319.909180	84.328	105.8693
3343.966797	84.229	104.2849
3368.198486	84.096	102.7972
3392.605713	83.935	101.4716
3417.189941	83.753	100.3559
3441.952393	83.561	99.4732
3466.894287	83.368	98.8198
3492.016846	83.184	98.3699
3517.321289	83.013	98.0858
3542.809326	82.860	97.9303
3568.481934	82.724	97.8768
3594.340576	82.607	97.9119
3620.386719	82.509	98.0294
3646.621582	82.435	98.2182
3673.046387	82.389	98.4490
3699.662842	82.376	98.6676
3726.472168	82.395	98.7993
3753.475586	82.442	98.7651
3780.675049	82.507	98.5033
3808.071289	82.575	97.9890
3835.666016	82.634	97.2405
3863.460938	82.671	96.3145
3891.457275	82.681	95.2912
3919.656250	82.663	94.2539
3948.059814	82.623	93.2698
3976.668945	82.569	92.3741
4005.485596	82.509	91.5654
4034.510986	82.451	90.8107
4063.746582	82.395	90.0634
4093.194336	82.337	89.2848
4122.855469	82.272	88.4624
4152.730957	82.190	87.6183
4182.823730	82.087	86.8057
4213.133789	81.961	86.0983
4243.664062	81.815	85.5735
4274.415527	81.657	85.2961
4305.389648	81.502	85.3041
4336.588379	81.362	85.6006
4368.013184	81.253	86.1517
4399.665527	81.185	86.8927
4431.547363	81.168	87.7371
4463.660156	81.205	88.5844
4496.005371	81.295	89.3270
4528.585449	81.431	89.8589
4561.401367	81.602	90.0917
4594.455078	81.790	89.9752
4627.748535	81.976	89.5125
4661.283203	82.146	88.7612
4695.060547	82.291	87.8146
4729.083008	82.411	86.7698
4763.352051	82.511	85.6940
4797.869141	82.600	84.6059
4832.636719	82.681	83.4832
4867.655762	82.752	82.2967
4902.928711	82.807	81.0482
4938.457520	82.841	79.7867
4974.243652	82.855	78.5896
5010.289062	82.858	77.5173
5046.595703	82.864	76.5709
5083.165527	82.884	75.6835
5120.000000	82.918	74.7600
5157.101562	82.957	73.7392
5194.472168	82.988	72.6309
5232.113281	83.005	71.5022
5270.027344	83.013	70.4240
5308.216309	83.020	69.4174
5346.681641	83.034	68.4420
5385.426270	83.056	67.4334
5424.451172	83.077	66.3601
5463.758789	83.090	65.2516
5503.351562	83.091	64.1765
5543.230957	83.090	63.1888
5583.399414	83.096	62.2872
5623.859375	83.116	61.4169
5664.611816	83.151	60.5107
5705.660156	83.193	59.5348
5747.005859	83.237	58.5005
5788.650879	83.283	57.4371
5830.597656	83.334	56.3542
5872.848633	83.392	55.2247
5915.405762	83.458	54.0021
5958.271484	83.522	52.6554
6001.447266	83.578	51.1942
6044.936523	83.620	49.6623
6088.740234	83.649	48.1089
6132.861816	83.667	46.5568
6177.303223	83.680	44.9958
6222.066406	83.685	43.4073
6267.154297	83.677	41.7985
6312.568359	83.654	40.2156
6358.312012	83.619	38.7178
6404.386719	83.582	37.3313
6450.795898	83.552	36.0231
6497.541016	83.534	34.7241
6544.625000	83.521	33.3827
6592.049805	83.505	32.0013
6639.818359	83.484	30.6238
6687.933594	83.460	29.2930
6736.396973	83.439	28.0190
6785.211426	83.428	26.7821
6834.379883	83.430	25.5538
6883.904785	83.448	24.3021
6933.788574	83.483	22.9773
6984.033691	83.532	21.5078
7034.642578	83.585	19.8292
7085.618652	83.625	17.9296
7136.963867	83.637	15.8676
7188.681152	83.615	13.7438
7240.773438	83.560	11.6517
7293.243164	83.482	9.6466
7346.092773	83.385	7.7538
7399.325684	83.277	5.9918
7452.944336	83.165	4.3765
7506.951172	83.056	2.9015
7561.350098	82.958	1.5278
7616.142578	82.871	0.2084
7671.332031	82.793	-1.0764
7726.921875	82.723	-2.3186
7782.914551	82.665	-3.5228
7839.312500	82.621	-4.7352
7896.119629	82.587	-6.0195
7953.337891	82.553	-7.4001
8010.971191	82.506	-8.8348
8069.021973	82.445	-10.2427
8127.493164	82.373	-11.5511
8186.388672	82.300	-12.7200
8245.710938	82.237	-13.7410
8305.461914	82.195	-14.6425
8365.647461	82.181	-15.4943
8426.267578	82.196	-16.3844
8487.328125	82.234	-17.3720
8548.831055	82.286	-18.4694
8610.779297	82.350	-19.6716
8673.176758	82.424	-20.9893
8736.026367	82.504	-22.4480
8799.331055	82.584	-24.0715
8863.094727	82.654	-25.8711
8927.320312	82.701	-27.8309
8992.010742	82.714	-29.8839
9057.170898	82.688	-31.9103
9122.802734	82.630	-33.7808
9188.910156	82.556	-35.4178
9255.497070	82.485	-36.8177
9322.566406	82.431	-38.0284
9390.121094	82.404	-39.1239
9458.166016	82.408	-40.1993
9526.704102	82.439	-41.3550
9595.738281	82.485	-42.6580
9665.273438	82.535	-44.1230
9735.311523	82.579	-45.7250
9805.857422	82.609	-47.4182
9876.915039	82.624	-49.1434
9948.487305	82.625	-50.8403
10020.578125	82.618	-52.4666
10093.191406	82.613	-54.0131
10166.331055	82.617	-55.5081
10240.000000	82.631	-57.0046
10314.203125	82.652	-58.5461
10388.944336	82.674	-60.1383
10464.226562	82.696	-61.7617
10540.054688	82.717	-63.4001
10616.432617	82.739	-65.0510
10693.363281	82.764	-66.7222
10770.852539	82.793	-68.4368
10848.902344	82.824	-70.2269
10927.517578	82.849	-72.1120
11006.703125	82.863	-74.0823
11086.461914	82.860	-76.1072
11166.798828	82.837	-78.1448
11247.718750	82.790	-80.1372
11329.223633	82.724	-82.0132
11411.320312	82.644	-83.7097
11494.011719	82.564	-85.1900
11577.301758	82.496	-86.4467
11661.195312	82.454	-87.5084
11745.697266	82.448	-88.4498
11830.811523	82.485	-89.3845
11916.542969	82.561	-90.4451
12002.894531	82.662	-91.7469
12089.873047	82.769	-93.3494
12177.480469	82.860	-95.2388
12265.723633	82.920	-97.3375
12354.606445	82.939	-99.5240
12444.132812	82.917	-101.6624
12534.308594	82.864	-103.6348
12625.136719	82.795	-105.3676
12716.624023	82.730	-106.8459
12808.773438	82.685	-108.1183
12901.591797	82.670	-109.2814
12995.082031	82.689	-110.4461
13089.250000	82.737	-111.7134
13184.099609	82.805	-113.1654
13279.636719	82.881	-114.8555
13375.867188	82.946	-116.7925
13472.793945	82.986	-118.9295
13570.422852	82.991	-121.1687
13668.759766	82.959	-123.3906
13767.809570	82.898	-125.4845
13867.577148	82.822	-127.3823
13968.067383	82.751	-129.0883
14069.285156	82.698	-130.6821
14171.237305	82.668	-132.2910
14273.927734	82.653	-134.0341
14377.362305	82.639	-135.9644
14481.546875	82.609	-138.0576
14586.486328	82.555	-140.2438
14692.185547	82.472	-142.4332
14798.651367	82.364	-144.5331
14905.888672	82.238	-146.4656
15013.902344	82.108	-148.1887
15122.700195	81.988	-149.7148
15232.285156	81.891	-151.1036
15342.664062	81.821	-152.4345
15453.843750	81.779	-153.7872
15565.829102	81.760	-155.2294
15678.625000	81.756	-156.8025
15792.239258	81.758	-158.5182
15906.675781	81.758	-160.3669
16021.942383	81.748	-162.3195
16138.043945	81.723	-164.3242
16254.986328	81.683	-166.3101
16372.777344	81.633	-168.2172
16491.421875	81.585	-170.0333
16610.923828	81.547	-171.8022
16731.294922	81.522	-173.6011
16852.535156	81.508	-175.5043
16974.656250	81.495	-177.5565
17097.662109	81.472	-179.7591
17221.558594	81.432	177.9271
17346.353516	81.372	175.5642
17472.052734	81.294	173.2151
17598.662109	81.207	170.9133
17726.189453	81.121	168.6373
17854.640625	81.042	166.3172
17984.021484	80.967	163.8732
18114.341797	80.882	161.2695
18245.605469	80.776	158.5398
18377.820312	80.637	155.7794
18510.994141	80.464	153.1189
18645.132812	80.266	150.6863
18780.242188	80.060	148.5643
18916.332031	79.870	146.7455
19053.408203	79.716	145.1159
19191.476562	79.605	143.4894
19330.546875	79.529	141.6887
19470.623047	79.470	139.6222
19611.714844	79.411	137.2964
19753.830078	79.348	134.7679
19896.974609	79.292	132.0720
20041.156250	79.257	129.1439
