* Measurement data measured by REW V5.31.3
* Source: EXCL: Microphone (Umik-1  Gain: 18dB), MICROPHONE (Master Volume), R, volume: 0.530
* Format: 256k Log Swept Sine, 1 sweep at 0.0 dBFS with no timing reference
* Dated: 08:27:23 21/01/2025
* REW Settings:
*  C-weighting compensation: Off
*  Target level: 75.0 dB
* Note: ; 
* Measurement: Woofer Far Field
* Smoothing: 1/12 octave
* Frequency Step: 1/96 octave
* Start Frequency: 80.580 Hz
*
* Freq(Hz)	SPL(dB)	Phase(degrees)
80.579712	67.871	-85.1265
81.163628	67.899	-85.3652
81.751770	67.938	-85.6581
82.344177	67.984	-85.9901
82.940880	68.035	-86.3469
83.541901	68.090	-86.7188
84.147285	68.146	-87.0998
84.757050	68.204	-87.4864
85.371231	68.263	-87.8766
85.989868	68.321	-88.2693
86.612984	68.381	-88.6641
87.240616	68.440	-89.0606
87.872803	68.500	-89.4587
88.509560	68.560	-89.8584
89.150940	68.620	-90.2596
89.796967	68.681	-90.6624
90.447670	68.741	-91.0668
91.103088	68.802	-91.4727
91.763260	68.863	-91.8802
92.428215	68.924	-92.2894
93.097992	68.985	-92.7002
93.772614	69.046	-93.1126
94.452133	69.107	-93.5267
95.136566	69.169	-93.9425
95.825966	69.230	-94.3600
96.520363	69.292	-94.7793
97.219788	69.354	-95.2003
97.924286	69.416	-95.6231
98.633881	69.478	-96.0477
99.348625	69.540	-96.4741
100.068542	69.603	-96.9024
100.793686	69.665	-97.3326
101.524078	69.728	-97.7646
102.259766	69.791	-98.1986
103.000778	69.854	-98.6344
103.747162	69.917	-99.0723
104.498962	69.980	-99.5121
105.256203	70.043	-99.9539
106.018929	70.106	-100.3978
106.787186	70.170	-100.8437
107.561012	70.233	-101.2917
108.340446	70.296	-101.7418
109.125526	70.360	-102.1940
109.916290	70.423	-102.6484
110.712791	70.487	-103.1049
111.515060	70.550	-103.5636
112.323143	70.614	-104.0245
113.137085	70.677	-104.4877
113.956924	70.741	-104.9531
114.782700	70.804	-105.4208
115.614464	70.867	-105.8908
116.452255	70.931	-106.3632
117.296112	70.994	-106.8379
118.146095	71.057	-107.3150
119.002228	71.120	-107.7945
119.864563	71.183	-108.2764
120.733154	71.246	-108.7608
121.608040	71.309	-109.2476
122.489258	71.372	-109.7369
123.376869	71.434	-110.2288
124.270905	71.497	-110.7232
125.171425	71.560	-111.2202
126.078468	71.622	-111.7197
126.992081	71.685	-112.2218
127.912323	71.747	-112.7266
128.839233	71.809	-113.2340
129.772842	71.872	-113.7441
130.713242	71.934	-114.2569
131.660431	71.996	-114.7724
132.614502	72.058	-115.2906
133.575485	72.121	-115.8116
134.543427	72.183	-116.3354
135.518387	72.245	-116.8619
136.500412	72.307	-117.3913
137.489548	72.369	-117.9235
138.485855	72.431	-118.4585
139.489380	72.493	-118.9964
140.500168	72.554	-119.5372
141.518295	72.616	-120.0809
142.543793	72.677	-120.6274
143.576721	72.739	-121.1769
144.617142	72.800	-121.7294
145.665100	72.861	-122.2848
146.720642	72.922	-122.8432
147.783844	72.982	-123.4045
148.854752	73.042	-123.9689
149.933411	73.103	-124.5362
151.019897	73.163	-125.1066
152.114243	73.222	-125.6800
153.216522	73.282	-126.2564
154.326797	73.341	-126.8358
155.445114	73.400	-127.4183
156.571533	73.458	-128.0038
157.706116	73.517	-128.5924
158.848923	73.575	-129.1840
160.000000	73.632	-129.7787
161.159424	73.689	-130.3765
162.327255	73.746	-130.9772
163.503540	73.803	-131.5811
164.688354	73.859	-132.1880
165.881760	73.914	-132.7979
167.083801	73.969	-133.4109
168.294571	74.024	-134.0269
169.514099	74.079	-134.6459
170.742462	74.132	-135.2680
171.979736	74.186	-135.8930
173.225967	74.239	-136.5210
174.481232	74.292	-137.1519
175.745605	74.345	-137.7859
177.019119	74.397	-138.4227
178.301880	74.449	-139.0624
179.593933	74.500	-139.7050
180.895340	74.551	-140.3505
182.206177	74.602	-140.9987
183.526520	74.652	-141.6498
184.856430	74.702	-142.3036
186.195984	74.752	-142.9601
187.545227	74.801	-143.6193
188.904266	74.850	-144.2811
190.273132	74.898	-144.9456
191.651932	74.946	-145.6125
193.040726	74.993	-146.2819
194.439575	75.040	-146.9538
195.848572	75.086	-147.6281
197.267761	75.131	-148.3046
198.697250	75.176	-148.9834
200.137085	75.220	-149.6644
201.587372	75.264	-150.3475
203.048157	75.307	-151.0326
204.519531	75.350	-151.7197
206.001556	75.391	-152.4086
207.494324	75.432	-153.0994
208.997925	75.473	-153.7918
210.512405	75.512	-154.4858
212.037857	75.551	-155.1813
213.574371	75.589	-155.8781
215.122025	75.626	-156.5763
216.680893	75.662	-157.2755
218.251053	75.697	-157.9759
219.832581	75.732	-158.6771
221.425583	75.765	-159.3791
223.030121	75.798	-160.0817
224.646286	75.829	-160.7848
226.274170	75.860	-161.4883
227.913849	75.890	-162.1919
229.565399	75.918	-162.8956
231.228928	75.946	-163.5991
232.904510	75.973	-164.3023
234.592224	75.999	-165.0050
236.292191	76.024	-165.7070
238.004456	76.049	-166.4081
239.729126	76.072	-167.1082
241.466309	76.095	-167.8069
243.216080	76.116	-168.5042
244.978516	76.137	-169.1998
246.753738	76.157	-169.8934
248.541809	76.176	-170.5849
250.342850	76.195	-171.2740
252.156937	76.212	-171.9604
253.984161	76.229	-172.6439
255.824646	76.245	-173.3243
257.678467	76.260	-174.0013
259.545685	76.274	-174.6746
261.426483	76.288	-175.3440
263.320862	76.301	-176.0092
265.229004	76.314	-176.6699
267.150970	76.326	-177.3259
269.086853	76.337	-177.9768
271.036774	76.348	-178.6225
273.000824	76.359	-179.2625
274.979095	76.369	-179.8968
276.971710	76.379	179.4752
278.978760	76.388	178.8534
281.000336	76.398	178.2383
283.036591	76.407	177.6302
285.087585	76.415	177.0291
287.153442	76.424	176.4354
289.234283	76.432	175.8493
291.330200	76.441	175.2709
293.441284	76.449	174.7005
295.567688	76.458	174.1382
297.709503	76.466	173.5841
299.866821	76.475	173.0384
302.039795	76.484	172.5011
304.228485	76.493	171.9722
306.433044	76.503	171.4518
308.653595	76.513	170.9398
310.890228	76.525	170.4361
313.143066	76.537	169.9406
315.412231	76.549	169.4532
317.697845	76.563	168.9735
320.000000	76.579	168.5014
322.318848	76.595	168.0364
324.654510	76.613	167.5781
327.007080	76.633	167.1261
329.376709	76.654	166.6797
331.763519	76.677	166.2386
334.167603	76.702	165.8018
336.589142	76.730	165.3688
339.028198	76.759	164.9386
341.484924	76.791	164.5104
343.959473	76.825	164.0833
346.451935	76.861	163.6563
348.962463	76.900	163.2283
351.491211	76.941	162.7982
354.038239	76.985	162.3648
356.603760	77.032	161.9270
359.187866	77.081	161.4835
361.790680	77.133	161.0331
364.412354	77.187	160.5745
367.053040	77.244	160.1063
369.712860	77.304	159.6273
372.391968	77.366	159.1362
375.090454	77.431	158.6316
377.808533	77.498	158.1124
380.546265	77.567	157.5773
383.303864	77.638	157.0250
386.081451	77.712	156.4545
388.879150	77.787	155.8645
391.697144	77.864	155.2541
394.535522	77.942	154.6223
397.394501	78.022	153.9680
400.274170	78.103	153.2905
403.174744	78.184	152.5891
406.096313	78.267	151.8628
409.039062	78.349	151.1112
412.003113	78.433	150.3336
414.988647	78.516	149.5297
417.995850	78.600	148.6989
421.024811	78.683	147.8410
424.075714	78.766	146.9558
427.148743	78.849	146.0431
430.244049	78.931	145.1028
433.361786	79.012	144.1348
436.502106	79.091	143.1394
439.665161	79.169	142.1165
442.851166	79.246	141.0665
446.060242	79.321	139.9896
449.292572	79.393	138.8860
452.548340	79.463	137.7563
455.827698	79.531	136.6009
459.130798	79.596	135.4203
462.457855	79.658	134.2150
465.809021	79.717	132.9858
469.184448	79.772	131.7334
472.584381	79.824	130.4584
476.008911	79.872	129.1617
479.458252	79.916	127.8443
482.932617	79.956	126.5070
486.432159	79.991	125.1508
489.957031	80.022	123.7769
493.507477	80.048	122.3863
497.083618	80.068	120.9803
500.685699	80.084	119.5602
504.313873	80.095	118.1274
507.968323	80.099	116.6834
511.649292	80.098	115.2296
515.356934	80.091	113.7679
519.091370	80.078	112.3000
522.852966	80.059	110.8278
526.641724	80.033	109.3533
530.458008	80.000	107.8788
534.301941	79.960	106.4066
538.173706	79.913	104.9394
542.073547	79.859	103.4797
546.001648	79.798	102.0306
549.958191	79.729	100.5952
553.943420	79.652	99.1770
557.957520	79.567	97.7796
562.000671	79.475	96.4071
566.073181	79.374	95.0639
570.175171	79.266	93.7545
574.306885	79.149	92.4840
578.468567	79.024	91.2578
582.660400	78.892	90.0816
586.882568	78.752	88.9619
591.135376	78.605	87.9050
595.419006	78.451	86.9181
599.733643	78.291	86.0085
604.079590	78.126	85.1837
608.456970	77.956	84.4517
612.866089	77.783	83.8200
617.307190	77.608	83.2965
621.780457	77.432	82.8882
626.286133	77.258	82.6013
630.824463	77.088	82.4409
635.395691	76.925	82.4103
640.000000	76.771	82.5103
644.637695	76.629	82.7388
649.309021	76.502	83.0903
654.014160	76.394	83.5549
658.753418	76.308	84.1187
663.527039	76.247	84.7631
668.335205	76.212	85.4659
673.178284	76.207	86.2010
678.056396	76.230	86.9405
682.969849	76.283	87.6551
687.918945	76.365	88.3161
692.903870	76.473	88.8966
697.924927	76.606	89.3729
702.982422	76.761	89.7248
708.076477	76.934	89.9367
713.207520	77.122	89.9975
718.375732	77.321	89.9003
723.581360	77.529	89.6421
728.824707	77.741	89.2232
734.106079	77.956	88.6467
739.425720	78.170	87.9179
744.783936	78.382	87.0436
750.180908	78.588	86.0318
755.617065	78.788	84.8911
761.092529	78.980	83.6309
766.607727	79.162	82.2604
772.162903	79.334	80.7891
777.758301	79.494	79.2266
783.394287	79.643	77.5819
789.071045	79.778	75.8642
794.789001	79.901	74.0825
800.548340	80.010	72.2454
806.349487	80.105	70.3616
812.192627	80.187	68.4395
818.078125	80.254	66.4874
824.006226	80.307	64.5136
829.977295	80.346	62.5262
835.991699	80.371	60.5336
842.049622	80.382	58.5439
848.151428	80.379	56.5652
854.297485	80.364	54.6058
860.488098	80.336	52.6739
866.723572	80.295	50.7775
873.004211	80.244	48.9247
879.330322	80.182	47.1233
885.702332	80.111	45.3807
892.120483	80.032	43.7039
898.585144	79.946	42.0989
905.096680	79.856	40.5710
911.655396	79.762	39.1240
918.261597	79.668	37.7602
924.915710	79.574	36.4796
931.618042	79.484	35.2803
938.368896	79.400	34.1575
945.168762	79.323	33.1038
952.017822	79.256	32.1089
958.916504	79.201	31.1596
965.865234	79.159	30.2405
972.864319	79.131	29.3343
979.914062	79.117	28.4225
987.014954	79.117	27.4860
994.167236	79.131	26.5067
1001.371399	79.157	25.4675
1008.627747	79.193	24.3535
1015.936646	79.237	23.1526
1023.298584	79.286	21.8559
1030.713867	79.338	20.4576
1038.182739	79.389	18.9556
1045.705933	79.438	17.3506
1053.283447	79.481	15.6468
1060.916016	79.517	13.8508
1068.603882	79.541	11.9721
1076.347412	79.554	10.0222
1084.147095	79.551	8.0145
1092.003296	79.533	5.9646
1099.916382	79.498	3.8895
1107.886841	79.445	1.8077
1115.915039	79.374	-0.2608
1124.001343	79.285	-2.2946
1132.146362	79.178	-4.2717
1140.350342	79.054	-6.1689
1148.613770	78.916	-7.9633
1156.937134	78.766	-9.6320
1165.320801	78.607	-11.1541
1173.765137	78.445	-12.5118
1182.270752	78.284	-13.6920
1190.838013	78.130	-14.6892
1199.467285	77.992	-15.5073
1208.159180	77.876	-16.1621
1216.913940	77.789	-16.6825
1225.732178	77.737	-17.1104
1234.614380	77.725	-17.4989
1243.560913	77.754	-17.9089
1252.572266	77.825	-18.4031
1261.648926	77.933	-19.0408
1270.791382	78.073	-19.8729
1280.000000	78.238	-20.9380
1289.275391	78.419	-22.2614
1298.618042	78.608	-23.8547
1308.028320	78.797	-25.7177
1317.506836	78.978	-27.8401
1327.054077	79.145	-30.2042
1336.670410	79.292	-32.7870
1346.356567	79.415	-35.5610
1356.112793	79.508	-38.4967
1365.939697	79.570	-41.5620
1375.837891	79.597	-44.7239
1385.807739	79.588	-47.9475
1395.849854	79.540	-51.1965
1405.964844	79.453	-54.4327
1416.152954	79.327	-57.6156
1426.415039	79.161	-60.7018
1436.751465	78.956	-63.6454
1447.162720	78.716	-66.3969
1457.649414	78.443	-68.9044
1468.212158	78.142	-71.1145
1478.851440	77.822	-72.9751
1489.567871	77.492	-74.4398
1500.361816	77.167	-75.4747
1511.234131	76.861	-76.0674
1522.185059	76.594	-76.2375
1533.215454	76.382	-76.0442
1544.325806	76.242	-75.5880
1555.516602	76.184	-75.0032
1566.788574	76.208	-74.4395
1578.142090	76.310	-74.0381
1589.578003	76.475	-73.9117
1601.096680	76.688	-74.1328
1612.698975	76.931	-74.7314
1624.385254	77.188	-75.7034
1636.156250	77.446	-77.0189
1648.012451	77.695	-78.6336
1659.954590	77.928	-80.4963
1671.983398	78.141	-82.5553
1684.099243	78.333	-84.7620
1696.302856	78.504	-87.0740
1708.594971	78.654	-89.4559
1720.976196	78.787	-91.8808
1733.447144	78.905	-94.3301
1746.008423	79.011	-96.7930
1758.660645	79.107	-99.2659
1771.404663	79.195	-101.7507
1784.240967	79.276	-104.2529
1797.170288	79.350	-106.7794
1810.193359	79.416	-109.3357
1823.310791	79.473	-111.9244
1836.523193	79.518	-114.5430
1849.831421	79.550	-117.1824
1863.236084	79.566	-119.8275
1876.737793	79.565	-122.4566
1890.337524	79.547	-125.0433
1904.035645	79.513	-127.5580
1917.833008	79.465	-129.9708
1931.730469	79.408	-132.2557
1945.728638	79.349	-134.3941
1959.828125	79.294	-136.3798
1974.029907	79.251	-138.2230
1988.334473	79.230	-139.9531
2002.742798	79.236	-141.6177
2017.255493	79.272	-143.2786
2031.873291	79.339	-145.0045
2046.597168	79.433	-146.8609
2061.427734	79.545	-148.9012
2076.365479	79.666	-151.1593
2091.411865	79.784	-153.6465
2106.566895	79.890	-156.3515
2121.832031	79.974	-159.2430
2137.207764	80.029	-162.2738
2152.694824	80.049	-165.3848
2168.294189	80.033	-168.5102
2184.006592	79.982	-171.5824
2199.832764	79.902	-174.5369
2215.773682	79.800	-177.3192
2231.830078	79.687	-179.8923
2248.002686	79.577	177.7559
2264.292725	79.484	175.6060
2280.700684	79.420	173.6056
2297.227539	79.396	171.6735
2313.874268	79.414	169.7120
2330.641602	79.471	167.6250
2347.530273	79.558	165.3345
2364.541504	79.662	162.7931
2381.676025	79.770	159.9888
2398.934570	79.870	156.9423
2416.318359	79.951	153.6997
2433.827881	80.009	150.3231
2451.464355	80.042	146.8805
2469.228760	80.055	143.4355
2487.121826	80.054	140.0378
2505.144531	80.053	136.7146
2523.297852	80.062	133.4635
2541.582764	80.093	130.2508
2560.000000	80.155	127.0156
2578.550781	80.251	123.6810
2597.236084	80.378	120.1696
2616.056641	80.528	116.4196
2635.013672	80.687	112.3964
2654.108154	80.842	108.0979
2673.340820	80.982	103.5528
2692.713135	81.098	98.8141
2712.225586	81.185	93.9506
2731.879395	81.243	89.0361
2751.675781	81.278	84.1398
2771.615479	81.300	79.3144
2791.699707	81.320	74.5861
2811.929688	81.355	69.9474
2832.305908	81.417	65.3544
2852.830078	81.513	60.7332
2873.502930	81.642	55.9940
2894.325439	81.798	51.0510
2915.298828	81.965	45.8401
2936.424316	82.124	40.3329
2957.702881	82.255	34.5400
2979.135742	82.340	28.5093
3000.723633	82.364	22.3195
3022.468262	82.315	16.0730
3044.370117	82.187	9.8894
3066.430908	81.979	3.8988
3088.651611	81.693	-1.7644
3111.033203	81.340	-6.9707
3133.577148	80.936	-11.6086
3156.284180	80.505	-15.6024
3179.156006	80.074	-18.9313
3202.193359	79.674	-21.6453
3225.397949	79.328	-23.8625
3248.770508	79.052	-25.7469
3272.312500	78.846	-27.4656
3296.024902	78.702	-29.1500
3319.909180	78.604	-30.8749
3343.966797	78.536	-32.6629
3368.198486	78.486	-34.5048
3392.605713	78.447	-36.3817
3417.189941	78.414	-38.2802
3441.952393	78.383	-40.1931
3466.894287	78.349	-42.1110
3492.016846	78.308	-44.0107
3517.321289	78.255	-45.8476
3542.809326	78.191	-47.5613
3568.481934	78.123	-49.0919
3594.340576	78.060	-50.4062
3620.386719	78.018	-51.5213
3646.621582	78.008	-52.5132
3673.046387	78.034	-53.5000
3699.662842	78.089	-54.6014
3726.472168	78.159	-55.8944
3753.475586	78.225	-57.3860
3780.675049	78.274	-59.0146
3808.071289	78.297	-60.6751
3835.666016	78.297	-62.2571
3863.460938	78.286	-63.6832
3891.457275	78.277	-64.9364
3919.656250	78.285	-66.0639
3948.059814	78.314	-67.1565
3976.668945	78.363	-68.3076
4005.485596	78.423	-69.5767
4034.510986	78.482	-70.9719
4063.746582	78.532	-72.4585
4093.194336	78.569	-73.9822
4122.855469	78.595	-75.4952
4152.730957	78.613	-76.9716
4182.823730	78.628	-78.4067
4213.133789	78.642	-79.8054
4243.664062	78.655	-81.1691
4274.415527	78.668	-82.4879
4305.389648	78.686	-83.7480
4336.588379	78.713	-84.9468
4368.013184	78.754	-86.1062
4399.665527	78.814	-87.2741
4431.547363	78.892	-88.5089
4463.660156	78.983	-89.8567
4496.005371	79.078	-91.3325
4528.585449	79.173	-92.9162
4561.401367	79.262	-94.5649
4594.455078	79.350	-96.2342
4627.748535	79.440	-97.8981
4661.283203	79.539	-99.5593
4695.060547	79.652	-101.2471
4729.083008	79.781	-103.0052
4763.352051	79.923	-104.8754
4797.869141	80.075	-106.8840
4832.636719	80.232	-109.0375
4867.655762	80.389	-111.3224
4902.928711	80.545	-113.7139
4938.457520	80.701	-116.1873
4974.243652	80.862	-118.7297
5010.289062	81.032	-121.3502
5046.595703	81.214	-124.0801
5083.165527	81.408	-126.9637
5120.000000	81.609	-130.0428
5157.101562	81.811	-133.3411
5194.472168	82.006	-136.8588
5232.113281	82.189	-140.5757
5270.027344	82.355	-144.4634
5308.216309	82.503	-148.4929
5346.681641	82.632	-152.6410
5385.426270	82.743	-156.8884
5424.451172	82.836	-161.2173
5463.758789	82.911	-165.6106
5503.351562	82.968	-170.0535
5543.230957	83.011	-174.5372
5583.399414	83.041	-179.0597
5623.859375	83.057	176.3772
5664.611816	83.061	171.7701
5705.660156	83.051	167.1189
5747.005859	83.026	162.4250
5788.650879	82.986	157.6910
5830.597656	82.930	152.9172
5872.848633	82.857	148.1021
5915.405762	82.765	143.2428
5958.271484	82.651	138.3406
6001.447266	82.509	133.4069
6044.936523	82.334	128.4705
6088.740234	82.122	123.5809
6132.861816	81.871	118.8040
6177.303223	81.585	114.2059
6222.066406	81.272	109.8344
6267.154297	80.943	105.7034
6312.568359	80.609	101.7950
6358.312012	80.276	98.0787
6404.386719	79.946	94.5323
6450.795898	79.623	91.1479
6497.541016	79.311	87.9166
6544.625000	79.015	84.8076
6592.049805	78.742	81.7638
6639.818359	78.489	78.7227
6687.933594	78.253	75.6429
6736.396973	78.029	72.5149
6785.211426	77.813	69.3459
6834.379883	77.606	66.1367
6883.904785	77.409	62.8710
6933.788574	77.222	59.5201
6984.033691	77.042	56.0552
7034.642578	76.867	52.4534
7085.618652	76.690	48.7009
7136.963867	76.506	44.7988
7188.681152	76.309	40.7639
7240.773438	76.094	36.6267
7293.243164	75.859	32.4200
7346.092773	75.603	28.1697
7399.325684	75.326	23.8979
7452.944336	75.025	19.6333
7506.951172	74.699	15.4169
7561.350098	74.350	11.2981
7616.142578	73.979	7.3207
7671.332031	73.594	3.5134
7726.921875	73.200	-0.1118
7782.914551	72.802	-3.5553
7839.312500	72.405	-6.8252
7896.119629	72.012	-9.9341
7953.337891	71.624	-12.8931
8010.971191	71.240	-15.7006
8069.021973	70.859	-18.3325
8127.493164	70.482	-20.7417
8186.388672	70.116	-22.8779
8245.710938	69.772	-24.7192
8305.461914	69.464	-26.2958
8365.647461	69.205	-27.6912
8426.267578	69.000	-29.0187
8487.328125	68.850	-30.3905
8548.831055	68.749	-31.8992
8610.779297	68.688	-33.6206
8673.176758	68.658	-35.6211
8736.026367	68.642	-37.9487
8799.331055	68.624	-40.6080
8863.094727	68.585	-43.5481
8927.320312	68.517	-46.6809
8992.010742	68.413	-49.9137
9057.170898	68.272	-53.1638
9122.802734	68.096	-56.3511
9188.910156	67.888	-59.3898
9255.497070	67.658	-62.2012
9322.566406	67.418	-64.7363
9390.121094	67.185	-66.9922
9458.166016	66.973	-69.0111
9526.704102	66.793	-70.8729
9595.738281	66.650	-72.6829
9665.273438	66.542	-74.5497
9735.311523	66.461	-76.5499
9805.857422	66.393	-78.6934
9876.915039	66.326	-80.9098
9948.487305	66.257	-83.0670
10020.578125	66.191	-85.0059
10093.191406	66.149	-86.5776
10166.331055	66.158	-87.6813
10240.000000	66.253	-88.3120
10314.203125	66.469	-88.6091
10388.944336	66.823	-88.8644
10464.226562	67.313	-89.4485
10540.054688	67.912	-90.6827
10616.432617	68.589	-92.7563
10693.363281	69.308	-95.7375
10770.852539	70.043	-99.6238
10848.902344	70.767	-104.3792
10927.517578	71.459	-109.9574
11006.703125	72.098	-116.3142
11086.461914	72.659	-123.3921
11166.798828	73.116	-131.0889
11247.718750	73.450	-139.2371
11329.223633	73.647	-147.6124
11411.320312	73.706	-155.9524
11494.011719	73.644	-163.9855
11577.301758	73.489	-171.4675
11661.195312	73.292	-178.2378
11745.697266	73.111	175.7151
11830.811523	73.007	170.1959
11916.542969	73.016	164.8129
12002.894531	73.132	159.0869
12089.873047	73.313	152.6222
12177.480469	73.490	145.2330
12265.723633	73.596	136.9644
12354.606445	73.577	128.0366
12444.132812	73.393	118.7905
12534.308594	73.021	109.6659
12625.136719	72.458	101.1948
12716.624023	71.729	93.9741
12808.773438	70.896	88.5774
12901.591797	70.062	85.3579
12995.082031	69.358	84.1686
13089.250000	68.906	84.2112
13184.099609	68.761	84.2734
13279.636719	68.889	83.2662
13375.867188	69.191	80.6270
13472.793945	69.555	76.3418
13570.422852	69.899	70.7190
13668.759766	70.176	64.1456
13767.809570	70.365	56.9633
13867.577148	70.461	49.4628
13968.067383	70.477	41.9241
14069.285156	70.448	34.6221
14171.237305	70.441	27.7424
14273.927734	70.537	21.2240
14377.362305	70.788	14.6296
14481.546875	71.165	7.2500
14586.486328	71.545	-1.5023
14692.185547	71.762	-11.6467
14798.651367	71.675	-22.3759
14905.888672	71.214	-32.0804
15013.902344	70.422	-38.7402
15122.700195	69.443	-40.9106
15232.285156	68.502	-39.5144
15342.664062	67.815	-38.0667
15453.843750	67.484	-39.4797
15565.829102	67.449	-44.1635
15678.625000	67.571	-51.2291
15792.239258	67.722	-59.7983
15906.675781	67.816	-69.2953
16021.942383	67.798	-79.3325
16138.043945	67.635	-89.5767
16254.986328	67.312	-99.6844
16372.777344	66.833	-109.3092
16491.421875	66.228	-118.1577
16610.923828	65.542	-126.0586
16731.294922	64.830	-133.0150
16852.535156	64.146	-139.2035
16974.656250	63.527	-144.9124
17097.662109	62.996	-150.4434
17221.558594	62.555	-156.0330
17346.353516	62.202	-161.8455
17472.052734	61.928	-168.0247
17598.662109	61.725	-174.7360
17726.189453	61.568	177.8499
17854.640625	61.420	169.6282
17984.021484	61.237	160.6130
18114.341797	60.978	150.9324
18245.605469	60.613	140.7744
18377.820312	60.125	130.3234
18510.994141	59.502	119.7360
18645.132812	58.731	109.1847
18780.242188	57.797	98.9291
18916.332031	56.689	89.3805
19053.408203	55.407	81.1907
19191.476562	53.972	75.4116
19330.546875	52.445	73.5859
19470.623047	50.941	76.9803
19611.714844	49.621	83.8881
19753.830078	48.637	89.1067
19896.974609	48.070	87.9998
