* Measurement data measured by REW V5.31.3
* Source: EXCL: Microphone (Umik-1  Gain: 18dB), MICROPHONE (Master Volume), R, volume: 0.530
* Format: 256k Log Swept Sine, 1 sweep at 0.0 dBFS with no timing reference
* Dated: 08:36:27 21/01/2025
* REW Settings:
*  C-weighting compensation: Off
*  Target level: 75.0 dB
* Note: ; 
* Measurement: Woofer and Tweeter
* Smoothing: 1/12 octave
* Frequency Step: 1/96 octave
* Start Frequency: 302.040 Hz
*
* Freq(Hz)	SPL(dB)	Phase(degrees)
302.039795	75.214	-114.7817
304.228485	75.267	-115.0345
306.433044	75.336	-115.3296
308.653595	75.414	-115.6534
310.890228	75.500	-115.9957
313.143066	75.588	-116.3498
315.412231	75.678	-116.7115
317.697845	75.769	-117.0783
320.000000	75.859	-117.4488
322.318848	75.948	-117.8219
324.654510	76.036	-118.1972
327.007080	76.123	-118.5740
329.376709	76.209	-118.9520
331.763519	76.295	-119.3311
334.167603	76.379	-119.7109
336.589142	76.462	-120.0912
339.028198	76.544	-120.4719
341.484924	76.625	-120.8528
343.959473	76.705	-121.2337
346.451935	76.785	-121.6147
348.962463	76.864	-121.9955
351.491211	76.942	-122.3762
354.038239	77.020	-122.7568
356.603760	77.097	-123.1373
359.187866	77.173	-123.5178
361.790680	77.249	-123.8984
364.412354	77.325	-124.2793
367.053040	77.401	-124.6606
369.712860	77.476	-125.0425
372.391968	77.551	-125.4254
375.090454	77.626	-125.8095
377.808533	77.701	-126.1953
380.546265	77.775	-126.5830
383.303864	77.850	-126.9731
386.081451	77.925	-127.3662
388.879150	77.999	-127.7626
391.697144	78.074	-128.1629
394.535522	78.148	-128.5677
397.394501	78.222	-128.9777
400.274170	78.296	-129.3933
403.174744	78.371	-129.8152
406.096313	78.444	-130.2442
409.039062	78.518	-130.6808
412.003113	78.592	-131.1257
414.988647	78.665	-131.5797
417.995850	78.739	-132.0433
421.024811	78.812	-132.5173
424.075714	78.885	-133.0024
427.148743	78.957	-133.4990
430.244049	79.029	-134.0078
433.361786	79.101	-134.5295
436.502106	79.172	-135.0645
439.665161	79.242	-135.6133
442.851166	79.311	-136.1764
446.060242	79.378	-136.7541
449.292572	79.445	-137.3468
452.548340	79.510	-137.9547
455.827698	79.573	-138.5780
459.130798	79.634	-139.2169
462.457855	79.693	-139.8712
465.809021	79.750	-140.5410
469.184448	79.805	-141.2262
472.584381	79.856	-141.9264
476.008911	79.905	-142.6414
479.458252	79.950	-143.3705
482.932617	79.992	-144.1134
486.432159	80.030	-144.8694
489.957031	80.064	-145.6375
493.507477	80.094	-146.4168
497.083618	80.119	-147.2063
500.685699	80.140	-148.0047
504.313873	80.155	-148.8107
507.968323	80.166	-149.6227
511.649292	80.171	-150.4390
515.356934	80.170	-151.2576
519.091370	80.163	-152.0765
522.852966	80.150	-152.8933
526.641724	80.130	-153.7054
530.458008	80.103	-154.5101
534.301941	80.070	-155.3042
538.173706	80.029	-156.0844
542.073547	79.981	-156.8469
546.001648	79.925	-157.5876
549.958191	79.862	-158.3022
553.943420	79.790	-158.9858
557.957520	79.711	-159.6332
562.000671	79.623	-160.2387
566.073181	79.528	-160.7960
570.175171	79.425	-161.2985
574.306885	79.315	-161.7391
578.468567	79.197	-162.1100
582.660400	79.073	-162.4031
586.882568	78.942	-162.6100
591.135376	78.807	-162.7216
595.419006	78.668	-162.7290
599.733643	78.526	-162.6233
604.079590	78.383	-162.3958
608.456970	78.242	-162.0387
612.866089	78.104	-161.5452
617.307190	77.973	-160.9105
621.780457	77.851	-160.1323
626.286133	77.741	-159.2117
630.824463	77.648	-158.1535
635.395691	77.575	-156.9675
640.000000	77.525	-155.6685
644.637695	77.501	-154.2766
649.309021	77.506	-152.8168
654.014160	77.543	-151.3183
658.753418	77.611	-149.8131
663.527039	77.712	-148.3345
668.335205	77.844	-146.9151
673.178284	78.004	-145.5852
678.056396	78.191	-144.3716
682.969849	78.400	-143.2959
687.918945	78.629	-142.3747
692.903870	78.873	-141.6193
697.924927	79.128	-141.0358
702.982422	79.390	-140.6259
708.076477	79.657	-140.3876
713.207520	79.925	-140.3161
718.375732	80.190	-140.4042
723.581360	80.452	-140.6430
728.824707	80.707	-141.0228
734.106079	80.954	-141.5329
739.425720	81.191	-142.1627
744.783936	81.417	-142.9010
750.180908	81.632	-143.7370
755.617065	81.833	-144.6599
761.092529	82.021	-145.6592
766.607727	82.196	-146.7246
772.162903	82.355	-147.8459
777.758301	82.501	-149.0132
783.394287	82.631	-150.2170
789.071045	82.746	-151.4475
794.789001	82.846	-152.6954
800.548340	82.931	-153.9513
806.349487	83.002	-155.2058
812.192627	83.058	-156.4496
818.078125	83.100	-157.6734
824.006226	83.128	-158.8681
829.977295	83.143	-160.0242
835.991699	83.146	-161.1329
842.049622	83.138	-162.1851
848.151428	83.119	-163.1723
854.297485	83.092	-164.0866
860.488098	83.057	-164.9207
866.723572	83.017	-165.6683
873.004211	82.973	-166.3246
879.330322	82.927	-166.8865
885.702332	82.882	-167.3529
892.120483	82.840	-167.7254
898.585144	82.804	-168.0082
905.096680	82.775	-168.2089
911.655396	82.757	-168.3379
918.261597	82.751	-168.4088
924.915710	82.757	-168.4379
931.618042	82.779	-168.4437
938.368896	82.814	-168.4457
945.168762	82.865	-168.4642
952.017822	82.928	-168.5184
958.916504	83.004	-168.6263
965.865234	83.090	-168.8033
972.864319	83.183	-169.0617
979.914062	83.281	-169.4101
987.014954	83.381	-169.8536
994.167236	83.479	-170.3935
1001.371399	83.574	-171.0275
1008.627747	83.661	-171.7498
1015.936646	83.739	-172.5517
1023.298584	83.806	-173.4217
1030.713867	83.858	-174.3458
1038.182739	83.895	-175.3076
1045.705933	83.915	-176.2889
1053.283447	83.917	-177.2693
1060.916016	83.900	-178.2269
1068.603882	83.865	-179.1379
1076.347412	83.812	-179.9773
1084.147095	83.742	179.2812
1092.003296	83.657	178.6644
1099.916382	83.560	178.1988
1107.886841	83.455	177.9094
1115.915039	83.347	177.8180
1124.001343	83.243	177.9407
1132.146362	83.149	178.2851
1140.350342	83.073	178.8471
1148.613770	83.025	179.6083
1156.937134	83.012	-179.4663
1165.320801	83.040	-178.4278
1173.765137	83.113	-177.3412
1182.270752	83.234	-176.2795
1190.838013	83.401	-175.3174
1199.467285	83.608	-174.5231
1208.159180	83.849	-173.9531
1216.913940	84.115	-173.6475
1225.732178	84.397	-173.6299
1234.614380	84.685	-173.9077
1243.560913	84.971	-174.4754
1252.572266	85.247	-175.3169
1261.648926	85.507	-176.4091
1270.791382	85.745	-177.7236
1280.000000	85.957	-179.2291
1289.275391	86.139	179.1079
1298.618042	86.288	177.3220
1308.028320	86.402	175.4487
1317.506836	86.480	173.5248
1327.054077	86.520	171.5881
1336.670410	86.523	169.6780
1346.356567	86.488	167.8357
1356.112793	86.416	166.1050
1365.939697	86.309	164.5320
1375.837891	86.172	163.1648
1385.807739	86.008	162.0530
1395.849854	85.825	161.2453
1405.964844	85.633	160.7859
1416.152954	85.441	160.7089
1426.415039	85.267	161.0308
1436.751465	85.125	161.7408
1447.162720	85.031	162.7932
1457.649414	85.002	164.1032
1468.212158	85.047	165.5504
1478.851440	85.169	166.9929
1489.567871	85.365	168.2874
1500.361816	85.624	169.3098
1511.234131	85.931	169.9706
1522.185059	86.269	170.2197
1533.215454	86.622	170.0431
1544.325806	86.976	169.4555
1555.516602	87.318	168.4908
1566.788574	87.640	167.1940
1578.142090	87.934	165.6156
1589.578003	88.196	163.8069
1601.096680	88.423	161.8183
1612.698975	88.613	159.6974
1624.385254	88.767	157.4892
1636.156250	88.883	155.2351
1648.012451	88.965	152.9731
1659.954590	89.013	150.7379
1671.983398	89.030	148.5606
1684.099243	89.020	146.4684
1696.302856	88.986	144.4844
1708.594971	88.932	142.6263
1720.976196	88.863	140.9069
1733.447144	88.784	139.3326
1746.008423	88.698	137.9036
1758.660645	88.611	136.6136
1771.404663	88.527	135.4504
1784.240967	88.449	134.3969
1797.170288	88.379	133.4324
1810.193359	88.320	132.5344
1823.310791	88.270	131.6812
1836.523193	88.231	130.8524
1849.831421	88.201	130.0314
1863.236084	88.178	129.2053
1876.737793	88.162	128.3652
1890.337524	88.150	127.5057
1904.035645	88.141	126.6241
1917.833008	88.134	125.7196
1931.730469	88.128	124.7919
1945.728638	88.122	123.8410
1959.828125	88.115	122.8670
1974.029907	88.106	121.8698
1988.334473	88.095	120.8502
2002.742798	88.079	119.8101
2017.255493	88.058	118.7535
2031.873291	88.031	117.6877
2046.597168	87.995	116.6230
2061.427734	87.951	115.5734
2076.365479	87.898	114.5554
2091.411865	87.837	113.5874
2106.566895	87.770	112.6877
2121.832031	87.698	111.8721
2137.207764	87.626	111.1517
2152.694824	87.557	110.5303
2168.294189	87.496	110.0023
2184.006592	87.448	109.5523
2199.832764	87.415	109.1556
2215.773682	87.399	108.7810
2231.830078	87.400	108.3946
2248.002686	87.418	107.9648
2264.292725	87.448	107.4666
2280.700684	87.486	106.8846
2297.227539	87.528	106.2148
2313.874268	87.571	105.4632
2330.641602	87.610	104.6442
2347.530273	87.645	103.7765
2364.541504	87.676	102.8795
2381.676025	87.702	101.9696
2398.934570	87.725	101.0567
2416.318359	87.749	100.1428
2433.827881	87.775	99.2222
2451.464355	87.803	98.2828
2469.228760	87.835	97.3096
2487.121826	87.868	96.2885
2505.144531	87.901	95.2106
2523.297852	87.930	94.0742
2541.582764	87.954	92.8862
2560.000000	87.969	91.6612
2578.550781	87.976	90.4183
2597.236084	87.973	89.1777
2616.056641	87.964	87.9559
2635.013672	87.951	86.7622
2654.108154	87.937	85.5964
2673.340820	87.924	84.4481
2692.713135	87.913	83.2998
2712.225586	87.905	82.1313
2731.879395	87.898	80.9255
2751.675781	87.888	79.6739
2771.615479	87.872	78.3801
2791.699707	87.847	77.0602
2811.929688	87.811	75.7403
2832.305908	87.764	74.4512
2852.830078	87.708	73.2208
2873.502930	87.649	72.0675
2894.325439	87.592	70.9935
2915.298828	87.542	69.9830
2936.424316	87.504	69.0039
2957.702881	87.477	68.0159
2979.135742	87.462	66.9801
3000.723633	87.452	65.8700
3022.468262	87.441	64.6776
3044.370117	87.426	63.4150
3066.430908	87.401	62.1102
3088.651611	87.366	60.7978
3111.033203	87.323	59.5087
3133.577148	87.276	58.2602
3156.284180	87.231	57.0494
3179.156006	87.191	55.8528
3202.193359	87.159	54.6326
3225.397949	87.133	53.3481
3248.770508	87.108	51.9689
3272.312500	87.076	50.4846
3296.024902	87.031	48.9090
3319.909180	86.966	47.2770
3343.966797	86.877	45.6376
3368.198486	86.764	44.0435
3392.605713	86.630	42.5421
3417.189941	86.480	41.1680
3441.952393	86.319	39.9411
3466.894287	86.154	38.8684
3492.016846	85.989	37.9495
3517.321289	85.828	37.1809
3542.809326	85.677	36.5582
3568.481934	85.541	36.0718
3594.340576	85.426	35.6998
3620.386719	85.337	35.4007
3646.621582	85.278	35.1133
3673.046387	85.247	34.7660
3699.662842	85.239	34.2953
3726.472168	85.245	33.6634
3753.475586	85.253	32.8693
3780.675049	85.255	31.9464
3808.071289	85.245	30.9501
3835.666016	85.225	29.9373
3863.460938	85.198	28.9474
3891.457275	85.172	27.9897
3919.656250	85.151	27.0424
3948.059814	85.138	26.0638
3976.668945	85.132	25.0107
4005.485596	85.125	23.8556
4034.510986	85.112	22.5948
4063.746582	85.086	21.2483
4093.194336	85.041	19.8507
4122.855469	84.974	18.4438
4152.730957	84.886	17.0728
4182.823730	84.775	15.7872
4213.133789	84.643	14.6443
4243.664062	84.496	13.7070
4274.415527	84.344	13.0339
4305.389648	84.202	12.6577
4336.588379	84.086	12.5615
4368.013184	84.013	12.6658
4399.665527	83.993	12.8408
4431.547363	84.024	12.9442
4463.660156	84.097	12.8659
4496.005371	84.197	12.5543
4528.585449	84.311	12.0149
4561.401367	84.428	11.2869
4594.455078	84.547	10.4161
4627.748535	84.666	9.4360
4661.283203	84.787	8.3608
4695.060547	84.913	7.1882
4729.083008	85.042	5.9040
4763.352051	85.174	4.4888
4797.869141	85.306	2.9247
4832.636719	85.432	1.2041
4867.655762	85.545	-0.6600
4902.928711	85.642	-2.6327
4938.457520	85.722	-4.6665
4974.243652	85.789	-6.7216
5010.289062	85.851	-8.7878
5046.595703	85.911	-10.8918
5083.165527	85.971	-13.0827
5120.000000	86.026	-15.3995
5157.101562	86.065	-17.8447
5194.472168	86.083	-20.3798
5232.113281	86.077	-22.9492
5270.027344	86.054	-25.5140
5308.216309	86.019	-28.0748
5346.681641	85.974	-30.6635
5385.426270	85.916	-33.3107
5424.451172	85.837	-36.0112
5463.758789	85.730	-38.7162
5503.351562	85.596	-41.3572
5543.230957	85.442	-43.8865
5583.399414	85.277	-46.3044
5623.859375	85.108	-48.6530
5664.611816	84.933	-50.9770
5705.660156	84.746	-53.2842
5747.005859	84.541	-55.5355
5788.650879	84.318	-57.6722
5830.597656	84.083	-59.6598
5872.848633	83.846	-61.5110
5915.405762	83.609	-63.2694
5958.271484	83.368	-64.9612
6001.447266	83.116	-66.5546
6044.936523	82.851	-67.9628
6088.740234	82.581	-69.0956
6132.861816	82.324	-69.9258
6177.303223	82.098	-70.5226
6222.066406	81.913	-71.0171
6267.154297	81.768	-71.5271
6312.568359	81.655	-72.1074
6358.312012	81.566	-72.7655
6404.386719	81.498	-73.5118
6450.795898	81.448	-74.3828
6497.541016	81.407	-75.4104
6544.625000	81.362	-76.5775
6592.049805	81.308	-77.8126
6639.818359	81.244	-79.0344
6687.933594	81.180	-80.2039
6736.396973	81.122	-81.3367
6785.211426	81.075	-82.4712
6834.379883	81.040	-83.6355
6883.904785	81.015	-84.8501
6933.788574	81.000	-86.1478
6984.033691	80.991	-87.5709
7034.642578	80.978	-89.1362
7085.618652	80.951	-90.8070
7136.963867	80.907	-92.5137
7188.681152	80.850	-94.2042
7240.773438	80.782	-95.8695
7293.243164	80.703	-97.5112
7346.092773	80.609	-99.0875
7399.325684	80.502	-100.5037
7452.944336	80.395	-101.6705
7506.951172	80.308	-102.5800
7561.350098	80.262	-103.3261
7616.142578	80.263	-104.0576
7671.332031	80.309	-104.9137
7726.921875	80.386	-105.9946
7782.914551	80.479	-107.3550
7839.312500	80.568	-108.9918
7896.119629	80.638	-110.8373
7953.337891	80.682	-112.7803
8010.971191	80.701	-114.7109
8069.021973	80.705	-116.5563
8127.493164	80.706	-118.2899
8186.388672	80.714	-119.9204
8245.710938	80.736	-121.4767
8305.461914	80.776	-122.9965
8365.647461	80.839	-124.5169
8426.267578	80.926	-126.0726
8487.328125	81.038	-127.7101
8548.831055	81.175	-129.5016
8610.779297	81.327	-131.5265
8673.176758	81.478	-133.8254
8736.026367	81.615	-136.3752
8799.331055	81.728	-139.1136
8863.094727	81.811	-141.9774
8927.320312	81.863	-144.9105
8992.010742	81.882	-147.8484
9057.170898	81.869	-150.7162
9122.802734	81.832	-153.4459
9188.910156	81.781	-155.9908
9255.497070	81.729	-158.3317
9322.566406	81.690	-160.4891
9390.121094	81.675	-162.5347
9458.166016	81.686	-164.5753
9526.704102	81.718	-166.7080
9595.738281	81.758	-168.9775
9665.273438	81.792	-171.3653
9735.311523	81.815	-173.8057
9805.857422	81.829	-176.2249
9876.915039	81.839	-178.5807
9948.487305	81.855	179.1263
10020.578125	81.883	176.8761
10093.191406	81.926	174.6444
10166.331055	81.988	172.3871
10240.000000	82.068	170.0385
10314.203125	82.160	167.5479
10388.944336	82.255	164.9044
10464.226562	82.351	162.1199
10540.054688	82.443	159.2051
10616.432617	82.532	156.1652
10693.363281	82.617	152.9926
10770.852539	82.696	149.6553
10848.902344	82.763	146.1105
10927.517578	82.804	142.3390
11006.703125	82.804	138.3720
11086.461914	82.747	134.2943
11166.798828	82.626	130.2366
11247.718750	82.439	126.3621
11329.223633	82.196	122.8442
11411.320312	81.919	119.8298
11494.011719	81.640	117.3895
11577.301758	81.395	115.4718
11661.195312	81.212	113.8972
11745.697266	81.101	112.4126
11830.811523	81.054	110.7776
11916.542969	81.044	108.8333
12002.894531	81.040	106.5421
12089.873047	81.012	103.9903
12177.480469	80.944	101.3579
12265.723633	80.832	98.8748
12354.606445	80.696	96.7568
12444.132812	80.568	95.1174
12534.308594	80.486	93.9019
12625.136719	80.478	92.8933
12716.624023	80.548	91.8005
12808.773438	80.681	90.3757
12901.591797	80.850	88.4874
12995.082031	81.029	86.1211
13089.250000	81.196	83.3269
13184.099609	81.337	80.1700
13279.636719	81.440	76.7154
13375.867188	81.492	73.0486
13472.793945	81.483	69.2994
13570.422852	81.413	65.6379
13668.759766	81.290	62.2466
13767.809570	81.139	59.2753
13867.577148	80.993	56.7799
13968.067383	80.889	54.6620
14069.285156	80.848	52.6663
14171.237305	80.866	50.4791
14273.927734	80.910	47.8932
14377.362305	80.942	44.9285
14481.546875	80.936	41.8140
14586.486328	80.898	38.8483
14692.185547	80.859	36.1940
14798.651367	80.857	33.6920
14905.888672	80.893	30.9272
15013.902344	80.926	27.6219
15122.700195	80.910	23.8654
15232.285156	80.823	19.9600
15342.664062	80.674	16.2065
15453.843750	80.486	12.7978
15565.829102	80.287	9.8031
15678.625000	80.102	7.1981
15792.239258	79.951	4.9039
15906.675781	79.843	2.8125
16021.942383	79.785	0.8047
16138.043945	79.774	-1.2277
16254.986328	79.806	-3.3659
16372.777344	79.873	-5.6739
16491.421875	79.970	-8.2148
16610.923828	80.084	-11.0505
16731.294922	80.202	-14.2219
16852.535156	80.307	-17.7233
16974.656250	80.383	-21.4970
17097.662109	80.421	-25.4440
17221.558594	80.419	-29.4458
17346.353516	80.382	-33.3905
17472.052734	80.322	-37.1932
17598.662109	80.259	-40.8275
17726.189453	80.208	-44.3462
17854.640625	80.179	-47.8654
17984.021484	80.171	-51.5132
18114.341797	80.169	-55.3644
18245.605469	80.160	-59.4138
18377.820312	80.132	-63.5905
18510.994141	80.084	-67.7941
18645.132812	80.020	-71.9363
18780.242188	79.954	-75.9719
18916.332031	79.901	-79.9279
19053.408203	79.871	-83.9086
19191.476562	79.863	-88.0555
19330.546875	79.861	-92.4771
19470.623047	79.848	-97.1893
19611.714844	79.812	-102.1158
19753.830078	79.756	-107.1386
19896.974609	79.697	-112.1667
20041.156250	79.660	-117.2393
