* Measurement data measured by REW V5.31.3
* Source: EXCL: Microphone (Umik-1  Gain: 18dB), MICROPHONE (Master Volume), R, volume: 0.000
* Format: 512k Log Swept Sine, 1 sweep at 0.0 dBFS with no timing reference
* Dated: 18:54:28 07/03/2026
* REW Settings:
*  C-weighting compensation: Off
*  Target level: 75.0 dB
* Note: 
* Measurement: SB 2.5 1m Tweeter
* Smoothing: 1/12 octave
* Frequency Step: 1/96 octave
* Start Frequency: 302.040 Hz
*
* Freq(Hz)	SPL(dB)	Phase(degrees)
302.039795	57.051	-10.5925
304.228485	57.146	-10.8822
306.433044	57.268	-11.2249
308.653595	57.408	-11.6019
310.890228	57.560	-11.9998
313.143066	57.719	-12.4103
315.412231	57.881	-12.8281
317.697845	58.045	-13.2504
320.000000	58.209	-13.6756
322.318848	58.374	-14.1029
324.654510	58.537	-14.5319
327.007080	58.700	-14.9622
329.376709	58.862	-15.3936
331.763519	59.023	-15.8261
334.167603	59.183	-16.2595
336.589142	59.342	-16.6938
339.028198	59.500	-17.1289
341.484924	59.658	-17.5646
343.959473	59.814	-18.0008
346.451935	59.970	-18.4375
348.962463	60.124	-18.8747
351.491211	60.278	-19.3120
354.038239	60.431	-19.7496
356.603760	60.583	-20.1872
359.187866	60.735	-20.6248
361.790680	60.885	-21.0623
364.412354	61.034	-21.4995
367.053040	61.183	-21.9364
369.712860	61.331	-22.3728
372.391968	61.478	-22.8087
375.090454	61.625	-23.2439
377.808533	61.770	-23.6783
380.546265	61.915	-24.1117
383.303864	62.059	-24.5442
386.081451	62.202	-24.9755
388.879150	62.345	-25.4055
391.697144	62.486	-25.8342
394.535522	62.627	-26.2614
397.394501	62.767	-26.6870
400.274170	62.906	-27.1108
403.174744	63.044	-27.5329
406.096313	63.182	-27.9529
409.039062	63.319	-28.3710
412.003113	63.455	-28.7868
414.988647	63.591	-29.2004
417.995850	63.726	-29.6116
421.024811	63.861	-30.0204
424.075714	63.995	-30.4265
427.148743	64.129	-30.8300
430.244049	64.263	-31.2308
433.361786	64.396	-31.6287
436.502106	64.529	-32.0237
439.665161	64.662	-32.4157
442.851166	64.795	-32.8047
446.060242	64.927	-33.1906
449.292572	65.060	-33.5734
452.548340	65.192	-33.9530
455.827698	65.324	-34.3294
459.130798	65.456	-34.7027
462.457855	65.589	-35.0727
465.809021	65.721	-35.4395
469.184448	65.854	-35.8032
472.584381	65.986	-36.1637
476.008911	66.119	-36.5212
479.458252	66.252	-36.8756
482.932617	66.386	-37.2272
486.432159	66.519	-37.5759
489.957031	66.654	-37.9220
493.507477	66.788	-38.2655
497.083618	66.923	-38.6066
500.685699	67.059	-38.9456
504.313873	67.195	-39.2825
507.968323	67.333	-39.6176
511.649292	67.470	-39.9512
515.356934	67.609	-40.2835
519.091370	67.748	-40.6148
522.852966	67.889	-40.9453
526.641724	68.030	-41.2755
530.458008	68.172	-41.6057
534.301941	68.315	-41.9362
538.173706	68.460	-42.2674
542.073547	68.605	-42.5997
546.001648	68.751	-42.9335
549.958191	68.899	-43.2693
553.943420	69.047	-43.6075
557.957520	69.197	-43.9486
562.000671	69.347	-44.2930
566.073181	69.499	-44.6413
570.175171	69.652	-44.9938
574.306885	69.806	-45.3513
578.468567	69.962	-45.7141
582.660400	70.118	-46.0827
586.882568	70.276	-46.4578
591.135376	70.435	-46.8398
595.419006	70.595	-47.2292
599.733643	70.757	-47.6265
604.079590	70.919	-48.0323
608.456970	71.083	-48.4471
612.866089	71.247	-48.8713
617.307190	71.413	-49.3054
621.780457	71.580	-49.7500
626.286133	71.748	-50.2055
630.824463	71.917	-50.6722
635.395691	72.086	-51.1507
640.000000	72.257	-51.6413
644.637695	72.428	-52.1445
649.309021	72.601	-52.6605
654.014160	72.774	-53.1898
658.753418	72.947	-53.7326
663.527039	73.122	-54.2893
668.335205	73.297	-54.8601
673.178284	73.473	-55.4452
678.056396	73.649	-56.0450
682.969849	73.826	-56.6595
687.918945	74.002	-57.2890
692.903870	74.179	-57.9336
697.924927	74.356	-58.5935
702.982422	74.532	-59.2687
708.076477	74.709	-59.9594
713.207520	74.885	-60.6655
718.375732	75.060	-61.3871
723.581360	75.236	-62.1243
728.824707	75.411	-62.8770
734.106079	75.585	-63.6451
739.425720	75.758	-64.4287
744.783936	75.931	-65.2277
750.180908	76.103	-66.0420
755.617065	76.275	-66.8714
761.092529	76.445	-67.7160
766.607727	76.615	-68.5755
772.162903	76.783	-69.4498
777.758301	76.950	-70.3387
783.394287	77.117	-71.2421
789.071045	77.282	-72.1599
794.789001	77.446	-73.0917
800.548340	77.609	-74.0375
806.349487	77.770	-74.9970
812.192627	77.930	-75.9701
818.078125	78.089	-76.9564
824.006226	78.247	-77.9559
829.977295	78.402	-78.9682
835.991699	78.557	-79.9932
842.049622	78.710	-81.0305
848.151428	78.861	-82.0802
854.297485	79.011	-83.1417
860.488098	79.159	-84.2151
866.723572	79.306	-85.3000
873.004211	79.450	-86.3961
879.330322	79.593	-87.5035
885.702332	79.735	-88.6217
892.120483	79.875	-89.7505
898.585144	80.012	-90.8899
905.096680	80.149	-92.0395
911.655396	80.283	-93.1993
918.261597	80.416	-94.3689
924.915710	80.546	-95.5483
931.618042	80.675	-96.7372
938.368896	80.802	-97.9355
945.168762	80.927	-99.1430
952.017822	81.050	-100.3596
958.916504	81.172	-101.5850
965.865234	81.291	-102.8193
972.864319	81.408	-104.0621
979.914062	81.523	-105.3134
987.014954	81.636	-106.5730
994.167236	81.746	-107.8409
1001.371399	81.855	-109.1167
1008.627747	81.961	-110.4005
1015.936646	82.065	-111.6920
1023.298584	82.167	-112.9912
1030.713867	82.267	-114.2978
1038.182739	82.364	-115.6117
1045.705933	82.459	-116.9326
1053.283447	82.551	-118.2605
1060.916016	82.641	-119.5951
1068.603882	82.728	-120.9361
1076.347412	82.813	-122.2833
1084.147095	82.894	-123.6365
1092.003296	82.974	-124.9952
1099.916382	83.050	-126.3592
1107.886841	83.123	-127.7281
1115.915039	83.194	-129.1014
1124.001343	83.261	-130.4787
1132.146362	83.325	-131.8596
1140.350342	83.386	-133.2433
1148.613770	83.444	-134.6293
1156.937134	83.498	-136.0170
1165.320801	83.549	-137.4055
1173.765137	83.597	-138.7942
1182.270752	83.641	-140.1821
1190.838013	83.681	-141.5683
1199.467285	83.718	-142.9518
1208.159180	83.751	-144.3315
1216.913940	83.781	-145.7063
1225.732178	83.807	-147.0749
1234.614380	83.829	-148.4362
1243.560913	83.847	-149.7886
1252.572266	83.862	-151.1307
1261.648926	83.874	-152.4611
1270.791382	83.882	-153.7782
1280.000000	83.886	-155.0804
1289.275391	83.887	-156.3660
1298.618042	83.885	-157.6333
1308.028320	83.879	-158.8807
1317.506836	83.871	-160.1064
1327.054077	83.860	-161.3087
1336.670410	83.846	-162.4861
1346.356567	83.831	-163.6369
1356.112793	83.813	-164.7597
1365.939697	83.794	-165.8531
1375.837891	83.773	-166.9160
1385.807739	83.753	-167.9474
1395.849854	83.731	-168.9467
1405.964844	83.710	-169.9134
1416.152954	83.690	-170.8474
1426.415039	83.671	-171.7491
1436.751465	83.654	-172.6192
1447.162720	83.640	-173.4588
1457.649414	83.628	-174.2696
1468.212158	83.620	-175.0536
1478.851440	83.616	-175.8136
1489.567871	83.616	-176.5525
1500.361816	83.621	-177.2739
1511.234131	83.632	-177.9817
1522.185059	83.647	-178.6803
1533.215454	83.669	-179.3742
1544.325806	83.696	179.9318
1555.516602	83.729	179.2327
1566.788574	83.768	178.5237
1578.142090	83.812	177.7999
1589.578003	83.861	177.0565
1601.096680	83.915	176.2892
1612.698975	83.974	175.4939
1624.385254	84.037	174.6668
1636.156250	84.103	173.8047
1648.012451	84.172	172.9048
1659.954590	84.243	171.9649
1671.983398	84.315	170.9832
1684.099243	84.388	169.9583
1696.302856	84.461	168.8896
1708.594971	84.534	167.7766
1720.976196	84.605	166.6196
1733.447144	84.674	165.4190
1746.008423	84.740	164.1757
1758.660645	84.804	162.8910
1771.404663	84.863	161.5663
1784.240967	84.918	160.2036
1797.170288	84.968	158.8049
1810.193359	85.012	157.3724
1823.310791	85.051	155.9089
1836.523193	85.083	154.4173
1849.831421	85.108	152.9006
1863.236084	85.126	151.3622
1876.737793	85.137	149.8058
1890.337524	85.139	148.2354
1904.035645	85.133	146.6555
1917.833008	85.117	145.0707
1931.730469	85.093	143.4862
1945.728638	85.060	141.9077
1959.828125	85.017	140.3411
1974.029907	84.965	138.7930
1988.334473	84.903	137.2702
2002.742798	84.832	135.7803
2017.255493	84.751	134.3307
2031.873291	84.663	132.9296
2046.597168	84.566	131.5850
2061.427734	84.462	130.3046
2076.365479	84.353	129.0959
2091.411865	84.239	127.9657
2106.566895	84.123	126.9193
2121.832031	84.007	125.9604
2137.207764	83.892	125.0904
2152.694824	83.781	124.3079
2168.294189	83.677	123.6082
2184.006592	83.582	122.9826
2199.832764	83.498	122.4191
2215.773682	83.428	121.9015
2231.830078	83.372	121.4108
2248.002686	83.331	120.9256
2264.292725	83.305	120.4234
2280.700684	83.293	119.8820
2297.227539	83.294	119.2809
2313.874268	83.304	118.6025
2330.641602	83.321	117.8336
2347.530273	83.341	116.9656
2364.541504	83.361	115.9956
2381.676025	83.377	114.9258
2398.934570	83.385	113.7642
2416.318359	83.381	112.5230
2433.827881	83.364	111.2197
2451.464355	83.331	109.8752
2469.228760	83.280	108.5140
2487.121826	83.211	107.1632
2505.144531	83.123	105.8521
2523.297852	83.017	104.6102
2541.582764	82.897	103.4672
2560.000000	82.764	102.4503
2578.550781	82.624	101.5821
2597.236084	82.482	100.8783
2616.056641	82.346	100.3442
2635.013672	82.222	99.9718
2654.108154	82.118	99.7377
2673.340820	82.041	99.6029
2692.713135	81.995	99.5137
2712.225586	81.983	99.4073
2731.879395	82.002	99.2177
2751.675781	82.050	98.8831
2771.615479	82.119	98.3528
2791.699707	82.200	97.5915
2811.929688	82.284	96.5819
2832.305908	82.362	95.3243
2852.830078	82.422	93.8346
2873.502930	82.458	92.1424
2894.325439	82.460	90.2879
2915.298828	82.425	88.3209
2936.424316	82.346	86.2980
2957.702881	82.221	84.2829
2979.135742	82.049	82.3452
3000.723633	81.830	80.5600
3022.468262	81.567	79.0065
3044.370117	81.268	77.7657
3066.430908	80.941	76.9151
3088.651611	80.601	76.5197
3111.033203	80.266	76.6192
3133.577148	79.957	77.2118
3156.284180	79.698	78.2382
3179.156006	79.509	79.5762
3202.193359	79.401	81.0514
3225.397949	79.377	82.4671
3248.770508	79.426	83.6444
3272.312500	79.531	84.4547
3296.024902	79.668	84.8355
3319.909180	79.815	84.7866
3343.966797	79.952	84.3557
3368.198486	80.063	83.6219
3392.605713	80.140	82.6811
3417.189941	80.177	81.6348
3441.952393	80.175	80.5826
3466.894287	80.136	79.6156
3492.016846	80.070	78.8109
3517.321289	79.986	78.2252
3542.809326	79.898	77.8877
3568.481934	79.819	77.7959
3594.340576	79.762	77.9131
3620.386719	79.738	78.1728
3646.621582	79.750	78.4896
3673.046387	79.800	78.7747
3699.662842	79.882	78.9518
3726.472168	79.989	78.9683
3753.475586	80.111	78.7997
3780.675049	80.240	78.4473
3808.071289	80.370	77.9299
3835.666016	80.495	77.2754
3863.460938	80.615	76.5117
3891.457275	80.729	75.6594
3919.656250	80.838	74.7283
3948.059814	80.943	73.7168
3976.668945	81.043	72.6146
4005.485596	81.137	71.4088
4034.510986	81.219	70.0911
4063.746582	81.284	68.6646
4093.194336	81.326	67.1499
4122.855469	81.338	65.5876
4152.730957	81.316	64.0390
4182.823730	81.260	62.5829
4213.133789	81.172	61.3098
4243.664062	81.061	60.3100
4274.415527	80.942	59.6587
4305.389648	80.837	59.3928
4336.588379	80.769	59.4881
4368.013184	80.762	59.8431
4399.665527	80.830	60.2838
4431.547363	80.975	60.5962
4463.660156	81.186	60.5775
4496.005371	81.437	60.0838
4528.585449	81.701	59.0542
4561.401367	81.947	57.5090
4594.455078	82.154	55.5310
4627.748535	82.304	53.2441
4661.283203	82.387	50.7940
4695.060547	82.403	48.3332
4729.083008	82.356	46.0091
4763.352051	82.259	43.9500
4797.869141	82.132	42.2489
4832.636719	81.998	40.9437
4867.655762	81.883	40.0019
4902.928711	81.808	39.3166
4938.457520	81.785	38.7260
4974.243652	81.813	38.0546
5010.289062	81.876	37.1598
5046.595703	81.955	35.9660
5083.165527	82.026	34.4741
5120.000000	82.071	32.7492
5157.101562	82.076	30.8980
5194.472168	82.039	29.0432
5232.113281	81.964	27.3000
5270.027344	81.861	25.7551
5308.216309	81.746	24.4523
5346.681641	81.633	23.3855
5385.426270	81.535	22.5060
5424.451172	81.459	21.7431
5463.758789	81.404	21.0310
5503.351562	81.367	20.3308
5543.230957	81.345	19.6372
5583.399414	81.336	18.9666
5623.859375	81.344	18.3323
5664.611816	81.376	17.7180
5705.660156	81.440	17.0625
5747.005859	81.534	16.2676
5788.650879	81.651	15.2285
5830.597656	81.774	13.8745
5872.848633	81.880	12.2006
5915.405762	81.951	10.2769
5958.271484	81.971	8.2368
6001.447266	81.941	6.2477
6044.936523	81.869	4.4697
6088.740234	81.779	3.0087
6132.861816	81.700	1.8701
6177.303223	81.658	0.9400
6222.066406	81.665	0.0156
6267.154297	81.710	-1.1147
6312.568359	81.767	-2.5806
6358.312012	81.804	-4.3774
6404.386719	81.791	-6.3704
6450.795898	81.716	-8.3387
6497.541016	81.587	-10.0414
6544.625000	81.429	-11.2949
6592.049805	81.280	-12.0477
6639.818359	81.179	-12.4226
6687.933594	81.146	-12.6793
6736.396973	81.172	-13.0930
6785.211426	81.229	-13.8187
6834.379883	81.285	-14.8304
6883.904785	81.320	-15.9553
6933.788574	81.336	-16.9712
6984.033691	81.359	-17.7231
7034.642578	81.426	-18.2225
7085.618652	81.565	-18.6784
7136.963867	81.778	-19.4170
7188.681152	82.034	-20.7253
7240.773438	82.286	-22.7236
7293.243164	82.486	-25.3357
7346.092773	82.600	-28.3399
7399.325684	82.614	-31.4420
7452.944336	82.534	-34.3414
7506.951172	82.387	-36.7872
7561.350098	82.212	-38.6323
7616.142578	82.055	-39.8787
7671.332031	81.957	-40.6886
7726.921875	81.936	-41.3350
7782.914551	81.988	-42.0980
7839.312500	82.089	-43.1648
7896.119629	82.206	-44.5861
7953.337891	82.316	-46.2994
8010.971191	82.406	-48.1874
8069.021973	82.478	-50.1407
8127.493164	82.540	-52.1026
8186.388672	82.600	-54.0822
8245.710938	82.660	-56.1320
8305.461914	82.715	-58.2991
8365.647461	82.751	-60.5806
8426.267578	82.759	-62.9092
8487.328125	82.738	-65.1794
8548.831055	82.698	-67.3000
8610.779297	82.655	-69.2462
8673.176758	82.621	-71.0741
8736.026367	82.598	-72.8805
8799.331055	82.574	-74.7255
8863.094727	82.536	-76.5720
8927.320312	82.476	-78.2880
8992.010742	82.406	-79.7169
9057.170898	82.354	-80.7828
9122.802734	82.351	-81.5714
9188.910156	82.414	-82.3167
9255.497070	82.534	-83.2804
9322.566406	82.681	-84.6131
9390.121094	82.828	-86.3040
9458.166016	82.959	-88.2384
9526.704102	83.072	-90.2997
9595.738281	83.175	-92.4438
9665.273438	83.270	-94.7015
9735.311523	83.348	-97.1146
9805.857422	83.393	-99.6584
9876.915039	83.393	-102.2064
9948.487305	83.350	-104.5673
10020.578125	83.289	-106.5773
10093.191406	83.244	-108.2058
10166.331055	83.248	-109.6057
10240.000000	83.307	-111.0480
10314.203125	83.402	-112.7677
10388.944336	83.498	-114.8360
10464.226562	83.568	-117.1511
10540.054688	83.605	-119.5317
10616.432617	83.621	-121.8395
10693.363281	83.633	-124.0565
10770.852539	83.652	-126.2700
10848.902344	83.667	-128.5742
10927.517578	83.663	-130.9677
11006.703125	83.628	-133.3298
11086.461914	83.567	-135.4966
11166.798828	83.503	-137.3749
11247.718750	83.463	-139.0067
11329.223633	83.459	-140.5286
11411.320312	83.490	-142.0646
11494.011719	83.551	-143.6709
11577.301758	83.640	-145.3817
11661.195312	83.754	-147.2818
11745.697266	83.877	-149.4910
11830.811523	83.981	-152.0593
11916.542969	84.038	-154.8864
12002.894531	84.037	-157.7570
12089.873047	83.990	-160.4678
12177.480469	83.925	-162.9455
12265.723633	83.862	-165.2642
12354.606445	83.802	-167.5444
12444.132812	83.733	-169.8284
12534.308594	83.647	-172.0433
12625.136719	83.547	-174.0681
12716.624023	83.453	-175.8444
12808.773438	83.387	-177.4462
12901.591797	83.357	-179.0510
12995.082031	83.354	179.1674
13089.250000	83.356	177.1304
13184.099609	83.342	174.8646
13279.636719	83.296	172.4583
13375.867188	83.209	170.0401
13472.793945	83.080	167.7849
13570.422852	82.922	165.8797
13668.759766	82.768	164.4121
13767.809570	82.652	163.2734
13867.577148	82.591	162.2122
13968.067383	82.577	161.0104
14069.285156	82.595	159.5726
14171.237305	82.632	157.8616
14273.927734	82.673	155.8312
14377.362305	82.698	153.4681
14481.546875	82.683	150.8629
14586.486328	82.619	148.2028
14692.185547	82.514	145.6813
14798.651367	82.391	143.3970
14905.888672	82.278	141.3035
15013.902344	82.185	139.2537
15122.700195	82.108	137.1080
15232.285156	82.035	134.8090
15342.664062	81.952	132.3632
15453.843750	81.847	129.8088
15565.829102	81.709	127.2333
15678.625000	81.535	124.7760
15792.239258	81.340	122.5479
15906.675781	81.141	120.5436
16021.942383	80.951	118.6719
16138.043945	80.769	116.8582
16254.986328	80.593	115.0737
16372.777344	80.424	113.2853
16491.421875	80.255	111.4477
16610.923828	80.078	109.5510
16731.294922	79.884	107.6391
16852.535156	79.670	105.7817
16974.656250	79.435	104.0629
17097.662109	79.188	102.5813
17221.558594	78.946	101.3969
17346.353516	78.732	100.4387
17472.052734	78.559	99.4929
17598.662109	78.421	98.3356
17726.189453	78.296	96.8804
17854.640625	78.161	95.1873
17984.021484	78.005	93.3796
18114.341797	77.824	91.5892
18245.605469	77.622	89.9489
18377.820312	77.411	88.5775
18510.994141	77.210	87.5389
18645.132812	77.043	86.7751
18780.242188	76.925	86.0735
18916.332031	76.849	85.1736
19053.408203	76.788	83.9512
19191.476562	76.716	82.4749
19330.546875	76.624	80.8949
19470.623047	76.519	79.2963
19611.714844	76.416	77.6279
19753.830078	76.327	75.7275
19896.974609	76.262	73.3786
