* Measurement data measured by REW V5.31.3
* Source: Trace Arithmetic result Merge B to A
* Format: Trace Arithmetic result Merge B to A
* Dated: 19:23:15 07/03/2026
* REW Settings:
*  C-weighting compensation: Off
*  Target level: 75.0 dB
* Note: Trace Arithmetic B to A at 400 Hz A = SB 2.5 1m Woofer B = SB 2.5 Near Field Scaled B was scaled by 0.1 dB and shifted by 0.125 ms to align a 17.9 degree phase difference
* Measurement: SB 2.5 Woofer Combined
* Smoothing: 1/12 octave
* Frequency Step: 1/96 octave
* Start Frequency: 20.885 Hz
*
* Freq(Hz)	SPL(dB)	Phase(degrees)
20.885475	54.252	-146.7743
21.036821	54.406	-147.3766
21.189262	54.630	-148.2244
21.342808	54.899	-149.2463
21.497467	55.196	-150.3795
21.653246	55.506	-151.5817
21.810154	55.821	-152.8270
21.968201	56.136	-154.1011
22.127390	56.450	-155.3959
22.287735	56.759	-156.7072
22.449242	57.064	-158.0324
22.611917	57.364	-159.3702
22.775772	57.660	-160.7196
22.940815	57.951	-162.0798
23.107054	58.237	-163.4502
23.274498	58.518	-164.8302
23.443153	58.795	-166.2194
23.613033	59.068	-167.6172
23.784142	59.335	-169.0230
23.956491	59.599	-170.4365
24.130091	59.858	-171.8572
24.304947	60.114	-173.2847
24.481071	60.365	-174.7184
24.658470	60.612	-176.1580
24.837156	60.855	-177.6031
25.017136	61.094	-179.0532
25.198421	61.329	179.4920
25.381020	61.560	178.0330
25.564941	61.788	176.5701
25.750195	62.011	175.1039
25.936790	62.232	173.6346
26.124741	62.448	172.1626
26.314051	62.661	170.6884
26.504732	62.871	169.2123
26.696796	63.077	167.7347
26.890253	63.279	166.2560
27.085112	63.479	164.7765
27.281382	63.675	163.2967
27.479073	63.867	161.8168
27.678198	64.057	160.3373
27.878765	64.244	158.8585
28.080786	64.427	157.3807
28.284271	64.608	155.9044
28.489231	64.785	154.4297
28.695675	64.960	152.9570
28.903616	65.132	151.4868
29.113064	65.301	150.0191
29.324028	65.468	148.5544
29.536524	65.632	147.0930
29.750557	65.794	145.6349
29.966141	65.953	144.1806
30.183289	66.110	142.7302
30.402010	66.264	141.2838
30.622314	66.417	139.8418
30.844217	66.567	138.4041
31.067726	66.715	136.9710
31.292856	66.862	135.5425
31.519617	67.006	134.1186
31.748020	67.149	132.6995
31.978081	67.290	131.2850
32.209808	67.430	129.8751
32.443211	67.568	128.4698
32.678310	67.705	127.0688
32.915108	67.840	125.6721
33.153625	67.974	124.2794
33.393871	68.107	122.8905
33.635857	68.239	121.5051
33.879597	68.370	120.1229
34.125103	68.500	118.7434
34.372387	68.629	117.3665
34.621464	68.758	115.9915
34.872345	68.885	114.6182
35.125042	69.012	113.2458
35.379574	69.138	111.8742
35.635948	69.263	110.5026
35.894180	69.388	109.1306
36.154285	69.512	107.7576
36.416275	69.635	106.3832
36.680161	69.758	105.0068
36.945961	69.880	103.6279
37.213688	70.001	102.2461
37.483353	70.121	100.8608
37.754974	70.240	99.4719
38.028561	70.359	98.0787
38.304131	70.477	96.6811
38.581699	70.593	95.2787
38.861279	70.708	93.8715
39.142883	70.823	92.4592
39.426529	70.935	91.0419
39.712231	71.047	89.6196
40.000000	71.157	88.1924
40.289856	71.265	86.7605
40.581814	71.371	85.3242
40.875885	71.476	83.8839
41.172089	71.579	82.4401
41.470440	71.680	80.9933
41.770950	71.779	79.5443
42.073643	71.876	78.0936
42.378525	71.971	76.6422
42.685616	72.063	75.1909
42.994934	72.154	73.7406
43.306492	72.242	72.2923
43.620308	72.329	70.8469
43.936401	72.413	69.4056
44.254780	72.495	67.9693
44.575470	72.575	66.5389
44.898483	72.654	65.1156
45.223835	72.731	63.7001
45.551544	72.806	62.2931
45.881630	72.880	60.8956
46.214108	72.953	59.5079
46.548996	73.025	58.1302
46.886307	73.097	56.7630
47.226067	73.168	55.4060
47.568283	73.239	54.0591
47.912983	73.311	52.7214
48.260181	73.382	51.3923
48.609894	73.455	50.0706
48.962143	73.529	48.7548
49.316940	73.603	47.4432
49.674313	73.679	46.1338
50.034271	73.757	44.8244
50.396843	73.836	43.5125
50.762039	73.916	42.1955
51.129883	73.999	40.8707
51.500389	74.082	39.5355
51.873581	74.167	38.1870
52.249481	74.253	36.8225
52.628101	74.339	35.4397
53.009464	74.426	34.0363
53.393593	74.512	32.6104
53.780506	74.598	31.1605
54.170223	74.682	29.6854
54.562763	74.765	28.1846
54.958145	74.844	26.6578
55.356396	74.921	25.1058
55.757530	74.994	23.5294
56.161572	75.063	21.9304
56.568542	75.126	20.3113
56.978462	75.184	18.6746
57.391350	75.235	17.0239
57.807232	75.280	15.3636
58.226128	75.317	13.6981
58.648056	75.347	12.0326
59.073048	75.368	10.3729
59.501114	75.382	8.7251
59.932281	75.388	7.0956
60.366577	75.385	5.4912
60.804020	75.375	3.9189
61.244629	75.358	2.3859
61.688435	75.333	0.8989
62.135452	75.303	-0.5353
62.585712	75.267	-1.9103
63.039234	75.228	-3.2208
63.496040	75.186	-4.4619
63.956161	75.143	-5.6304
64.419617	75.100	-6.7244
64.886421	75.059	-7.7437
65.356621	75.022	-8.6902
65.830215	74.992	-9.5681
66.307251	74.968	-10.3835
66.787743	74.953	-11.1449
67.271713	74.949	-11.8626
67.759193	74.956	-12.5485
68.250206	74.974	-13.2157
68.744774	75.004	-13.8776
69.242928	75.045	-14.5476
69.744690	75.097	-15.2382
70.250084	75.158	-15.9606
70.759148	75.228	-16.7241
71.271896	75.304	-17.5359
71.788361	75.384	-18.4006
72.308571	75.468	-19.3208
72.832550	75.553	-20.2963
73.360321	75.637	-21.3254
73.891922	75.720	-22.4042
74.427376	75.800	-23.5276
74.966705	75.875	-24.6893
75.509949	75.946	-25.8826
76.057121	76.011	-27.1001
76.608261	76.071	-28.3345
77.163399	76.125	-29.5790
77.722557	76.174	-30.8271
78.285767	76.218	-32.0731
78.853058	76.257	-33.3121
79.424461	76.292	-34.5406
80.000000	76.324	-35.7557
80.579712	76.352	-36.9556
81.163628	76.378	-38.1395
81.751770	76.403	-39.3074
82.344177	76.426	-40.4598
82.940880	76.447	-41.5979
83.541901	76.468	-42.7228
84.147285	76.488	-43.8361
84.757050	76.508	-44.9388
85.371231	76.527	-46.0319
85.989868	76.545	-47.1160
86.612984	76.562	-48.1913
87.240616	76.579	-49.2577
87.872803	76.594	-50.3147
88.509560	76.609	-51.3615
89.150940	76.623	-52.3973
89.796967	76.636	-53.4211
90.447670	76.649	-54.4321
91.103088	76.661	-55.4293
91.763260	76.673	-56.4125
92.428215	76.685	-57.3810
93.097992	76.698	-58.3351
93.772614	76.712	-59.2751
94.452133	76.726	-60.2018
95.136566	76.743	-61.1168
95.825966	76.761	-62.0221
96.520363	76.783	-62.9208
97.219788	76.807	-63.8167
97.924286	76.834	-64.7148
98.633881	76.865	-65.6212
99.348625	76.899	-66.5430
100.068542	76.936	-67.4877
100.793686	76.975	-68.4633
101.524078	77.016	-69.4777
102.259766	77.057	-70.5376
103.000778	77.097	-71.6478
103.747162	77.132	-72.8109
104.498962	77.161	-74.0261
105.256203	77.182	-75.2888
106.018929	77.192	-76.5905
106.787186	77.189	-77.9185
107.561012	77.171	-79.2560
108.340446	77.138	-80.5829
109.125526	77.088	-81.8765
109.916290	77.023	-83.1124
110.712791	76.943	-84.2665
111.515060	76.851	-85.3157
112.323143	76.750	-86.2413
113.137085	76.646	-87.0303
113.956924	76.542	-87.6774
114.782700	76.444	-88.1870
115.614464	76.357	-88.5734
116.452255	76.285	-88.8602
117.296112	76.230	-89.0782
118.146095	76.195	-89.2617
119.002228	76.177	-89.4443
119.864563	76.175	-89.6552
120.733154	76.186	-89.9158
121.608040	76.206	-90.2377
122.489258	76.231	-90.6238
123.376869	76.258	-91.0680
124.270905	76.284	-91.5590
125.171425	76.307	-92.0825
126.078468	76.328	-92.6240
126.992081	76.346	-93.1710
127.912323	76.363	-93.7151
128.839233	76.380	-94.2526
129.772842	76.398	-94.7844
130.713242	76.417	-95.3153
131.660431	76.439	-95.8519
132.614502	76.464	-96.4015
133.575485	76.489	-96.9700
134.543427	76.515	-97.5605
135.518387	76.540	-98.1732
136.500412	76.563	-98.8048
137.489548	76.583	-99.4496
138.485855	76.600	-100.1000
139.489380	76.613	-100.7482
140.500168	76.624	-101.3865
141.518295	76.632	-102.0092
142.543793	76.639	-102.6123
143.576721	76.645	-103.1941
144.617142	76.653	-103.7552
145.665100	76.661	-104.2982
146.720642	76.673	-104.8269
147.783844	76.687	-105.3462
148.854752	76.704	-105.8611
149.933411	76.724	-106.3766
151.019897	76.747	-106.8969
152.114243	76.772	-107.4255
153.216522	76.800	-107.9651
154.326797	76.830	-108.5172
155.445114	76.861	-109.0831
156.571533	76.894	-109.6637
157.706116	76.927	-110.2594
158.848923	76.962	-110.8709
160.000000	76.997	-111.4988
161.159424	77.032	-112.1434
162.327255	77.068	-112.8054
163.503540	77.104	-113.4854
164.688354	77.141	-114.1848
165.881760	77.178	-114.9067
167.083801	77.216	-115.6564
168.294571	77.254	-116.4414
169.514099	77.292	-117.2714
170.742462	77.327	-118.1562
171.979736	77.358	-119.1034
173.225967	77.380	-120.1151
174.481232	77.391	-121.1850
175.745605	77.385	-122.2961
177.019119	77.361	-123.4207
178.301880	77.315	-124.5221
179.593933	77.249	-125.5578
180.895340	77.164	-126.4847
182.206177	77.066	-127.2664
183.526520	76.961	-127.8779
184.856430	76.857	-128.3119
186.195984	76.762	-128.5800
187.545227	76.683	-128.7115
188.904266	76.624	-128.7483
190.273132	76.588	-128.7371
191.651932	76.573	-128.7225
193.040726	76.578	-128.7423
194.439575	76.599	-128.8244
195.848572	76.633	-128.9877
197.267761	76.674	-129.2429
198.697250	76.719	-129.5938
200.137085	76.763	-130.0381
201.587372	76.804	-130.5676
203.048157	76.837	-131.1693
204.519531	76.861	-131.8267
206.001556	76.874	-132.5211
207.494324	76.876	-133.2339
208.997925	76.865	-133.9474
210.512405	76.841	-134.6440
212.037857	76.806	-135.3058
213.574371	76.759	-135.9126
215.122025	76.703	-136.4426
216.680893	76.639	-136.8739
218.251053	76.572	-137.1883
219.832581	76.507	-137.3763
221.425583	76.450	-137.4414
223.030121	76.406	-137.4012
224.646286	76.378	-137.2857
226.274170	76.369	-137.1316
227.913849	76.380	-136.9756
229.565399	76.409	-136.8497
231.228928	76.452	-136.7770
232.904510	76.509	-136.7734
234.592224	76.574	-136.8490
236.292191	76.647	-137.0096
238.004456	76.724	-137.2591
239.729126	76.802	-137.5991
241.466309	76.880	-138.0292
243.216080	76.954	-138.5456
244.978516	77.022	-139.1415
246.753738	77.082	-139.8062
248.541809	77.132	-140.5264
250.342850	77.172	-141.2867
252.156937	77.201	-142.0720
253.984161	77.219	-142.8687
255.824646	77.226	-143.6664
257.678467	77.223	-144.4573
259.545685	77.210	-145.2346
261.426483	77.187	-145.9901
263.320862	77.153	-146.7107
265.229004	77.108	-147.3788
267.150970	77.055	-147.9733
269.086853	76.996	-148.4746
271.036774	76.935	-148.8696
273.000824	76.876	-149.1564
274.979095	76.825	-149.3453
276.971710	76.784	-149.4575
278.978760	76.757	-149.5199
281.000336	76.744	-149.5605
283.036591	76.744	-149.6045
285.087585	76.756	-149.6724
287.153442	76.779	-149.7799
289.234283	76.810	-149.9382
291.330200	76.846	-150.1548
293.441284	76.886	-150.4328
295.567688	76.926	-150.7719
297.709503	76.966	-151.1680
299.866821	77.003	-151.6152
302.039795	77.036	-152.1068
304.228485	77.064	-152.6350
306.433044	77.087	-153.1938
308.653595	77.104	-153.7776
310.890228	77.115	-154.3818
313.143066	77.119	-155.0016
315.412231	77.116	-155.6322
317.697845	77.104	-156.2684
320.000000	77.084	-156.9044
322.318848	77.054	-157.5328
324.654510	77.013	-158.1421
327.007080	76.959	-158.7125
329.376709	76.892	-159.2135
331.763519	76.813	-159.6049
334.167603	76.727	-159.8439
336.589142	76.641	-159.8972
339.028198	76.567	-159.7553
341.484924	76.514	-159.4432
343.959473	76.493	-159.0223
346.451935	76.508	-158.5805
348.962463	76.558	-158.2141
351.491211	76.637	-158.0066
354.038239	76.733	-158.0136
356.603760	76.834	-158.2563
359.187866	76.929	-158.7225
361.790680	77.006	-159.3740
364.412354	77.059	-160.1550
367.053040	77.084	-161.0025
369.712860	77.081	-161.8533
372.391968	77.052	-162.6514
375.090454	77.002	-163.3514
377.808533	76.937	-163.9214
380.546265	76.863	-164.3441
383.303864	76.788	-164.6178
386.081451	76.718	-164.7573
388.879150	76.658	-164.7911
391.697144	76.611	-164.7569
394.535522	76.577	-164.6914
397.394501	76.554	-164.6235
400.274170	76.540	-164.5696
403.174744	76.531	-164.5329
406.096313	76.525	-164.5096
409.039062	76.522	-164.4929
412.003113	76.520	-164.4766
414.988647	76.519	-164.4561
417.995850	76.519	-164.4287
421.024811	76.521	-164.3928
424.075714	76.524	-164.3478
427.148743	76.529	-164.2933
430.244049	76.536	-164.2298
433.361786	76.544	-164.1575
436.502106	76.555	-164.0770
439.665161	76.568	-163.9890
442.851166	76.583	-163.8939
446.060242	76.600	-163.7928
449.292572	76.620	-163.6868
452.548340	76.642	-163.5764
455.827698	76.667	-163.4626
459.130798	76.694	-163.3465
462.457855	76.724	-163.2292
465.809021	76.756	-163.1115
469.184448	76.791	-162.9948
472.584381	76.829	-162.8799
476.008911	76.869	-162.7681
479.458252	76.913	-162.6603
482.932617	76.959	-162.5577
486.432159	77.007	-162.4612
489.957031	77.059	-162.3721
493.507477	77.113	-162.2911
497.083618	77.170	-162.2195
500.685699	77.229	-162.1580
504.313873	77.292	-162.1077
507.968323	77.356	-162.0692
511.649292	77.423	-162.0435
515.356934	77.493	-162.0313
519.091370	77.565	-162.0334
522.852966	77.639	-162.0505
526.641724	77.715	-162.0833
530.458008	77.792	-162.1323
534.301941	77.872	-162.1979
538.173706	77.953	-162.2809
542.073547	78.036	-162.3817
546.001648	78.120	-162.5005
549.958191	78.205	-162.6382
553.943420	78.292	-162.7946
557.957520	78.379	-162.9702
562.000671	78.466	-163.1654
566.073181	78.555	-163.3803
570.175171	78.643	-163.6151
574.306885	78.732	-163.8699
578.468567	78.821	-164.1447
582.660400	78.911	-164.4398
586.882568	79.000	-164.7548
591.135376	79.088	-165.0900
595.419006	79.177	-165.4451
599.733643	79.265	-165.8201
604.079590	79.352	-166.2146
608.456970	79.439	-166.6285
612.866089	79.525	-167.0616
617.307190	79.610	-167.5133
621.780457	79.694	-167.9836
626.286133	79.777	-168.4718
630.824463	79.859	-168.9777
635.395691	79.940	-169.5009
640.000000	80.019	-170.0408
644.637695	80.097	-170.5969
649.309021	80.173	-171.1688
654.014160	80.248	-171.7560
658.753418	80.321	-172.3581
663.527039	80.393	-172.9742
668.335205	80.463	-173.6043
673.178284	80.531	-174.2476
678.056396	80.597	-174.9034
682.969849	80.661	-175.5714
687.918945	80.723	-176.2510
692.903870	80.783	-176.9415
697.924927	80.840	-177.6425
702.982422	80.895	-178.3531
708.076477	80.947	-179.0730
713.207520	80.997	-179.8014
718.375732	81.044	179.4623
723.581360	81.089	178.7190
728.824707	81.130	177.9691
734.106079	81.170	177.2134
739.425720	81.206	176.4528
744.783936	81.239	175.6877
750.180908	81.270	174.9191
755.617065	81.298	174.1479
761.092529	81.323	173.3748
766.607727	81.345	172.6006
772.162903	81.364	171.8259
777.758301	81.380	171.0519
783.394287	81.394	170.2795
789.071045	81.404	169.5093
794.789001	81.412	168.7426
800.548340	81.416	167.9800
806.349487	81.418	167.2225
812.192627	81.417	166.4713
818.078125	81.413	165.7272
824.006226	81.407	164.9915
829.977295	81.397	164.2651
835.991699	81.385	163.5490
842.049622	81.371	162.8444
848.151428	81.354	162.1524
854.297485	81.334	161.4741
860.488098	81.312	160.8107
866.723572	81.288	160.1634
873.004211	81.262	159.5332
879.330322	81.234	158.9211
885.702332	81.204	158.3286
892.120483	81.172	157.7567
898.585144	81.139	157.2062
905.096680	81.105	156.6785
911.655396	81.069	156.1742
918.261597	81.033	155.6946
924.915710	80.997	155.2404
931.618042	80.960	154.8123
938.368896	80.924	154.4110
945.168762	80.888	154.0369
952.017822	80.852	153.6906
958.916504	80.818	153.3719
965.865234	80.785	153.0811
972.864319	80.754	152.8179
979.914062	80.726	152.5817
987.014954	80.700	152.3718
994.167236	80.677	152.1872
1001.371399	80.657	152.0264
1008.627747	80.642	151.8882
1015.936646	80.631	151.7703
1023.298584	80.624	151.6707
1030.713867	80.622	151.5867
1038.182739	80.626	151.5156
1045.705933	80.635	151.4545
1053.283447	80.650	151.3996
1060.916016	80.671	151.3480
1068.603882	80.698	151.2957
1076.347412	80.731	151.2391
1084.147095	80.770	151.1741
1092.003296	80.815	151.0970
1099.916382	80.866	151.0042
1107.886841	80.922	150.8916
1115.915039	80.984	150.7559
1124.001343	81.051	150.5936
1132.146362	81.123	150.4017
1140.350342	81.199	150.1772
1148.613770	81.279	149.9177
1156.937134	81.362	149.6208
1165.320801	81.449	149.2847
1173.765137	81.537	148.9081
1182.270752	81.628	148.4894
1190.838013	81.720	148.0279
1199.467285	81.813	147.5231
1208.159180	81.906	146.9749
1216.913940	81.999	146.3835
1225.732178	82.091	145.7491
1234.614380	82.182	145.0728
1243.560913	82.271	144.3554
1252.572266	82.359	143.5980
1261.648926	82.443	142.8024
1270.791382	82.525	141.9700
1280.000000	82.603	141.1029
1289.275391	82.678	140.2029
1298.618042	82.749	139.2726
1308.028320	82.815	138.3138
1317.506836	82.876	137.3296
1327.054077	82.933	136.3220
1336.670410	82.985	135.2943
1346.356567	83.031	134.2490
1356.112793	83.072	133.1889
1365.939697	83.108	132.1172
1375.837891	83.138	131.0370
1385.807739	83.163	129.9511
1395.849854	83.183	128.8629
1405.964844	83.197	127.7753
1416.152954	83.205	126.6914
1426.415039	83.209	125.6143
1436.751465	83.208	124.5468
1447.162720	83.202	123.4918
1457.649414	83.192	122.4520
1468.212158	83.178	121.4297
1478.851440	83.161	120.4271
1489.567871	83.140	119.4462
1500.361816	83.117	118.4883
1511.234131	83.092	117.5545
1522.185059	83.066	116.6453
1533.215454	83.039	115.7609
1544.325806	83.011	114.9005
1555.516602	82.984	114.0631
1566.788574	82.957	113.2467
1578.142090	82.932	112.4491
1589.578003	82.909	111.6670
1601.096680	82.888	110.8970
1612.698975	82.869	110.1350
1624.385254	82.854	109.3765
1636.156250	82.841	108.6167
1648.012451	82.831	107.8508
1659.954590	82.823	107.0741
1671.983398	82.818	106.2820
1684.099243	82.815	105.4702
1696.302856	82.813	104.6349
1708.594971	82.812	103.7732
1720.976196	82.810	102.8827
1733.447144	82.807	101.9620
1746.008423	82.803	101.0106
1758.660645	82.796	100.0291
1771.404663	82.785	99.0189
1784.240967	82.769	97.9823
1797.170288	82.749	96.9232
1810.193359	82.722	95.8458
1823.310791	82.689	94.7552
1836.523193	82.649	93.6578
1849.831421	82.602	92.5599
1863.236084	82.547	91.4689
1876.737793	82.484	90.3924
1890.337524	82.414	89.3383
1904.035645	82.336	88.3141
1917.833008	82.252	87.3278
1931.730469	82.163	86.3861
1945.728638	82.068	85.4955
1959.828125	81.970	84.6609
1974.029907	81.870	83.8862
1988.334473	81.769	83.1731
2002.742798	81.669	82.5212
2017.255493	81.572	81.9282
2031.873291	81.478	81.3892
2046.597168	81.390	80.8969
2061.427734	81.308	80.4421
2076.365479	81.233	80.0139
2091.411865	81.165	79.6002
2106.566895	81.105	79.1890
2121.832031	81.052	78.7687
2137.207764	81.004	78.3291
2152.694824	80.961	77.8622
2168.294189	80.920	77.3634
2184.006592	80.879	76.8310
2199.832764	80.837	76.2674
2215.773682	80.792	75.6790
2231.830078	80.742	75.0755
2248.002686	80.685	74.4706
2264.292725	80.620	73.8810
2280.700684	80.548	73.3250
2297.227539	80.470	72.8235
2313.874268	80.385	72.3969
2330.641602	80.297	72.0646
2347.530273	80.210	71.8427
2364.541504	80.127	71.7426
2381.676025	80.053	71.7676
2398.934570	79.995	71.9118
2416.318359	79.957	72.1577
2433.827881	79.945	72.4755
2451.464355	79.963	72.8248
2469.228760	80.012	73.1561
2487.121826	80.093	73.4159
2505.144531	80.204	73.5511
2523.297852	80.339	73.5146
2541.582764	80.493	73.2692
2560.000000	80.659	72.7897
2578.550781	80.828	72.0643
2597.236084	80.994	71.0935
2616.056641	81.147	69.8891
2635.013672	81.283	68.4717
2654.108154	81.395	66.8694
2673.340820	81.478	65.1162
2692.713135	81.528	63.2501
2712.225586	81.543	61.3133
2731.879395	81.520	59.3507
2751.675781	81.458	57.4106
2771.615479	81.358	55.5442
2791.699707	81.221	53.8047
2811.929688	81.051	52.2477
2832.305908	80.851	50.9285
2852.830078	80.629	49.9003
2873.502930	80.396	49.2095
2894.325439	80.162	48.8892
2915.298828	79.942	48.9509
2936.424316	79.753	49.3757
2957.702881	79.609	50.1082
2979.135742	79.523	51.0549
3000.723633	79.502	52.0926
3022.468262	79.549	53.0843
3044.370117	79.658	53.9005
3066.430908	79.816	54.4376
3088.651611	80.010	54.6286
3111.033203	80.222	54.4448
3133.577148	80.439	53.8901
3156.284180	80.647	52.9932
3179.156006	80.836	51.7984
3202.193359	80.998	50.3593
3225.397949	81.127	48.7333
3248.770508	81.220	46.9792
3272.312500	81.274	45.1562
3296.024902	81.288	43.3221
3319.909180	81.265	41.5351
3343.966797	81.205	39.8527
3368.198486	81.112	38.3328
3392.605713	80.992	37.0327
3417.189941	80.853	36.0073
3441.952393	80.704	35.3051
3466.894287	80.558	34.9611
3492.016846	80.433	34.9877
3517.321289	80.344	35.3631
3542.809326	80.309	36.0207
3568.481934	80.343	36.8474
3594.340576	80.451	37.6906
3620.386719	80.634	38.3813
3646.621582	80.880	38.7617
3673.046387	81.173	38.7106
3699.662842	81.491	38.1586
3726.472168	81.812	37.0884
3753.475586	82.115	35.5275
3780.675049	82.382	33.5367
3808.071289	82.601	31.2005
3835.666016	82.760	28.6193
3863.460938	82.853	25.9046
3891.457275	82.876	23.1780
3919.656250	82.831	20.5685
3948.059814	82.723	18.2108
3976.668945	82.563	16.2395
4005.485596	82.369	14.7767
4034.510986	82.169	13.9094
4063.746582	81.995	13.6593
4093.194336	81.879	13.9487
4122.855469	81.851	14.5884
4152.730957	81.923	15.3027
4182.823730	82.088	15.7998
4213.133789	82.320	15.8521
4243.664062	82.584	15.3473
4274.415527	82.847	14.2932
4305.389648	83.078	12.7930
4336.588379	83.259	11.0096
4368.013184	83.384	9.1368
4399.665527	83.455	7.3751
4431.547363	83.488	5.9089
4463.660156	83.511	4.8765
4496.005371	83.558	4.3331
4528.585449	83.668	4.2150
4561.401367	83.866	4.3263
4594.455078	84.164	4.3774
4627.748535	84.547	4.0682
4661.283203	84.985	3.1776
4695.060547	85.440	1.6118
4729.083008	85.875	-0.5999
4763.352051	86.265	-3.3401
4797.869141	86.594	-6.4433
4832.636719	86.855	-9.7262
4867.655762	87.056	-13.0126
4902.928711	87.209	-16.1519
4938.457520	87.340	-19.0408
4974.243652	87.474	-21.6443
5010.289062	87.639	-24.0110
5046.595703	87.856	-26.2721
5083.165527	88.131	-28.6122
5120.000000	88.455	-31.2211
5157.101562	88.806	-34.2428
5194.472168	89.160	-37.7448
5232.113281	89.488	-41.7150
5270.027344	89.771	-46.0791
5308.216309	89.998	-50.7239
5346.681641	90.165	-55.5228
5385.426270	90.277	-60.3574
5424.451172	90.349	-65.1381
5463.758789	90.399	-69.8230
5503.351562	90.449	-74.4322
5543.230957	90.517	-79.0502
5583.399414	90.610	-83.8123
5623.859375	90.727	-88.8739
5664.611816	90.850	-94.3725
5705.660156	90.954	-100.3989
5747.005859	91.009	-106.9815
5788.650879	90.985	-114.0894
5830.597656	90.856	-121.6409
5872.848633	90.596	-129.5144
5915.405762	90.187	-137.5510
5958.271484	89.611	-145.5498
6001.447266	88.854	-153.2451
6044.936523	87.907	-160.2603
6088.740234	86.771	-166.0054
6132.861816	85.465	-169.4680
6177.303223	84.053	-168.8022
6222.066406	82.677	-161.0208
6267.154297	81.572	-144.5120
6312.568359	80.976	-126.3950
6358.312012	80.940	-115.7907
6404.386719	81.282	-112.1149
6450.795898	81.776	-112.1218
6497.541016	82.286	-113.7891
6544.625000	82.767	-116.0800
6592.049805	83.230	-118.5135
6639.818359	83.703	-120.9528
6687.933594	84.210	-123.4917
6736.396973	84.759	-126.3557
6785.211426	85.332	-129.7955
6834.379883	85.899	-133.9966
6883.904785	86.418	-139.0308
6933.788574	86.852	-144.8558
6984.033691	87.168	-151.3381
7034.642578	87.341	-158.2787
7085.618652	87.354	-165.4310
7136.963867	87.199	-172.5105
7188.681152	86.878	-179.2002
7240.773438	86.409	174.8348
7293.243164	85.825	169.9098
7346.092773	85.186	166.2341
7399.325684	84.571	163.7853
7452.944336	84.058	162.2131
7506.951172	83.692	160.9202
7561.350098	83.460	159.3351
7616.142578	83.304	157.1804
7671.332031	83.155	154.5278
7726.921875	82.966	151.6836
7782.914551	82.722	149.0388
7839.312500	82.444	146.9471
7896.119629	82.177	145.6342
7953.337891	81.986	145.1272
8010.971191	81.932	145.2236
8069.021973	82.060	145.5222
8127.493164	82.378	145.5187
8186.388672	82.861	144.7305
8245.710938	83.455	142.7976
8305.461914	84.095	139.5330
8365.647461	84.716	134.9197
8426.267578	85.262	129.0737
8487.328125	85.692	122.1970
8548.831055	85.973	114.5393
8610.779297	86.085	106.3755
8673.176758	86.016	97.9926
8736.026367	85.764	89.6853
8799.331055	85.335	81.7491
8863.094727	84.745	74.4622
8927.320312	84.023	68.0577
8992.010742	83.208	62.6848
9057.170898	82.345	58.3835
9122.802734	81.474	55.1091
9188.910156	80.628	52.8087
9255.497070	79.835	51.4928
9322.566406	79.128	51.1968
9390.121094	78.555	51.7996
9458.166016	78.160	52.8502
9526.704102	77.951	53.6622
9595.738281	77.882	53.6967
9665.273438	77.884	52.8417
9735.311523	77.906	51.3446
9805.857422	77.929	49.5486
9876.915039	77.967	47.6710
9948.487305	78.043	45.7139
10020.578125	78.166	43.5208
10093.191406	78.326	40.9060
10166.331055	78.503	37.7557
10240.000000	78.669	34.0487
10314.203125	78.802	29.8297
10388.944336	78.882	25.1865
10464.226562	78.892	20.2417
10540.054688	78.823	15.1484
10616.432617	78.674	10.0726
10693.363281	78.452	5.1704
10770.852539	78.167	0.5721
10848.902344	77.837	-3.6172
10927.517578	77.480	-7.3118
11006.703125	77.121	-10.4537
11086.461914	76.789	-13.0543
11166.798828	76.511	-15.2271
11247.718750	76.306	-17.1677
11329.223633	76.176	-19.0693
11411.320312	76.113	-21.0443
11494.011719	76.113	-23.1343
11577.301758	76.176	-25.3818
11661.195312	76.304	-27.8848
11745.697266	76.490	-30.7799
11830.811523	76.722	-34.1979
11916.542969	76.979	-38.2408
12002.894531	77.234	-42.9818
12089.873047	77.451	-48.4423
12177.480469	77.594	-54.5472
12265.723633	77.632	-61.1042
12354.606445	77.550	-67.8362
12444.132812	77.357	-74.4598
12534.308594	77.079	-80.7706
12625.136719	76.755	-86.6913
12716.624023	76.420	-92.2703
12808.773438	76.102	-97.6409
12901.591797	75.819	-102.9846
12995.082031	75.574	-108.5138
13089.250000	75.354	-114.4442
13184.099609	75.128	-120.9366
13279.636719	74.845	-128.0167
13375.867188	74.452	-135.5265
13472.793945	73.904	-143.1295
13570.422852	73.179	-150.3650
13668.759766	72.283	-156.7295
13767.809570	71.248	-161.7610
13867.577148	70.131	-165.0924
13968.067383	69.010	-166.4797
14069.285156	67.984	-165.9203
14171.237305	67.166	-163.9647
14273.927734	66.644	-161.8986
14377.362305	66.416	-161.2013
14481.546875	66.387	-162.6962
14586.486328	66.420	-166.3765
14692.185547	66.393	-171.7766
14798.651367	66.225	-178.2916
14905.888672	65.877	174.6711
15013.902344	65.343	167.6112
15122.700195	64.642	160.8704
15232.285156	63.799	154.6423
15342.664062	62.832	149.0957
15453.843750	61.747	144.5704
15565.829102	60.562	141.7002
15678.625000	59.329	141.3958
15792.239258	58.159	144.7590
15906.675781	57.228	152.7861
16021.942383	56.737	164.8380
16138.043945	56.805	176.5596
16254.986328	57.348	-176.8003
16372.777344	58.147	-175.8838
16491.421875	58.995	-179.1992
16610.923828	59.759	174.6111
16731.294922	60.364	166.4285
16852.535156	60.769	156.8302
16974.656250	60.946	146.2269
17097.662109	60.875	134.9595
17221.558594	60.539	123.3690
17346.353516	59.933	111.7959
17472.052734	59.074	100.5062
17598.662109	57.994	89.6052
17726.189453	56.730	79.0256
17854.640625	55.323	68.6271
17984.021484	53.821	58.3390
18114.341797	52.322	47.8402
18245.605469	51.006	47.3464
18377.820312	50.124	-153.6849
18510.994141	49.832	-161.7738
18645.132812	50.046	-169.9812
18780.242188	50.546	-177.4294
18916.332031	51.164	175.9847
19053.408203	51.811	170.0933
19191.476562	52.436	164.6039
19330.546875	53.005	159.3270
19470.623047	53.499	154.2045
19611.714844	53.915	149.1608
19753.830078	54.244	144.0071
19896.974609	54.473	138.4369
