* Measurement data measured by REW V5.31.3
* Source: EXCL: Microphone (Umik-1  Gain: 18dB), MICROPHONE (Master Volume), R, volume: 0.000
* Format: 512k Log Swept Sine, 1 sweep at 0.0 dBFS with no timing reference
* Dated: 18:59:05 07/03/2026
* REW Settings:
*  C-weighting compensation: Off
*  Target level: 75.0 dB
* Note: 
* Measurement: SB 2.5 1m Tweeter Woofer
* Smoothing: 1/12 octave
* Frequency Step: 1/96 octave
* Start Frequency: 302.040 Hz
*
* Freq(Hz)	SPL(dB)	Phase(degrees)
302.039795	73.529	-153.5415
304.228485	73.548	-153.7304
306.433044	73.573	-153.9438
308.653595	73.602	-154.1736
310.890228	73.633	-154.4136
313.143066	73.665	-154.6599
315.412231	73.699	-154.9099
317.697845	73.733	-155.1624
320.000000	73.767	-155.4163
322.318848	73.801	-155.6715
324.654510	73.835	-155.9275
327.007080	73.868	-156.1844
329.376709	73.902	-156.4420
331.763519	73.935	-156.7004
334.167603	73.969	-156.9595
336.589142	74.002	-157.2193
339.028198	74.035	-157.4799
341.484924	74.068	-157.7412
343.959473	74.100	-158.0034
346.451935	74.133	-158.2662
348.962463	74.165	-158.5299
351.491211	74.198	-158.7944
354.038239	74.230	-159.0597
356.603760	74.262	-159.3258
359.187866	74.293	-159.5928
361.790680	74.325	-159.8607
364.412354	74.356	-160.1295
367.053040	74.387	-160.3993
369.712860	74.419	-160.6699
372.391968	74.449	-160.9416
375.090454	74.480	-161.2142
377.808533	74.511	-161.4878
380.546265	74.541	-161.7625
383.303864	74.571	-162.0383
386.081451	74.601	-162.3151
388.879150	74.631	-162.5931
391.697144	74.660	-162.8722
394.535522	74.689	-163.1524
397.394501	74.718	-163.4339
400.274170	74.746	-163.7165
403.174744	74.773	-164.0004
406.096313	74.801	-164.2855
409.039062	74.828	-164.5718
412.003113	74.854	-164.8595
414.988647	74.880	-165.1484
417.995850	74.906	-165.4386
421.024811	74.932	-165.7302
424.075714	74.957	-166.0231
427.148743	74.982	-166.3172
430.244049	75.007	-166.6127
433.361786	75.031	-166.9095
436.502106	75.056	-167.2076
439.665161	75.079	-167.5070
442.851166	75.103	-167.8076
446.060242	75.126	-168.1094
449.292572	75.149	-168.4125
452.548340	75.171	-168.7167
455.827698	75.193	-169.0220
459.130798	75.214	-169.3284
462.457855	75.235	-169.6357
465.809021	75.255	-169.9440
469.184448	75.275	-170.2530
472.584381	75.294	-170.5628
476.008911	75.313	-170.8733
479.458252	75.331	-171.1842
482.932617	75.348	-171.4955
486.432159	75.364	-171.8070
489.957031	75.380	-172.1186
493.507477	75.396	-172.4301
497.083618	75.410	-172.7414
500.685699	75.424	-173.0521
504.313873	75.437	-173.3622
507.968323	75.449	-173.6713
511.649292	75.460	-173.9792
515.356934	75.471	-174.2856
519.091370	75.481	-174.5904
522.852966	75.489	-174.8930
526.641724	75.497	-175.1933
530.458008	75.505	-175.4907
534.301941	75.511	-175.7851
538.173706	75.516	-176.0759
542.073547	75.520	-176.3628
546.001648	75.523	-176.6452
549.958191	75.526	-176.9229
553.943420	75.527	-177.1950
557.957520	75.527	-177.4614
562.000671	75.526	-177.7213
566.073181	75.524	-177.9741
570.175171	75.521	-178.2194
574.306885	75.518	-178.4564
578.468567	75.513	-178.6845
582.660400	75.507	-178.9030
586.882568	75.500	-179.1113
591.135376	75.493	-179.3087
595.419006	75.485	-179.4943
599.733643	75.476	-179.6674
604.079590	75.467	-179.8273
608.456970	75.457	-179.9733
612.866089	75.447	179.8956
617.307190	75.436	179.7800
621.780457	75.425	179.6808
626.286133	75.414	179.5988
630.824463	75.404	179.5345
635.395691	75.393	179.4890
640.000000	75.383	179.4627
644.637695	75.374	179.4564
649.309021	75.365	179.4706
654.014160	75.358	179.5059
658.753418	75.352	179.5628
663.527039	75.348	179.6416
668.335205	75.346	179.7425
673.178284	75.345	179.8657
678.056396	75.348	-179.9888
682.969849	75.353	-179.8213
687.918945	75.361	-179.6319
692.903870	75.372	-179.4213
697.924927	75.387	-179.1901
702.982422	75.406	-178.9393
708.076477	75.429	-178.6700
713.207520	75.456	-178.3836
718.375732	75.489	-178.0817
723.581360	75.526	-177.7660
728.824707	75.568	-177.4385
734.106079	75.616	-177.1016
739.425720	75.670	-176.7577
744.783936	75.730	-176.4093
750.180908	75.796	-176.0593
755.617065	75.868	-175.7105
761.092529	75.947	-175.3660
766.607727	76.031	-175.0287
772.162903	76.123	-174.7019
777.758301	76.220	-174.3886
783.394287	76.324	-174.0918
789.071045	76.434	-173.8144
794.789001	76.549	-173.5594
800.548340	76.671	-173.3294
806.349487	76.797	-173.1270
812.192627	76.929	-172.9544
818.078125	77.066	-172.8139
824.006226	77.207	-172.7073
829.977295	77.352	-172.6363
835.991699	77.501	-172.6024
842.049622	77.653	-172.6066
848.151428	77.808	-172.6499
854.297485	77.966	-172.7332
860.488098	78.125	-172.8568
866.723572	78.287	-173.0210
873.004211	78.450	-173.2260
879.330322	78.614	-173.4716
885.702332	78.779	-173.7575
892.120483	78.944	-174.0834
898.585144	79.110	-174.4487
905.096680	79.275	-174.8528
911.655396	79.440	-175.2948
918.261597	79.604	-175.7740
924.915710	79.767	-176.2892
931.618042	79.929	-176.8396
938.368896	80.089	-177.4241
945.168762	80.248	-178.0416
952.017822	80.405	-178.6910
958.916504	80.560	-179.3711
965.865234	80.713	179.9194
972.864319	80.864	179.1814
979.914062	81.013	178.4163
987.014954	81.159	177.6252
994.167236	81.302	176.8092
1001.371399	81.443	175.9695
1008.627747	81.581	175.1073
1015.936646	81.716	174.2236
1023.298584	81.849	173.3195
1030.713867	81.979	172.3961
1038.182739	82.106	171.4543
1045.705933	82.230	170.4952
1053.283447	82.351	169.5196
1060.916016	82.470	168.5285
1068.603882	82.585	167.5227
1076.347412	82.698	166.5030
1084.147095	82.808	165.4702
1092.003296	82.915	164.4250
1099.916382	83.019	163.3680
1107.886841	83.121	162.3000
1115.915039	83.220	161.2215
1124.001343	83.316	160.1331
1132.146362	83.409	159.0351
1140.350342	83.500	157.9281
1148.613770	83.588	156.8125
1156.937134	83.673	155.6886
1165.320801	83.756	154.5569
1173.765137	83.836	153.4175
1182.270752	83.914	152.2709
1190.838013	83.989	151.1172
1199.467285	84.061	149.9566
1208.159180	84.132	148.7895
1216.913940	84.200	147.6159
1225.732178	84.265	146.4362
1234.614380	84.328	145.2504
1243.560913	84.388	144.0590
1252.572266	84.447	142.8620
1261.648926	84.502	141.6598
1270.791382	84.556	140.4526
1280.000000	84.606	139.2408
1289.275391	84.655	138.0247
1298.618042	84.700	136.8047
1308.028320	84.743	135.5813
1317.506836	84.784	134.3550
1327.054077	84.822	133.1264
1336.670410	84.857	131.8960
1346.356567	84.890	130.6645
1356.112793	84.920	129.4327
1365.939697	84.947	128.2013
1375.837891	84.972	126.9710
1385.807739	84.994	125.7429
1395.849854	85.014	124.5176
1405.964844	85.031	123.2960
1416.152954	85.046	122.0791
1426.415039	85.059	120.8677
1436.751465	85.069	119.6625
1447.162720	85.078	118.4644
1457.649414	85.084	117.2740
1468.212158	85.089	116.0918
1478.851440	85.093	114.9183
1489.567871	85.095	113.7538
1500.361816	85.096	112.5983
1511.234131	85.096	111.4518
1522.185059	85.096	110.3141
1533.215454	85.095	109.1844
1544.325806	85.093	108.0622
1555.516602	85.092	106.9463
1566.788574	85.091	105.8354
1578.142090	85.090	104.7281
1589.578003	85.090	103.6227
1601.096680	85.090	102.5174
1612.698975	85.090	101.4100
1624.385254	85.091	100.2985
1636.156250	85.093	99.1808
1648.012451	85.095	98.0547
1659.954590	85.097	96.9184
1671.983398	85.098	95.7699
1684.099243	85.100	94.6078
1696.302856	85.100	93.4307
1708.594971	85.100	92.2378
1720.976196	85.098	91.0288
1733.447144	85.093	89.8037
1746.008423	85.086	88.5633
1758.660645	85.076	87.3087
1771.404663	85.062	86.0419
1784.240967	85.044	84.7654
1797.170288	85.022	83.4822
1810.193359	84.995	82.1961
1823.310791	84.963	80.9113
1836.523193	84.926	79.6327
1849.831421	84.885	78.3653
1863.236084	84.838	77.1147
1876.737793	84.786	75.8866
1890.337524	84.730	74.6866
1904.035645	84.671	73.5201
1917.833008	84.609	72.3923
1931.730469	84.545	71.3076
1945.728638	84.481	70.2691
1959.828125	84.417	69.2791
1974.029907	84.356	68.3377
1988.334473	84.298	67.4435
2002.742798	84.246	66.5924
2017.255493	84.201	65.7784
2031.873291	84.165	64.9927
2046.597168	84.138	64.2242
2061.427734	84.122	63.4599
2076.365479	84.117	62.6850
2091.411865	84.124	61.8839
2106.566895	84.141	61.0407
2121.832031	84.169	60.1398
2137.207764	84.205	59.1671
2152.694824	84.247	58.1106
2168.294189	84.294	56.9606
2184.006592	84.343	55.7105
2199.832764	84.391	54.3568
2215.773682	84.435	52.8994
2231.830078	84.473	51.3413
2248.002686	84.502	49.6886
2264.292725	84.519	47.9503
2280.700684	84.522	46.1386
2297.227539	84.509	44.2674
2313.874268	84.478	42.3536
2330.641602	84.427	40.4164
2347.530273	84.356	38.4764
2364.541504	84.264	36.5567
2381.676025	84.152	34.6821
2398.934570	84.019	32.8784
2416.318359	83.868	31.1725
2433.827881	83.700	29.5917
2451.464355	83.520	28.1618
2469.228760	83.330	26.9062
2487.121826	83.138	25.8435
2505.144531	82.950	24.9842
2523.297852	82.774	24.3284
2541.582764	82.617	23.8623
2560.000000	82.488	23.5562
2578.550781	82.395	23.3638
2597.236084	82.342	23.2247
2616.056641	82.333	23.0687
2635.013672	82.365	22.8226
2654.108154	82.435	22.4180
2673.340820	82.537	21.7974
2692.713135	82.662	20.9189
2712.225586	82.800	19.7582
2731.879395	82.941	18.3069
2751.675781	83.076	16.5714
2771.615479	83.197	14.5696
2791.699707	83.297	12.3277
2811.929688	83.370	9.8783
2832.305908	83.410	7.2584
2852.830078	83.413	4.5074
2873.502930	83.378	1.6681
2894.325439	83.301	-1.2156
2915.298828	83.182	-4.0972
2936.424316	83.020	-6.9283
2957.702881	82.816	-9.6582
2979.135742	82.573	-12.2343
3000.723633	82.293	-14.6024
3022.468262	81.982	-16.7095
3044.370117	81.647	-18.5052
3066.430908	81.300	-19.9482
3088.651611	80.951	-21.0120
3111.033203	80.618	-21.6938
3133.577148	80.315	-22.0233
3156.284180	80.059	-22.0670
3179.156006	79.862	-21.9277
3202.193359	79.730	-21.7333
3225.397949	79.665	-21.6188
3248.770508	79.657	-21.7056
3272.312500	79.696	-22.0850
3296.024902	79.764	-22.8093
3319.909180	79.845	-23.8936
3343.966797	79.924	-25.3212
3368.198486	79.988	-27.0530
3392.605713	80.028	-29.0353
3417.189941	80.036	-31.2069
3441.952393	80.008	-33.5036
3466.894287	79.943	-35.8616
3492.016846	79.842	-38.2202
3517.321289	79.706	-40.5237
3542.809326	79.540	-42.7234
3568.481934	79.350	-44.7804
3594.340576	79.144	-46.6677
3620.386719	78.929	-48.3729
3646.621582	78.715	-49.9000
3673.046387	78.508	-51.2694
3699.662842	78.316	-52.5164
3726.472168	78.144	-53.6862
3753.475586	77.993	-54.8280
3780.675049	77.862	-55.9872
3808.071289	77.748	-57.1991
3835.666016	77.648	-58.4850
3863.460938	77.556	-59.8510
3891.457275	77.468	-61.2897
3919.656250	77.383	-62.7855
3948.059814	77.301	-64.3202
3976.668945	77.223	-65.8801
4005.485596	77.153	-67.4630
4034.510986	77.096	-69.0819
4063.746582	77.057	-70.7681
4093.194336	77.036	-72.5674
4122.855469	77.034	-74.5341
4152.730957	77.047	-76.7203
4182.823730	77.064	-79.1654
4213.133789	77.077	-81.8862
4243.664062	77.073	-84.8716
4274.415527	77.040	-88.0798
4305.389648	76.968	-91.4393
4336.588379	76.852	-94.8521
4368.013184	76.693	-98.1994
4399.665527	76.499	-101.3527
4431.547363	76.289	-104.1913
4463.660156	76.094	-106.6323
4496.005371	75.958	-108.6702
4528.585449	75.926	-110.4172
4561.401367	76.036	-112.1152
4594.455078	76.304	-114.0944
4627.748535	76.711	-116.6860
4661.283203	77.217	-120.1313
4695.060547	77.773	-124.5387
4729.083008	78.334	-129.8924
4763.352051	78.865	-136.0900
4797.869141	79.343	-142.9813
4832.636719	79.756	-150.3976
4867.655762	80.101	-158.1671
4902.928711	80.382	-166.1255
4938.457520	80.608	-174.1235
4974.243652	80.797	177.9678
5010.289062	80.968	170.2477
5046.595703	81.146	162.7762
5083.165527	81.355	155.5666
5120.000000	81.615	148.5835
5157.101562	81.936	141.7513
5194.472168	82.318	134.9733
5232.113281	82.750	128.1563
5270.027344	83.214	121.2327
5308.216309	83.690	114.1721
5346.681641	84.162	106.9802
5385.426270	84.622	99.6882
5424.451172	85.065	92.3383
5463.758789	85.495	84.9651
5503.351562	85.917	77.5833
5543.230957	86.339	70.1775
5583.399414	86.765	62.7004
5623.859375	87.194	55.0822
5664.611816	87.616	47.2434
5705.660156	88.015	39.1133
5747.005859	88.372	30.6469
5788.650879	88.663	21.8336
5830.597656	88.866	12.7017
5872.848633	88.959	3.3163
5915.405762	88.924	-6.2195
5958.271484	88.741	-15.7666
6001.447266	88.397	-25.1418
6044.936523	87.879	-34.1066
6088.740234	87.179	-42.3427
6132.861816	86.297	-49.4211
6177.303223	85.249	-54.7710
6222.066406	84.080	-57.6980
6267.154297	82.886	-57.5969
6312.568359	81.815	-54.5408
6358.312012	81.029	-49.8885
6404.386719	80.607	-45.6778
6450.795898	80.488	-43.0615
6497.541016	80.550	-41.8624
6544.625000	80.714	-41.2700
6592.049805	80.981	-40.5357
6639.818359	81.405	-39.3884
6687.933594	82.028	-38.2057
6736.396973	82.827	-37.7896
6785.211426	83.721	-38.8389
6834.379883	84.609	-41.5957
6883.904785	85.415	-45.8929
6933.788574	86.092	-51.3684
6984.033691	86.618	-57.6287
7034.642578	86.989	-64.3205
7085.618652	87.214	-71.1512
7136.963867	87.306	-77.8878
7188.681152	87.285	-84.3516
7240.773438	87.176	-90.4156
7293.243164	87.002	-96.0008
7346.092773	86.789	-101.0757
7399.325684	86.560	-105.6524
7452.944336	86.337	-109.7806
7506.951172	86.132	-113.5364
7561.350098	85.956	-117.0087
7616.142578	85.809	-120.2822
7671.332031	85.689	-123.4212
7726.921875	85.590	-126.4581
7782.914551	85.508	-129.3909
7839.312500	85.442	-132.1938
7896.119629	85.397	-134.8401
7953.337891	85.388	-137.3287
8010.971191	85.426	-139.7061
8069.021973	85.524	-142.0686
8127.493164	85.685	-144.5448
8186.388672	85.908	-147.2668
8245.710938	86.183	-150.3508
8305.461914	86.496	-153.8931
8365.647461	86.829	-157.9758
8426.267578	87.159	-162.6650
8487.328125	87.457	-167.9937
8548.831055	87.688	-173.9348
8610.779297	87.818	179.6187
8673.176758	87.815	172.8633
8736.026367	87.660	166.0774
8799.331055	87.346	159.6011
8863.094727	86.889	153.7957
8927.320312	86.327	148.9729
8992.010742	85.722	145.2897
9057.170898	85.147	142.6500
9122.802734	84.660	140.7140
9188.910156	84.284	139.0698
9255.497070	84.006	137.4545
9322.566406	83.802	135.8230
9390.121094	83.665	134.2312
9458.166016	83.603	132.6591
9526.704102	83.621	130.9287
9595.738281	83.705	128.7825
9665.273438	83.816	126.0455
9735.311523	83.908	122.7299
9805.857422	83.946	119.0203
9876.915039	83.919	115.1879
9948.487305	83.839	111.4866
10020.578125	83.739	108.0588
10093.191406	83.656	104.8728
10166.331055	83.613	101.7292
10240.000000	83.606	98.3661
10314.203125	83.602	94.6135
10388.944336	83.559	90.4946
10464.226562	83.446	86.2119
10540.054688	83.258	82.0439
10616.432617	83.017	78.2083
10693.363281	82.759	74.7601
10770.852539	82.513	71.5901
10848.902344	82.286	68.5364
10927.517578	82.067	65.5225
11006.703125	81.845	62.5989
11086.461914	81.623	59.8684
11166.798828	81.416	57.3718
11247.718750	81.241	55.0402
11329.223633	81.107	52.7421
11411.320312	81.010	50.3694
11494.011719	80.944	47.8684
11577.301758	80.907	45.1967
11661.195312	80.895	42.2679
11745.697266	80.893	38.9556
11830.811523	80.871	35.1702
11916.542969	80.789	30.9528
12002.894531	80.609	26.5194
12089.873047	80.313	22.2230
12177.480469	79.911	18.4429
12265.723633	79.444	15.4332
12354.606445	78.960	13.2161
12444.132812	78.497	11.6305
12534.308594	78.071	10.5359
12625.136719	77.685	9.9531
12716.624023	77.358	9.9684
12808.773438	77.122	10.4871
12901.591797	76.997	11.1523
12995.082031	76.976	11.5654
13089.250000	77.028	11.5465
13184.099609	77.130	11.1396
13279.636719	77.272	10.4303
13375.867188	77.452	9.4119
13472.793945	77.660	8.0103
13570.422852	77.881	6.1843
13668.759766	78.098	3.9712
13767.809570	78.306	1.4390
13867.577148	78.501	-1.3844
13968.067383	78.677	-4.5089
14069.285156	78.821	-7.9167
14171.237305	78.923	-11.5156
14273.927734	78.983	-15.1810
14377.362305	79.009	-18.8314
14481.546875	79.009	-22.4359
14586.486328	78.988	-25.9524
14692.185547	78.957	-29.3120
14798.651367	78.934	-32.5049
14905.888672	78.940	-35.6666
15013.902344	78.972	-39.0178
15122.700195	79.010	-42.7057
15232.285156	79.029	-46.7305
15342.664062	79.010	-51.0032
15453.843750	78.944	-55.4153
15565.829102	78.822	-59.8378
15678.625000	78.646	-64.1111
15792.239258	78.431	-68.0979
15906.675781	78.197	-71.7632
16021.942383	77.963	-75.1702
16138.043945	77.733	-78.3805
16254.986328	77.509	-81.3972
16372.777344	77.301	-84.2271
16491.421875	77.115	-86.9456
16610.923828	76.953	-89.6481
16731.294922	76.808	-92.3813
16852.535156	76.678	-95.1653
16974.656250	76.558	-98.0287
17097.662109	76.442	-100.9767
17221.558594	76.327	-103.9751
17346.353516	76.218	-107.0250
17472.052734	76.115	-110.2158
17598.662109	76.008	-113.6436
17726.189453	75.877	-117.2942
17854.640625	75.705	-121.0389
17984.021484	75.492	-124.7195
18114.341797	75.243	-128.1967
18245.605469	74.969	-131.3392
18377.820312	74.689	-134.0341
18510.994141	74.432	-136.2528
18645.132812	74.228	-138.1266
18780.242188	74.091	-139.9388
18916.332031	74.012	-141.9939
19053.408203	73.960	-144.4355
19191.476562	73.907	-147.1906
19330.546875	73.838	-150.0889
19470.623047	73.761	-153.0387
19611.714844	73.687	-156.1068
19753.830078	73.624	-159.4767
19896.974609	73.576	-163.3842
