* Measurement data measured by REW V5.30.8
* Source: U18dB [plughw:2,0], no input selected, R, volume: no control
* Format: 512k Log Swept Sine, 1 sweep at 0.0 dBFS with no timing reference
* Dated: 13:00:19 10/02/2024
* REW Settings:
*  C-weighting compensation: Off
*  Target level: 75.0 dB
* Note: 
* Measurement: Both Far Field
* Smoothing: 1/24 octave
* Frequency Step: 1/96 octave
* Start Frequency: 302.040 Hz
*
* Freq(Hz)	SPL(dB)	Phase(degrees)
302.039795	75.566	32.1688
304.228485	75.554	32.1430
306.433044	75.538	32.1208
308.653595	75.519	32.1064
310.890228	75.499	32.1016
313.143066	75.478	32.1074
315.412231	75.455	32.1243
317.697845	75.431	32.1528
320.000000	75.407	32.1934
322.318848	75.382	32.2467
324.654510	75.356	32.3130
327.007080	75.329	32.3929
329.376709	75.301	32.4870
331.763519	75.273	32.5958
334.167603	75.244	32.7198
336.589142	75.215	32.8595
339.028198	75.185	33.0156
341.484924	75.155	33.1885
343.959473	75.124	33.3789
346.451935	75.093	33.5873
348.962463	75.062	33.8143
351.491211	75.031	34.0603
354.038239	75.000	34.3261
356.603760	74.969	34.6121
359.187866	74.938	34.9187
361.790680	74.908	35.2466
364.412354	74.878	35.5962
367.053040	74.849	35.9680
369.712860	74.820	36.3622
372.391968	74.793	36.7794
375.090454	74.767	37.2198
377.808533	74.742	37.6836
380.546265	74.719	38.1711
383.303864	74.698	38.6823
386.081451	74.678	39.2173
388.879150	74.661	39.7760
391.697144	74.645	40.3584
394.535522	74.633	40.9640
397.394501	74.622	41.5926
400.274170	74.615	42.2437
403.174744	74.611	42.9166
406.096313	74.610	43.6106
409.039062	74.613	44.3249
412.003113	74.619	45.0584
414.988647	74.630	45.8100
417.995850	74.645	46.5785
421.024811	74.665	47.3623
424.075714	74.690	48.1599
427.148743	74.720	48.9697
430.244049	74.755	49.7900
433.361786	74.795	50.6188
436.502106	74.841	51.4541
439.665161	74.892	52.2940
442.851166	74.949	53.1364
446.060242	75.012	53.9791
449.292572	75.080	54.8200
452.548340	75.154	55.6570
455.827698	75.233	56.4878
459.130798	75.317	57.3106
462.457855	75.407	58.1231
465.809021	75.502	58.9234
469.184448	75.603	59.7097
472.584381	75.708	60.4803
476.008911	75.818	61.2334
479.458252	75.932	61.9674
482.932617	76.051	62.6812
486.432159	76.173	63.3732
489.957031	76.300	64.0424
493.507477	76.430	64.6879
497.083618	76.564	65.3087
500.685699	76.701	65.9042
504.313873	76.840	66.4738
507.968323	76.982	67.0170
511.649292	77.127	67.5335
515.356934	77.274	68.0231
519.091370	77.423	68.4858
522.852966	77.573	68.9214
526.641724	77.725	69.3302
530.458008	77.878	69.7124
534.301941	78.033	70.0681
538.173706	78.188	70.3977
542.073547	78.344	70.7017
546.001648	78.500	70.9805
549.958191	78.656	71.2346
553.943420	78.813	71.4645
557.957520	78.970	71.6709
562.000671	79.126	71.8543
566.073181	79.282	72.0154
570.175171	79.438	72.1549
574.306885	79.593	72.2734
578.468567	79.747	72.3717
582.660400	79.901	72.4504
586.882568	80.054	72.5103
591.135376	80.207	72.5520
595.419006	80.358	72.5763
599.733643	80.509	72.5838
604.079590	80.658	72.5754
608.456970	80.807	72.5516
612.866089	80.954	72.5131
617.307190	81.100	72.4607
621.780457	81.246	72.3950
626.286133	81.390	72.3167
630.824463	81.533	72.2264
635.395691	81.675	72.1247
640.000000	81.815	72.0122
644.637695	81.955	71.8895
649.309021	82.094	71.7572
654.014160	82.231	71.6159
658.753418	82.368	71.4661
663.527039	82.504	71.3082
668.335205	82.639	71.1429
673.178284	82.773	70.9704
678.056396	82.907	70.7914
682.969849	83.039	70.6061
687.918945	83.171	70.4151
692.903870	83.301	70.2186
697.924927	83.431	70.0169
702.982422	83.560	69.8104
708.076477	83.688	69.5993
713.207520	83.815	69.3838
718.375732	83.942	69.1642
723.581360	84.068	68.9406
728.824707	84.193	68.7131
734.106079	84.317	68.4817
739.425720	84.442	68.2465
744.783936	84.565	68.0075
750.180908	84.689	67.7646
755.617065	84.812	67.5177
761.092529	84.935	67.2667
766.607727	85.058	67.0113
772.162903	85.180	66.7513
777.758301	85.303	66.4864
783.394287	85.426	66.2162
789.071045	85.549	65.9404
794.789001	85.672	65.6585
800.548340	85.795	65.3700
806.349487	85.919	65.0743
812.192627	86.042	64.7709
818.078125	86.166	64.4591
824.006226	86.291	64.1383
829.977295	86.416	63.8077
835.991699	86.541	63.4667
842.049622	86.666	63.1143
848.151428	86.791	62.7499
854.297485	86.917	62.3726
860.488098	87.043	61.9815
866.723572	87.169	61.5759
873.004211	87.296	61.1548
879.330322	87.422	60.7174
885.702332	87.548	60.2628
892.120483	87.674	59.7902
898.585144	87.800	59.2987
905.096680	87.925	58.7876
911.655396	88.050	58.2559
918.261597	88.174	57.7031
924.915710	88.297	57.1283
931.618042	88.420	56.5309
938.368896	88.541	55.9102
945.168762	88.660	55.2657
952.017822	88.779	54.5968
958.916504	88.895	53.9031
965.865234	89.009	53.1842
972.864319	89.121	52.4397
979.914062	89.230	51.6694
987.014954	89.336	50.8732
994.167236	89.439	50.0508
1001.371399	89.538	49.2024
1008.627747	89.634	48.3278
1015.936646	89.726	47.4274
1023.298584	89.813	46.5014
1030.713867	89.896	45.5501
1038.182739	89.974	44.5739
1045.705933	90.047	43.5734
1053.283447	90.114	42.5493
1060.916016	90.175	41.5024
1068.603882	90.229	40.4336
1076.347412	90.277	39.3439
1084.147095	90.318	38.2345
1092.003296	90.351	37.1067
1099.916382	90.376	35.9622
1107.886841	90.393	34.8025
1115.915039	90.401	33.6297
1124.001343	90.399	32.4458
1132.146362	90.388	31.2531
1140.350342	90.367	30.0545
1148.613770	90.335	28.8527
1156.937134	90.291	27.6511
1165.320801	90.236	26.4535
1173.765137	90.168	25.2640
1182.270752	90.088	24.0873
1190.838013	89.994	22.9286
1199.467285	89.886	21.7938
1208.159180	89.764	20.6897
1216.913940	89.627	19.6238
1225.732178	89.474	18.6049
1234.614380	89.304	17.6426
1243.560913	89.118	16.7482
1252.572266	88.915	15.9346
1261.648926	88.694	15.2163
1270.791382	88.456	14.6099
1280.000000	88.200	14.1346
1289.275391	87.927	13.8119
1298.618042	87.638	13.6662
1308.028320	87.334	13.7247
1317.506836	87.017	14.0174
1327.054077	86.691	14.5763
1336.670410	86.361	15.4345
1346.356567	86.031	16.6240
1356.112793	85.712	18.1723
1365.939697	85.413	20.0980
1375.837891	85.146	22.4043
1385.807739	84.924	25.0724
1395.849854	84.761	28.0557
1405.964844	84.669	31.2771
1416.152954	84.658	34.6317
1426.415039	84.729	37.9972
1436.751465	84.883	41.2481
1447.162720	85.110	44.2714
1457.649414	85.401	46.9785
1468.212158	85.740	49.3116
1478.851440	86.115	51.2418
1489.567871	86.512	52.7655
1500.361816	86.920	53.8970
1511.234131	87.330	54.6621
1522.185059	87.734	55.0929
1533.215454	88.127	55.2239
1544.325806	88.505	55.0895
1555.516602	88.864	54.7226
1566.788574	89.204	54.1535
1578.142090	89.522	53.4100
1589.578003	89.819	52.5174
1601.096680	90.092	51.4983
1612.698975	90.344	50.3730
1624.385254	90.573	49.1598
1636.156250	90.780	47.8754
1648.012451	90.966	46.5347
1659.954590	91.131	45.1513
1671.983398	91.276	43.7375
1684.099243	91.401	42.3046
1696.302856	91.507	40.8628
1708.594971	91.595	39.4216
1720.976196	91.667	37.9894
1733.447144	91.722	36.5737
1746.008423	91.763	35.1813
1758.660645	91.789	33.8181
1771.404663	91.802	32.4891
1784.240967	91.804	31.1983
1797.170288	91.794	29.9491
1810.193359	91.775	28.7436
1823.310791	91.748	27.5834
1836.523193	91.712	26.4692
1849.831421	91.670	25.4008
1863.236084	91.622	24.3778
1876.737793	91.569	23.3992
1890.337524	91.510	22.4637
1904.035645	91.448	21.5705
1917.833008	91.381	20.7187
1931.730469	91.311	19.9081
1945.728638	91.237	19.1394
1959.828125	91.159	18.4142
1974.029907	91.078	17.7351
1988.334473	90.994	17.1057
2002.742798	90.908	16.5306
2017.255493	90.819	16.0150
2031.873291	90.730	15.5643
2046.597168	90.642	15.1834
2061.427734	90.556	14.8762
2076.365479	90.474	14.6443
2091.411865	90.400	14.4861
2106.566895	90.336	14.3959
2121.832031	90.284	14.3630
2137.207764	90.249	14.3712
2152.694824	90.231	14.3985
2168.294189	90.233	14.4183
2184.006592	90.255	14.3999
2199.832764	90.296	14.3109
2215.773682	90.355	14.1194
2231.830078	90.429	13.7958
2248.002686	90.513	13.3155
2264.292725	90.603	12.6599
2280.700684	90.693	11.8176
2297.227539	90.777	10.7849
2313.874268	90.850	9.5652
2330.641602	90.907	8.1689
2347.530273	90.941	6.6127
2364.541504	90.948	4.9188
2381.676025	90.925	3.1146
2398.934570	90.867	1.2324
2416.318359	90.771	-0.6910
2433.827881	90.635	-2.6142
2451.464355	90.458	-4.4906
2469.228760	90.240	-6.2692
2487.121826	89.980	-7.8939
2505.144531	89.683	-9.3049
2523.297852	89.354	-10.4402
2541.582764	89.000	-11.2398
2560.000000	88.633	-11.6522
2578.550781	88.268	-11.6445
2597.236084	87.923	-11.2152
2616.056641	87.619	-10.4078
2635.013672	87.373	-9.3189
2654.108154	87.198	-8.0949
2673.340820	87.099	-6.9137
2692.713135	87.068	-5.9535
2712.225586	87.092	-5.3627
2731.879395	87.146	-5.2382
2751.675781	87.206	-5.6202
2771.615479	87.248	-6.4986
2791.699707	87.251	-7.8248
2811.929688	87.196	-9.5228
2832.305908	87.067	-11.4974
2852.830078	86.852	-13.6374
2873.502930	86.538	-15.8138
2894.325439	86.117	-17.8744
2915.298828	85.583	-19.6329
2936.424316	84.932	-20.8538
2957.702881	84.170	-21.2328
2979.135742	83.319	-20.3848
3000.723633	82.430	-17.8651
3022.468262	81.599	-13.2987
3044.370117	80.970	-6.7049
3066.430908	80.690	1.1053
3088.651611	80.815	8.6256
3111.033203	81.261	14.4902
3133.577148	81.871	18.1435
3156.284180	82.503	19.7251
3179.156006	83.063	19.6588
3202.193359	83.499	18.3909
3225.397949	83.786	16.3027
3248.770508	83.910	13.7075
3272.312500	83.865	10.8721
3296.024902	83.644	8.0463
3319.909180	83.242	5.4937
3343.966797	82.656	3.5301
3368.198486	81.888	2.5754
3392.605713	80.957	3.2238
3417.189941	79.921	6.3102
3441.952393	78.928	12.8265
3466.894287	78.244	23.2434
3492.016846	78.164	36.0619
3517.321289	78.750	47.8539
3542.809326	79.767	56.2054
3568.481934	80.928	60.9998
3594.340576	82.055	63.1285
3620.386719	83.072	63.4748
3646.621582	83.961	62.6683
3673.046387	84.724	61.1185
3699.662842	85.371	59.0849
3726.472168	85.915	56.7318
3753.475586	86.365	54.1653
3780.675049	86.728	51.4578
3808.071289	87.009	48.6671
3835.666016	87.208	45.8492
3863.460938	87.327	43.0696
3891.457275	87.363	40.4115
3919.656250	87.319	37.9817
3948.059814	87.199	35.9138
3976.668945	87.012	34.3659
4005.485596	86.781	33.5075
4034.510986	86.540	33.4871
4063.746582	86.340	34.3720
4093.194336	86.239	36.0677
4122.855469	86.292	38.2606
4152.730957	86.520	40.4549
4182.823730	86.906	42.1265
4213.133789	87.396	42.8980
4243.664062	87.924	42.6189
4274.415527	88.433	41.3335
4305.389648	88.876	39.2036
4336.588379	89.224	36.4421
4368.013184	89.460	33.2758
4399.665527	89.576	29.9296
4431.547363	89.569	26.6252
4463.660156	89.445	23.5830
4496.005371	89.218	21.0229
4528.585449	88.911	19.1559
4561.401367	88.561	18.1600
4594.455078	88.219	18.1294
4627.748535	87.943	19.0054
4661.283203	87.792	20.5224
4695.060547	87.795	22.2320
4729.083008	87.947	23.6322
4763.352051	88.205	24.3314
4797.869141	88.510	24.1407
4832.636719	88.803	23.0614
4867.655762	89.039	21.2220
4902.928711	89.183	18.8180
4938.457520	89.213	16.0779
4974.243652	89.114	13.2544
5010.289062	88.881	10.6320
5046.595703	88.519	8.5406
5083.165527	88.050	7.3643
5120.000000	87.526	7.5121
5157.101562	87.043	9.2921
5194.472168	86.736	12.6393
5232.113281	86.735	16.8265
5270.027344	87.077	20.5899
5308.216309	87.674	22.7954
5346.681641	88.375	22.9683
5385.426270	89.046	21.2372
5424.451172	89.595	18.0205
5463.758789	89.972	13.8066
5503.351562	90.154	9.0743
5543.230957	90.132	4.2890
5583.399414	89.916	-0.0761
5623.859375	89.538	-3.5289
5664.611816	89.062	-5.5998
5705.660156	88.600	-5.9959
5747.005859	88.295	-4.8849
5788.650879	88.261	-3.0932
5830.597656	88.503	-1.8112
5872.848633	88.911	-1.9144
5915.405762	89.335	-3.6037
5958.271484	89.657	-6.5615
6001.447266	89.809	-10.2415
6044.936523	89.765	-14.0461
6088.740234	89.536	-17.4014
6132.861816	89.166	-19.8133
6177.303223	88.731	-20.9664
6222.066406	88.324	-20.8695
6267.154297	88.025	-19.9351
6312.568359	87.853	-18.8112
6358.312012	87.763	-18.0086
6404.386719	87.682	-17.6408
6450.795898	87.552	-17.4623
6497.541016	87.358	-17.0933
6544.625000	87.128	-16.2744
6592.049805	86.904	-15.0462
6639.818359	86.702	-13.7306
6687.933594	86.491	-12.6602
6736.396973	86.198	-11.8240
6785.211426	85.755	-10.6640
6834.379883	85.159	-8.0677
6883.904785	84.537	-2.6346
6933.788574	84.179	6.2340
6984.033691	84.369	16.5076
7034.642578	85.062	24.4718
7085.618652	85.932	28.4780
7136.963867	86.689	29.3156
7188.681152	87.200	28.4353
7240.773438	87.448	27.0787
7293.243164	87.488	26.1180
7346.092773	87.408	26.0240
7399.325684	87.308	26.8288
7452.944336	87.261	28.1822
7506.951172	87.294	29.5801
7561.350098	87.387	30.6285
7616.142578	87.507	31.1383
7671.332031	87.619	31.0555
7726.921875	87.693	30.3866
7782.914551	87.695	29.2077
7839.312500	87.593	27.7247
7896.119629	87.373	26.2985
7953.337891	87.053	25.3769
8010.971191	86.697	25.3072
8069.021973	86.400	26.0714
8127.493164	86.240	27.1575
8186.388672	86.216	27.8393
8245.710938	86.253	27.7000
8305.461914	86.263	26.8759
8365.647461	86.204	25.8750
8426.267578	86.101	25.2182
8487.328125	86.029	25.1023
8548.831055	86.054	25.2454
8610.779297	86.182	25.0875
8673.176758	86.350	24.2314
8736.026367	86.473	22.7122
8799.331055	86.496	20.9276
8863.094727	86.413	19.3974
8927.320312	86.270	18.5095
8992.010742	86.133	18.3232
9057.170898	86.050	18.5375
9122.802734	86.017	18.7288
9188.910156	85.983	18.7117
9255.497070	85.904	18.7068
9322.566406	85.788	19.1395
9390.121094	85.705	20.2883
9458.166016	85.743	21.8292
9526.704102	85.920	22.9322
9595.738281	86.156	22.9057
9665.273438	86.326	21.7322
9735.311523	86.353	19.9849
9805.857422	86.236	18.4034
9876.915039	86.046	17.4674
9948.487305	85.873	17.1395
10020.578125	85.766	16.9764
10093.191406	85.702	16.5733
10166.331055	85.635	15.8804
10240.000000	85.535	15.1107
10314.203125	85.403	14.4904
10388.944336	85.251	14.1819
10464.226562	85.100	14.3873
10540.054688	85.003	15.3311
10616.432617	85.050	16.9050
10693.363281	85.295	18.3414
10770.852539	85.674	18.6288
10848.902344	86.025	17.3899
10927.517578	86.208	15.1572
11006.703125	86.178	12.9767
11086.461914	86.009	11.8509
11166.798828	85.863	12.1555
11247.718750	85.893	13.2235
11329.223633	86.107	13.7537
11411.320312	86.370	12.9193
11494.011719	86.522	10.9035
11577.301758	86.483	8.5600
11661.195312	86.283	6.8326
11745.697266	86.038	6.2028
11830.811523	85.870	6.3449
11916.542969	85.802	6.4692
12002.894531	85.759	6.1973
12089.873047	85.675	5.8929
12177.480469	85.575	6.1305
12265.723633	85.548	6.9828
12354.606445	85.643	7.8934
12444.132812	85.826	8.2644
12534.308594	86.021	7.9451
12625.136719	86.172	7.1209
12716.624023	86.252	6.0538
12808.773438	86.255	5.0308
12901.591797	86.203	4.3334
12995.082031	86.140	4.0267
13089.250000	86.092	3.8415
13184.099609	86.025	3.5423
13279.636719	85.894	3.4194
13375.867188	85.737	4.1031
13472.793945	85.675	5.6723
13570.422852	85.780	7.1922
13668.759766	85.971	7.7156
13767.809570	86.119	7.3536
13867.577148	86.192	6.8616
13968.067383	86.259	6.6028
14069.285156	86.367	6.1961
14171.237305	86.469	5.1536
14273.927734	86.474	3.5941
14377.362305	86.342	2.1997
14481.546875	86.135	1.6108
14586.486328	85.957	1.8116
14692.185547	85.851	2.1960
14798.651367	85.768	2.4586
14905.888672	85.683	3.0253
15013.902344	85.680	4.2264
15122.700195	85.846	5.3792
15232.285156	86.126	5.3857
15342.664062	86.367	4.0185
15453.843750	86.469	1.9518
15565.829102	86.443	-0.0328
15678.625000	86.356	-1.5925
15792.239258	86.265	-2.8548
15906.675781	86.171	-4.0155
16021.942383	86.062	-4.9336
16138.043945	85.985	-5.3416
16254.986328	86.019	-5.5209
16372.777344	86.161	-6.2753
16491.421875	86.307	-7.9561
16610.923828	86.388	-10.1464
16731.294922	86.427	-12.4559
16852.535156	86.454	-15.0616
16974.656250	86.417	-18.2097
17097.662109	86.242	-21.5821
17221.558594	85.923	-24.5042
17346.353516	85.533	-26.5958
17472.052734	85.146	-27.9904
17598.662109	84.782	-28.9144
17726.189453	84.448	-29.3753
17854.640625	84.173	-29.4214
17984.021484	83.979	-29.3672
18114.341797	83.848	-29.5376
18245.605469	83.746	-30.0600
18377.820312	83.637	-30.9847
18510.994141	83.472	-32.2720
18645.132812	83.206	-33.5515
18780.242188	82.850	-34.2101
18916.332031	82.488	-33.9408
19053.408203	82.204	-33.0594
19191.476562	82.013	-32.0731
19330.546875	81.890	-31.1954
19470.623047	81.817	-30.4882
19611.714844	81.784	-30.0904
19753.830078	81.770	-30.1027
19896.974609	81.761	-30.4477
20041.156250	81.755	-30.8344
