* Measurement data measured by REW V5.30.8
* Source: Trace Arithmetic result Merge B to A
* Format: Trace Arithmetic result Merge B to A
* Dated: Feb 10, 2024 1:55:06 PM
* REW Settings:
*  C-weighting compensation: Off
*  Target level: 75.0 dB
* Note: Trace Arithmetic B to A at 350 Hz A = Woofer Far Field B = Near Field Combined B was scaled by -152.0 dB and shifted by 1.372 ms to align a 172.9 degree phase difference
* Measurement: Woofer Combined
* Smoothing: 1/24 octave
* Frequency Step: 1/96 octave
* Start Frequency: 20.586 Hz
*
* Freq(Hz)	SPL(dB)	Phase(degrees)
20.586044	57.080	-165.5913
20.735220	57.321	-166.4091
20.885475	57.635	-167.3969
21.036821	57.971	-168.4526
21.189262	58.314	-169.5369
21.342808	58.654	-170.6372
21.497467	58.989	-171.7497
21.653246	59.318	-172.8726
21.810154	59.641	-174.0050
21.968201	59.958	-175.1461
22.127390	60.270	-176.2952
22.287735	60.576	-177.4515
22.449242	60.877	-178.6143
22.611917	61.173	-179.7831
22.775772	61.464	179.0428
22.940815	61.750	177.8640
23.107054	62.031	176.6811
23.274498	62.308	175.4945
23.443153	62.580	174.3050
23.613033	62.848	173.1129
23.784142	63.112	171.9188
23.956491	63.371	170.7231
24.130091	63.627	169.5263
24.304947	63.878	168.3290
24.481071	64.126	167.1314
24.658470	64.370	165.9341
24.837156	64.611	164.7373
25.017136	64.848	163.5416
25.198421	65.082	162.3472
25.381020	65.313	161.1544
25.564941	65.541	159.9636
25.750195	65.766	158.7751
25.936790	65.988	157.5891
26.124741	66.207	156.4058
26.314051	66.423	155.2255
26.504732	66.637	154.0482
26.696796	66.849	152.8742
26.890253	67.059	151.7034
27.085112	67.266	150.5360
27.281382	67.471	149.3719
27.479073	67.675	148.2112
27.678198	67.877	147.0537
27.878765	68.077	145.8994
28.080786	68.275	144.7479
28.284271	68.472	143.5992
28.489231	68.668	142.4529
28.695675	68.862	141.3088
28.903616	69.056	140.1664
29.113064	69.248	139.0255
29.324028	69.440	137.8853
29.536524	69.630	136.7456
29.750557	69.820	135.6057
29.966141	70.009	134.4651
30.183289	70.197	133.3231
30.402010	70.385	132.1791
30.622314	70.572	131.0324
30.844217	70.759	129.8822
31.067726	70.945	128.7280
31.292856	71.131	127.5688
31.519617	71.316	126.4040
31.748020	71.500	125.2328
31.978081	71.684	124.0546
32.209808	71.868	122.8685
32.443211	72.050	121.6740
32.678310	72.232	120.4702
32.915108	72.413	119.2565
33.153625	72.594	118.0325
33.393871	72.773	116.7974
33.635857	72.952	115.5509
33.879597	73.129	114.2926
34.125103	73.305	113.0219
34.372387	73.479	111.7387
34.621464	73.652	110.4427
34.872345	73.823	109.1337
35.125042	73.993	107.8118
35.379574	74.160	106.4768
35.635948	74.325	105.1289
35.894180	74.488	103.7683
36.154285	74.649	102.3953
36.416275	74.807	101.0101
36.680161	74.962	99.6134
36.945961	75.115	98.2055
37.213688	75.265	96.7871
37.483353	75.411	95.3589
37.754974	75.554	93.9216
38.028561	75.694	92.4761
38.304131	75.831	91.0234
38.581699	75.963	89.5644
38.861279	76.093	88.1002
39.142883	76.218	86.6319
39.426529	76.340	85.1607
39.712231	76.458	83.6878
40.000000	76.572	82.2145
40.289856	76.683	80.7422
40.581814	76.789	79.2720
40.875885	76.891	77.8054
41.172089	76.990	76.3438
41.470440	77.085	74.8883
41.770950	77.176	73.4406
42.073643	77.264	72.0020
42.378525	77.348	70.5735
42.685616	77.429	69.1566
42.994934	77.506	67.7522
43.306492	77.581	66.3616
43.620308	77.652	64.9858
43.936401	77.721	63.6256
44.254780	77.787	62.2819
44.575470	77.851	60.9550
44.898483	77.913	59.6457
45.223835	77.973	58.3541
45.551544	78.031	57.0804
45.881630	78.088	55.8244
46.214108	78.144	54.5861
46.548996	78.199	53.3648
46.886307	78.253	52.1600
47.226067	78.307	50.9708
47.568283	78.361	49.7963
47.912983	78.414	48.6354
48.260181	78.468	47.4867
48.609894	78.521	46.3490
48.962143	78.575	45.2207
49.316940	78.629	44.1005
49.674313	78.683	42.9869
50.034271	78.737	41.8785
50.396843	78.791	40.7739
50.762039	78.846	39.6719
51.129883	78.899	38.5715
51.500389	78.953	37.4717
51.873581	79.006	36.3719
52.249481	79.058	35.2718
52.628101	79.109	34.1710
53.009464	79.159	33.0698
53.393593	79.207	31.9685
53.780506	79.254	30.8678
54.170223	79.299	29.7686
54.562763	79.341	28.6721
54.958145	79.381	27.5798
55.356396	79.419	26.4933
55.757530	79.455	25.4144
56.161572	79.488	24.3450
56.568542	79.518	23.2872
56.978462	79.546	22.2432
57.391350	79.572	21.2147
57.807232	79.595	20.2040
58.226128	79.617	19.2127
58.648056	79.637	18.2426
59.073048	79.656	17.2949
59.501114	79.674	16.3707
59.932281	79.691	15.4707
60.366577	79.708	14.5951
60.804020	79.726	13.7434
61.244629	79.744	12.9150
61.688435	79.764	12.1086
62.135452	79.785	11.3223
62.585712	79.809	10.5537
63.039234	79.834	9.8002
63.496040	79.862	9.0586
63.956161	79.893	8.3254
64.419617	79.926	7.5972
64.886421	79.962	6.8702
65.356621	80.000	6.1410
65.830215	80.040	5.4062
66.307251	80.082	4.6628
66.787743	80.125	3.9084
67.271713	80.169	3.1409
67.759193	80.213	2.3593
68.250206	80.256	1.5629
68.744774	80.298	0.7520
69.242928	80.339	-0.0725
69.744690	80.377	-0.9085
70.250084	80.412	-1.7537
70.759148	80.444	-2.6046
71.271896	80.472	-3.4574
71.788361	80.496	-4.3079
72.308571	80.516	-5.1511
72.832550	80.531	-5.9822
73.360321	80.543	-6.7960
73.891922	80.550	-7.5876
74.427376	80.554	-8.3524
74.966705	80.556	-9.0860
75.509949	80.555	-9.7852
76.057121	80.553	-10.4473
76.608261	80.550	-11.0709
77.163399	80.548	-11.6558
77.722557	80.548	-12.2028
78.285767	80.550	-12.7144
78.853058	80.555	-13.1943
79.424461	80.564	-13.6473
80.000000	80.577	-14.0791
80.579712	80.596	-14.4962
81.163628	80.619	-14.9053
81.751770	80.646	-15.3131
82.344177	80.679	-15.7260
82.940880	80.715	-16.1494
83.541901	80.754	-16.5880
84.147285	80.796	-17.0448
84.757050	80.839	-17.5219
85.371231	80.882	-18.0197
85.989868	80.926	-18.5376
86.612984	80.968	-19.0736
87.240616	81.008	-19.6249
87.872803	81.047	-20.1882
88.509560	81.082	-20.7593
89.150940	81.115	-21.3344
89.796967	81.145	-21.9092
90.447670	81.172	-22.4802
91.103088	81.196	-23.0440
91.763260	81.218	-23.5978
92.428215	81.238	-24.1393
93.097992	81.255	-24.6666
93.772614	81.271	-25.1785
94.452133	81.286	-25.6740
95.136566	81.299	-26.1525
95.825966	81.312	-26.6134
96.520363	81.324	-27.0564
97.219788	81.336	-27.4814
97.924286	81.347	-27.8884
98.633881	81.359	-28.2775
99.348625	81.372	-28.6492
100.068542	81.385	-29.0042
100.793686	81.399	-29.3438
101.524078	81.414	-29.6694
102.259766	81.431	-29.9830
103.000778	81.449	-30.2866
103.747162	81.469	-30.5821
104.498962	81.490	-30.8715
105.256203	81.513	-31.1562
106.018929	81.537	-31.4376
106.787186	81.562	-31.7160
107.561012	81.587	-31.9918
108.340446	81.614	-32.2649
109.125526	81.641	-32.5352
109.916290	81.669	-32.8029
110.712791	81.698	-33.0685
111.515060	81.729	-33.3332
112.323143	81.760	-33.5988
113.137085	81.792	-33.8676
113.956924	81.825	-34.1418
114.782700	81.859	-34.4238
115.614464	81.893	-34.7149
116.452255	81.927	-35.0155
117.296112	81.959	-35.3249
118.146095	81.991	-35.6411
119.002228	82.021	-35.9615
119.864563	82.050	-36.2832
120.733154	82.077	-36.6040
121.608040	82.103	-36.9233
122.489258	82.130	-37.2424
123.376869	82.155	-37.5647
124.270905	82.181	-37.8954
125.171425	82.206	-38.2408
126.078468	82.229	-38.6062
126.992081	82.249	-38.9949
127.912323	82.264	-39.4060
128.839233	82.272	-39.8335
129.772842	82.271	-40.2656
130.713242	82.261	-40.6853
131.660431	82.241	-41.0718
132.614502	82.212	-41.4034
133.575485	82.176	-41.6604
134.543427	82.137	-41.8289
135.518387	82.099	-41.9041
136.500412	82.066	-41.8923
137.489548	82.042	-41.8114
138.485855	82.029	-41.6885
139.489380	82.029	-41.5550
140.500168	82.039	-41.4412
141.518295	82.057	-41.3700
142.543793	82.079	-41.3531
143.576721	82.100	-41.3889
144.617142	82.119	-41.4648
145.665100	82.131	-41.5601
146.720642	82.138	-41.6523
147.783844	82.142	-41.7230
148.854752	82.143	-41.7620
149.933411	82.146	-41.7712
151.019897	82.153	-41.7635
152.114243	82.164	-41.7601
153.216522	82.179	-41.7837
154.326797	82.195	-41.8525
155.445114	82.208	-41.9746
156.571533	82.215	-42.1444
157.706116	82.211	-42.3432
158.848923	82.195	-42.5422
160.000000	82.166	-42.7083
161.159424	82.127	-42.8092
162.327255	82.080	-42.8204
163.503540	82.030	-42.7288
164.688354	81.984	-42.5350
165.881760	81.945	-42.2529
167.083801	81.916	-41.9070
168.294571	81.901	-41.5282
169.514099	81.899	-41.1492
170.742462	81.908	-40.8003
171.979736	81.926	-40.5064
173.225967	81.949	-40.2842
174.481232	81.972	-40.1400
175.745605	81.990	-40.0679
177.019119	81.999	-40.0490
178.301880	81.995	-40.0516
179.593933	81.979	-40.0356
180.895340	81.950	-39.9582
182.206177	81.915	-39.7838
183.526520	81.881	-39.4940
184.856430	81.854	-39.0961
186.195984	81.843	-38.6252
187.545227	81.850	-38.1386
188.904266	81.875	-37.7007
190.273132	81.913	-37.3657
191.651932	81.955	-37.1624
193.040726	81.992	-37.0886
194.439575	82.017	-37.1141
195.848572	82.026	-37.1917
197.267761	82.018	-37.2712
198.697250	81.996	-37.3119
200.137085	81.963	-37.2897
201.587372	81.924	-37.1991
203.048157	81.883	-37.0468
204.519531	81.840	-36.8441
206.001556	81.796	-36.5986
207.494324	81.752	-36.3109
208.997925	81.709	-35.9758
210.512405	81.667	-35.5890
212.037857	81.629	-35.1528
213.574371	81.598	-34.6799
215.122025	81.574	-34.1923
216.680893	81.558	-33.7159
218.251053	81.546	-33.2736
219.832581	81.537	-32.8797
221.425583	81.524	-32.5367
223.030121	81.504	-32.2346
224.646286	81.474	-31.9510
226.274170	81.430	-31.6523
227.913849	81.372	-31.2953
229.565399	81.303	-30.8333
231.228928	81.229	-30.2241
232.904510	81.156	-29.4432
234.592224	81.097	-28.4944
236.292191	81.058	-27.4146
238.004456	81.047	-26.2670
239.729126	81.064	-25.1250
241.466309	81.107	-24.0548
243.216080	81.171	-23.1039
244.978516	81.247	-22.3010
246.753738	81.330	-21.6605
248.541809	81.411	-21.1875
250.342850	81.482	-20.8754
252.156937	81.537	-20.6992
253.984161	81.568	-20.6111
255.824646	81.572	-20.5434
257.678467	81.551	-20.4214
259.545685	81.510	-20.1832
261.426483	81.458	-19.7961
263.320862	81.404	-19.2642
265.229004	81.355	-18.6189
267.150970	81.314	-17.9009
269.086853	81.282	-17.1422
271.036774	81.257	-16.3593
273.000824	81.238	-15.5582
274.979095	81.226	-14.7466
276.971710	81.221	-13.9403
278.978760	81.222	-13.1610
281.000336	81.226	-12.4281
283.036591	81.231	-11.7509
285.087585	81.231	-11.1258
287.153442	81.224	-10.5390
289.234283	81.208	-9.9698
291.330200	81.181	-9.3925
293.441284	81.145	-8.7770
295.567688	81.101	-8.0944
297.709503	81.055	-7.3267
299.866821	81.012	-6.4771
302.039795	80.977	-5.5734
304.228485	80.952	-4.6589
306.433044	80.936	-3.7729
308.653595	80.924	-2.9351
310.890228	80.913	-2.1422
313.143066	80.902	-1.3792
315.412231	80.890	-0.6365
317.697845	80.879	0.0786
320.000000	80.870	0.7442
322.318848	80.858	1.3378
324.654510	80.838	1.8548
327.007080	80.807	2.3192
329.376709	80.760	2.7795
331.763519	80.702	3.2907
334.167603	80.637	3.8916
336.589142	80.575	4.5886
339.028198	80.523	5.3552
341.484924	80.487	6.1416
343.959473	80.469	6.8861
346.451935	80.467	7.5273
348.962463	80.475	8.0185
351.491211	80.483	8.3431
354.038239	80.485	8.5221
356.603760	80.474	8.6010
359.187866	80.451	8.6262
361.790680	80.418	8.6265
364.412354	80.376	8.6113
367.053040	80.330	8.5815
369.712860	80.278	8.5388
372.391968	80.224	8.4857
375.090454	80.167	8.4231
377.808533	80.109	8.3509
380.546265	80.051	8.2699
383.303864	79.992	8.1823
386.081451	79.933	8.0899
388.879150	79.875	7.9941
391.697144	79.819	7.8967
394.535522	79.764	7.7997
397.394501	79.711	7.7056
400.274170	79.660	7.6164
403.174744	79.611	7.5342
406.096313	79.565	7.4613
409.039062	79.521	7.3998
412.003113	79.480	7.3515
414.988647	79.443	7.3183
417.995850	79.408	7.3017
421.024811	79.377	7.3029
424.075714	79.348	7.3230
427.148743	79.322	7.3627
430.244049	79.300	7.4221
433.361786	79.279	7.5015
436.502106	79.261	7.6003
439.665161	79.246	7.7180
442.851166	79.233	7.8533
446.060242	79.221	8.0050
449.292572	79.212	8.1714
452.548340	79.204	8.3505
455.827698	79.197	8.5402
459.130798	79.193	8.7380
462.457855	79.189	8.9417
465.809021	79.188	9.1485
469.184448	79.187	9.3559
472.584381	79.188	9.5613
476.008911	79.190	9.7621
479.458252	79.194	9.9559
482.932617	79.200	10.1404
486.432159	79.207	10.3137
489.957031	79.216	10.4737
493.507477	79.227	10.6189
497.083618	79.239	10.7481
500.685699	79.254	10.8603
504.313873	79.271	10.9548
507.968323	79.290	11.0312
511.649292	79.312	11.0895
515.356934	79.335	11.1298
519.091370	79.361	11.1525
522.852966	79.389	11.1583
526.641724	79.419	11.1479
530.458008	79.450	11.1223
534.301941	79.483	11.0820
538.173706	79.517	11.0283
542.073547	79.552	10.9618
546.001648	79.587	10.8832
549.958191	79.622	10.7931
553.943420	79.658	10.6920
557.957520	79.692	10.5803
562.000671	79.726	10.4578
566.073181	79.759	10.3248
570.175171	79.789	10.1809
574.306885	79.818	10.0259
578.468567	79.845	9.8595
582.660400	79.869	9.6813
586.882568	79.891	9.4911
591.135376	79.911	9.2885
595.419006	79.927	9.0736
599.733643	79.941	8.8465
604.079590	79.952	8.6075
608.456970	79.961	8.3572
612.866089	79.966	8.0966
617.307190	79.969	7.8268
621.780457	79.969	7.5494
626.286133	79.967	7.2662
630.824463	79.962	6.9792
635.395691	79.954	6.6907
640.000000	79.944	6.4032
644.637695	79.932	6.1191
649.309021	79.917	5.8409
654.014160	79.899	5.5715
658.753418	79.878	5.3131
663.527039	79.856	5.0682
668.335205	79.830	4.8389
673.178284	79.801	4.6276
678.056396	79.770	4.4358
682.969849	79.736	4.2654
687.918945	79.698	4.1179
692.903870	79.658	3.9948
697.924927	79.615	3.8973
702.982422	79.569	3.8268
708.076477	79.521	3.7845
713.207520	79.471	3.7717
718.375732	79.420	3.7897
723.581360	79.367	3.8398
728.824707	79.314	3.9234
734.106079	79.260	4.0419
739.425720	79.207	4.1967
744.783936	79.156	4.3889
750.180908	79.106	4.6194
755.617065	79.059	4.8892
761.092529	79.015	5.1984
766.607727	78.974	5.5468
772.162903	78.938	5.9337
777.758301	78.908	6.3576
783.394287	78.882	6.8164
789.071045	78.863	7.3073
794.789001	78.851	7.8265
800.548340	78.845	8.3699
806.349487	78.848	8.9323
812.192627	78.858	9.5085
818.078125	78.876	10.0927
824.006226	78.903	10.6785
829.977295	78.938	11.2598
835.991699	78.981	11.8306
842.049622	79.033	12.3846
848.151428	79.093	12.9162
854.297485	79.160	13.4200
860.488098	79.235	13.8913
866.723572	79.317	14.3257
873.004211	79.405	14.7194
879.330322	79.498	15.0692
885.702332	79.596	15.3727
892.120483	79.698	15.6277
898.585144	79.804	15.8329
905.096680	79.912	15.9873
911.655396	80.022	16.0906
918.261597	80.132	16.1429
924.915710	80.243	16.1447
931.618042	80.354	16.0970
938.368896	80.463	16.0012
945.168762	80.571	15.8593
952.017822	80.677	15.6731
958.916504	80.780	15.4451
965.865234	80.881	15.1780
972.864319	80.977	14.8744
979.914062	81.070	14.5374
987.014954	81.159	14.1697
994.167236	81.244	13.7744
1001.371399	81.324	13.3546
1008.627747	81.399	12.9133
1015.936646	81.470	12.4534
1023.298584	81.536	11.9778
1030.713867	81.598	11.4895
1038.182739	81.655	10.9913
1045.705933	81.708	10.4858
1053.283447	81.757	9.9759
1060.916016	81.801	9.4639
1068.603882	81.842	8.9519
1076.347412	81.879	8.4421
1084.147095	81.913	7.9362
1092.003296	81.944	7.4352
1099.916382	81.972	6.9404
1107.886841	81.997	6.4523
1115.915039	82.021	5.9708
1124.001343	82.043	5.4958
1132.146362	82.063	5.0269
1140.350342	82.083	4.5629
1148.613770	82.102	4.1025
1156.937134	82.121	3.6440
1165.320801	82.140	3.1855
1173.765137	82.159	2.7247
1182.270752	82.179	2.2589
1190.838013	82.199	1.7850
1199.467285	82.220	1.3000
1208.159180	82.241	0.8005
1216.913940	82.262	0.2830
1225.732178	82.284	-0.2557
1234.614380	82.305	-0.8192
1243.560913	82.325	-1.4103
1252.572266	82.345	-2.0317
1261.648926	82.362	-2.6859
1270.791382	82.377	-3.3745
1280.000000	82.390	-4.0991
1289.275391	82.398	-4.8604
1298.618042	82.402	-5.6586
1308.028320	82.401	-6.4935
1317.506836	82.393	-7.3644
1327.054077	82.379	-8.2696
1336.670410	82.356	-9.2070
1346.356567	82.325	-10.1740
1356.112793	82.284	-11.1669
1365.939697	82.233	-12.1818
1375.837891	82.171	-13.2137
1385.807739	82.097	-14.2571
1395.849854	82.010	-15.3058
1405.964844	81.910	-16.3528
1416.152954	81.796	-17.3904
1426.415039	81.667	-18.4099
1436.751465	81.524	-19.4019
1447.162720	81.366	-20.3558
1457.649414	81.192	-21.2603
1468.212158	81.003	-22.1030
1478.851440	80.799	-22.8705
1489.567871	80.579	-23.5485
1500.361816	80.346	-24.1217
1511.234131	80.099	-24.5743
1522.185059	79.841	-24.8900
1533.215454	79.573	-25.0521
1544.325806	79.297	-25.0450
1555.516602	79.018	-24.8540
1566.788574	78.738	-24.4670
1578.142090	78.462	-23.8757
1589.578003	78.196	-23.0773
1601.096680	77.944	-22.0760
1612.698975	77.712	-20.8846
1624.385254	77.507	-19.5255
1636.156250	77.332	-18.0303
1648.012451	77.191	-16.4391
1659.954590	77.087	-14.7980
1671.983398	77.019	-13.1559
1684.099243	76.987	-11.5604
1696.302856	76.988	-10.0543
1708.594971	77.016	-8.6727
1720.976196	77.067	-7.4413
1733.447144	77.134	-6.3755
1746.008423	77.212	-5.4813
1758.660645	77.296	-4.7562
1771.404663	77.380	-4.1906
1784.240967	77.461	-3.7701
1797.170288	77.535	-3.4764
1810.193359	77.599	-3.2893
1823.310791	77.653	-3.1873
1836.523193	77.694	-3.1487
1849.831421	77.722	-3.1526
1863.236084	77.738	-3.1791
1876.737793	77.742	-3.2100
1890.337524	77.735	-3.2292
1904.035645	77.718	-3.2234
1917.833008	77.694	-3.1821
1931.730469	77.664	-3.0977
1945.728638	77.631	-2.9662
1959.828125	77.595	-2.7866
1974.029907	77.560	-2.5610
1988.334473	77.526	-2.2939
2002.742798	77.494	-1.9919
2017.255493	77.466	-1.6627
2031.873291	77.441	-1.3139
2046.597168	77.419	-0.9528
2061.427734	77.400	-0.5842
2076.365479	77.383	-0.2112
2091.411865	77.367	0.1671
2106.566895	77.351	0.5542
2121.832031	77.335	0.9570
2137.207764	77.319	1.3850
2152.694824	77.303	1.8495
2168.294189	77.289	2.3623
2184.006592	77.277	2.9341
2199.832764	77.271	3.5731
2215.773682	77.274	4.2827
2231.830078	77.289	5.0602
2248.002686	77.321	5.8947
2264.292725	77.372	6.7670
2280.700684	77.446	7.6498
2297.227539	77.544	8.5093
2313.874268	77.665	9.3073
2330.641602	77.810	10.0055
2347.530273	77.973	10.5686
2364.541504	78.152	10.9679
2381.676025	78.340	11.1837
2398.934570	78.531	11.2067
2416.318359	78.720	11.0380
2433.827881	78.899	10.6892
2451.464355	79.065	10.1803
2469.228760	79.212	9.5388
2487.121826	79.338	8.7982
2505.144531	79.439	7.9964
2523.297852	79.517	7.1744
2541.582764	79.570	6.3741
2560.000000	79.603	5.6369
2578.550781	79.618	5.0012
2597.236084	79.622	4.4986
2616.056641	79.622	4.1508
2635.013672	79.628	3.9648
2654.108154	79.648	3.9289
2673.340820	79.691	4.0101
2692.713135	79.764	4.1542
2712.225586	79.873	4.2892
2731.879395	80.019	4.3338
2751.675781	80.197	4.2063
2771.615479	80.400	3.8356
2791.699707	80.619	3.1686
2811.929688	80.841	2.1747
2832.305908	81.055	0.8456
2852.830078	81.247	-0.8060
2873.502930	81.408	-2.7502
2894.325439	81.526	-4.9437
2915.298828	81.595	-7.3314
2936.424316	81.608	-9.8491
2957.702881	81.558	-12.4228
2979.135742	81.442	-14.9692
3000.723633	81.258	-17.3931
3022.468262	81.008	-19.5864
3044.370117	80.694	-21.4270
3066.430908	80.328	-22.7804
3088.651611	79.925	-23.5081
3111.033203	79.513	-23.4872
3133.577148	79.132	-22.6484
3156.284180	78.828	-21.0293
3179.156006	78.650	-18.8230
3202.193359	78.632	-16.3822
3225.397949	78.780	-14.1455
3248.770508	79.069	-12.5132
3272.312500	79.452	-11.7459
3296.024902	79.878	-11.9384
3319.909180	80.301	-13.0546
3343.966797	80.687	-14.9838
3368.198486	81.011	-17.5842
3392.605713	81.259	-20.7097
3417.189941	81.421	-24.2219
3441.952393	81.493	-27.9926
3466.894287	81.472	-31.9032
3492.016846	81.359	-35.8424
3517.321289	81.156	-39.7031
3542.809326	80.867	-43.3811
3568.481934	80.499	-46.7746
3594.340576	80.063	-49.7875
3620.386719	79.573	-52.3351
3646.621582	79.046	-54.3556
3673.046387	78.506	-55.8248
3699.662842	77.975	-56.7720
3726.472168	77.477	-57.2880
3753.475586	77.028	-57.5181
3780.675049	76.631	-57.6345
3808.071289	76.282	-57.7971
3835.666016	75.962	-58.1152
3863.460938	75.650	-58.6276
3891.457275	75.325	-59.3014
3919.656250	74.971	-60.0466
3948.059814	74.579	-60.7375
3976.668945	74.150	-61.2380
4005.485596	73.694	-61.4285
4034.510986	73.230	-61.2357
4063.746582	72.783	-60.6610
4093.194336	72.375	-59.7947
4122.855469	72.021	-58.8025
4152.730957	71.721	-57.8799
4182.823730	71.458	-57.1900
4213.133789	71.208	-56.8129
4243.664062	70.940	-56.7245
4274.415527	70.629	-56.8051
4305.389648	70.257	-56.8633
4336.588379	69.824	-56.6666
4368.013184	69.341	-55.9780
4399.665527	68.839	-54.6065
4431.547363	68.363	-52.4730
4463.660156	67.963	-49.6748
4496.005371	67.680	-46.5002
4528.585449	67.527	-43.3479
4561.401367	67.487	-40.5801
4594.455078	67.520	-38.4009
4627.748535	67.582	-36.8289
4661.283203	67.639	-35.7503
4695.060547	67.675	-34.9974
4729.083008	67.687	-34.4150
4763.352051	67.685	-33.9052
4797.869141	67.679	-33.4441
4832.636719	67.680	-33.0750
4867.655762	67.687	-32.8771
4902.928711	67.693	-32.9225
4938.457520	67.681	-33.2388
4974.243652	67.635	-33.7885
5010.289062	67.537	-34.4681
5046.595703	67.380	-35.1220
5083.165527	67.165	-35.5631
5120.000000	66.906	-35.6031
5157.101562	66.631	-35.0913
5194.472168	66.380	-33.9672
5232.113281	66.200	-32.3115
5270.027344	66.126	-30.3667
5308.216309	66.175	-28.4898
5346.681641	66.334	-27.0442
5385.426270	66.566	-26.2892
5424.451172	66.823	-26.3271
5463.758789	67.062	-27.1179
5503.351562	67.248	-28.5256
5543.230957	67.359	-30.3667
5583.399414	67.384	-32.4440
5623.859375	67.324	-34.5708
5664.611816	67.186	-36.5891
5705.660156	66.985	-38.3870
5747.005859	66.741	-39.9129
5788.650879	66.469	-41.1818
5830.597656	66.181	-42.2626
5872.848633	65.880	-43.2452
5915.405762	65.556	-44.1981
5958.271484	65.195	-45.1316
6001.447266	64.782	-45.9857
6044.936523	64.308	-46.6451
6088.740234	63.773	-46.9778
6132.861816	63.187	-46.8859
6177.303223	62.565	-46.3480
6222.066406	61.917	-45.4258
6267.154297	61.241	-44.2117
6312.568359	60.516	-42.7258
6358.312012	59.713	-40.8038
6404.386719	58.812	-38.0234
6450.795898	57.828	-33.7085
6497.541016	56.838	-27.1099
6544.625000	55.999	-17.9474
6592.049805	55.479	-7.1188
6639.818359	55.340	3.4996
6687.933594	55.480	12.4360
6736.396973	55.730	19.5035
6785.211426	55.969	25.3865
6834.379883	56.161	30.9356
6883.904785	56.340	36.7916
6933.788574	56.578	43.2106
6984.033691	56.952	49.9604
7034.642578	57.495	56.3815
7085.618652	58.173	61.7206
7136.963867	58.900	65.5487
7188.681152	59.583	67.9519
7240.773438	60.160	69.4327
7293.243164	60.634	70.6830
7346.092773	61.073	72.2990
7399.325684	61.595	74.4146
7452.944336	62.294	76.4352
7506.951172	63.165	77.2792
7561.350098	64.091	76.0804
7616.142578	64.920	72.6536
7671.332031	65.527	67.3961
7726.921875	65.835	60.9863
7782.914551	65.809	54.2030
7839.312500	65.446	47.8851
7896.119629	64.790	42.9275
7953.337891	63.952	40.1647
8010.971191	63.129	39.9452
8069.021973	62.546	41.5370
8127.493164	62.305	43.2748
8186.388672	62.301	43.7808
8245.710938	62.342	42.8487
8305.461914	62.298	41.1317
8365.647461	62.151	39.4122
8426.267578	61.962	38.1156
8487.328125	61.803	37.1461
8548.831055	61.698	36.0702
8610.779297	61.606	34.5286
8673.176758	61.456	32.5345
8736.026367	61.199	30.4545
8799.331055	60.836	28.7766
8863.094727	60.417	27.8260
8927.320312	60.017	27.5481
8992.010742	59.683	27.5111
9057.170898	59.401	27.2052
9122.802734	59.107	26.4163
9188.910156	58.734	25.3602
9255.497070	58.259	24.5173
9322.566406	57.720	24.3012
9390.121094	57.198	24.7189
9458.166016	56.753	25.2794
9526.704102	56.374	25.3517
9595.738281	55.981	24.6945
9665.273438	55.498	23.6324
9735.311523	54.907	22.7646
9805.857422	54.269	22.4539
9876.915039	53.670	22.4434
9948.487305	53.136	22.0164
10020.578125	52.585	20.6880
10093.191406	51.884	18.7615
10166.331055	50.945	17.3120
10240.000000	49.802	17.6936
10314.203125	48.636	20.5209
10388.944336	47.658	24.6296
10464.226562	46.878	27.9753
10540.054688	46.064	30.1613
10616.432617	45.003	33.7490
10693.363281	43.860	44.0221
10770.852539	43.280	63.1808
10848.902344	43.703	82.3642
10927.517578	44.770	93.4524
11006.703125	45.929	98.3635
11086.461914	46.972	100.5862
11166.798828	47.860	101.2978
11247.718750	48.561	100.9295
11329.223633	49.074	100.1201
11411.320312	49.475	99.4739
11494.011719	49.866	98.9350
11577.301758	50.274	97.8157
11661.195312	50.620	95.6105
11745.697266	50.814	92.5503
11830.811523	50.846	89.2612
11916.542969	50.778	86.0719
12002.894531	50.654	82.7763
12089.873047	50.433	79.1219
12177.480469	50.027	75.4643
12265.723633	49.410	72.8489
12354.606445	48.705	72.3568
12444.132812	48.158	74.0322
12534.308594	47.969	76.4413
12625.136719	48.127	77.7269
12716.624023	48.457	76.8360
12808.773438	48.749	73.5976
12901.591797	48.821	68.3867
12995.082031	48.532	62.0236
13089.250000	47.797	55.7149
13184.099609	46.607	50.9828
13279.636719	45.058	49.8610
13375.867188	43.485	55.3033
13472.793945	42.618	68.0173
13570.422852	42.965	80.4089
13668.759766	44.043	84.3309
13767.809570	45.020	80.3345
13867.577148	45.523	72.5317
13968.067383	45.557	63.6833
14069.285156	45.261	55.0627
14171.237305	44.771	46.9330
14273.927734	44.133	39.1949
14377.362305	43.318	32.0016
14481.546875	42.293	25.9891
14586.486328	41.087	22.2754
14692.185547	39.890	22.1514
14798.651367	39.108	25.2990
14905.888672	39.003	28.3229
15013.902344	39.321	27.9697
15122.700195	39.601	24.4347
15232.285156	39.650	19.7295
15342.664062	39.524	15.2674
15453.843750	39.346	11.4265
15565.829102	39.195	7.9942
15678.625000	39.078	4.5244
15792.239258	38.916	0.7366
15906.675781	38.594	-2.8942
16021.942383	38.115	-5.1860
16138.043945	37.659	-5.5297
16254.986328	37.410	-5.0204
16372.777344	37.311	-5.2033
16491.421875	37.166	-6.0568
16610.923828	36.915	-6.4758
16731.294922	36.638	-6.1197
16852.535156	36.338	-5.3858
16974.656250	35.945	-3.7042
17097.662109	35.533	0.2850
17221.558594	35.310	6.1812
17346.353516	35.313	12.0630
17472.052734	35.422	17.7662
17598.662109	35.672	24.5267
17726.189453	36.202	31.6526
17854.640625	36.943	36.9578
17984.021484	37.668	39.8354
18114.341797	38.259	41.4846
18245.605469	38.757	42.9753
18377.820312	39.230	44.3117
18510.994141	39.655	45.0693
18645.132812	39.961	45.3310
18780.242188	40.116	45.7462
18916.332031	40.169	47.1209
19053.408203	40.248	49.8692
19191.476562	40.471	53.3857
19330.546875	40.839	56.5756
19470.623047	41.279	59.0134
19611.714844	41.743	60.6698
19753.830078	42.162	61.3417
19896.974609	42.436	61.1959
