* Measurement data measured by REW V5.31.3
* Source: Microphone (Umik-1  Gain: 18dB), MICROPHONE (Master Volume), R, volume: 0.530
* Format: 512k Log Swept Sine, 1 sweep at 0.0 dBFS with no timing reference
* Dated: 20:06:17 06/09/2025
* REW Settings:
*  C-weighting compensation: Off
*  Target level: 75.0 dB
* Note: 
* Measurement: 638 378 Tweeter Far Field
* Smoothing: 1/12 octave
* Frequency Step: 1/96 octave
* Start Frequency: 302.040 Hz
*
* Freq(Hz)	SPL(dB)	Phase(degrees)
302.039795	62.263	-43.9958
304.228485	62.353	-44.3555
306.433044	62.467	-44.7829
308.653595	62.599	-45.2542
310.890228	62.742	-45.7525
313.143066	62.891	-46.2668
315.412231	63.042	-46.7906
317.697845	63.193	-47.3200
320.000000	63.344	-47.8529
322.318848	63.494	-48.3882
324.654510	63.643	-48.9250
327.007080	63.790	-49.4628
329.376709	63.935	-50.0014
331.763519	64.079	-50.5403
334.167603	64.220	-51.0793
336.589142	64.360	-51.6181
339.028198	64.499	-52.1565
341.484924	64.636	-52.6943
343.959473	64.771	-53.2310
346.451935	64.905	-53.7666
348.962463	65.037	-54.3007
351.491211	65.167	-54.8330
354.038239	65.296	-55.3634
356.603760	65.424	-55.8915
359.187866	65.550	-56.4171
361.790680	65.675	-56.9400
364.412354	65.798	-57.4599
367.053040	65.920	-57.9765
369.712860	66.041	-58.4896
372.391968	66.160	-58.9989
375.090454	66.279	-59.5042
377.808533	66.396	-60.0054
380.546265	66.512	-60.5020
383.303864	66.627	-60.9940
386.081451	66.741	-61.4812
388.879150	66.854	-61.9633
391.697144	66.966	-62.4401
394.535522	67.078	-62.9116
397.394501	67.188	-63.3774
400.274170	67.297	-63.8376
403.174744	67.406	-64.2920
406.096313	67.514	-64.7405
409.039062	67.621	-65.1830
412.003113	67.728	-65.6194
414.988647	67.834	-66.0499
417.995850	67.941	-66.4743
421.024811	68.047	-66.8928
424.075714	68.153	-67.3054
427.148743	68.260	-67.7122
430.244049	68.366	-68.1133
433.361786	68.473	-68.5090
436.502106	68.581	-68.8995
439.665161	68.688	-69.2850
442.851166	68.797	-69.6659
446.060242	68.905	-70.0425
449.292572	69.015	-70.4152
452.548340	69.125	-70.7845
455.827698	69.236	-71.1508
459.130798	69.348	-71.5147
462.457855	69.461	-71.8768
465.809021	69.575	-72.2376
469.184448	69.690	-72.5978
472.584381	69.806	-72.9582
476.008911	69.924	-73.3194
479.458252	70.042	-73.6822
482.932617	70.162	-74.0473
486.432159	70.283	-74.4156
489.957031	70.405	-74.7880
493.507477	70.529	-75.1652
497.083618	70.653	-75.5481
500.685699	70.779	-75.9375
504.313873	70.906	-76.3344
507.968323	71.035	-76.7395
511.649292	71.164	-77.1537
515.356934	71.294	-77.5778
519.091370	71.426	-78.0125
522.852966	71.558	-78.4586
526.641724	71.691	-78.9169
530.458008	71.825	-79.3880
534.301941	71.959	-79.8725
538.173706	72.094	-80.3710
542.073547	72.229	-80.8841
546.001648	72.364	-81.4121
549.958191	72.500	-81.9556
553.943420	72.635	-82.5147
557.957520	72.770	-83.0898
562.000671	72.904	-83.6811
566.073181	73.038	-84.2886
570.175171	73.171	-84.9124
574.306885	73.303	-85.5525
578.468567	73.435	-86.2088
582.660400	73.565	-86.8810
586.882568	73.693	-87.5688
591.135376	73.820	-88.2720
595.419006	73.946	-88.9902
599.733643	74.070	-89.7226
604.079590	74.192	-90.4690
608.456970	74.312	-91.2284
612.866089	74.429	-92.0003
617.307190	74.545	-92.7837
621.780457	74.658	-93.5779
626.286133	74.768	-94.3818
630.824463	74.876	-95.1945
635.395691	74.982	-96.0148
640.000000	75.084	-96.8417
644.637695	75.184	-97.6738
649.309021	75.281	-98.5099
654.014160	75.375	-99.3488
658.753418	75.467	-100.1889
663.527039	75.556	-101.0290
668.335205	75.642	-101.8675
673.178284	75.725	-102.7031
678.056396	75.806	-103.5341
682.969849	75.884	-104.3592
687.918945	75.959	-105.1767
692.903870	76.032	-105.9852
697.924927	76.102	-106.7833
702.982422	76.170	-107.5696
708.076477	76.236	-108.3427
713.207520	76.300	-109.1014
718.375732	76.362	-109.8446
723.581360	76.423	-110.5712
728.824707	76.483	-111.2805
734.106079	76.543	-111.9718
739.425720	76.602	-112.6447
744.783936	76.660	-113.2990
750.180908	76.720	-113.9348
755.617065	76.780	-114.5525
761.092529	76.841	-115.1529
766.607727	76.904	-115.7370
772.162903	76.968	-116.3061
777.758301	77.035	-116.8621
783.394287	77.105	-117.4070
789.071045	77.178	-117.9433
794.789001	77.253	-118.4737
800.548340	77.333	-119.0012
806.349487	77.415	-119.5291
812.192627	77.502	-120.0608
818.078125	77.592	-120.5998
824.006226	77.685	-121.1498
829.977295	77.782	-121.7145
835.991699	77.883	-122.2971
842.049622	77.986	-122.9013
848.151428	78.092	-123.5301
854.297485	78.200	-124.1864
860.488098	78.309	-124.8726
866.723572	78.420	-125.5909
873.004211	78.532	-126.3429
879.330322	78.643	-127.1300
885.702332	78.754	-127.9528
892.120483	78.864	-128.8115
898.585144	78.971	-129.7060
905.096680	79.077	-130.6355
911.655396	79.179	-131.5987
918.261597	79.278	-132.5940
924.915710	79.372	-133.6192
931.618042	79.462	-134.6718
938.368896	79.546	-135.7487
945.168762	79.624	-136.8467
952.017822	79.697	-137.9621
958.916504	79.763	-139.0908
965.865234	79.822	-140.2286
972.864319	79.874	-141.3709
979.914062	79.919	-142.5129
987.014954	79.957	-143.6496
994.167236	79.988	-144.7761
1001.371399	80.012	-145.8870
1008.627747	80.029	-146.9772
1015.936646	80.039	-148.0415
1023.298584	80.043	-149.0749
1030.713867	80.042	-150.0724
1038.182739	80.036	-151.0295
1045.705933	80.026	-151.9420
1053.283447	80.012	-152.8063
1060.916016	79.996	-153.6193
1068.603882	79.978	-154.3789
1076.347412	79.960	-155.0837
1084.147095	79.943	-155.7334
1092.003296	79.928	-156.3288
1099.916382	79.915	-156.8720
1107.886841	79.907	-157.3660
1115.915039	79.904	-157.8154
1124.001343	79.907	-158.2255
1132.146362	79.917	-158.6028
1140.350342	79.934	-158.9544
1148.613770	79.959	-159.2882
1156.937134	79.993	-159.6122
1165.320801	80.034	-159.9342
1173.765137	80.083	-160.2621
1182.270752	80.140	-160.6028
1190.838013	80.203	-160.9628
1199.467285	80.273	-161.3474
1208.159180	80.348	-161.7611
1216.913940	80.428	-162.2072
1225.732178	80.512	-162.6879
1234.614380	80.600	-163.2049
1243.560913	80.689	-163.7586
1252.572266	80.781	-164.3490
1261.648926	80.874	-164.9758
1270.791382	80.968	-165.6384
1280.000000	81.063	-166.3361
1289.275391	81.157	-167.0682
1298.618042	81.251	-167.8344
1308.028320	81.345	-168.6346
1317.506836	81.438	-169.4693
1327.054077	81.530	-170.3389
1336.670410	81.621	-171.2446
1346.356567	81.710	-172.1873
1356.112793	81.796	-173.1681
1365.939697	81.880	-174.1880
1375.837891	81.959	-175.2474
1385.807739	82.034	-176.3460
1395.849854	82.104	-177.4829
1405.964844	82.166	-178.6557
1416.152954	82.221	-179.8608
1426.415039	82.266	178.9069
1436.751465	82.302	177.6542
1447.162720	82.326	176.3899
1457.649414	82.339	175.1245
1468.212158	82.338	173.8704
1478.851440	82.325	172.6420
1489.567871	82.298	171.4551
1500.361816	82.258	170.3273
1511.234131	82.207	169.2770
1522.185059	82.145	168.3231
1533.215454	82.075	167.4841
1544.325806	82.000	166.7770
1555.516602	81.924	166.2159
1566.788574	81.851	165.8098
1578.142090	81.787	165.5614
1589.578003	81.737	165.4644
1601.096680	81.709	165.5023
1612.698975	81.705	165.6479
1624.385254	81.732	165.8634
1636.156250	81.792	166.1025
1648.012451	81.886	166.3139
1659.954590	82.012	166.4460
1671.983398	82.167	166.4510
1684.099243	82.345	166.2892
1696.302856	82.540	165.9316
1708.594971	82.746	165.3608
1720.976196	82.954	164.5711
1733.447144	83.159	163.5672
1746.008423	83.354	162.3625
1758.660645	83.535	160.9773
1771.404663	83.696	159.4366
1784.240967	83.835	157.7693
1797.170288	83.948	156.0067
1810.193359	84.036	154.1812
1823.310791	84.096	152.3260
1836.523193	84.129	150.4744
1849.831421	84.136	148.6589
1863.236084	84.120	146.9105
1876.737793	84.083	145.2574
1890.337524	84.030	143.7242
1904.035645	83.964	142.3298
1917.833008	83.892	141.0860
1931.730469	83.820	139.9951
1945.728638	83.754	139.0488
1959.828125	83.700	138.2272
1974.029907	83.662	137.4989
1988.334473	83.645	136.8235
2002.742798	83.649	136.1548
2017.255493	83.673	135.4451
2031.873291	83.715	134.6508
2046.597168	83.768	133.7367
2061.427734	83.827	132.6790
2076.365479	83.884	131.4677
2091.411865	83.932	130.1064
2106.566895	83.964	128.6121
2121.832031	83.973	127.0132
2137.207764	83.954	125.3489
2152.694824	83.903	123.6668
2168.294189	83.819	122.0221
2184.006592	83.702	120.4755
2199.832764	83.553	119.0916
2215.773682	83.378	117.9355
2231.830078	83.184	117.0679
2248.002686	82.985	116.5382
2264.292725	82.794	116.3739
2280.700684	82.630	116.5696
2297.227539	82.509	117.0768
2313.874268	82.448	117.7994
2330.641602	82.456	118.6023
2347.530273	82.535	119.3298
2364.541504	82.676	119.8338
2381.676025	82.866	119.9982
2398.934570	83.085	119.7534
2416.318359	83.313	119.0792
2433.827881	83.531	117.9967
2451.464355	83.725	116.5584
2469.228760	83.882	114.8367
2487.121826	83.994	112.9155
2505.144531	84.058	110.8839
2523.297852	84.072	108.8316
2541.582764	84.039	106.8449
2560.000000	83.966	105.0024
2578.550781	83.861	103.3689
2597.236084	83.737	101.9885
2616.056641	83.607	100.8766
2635.013672	83.487	100.0138
2654.108154	83.387	99.3435
2673.340820	83.318	98.7788
2692.713135	83.280	98.2176
2712.225586	83.267	97.5636
2731.879395	83.270	96.7478
2751.675781	83.272	95.7422
2771.615479	83.257	94.5659
2791.699707	83.213	93.2830
2811.929688	83.129	91.9948
2832.305908	83.004	90.8295
2852.830078	82.841	89.9275
2873.502930	82.656	89.4221
2894.325439	82.472	89.4099
2915.298828	82.321	89.9146
2936.424316	82.238	90.8518
2957.702881	82.247	92.0197
2979.135742	82.360	93.1349
3000.723633	82.564	93.9095
3022.468262	82.832	94.1318
3044.370117	83.125	93.7081
3066.430908	83.409	92.6581
3088.651611	83.656	91.0824
3111.033203	83.846	89.1270
3133.577148	83.971	86.9534
3156.284180	84.028	84.7198
3179.156006	84.025	82.5671
3202.193359	83.973	80.6071
3225.397949	83.890	78.9123
3248.770508	83.793	77.5076
3272.312500	83.699	76.3676
3296.024902	83.624	75.4236
3319.909180	83.573	74.5813
3343.966797	83.545	73.7469
3368.198486	83.533	72.8503
3392.605713	83.525	71.8609
3417.189941	83.512	70.7912
3441.952393	83.484	69.6901
3466.894287	83.438	68.6303
3492.016846	83.376	67.6930
3517.321289	83.306	66.9500
3542.809326	83.243	66.4453
3568.481934	83.204	66.1766
3594.340576	83.206	66.0818
3620.386719	83.263	66.0396
3646.621582	83.377	65.8896
3673.046387	83.540	65.4703
3699.662842	83.732	64.6596
3726.472168	83.928	63.4039
3753.475586	84.102	61.7252
3780.675049	84.235	59.7102
3808.071289	84.311	57.4895
3835.666016	84.327	55.2125
3863.460938	84.287	53.0223
3891.457275	84.204	51.0313
3919.656250	84.094	49.2996
3948.059814	83.978	47.8252
3976.668945	83.868	46.5519
4005.485596	83.771	45.3981
4034.510986	83.685	44.2962
4063.746582	83.602	43.2235
4093.194336	83.516	42.2082
4122.855469	83.428	41.3088
4152.730957	83.343	40.5752
4182.823730	83.277	40.0107
4213.133789	83.240	39.5557
4243.664062	83.238	39.1039
4274.415527	83.267	38.5484
4305.389648	83.316	37.8263
4336.588379	83.372	36.9360
4368.013184	83.428	35.9182
4399.665527	83.484	34.8147
4431.547363	83.543	33.6310
4463.660156	83.606	32.3265
4496.005371	83.668	30.8402
4528.585449	83.714	29.1396
4561.401367	83.725	27.2624
4594.455078	83.686	25.3282
4627.748535	83.594	23.5128
4661.283203	83.461	21.9917
4695.060547	83.312	20.8708
4729.083008	83.181	20.1294
4763.352051	83.092	19.6154
4797.869141	83.051	19.1147
4832.636719	83.042	18.4623
4867.655762	83.042	17.6201
4902.928711	83.032	16.6780
4938.457520	83.007	15.7881
4974.243652	82.981	15.0734
5010.289062	82.977	14.5530
5046.595703	83.016	14.1185
5083.165527	83.102	13.5792
5120.000000	83.224	12.7529
5157.101562	83.356	11.5454
5194.472168	83.470	9.9781
5232.113281	83.544	8.1661
5270.027344	83.569	6.2734
5308.216309	83.551	4.4633
5346.681641	83.505	2.8535
5385.426270	83.453	1.4821
5424.451172	83.416	0.2937
5463.758789	83.403	-0.8333
5503.351562	83.410	-2.0244
5543.230957	83.423	-3.3428
5583.399414	83.425	-4.7567
5623.859375	83.410	-6.1630
5664.611816	83.384	-7.4520
5705.660156	83.365	-8.5804
5747.005859	83.369	-9.6111
5788.650879	83.404	-10.6871
5830.597656	83.459	-11.9498
5872.848633	83.512	-13.4545
5915.405762	83.542	-15.1395
5958.271484	83.538	-16.8608
6001.447266	83.505	-18.4641
6044.936523	83.463	-19.8580
6088.740234	83.433	-21.0555
6132.861816	83.430	-22.1619
6177.303223	83.457	-23.3124
6222.066406	83.502	-24.6024
6267.154297	83.553	-26.0522
6312.568359	83.599	-27.6246
6358.312012	83.639	-29.2708
6404.386719	83.675	-30.9730
6450.795898	83.709	-32.7534
6497.541016	83.735	-34.6484
6544.625000	83.743	-36.6656
6592.049805	83.721	-38.7545
6639.818359	83.663	-40.8104
6687.933594	83.571	-42.7102
6736.396973	83.460	-44.3613
6785.211426	83.349	-45.7399
6834.379883	83.256	-46.8944
6883.904785	83.189	-47.9135
6933.788574	83.152	-48.8818
6984.033691	83.141	-49.8546
7034.642578	83.154	-50.8634
7085.618652	83.188	-51.9351
7136.963867	83.242	-53.1009
7188.681152	83.310	-54.3928
7240.773438	83.387	-55.8328
7293.243164	83.466	-57.4227
7346.092773	83.539	-59.1396
7399.325684	83.603	-60.9387
7452.944336	83.661	-62.7737
7506.951172	83.719	-64.6299
7561.350098	83.781	-66.5428
7616.142578	83.844	-68.5751
7671.332031	83.896	-70.7614
7726.921875	83.922	-73.0663
7782.914551	83.916	-75.3912
7839.312500	83.879	-77.6260
7896.119629	83.822	-79.6972
7953.337891	83.759	-81.5854
8010.971191	83.700	-83.3065
8069.021973	83.652	-84.8860
8127.493164	83.623	-86.3525
8186.388672	83.617	-87.7518
8245.710938	83.638	-89.1581
8305.461914	83.681	-90.6575
8365.647461	83.735	-92.2996
8426.267578	83.784	-94.0581
8487.328125	83.826	-95.8442
8548.831055	83.865	-97.5756
8610.779297	83.915	-99.2429
8673.176758	83.985	-100.9098
8736.026367	84.072	-102.6526
8799.331055	84.171	-104.5148
8863.094727	84.277	-106.5166
8927.320312	84.381	-108.6799
8992.010742	84.475	-111.0174
9057.170898	84.546	-113.4955
9122.802734	84.588	-116.0269
9188.910156	84.603	-118.5115
9255.497070	84.604	-120.8885
9322.566406	84.603	-123.1595
9390.121094	84.609	-125.3708
9458.166016	84.625	-127.5815
9526.704102	84.648	-129.8427
9595.738281	84.673	-132.1946
9665.273438	84.692	-134.6636
9735.311523	84.694	-137.2439
9805.857422	84.668	-139.8771
9876.915039	84.612	-142.4634
9948.487305	84.533	-144.9079
10020.578125	84.442	-147.1651
10093.191406	84.353	-149.2399
10166.331055	84.275	-151.1615
10240.000000	84.214	-152.9716
10314.203125	84.173	-154.7275
10388.944336	84.150	-156.4906
10464.226562	84.137	-158.2896
10540.054688	84.128	-160.0942
10616.432617	84.126	-161.8434
10693.363281	84.141	-163.5159
10770.852539	84.184	-165.1711
10848.902344	84.256	-166.9114
10927.517578	84.352	-168.8246
11006.703125	84.460	-170.9741
11086.461914	84.565	-173.3934
11166.798828	84.648	-176.0475
11247.718750	84.701	-178.8274
11329.223633	84.728	178.3778
11411.320312	84.739	175.6040
11494.011719	84.742	172.8155
11577.301758	84.732	169.9727
11661.195312	84.702	167.0804
11745.697266	84.645	164.1815
11830.811523	84.556	161.3536
11916.542969	84.439	158.7104
12002.894531	84.311	156.3406
12089.873047	84.195	154.2073
12177.480469	84.107	152.1525
12265.723633	84.043	150.0016
12354.606445	83.984	147.6436
12444.132812	83.908	145.0526
12534.308594	83.790	142.3027
12625.136719	83.614	139.5620
12716.624023	83.379	137.0333
12808.773438	83.101	134.8846
12901.591797	82.799	133.2293
12995.082031	82.499	132.1328
13089.250000	82.232	131.5790
13184.099609	82.026	131.4340
13279.636719	81.896	131.4714
13375.867188	81.842	131.4415
13472.793945	81.849	131.1426
13570.422852	81.890	130.4803
13668.759766	81.943	129.4849
13767.809570	81.995	128.2547
13867.577148	82.042	126.8807
13968.067383	82.087	125.4179
14069.285156	82.134	123.8815
14171.237305	82.187	122.2534
14273.927734	82.244	120.5039
14377.362305	82.303	118.6105
14481.546875	82.361	116.5571
14586.486328	82.413	114.3348
14692.185547	82.454	111.9501
14798.651367	82.477	109.4279
14905.888672	82.477	106.8129
15013.902344	82.454	104.1672
15122.700195	82.409	101.5547
15232.285156	82.349	99.0236
15342.664062	82.283	96.5975
15453.843750	82.219	94.2665
15565.829102	82.165	91.9874
15678.625000	82.123	89.6988
15792.239258	82.091	87.3340
15906.675781	82.062	84.8348
16021.942383	82.025	82.1729
16138.043945	81.966	79.3705
16254.986328	81.875	76.5087
16372.777344	81.745	73.7150
16491.421875	81.586	71.1226
16610.923828	81.414	68.8138
16731.294922	81.252	66.7774
16852.535156	81.117	64.9028
16974.656250	81.015	63.0229
17097.662109	80.939	60.9865
17221.558594	80.874	58.7181
17346.353516	80.801	56.2317
17472.052734	80.709	53.6057
17598.662109	80.594	50.9444
17726.189453	80.461	48.3365
17854.640625	80.320	45.8245
17984.021484	80.184	43.3924
18114.341797	80.060	40.9709
18245.605469	79.949	38.4697
18377.820312	79.841	35.8218
18510.994141	79.727	33.0095
18645.132812	79.593	30.0705
18780.242188	79.432	27.0802
18916.332031	79.241	24.1238
19053.408203	79.025	21.2759
19191.476562	78.792	18.5782
19330.546875	78.554	16.0286
19470.623047	78.325	13.5731
19611.714844	78.120	11.0965
19753.830078	77.954	8.4298
19896.974609	77.837	5.3749
