* Measurement data measured by REW V5.31.3
* Source: Microphone (Umik-1  Gain: 18dB), MICROPHONE (Master Volume), R, volume: 0.530
* Format: 512k Log Swept Sine, 1 sweep at 0.0 dBFS with no timing reference
* Dated: 20:03:04 06/09/2025
* REW Settings:
*  C-weighting compensation: Off
*  Target level: 75.0 dB
* Note: 
* Measurement: 638 378 Woofer and Tweeter
* Smoothing: 1/12 octave
* Frequency Step: 1/96 octave
* Start Frequency: 302.040 Hz
*
* Freq(Hz)	SPL(dB)	Phase(degrees)
302.039795	72.729	-139.8180
304.228485	72.760	-140.1300
306.433044	72.799	-140.5027
308.653595	72.843	-140.9167
310.890228	72.890	-141.3573
313.143066	72.939	-141.8148
315.412231	72.986	-142.2833
317.697845	73.033	-142.7590
320.000000	73.078	-143.2396
322.318848	73.121	-143.7237
324.654510	73.161	-144.2102
327.007080	73.199	-144.6983
329.376709	73.235	-145.1873
331.763519	73.268	-145.6765
334.167603	73.299	-146.1651
336.589142	73.327	-146.6526
339.028198	73.353	-147.1383
341.484924	73.376	-147.6213
343.959473	73.396	-148.1009
346.451935	73.414	-148.5764
348.962463	73.429	-149.0469
351.491211	73.442	-149.5115
354.038239	73.451	-149.9693
356.603760	73.459	-150.4195
359.187866	73.463	-150.8610
361.790680	73.465	-151.2929
364.412354	73.464	-151.7140
367.053040	73.460	-152.1234
369.712860	73.454	-152.5198
372.391968	73.445	-152.9022
375.090454	73.434	-153.2694
377.808533	73.420	-153.6201
380.546265	73.404	-153.9531
383.303864	73.386	-154.2671
386.081451	73.366	-154.5608
388.879150	73.343	-154.8330
391.697144	73.319	-155.0823
394.535522	73.293	-155.3073
397.394501	73.265	-155.5069
400.274170	73.235	-155.6797
403.174744	73.205	-155.8245
406.096313	73.173	-155.9401
409.039062	73.141	-156.0254
412.003113	73.108	-156.0793
414.988647	73.076	-156.1010
417.995850	73.044	-156.0897
421.024811	73.013	-156.0448
424.075714	72.983	-155.9659
427.148743	72.955	-155.8527
430.244049	72.929	-155.7055
433.361786	72.905	-155.5244
436.502106	72.885	-155.3101
439.665161	72.869	-155.0637
442.851166	72.856	-154.7865
446.060242	72.849	-154.4801
449.292572	72.846	-154.1466
452.548340	72.849	-153.7885
455.827698	72.857	-153.4087
459.130798	72.872	-153.0103
462.457855	72.893	-152.5969
465.809021	72.922	-152.1723
469.184448	72.957	-151.7404
472.584381	72.999	-151.3058
476.008911	73.049	-150.8726
479.458252	73.106	-150.4454
482.932617	73.170	-150.0286
486.432159	73.241	-149.6266
489.957031	73.319	-149.2437
493.507477	73.403	-148.8838
497.083618	73.493	-148.5508
500.685699	73.589	-148.2480
504.313873	73.690	-147.9786
507.968323	73.796	-147.7453
511.649292	73.907	-147.5503
515.356934	74.020	-147.3955
519.091370	74.137	-147.2823
522.852966	74.257	-147.2119
526.641724	74.378	-147.1848
530.458008	74.500	-147.2013
534.301941	74.623	-147.2613
538.173706	74.747	-147.3643
542.073547	74.870	-147.5096
546.001648	74.992	-147.6962
549.958191	75.113	-147.9228
553.943420	75.232	-148.1878
557.957520	75.349	-148.4897
562.000671	75.463	-148.8265
566.073181	75.574	-149.1963
570.175171	75.682	-149.5968
574.306885	75.787	-150.0258
578.468567	75.888	-150.4811
582.660400	75.985	-150.9602
586.882568	76.078	-151.4606
591.135376	76.166	-151.9799
595.419006	76.250	-152.5154
599.733643	76.330	-153.0647
604.079590	76.405	-153.6251
608.456970	76.476	-154.1941
612.866089	76.542	-154.7691
617.307190	76.604	-155.3478
621.780457	76.662	-155.9274
626.286133	76.715	-156.5058
630.824463	76.764	-157.0804
635.395691	76.809	-157.6492
640.000000	76.851	-158.2100
644.637695	76.889	-158.7609
649.309021	76.924	-159.3000
654.014160	76.956	-159.8258
658.753418	76.985	-160.3368
663.527039	77.013	-160.8318
668.335205	77.038	-161.3101
673.178284	77.062	-161.7709
678.056396	77.085	-162.2140
682.969849	77.108	-162.6396
687.918945	77.130	-163.0478
692.903870	77.151	-163.4396
697.924927	77.173	-163.8160
702.982422	77.195	-164.1785
708.076477	77.219	-164.5289
713.207520	77.243	-164.8693
718.375732	77.268	-165.2022
723.581360	77.294	-165.5301
728.824707	77.322	-165.8557
734.106079	77.351	-166.1819
739.425720	77.382	-166.5116
744.783936	77.413	-166.8476
750.180908	77.445	-167.1924
755.617065	77.477	-167.5484
761.092529	77.509	-167.9177
766.607727	77.541	-168.3019
772.162903	77.572	-168.7021
777.758301	77.600	-169.1188
783.394287	77.627	-169.5520
789.071045	77.650	-170.0008
794.789001	77.670	-170.4638
800.548340	77.685	-170.9385
806.349487	77.695	-171.4218
812.192627	77.699	-171.9097
818.078125	77.696	-172.3971
824.006226	77.687	-172.8783
829.977295	77.670	-173.3464
835.991699	77.645	-173.7936
842.049622	77.611	-174.2110
848.151428	77.570	-174.5889
854.297485	77.520	-174.9166
860.488098	77.462	-175.1825
866.723572	77.397	-175.3740
873.004211	77.325	-175.4782
879.330322	77.248	-175.4817
885.702332	77.168	-175.3713
892.120483	77.088	-175.1341
898.585144	77.009	-174.7588
905.096680	76.935	-174.2364
911.655396	76.870	-173.5612
918.261597	76.819	-172.7324
924.915710	76.787	-171.7550
931.618042	76.777	-170.6414
938.368896	76.795	-169.4119
945.168762	76.846	-168.0948
952.017822	76.931	-166.7262
958.916504	77.053	-165.3475
965.865234	77.213	-164.0037
972.864319	77.409	-162.7396
979.914062	77.639	-161.5975
987.014954	77.898	-160.6141
994.167236	78.182	-159.8187
1001.371399	78.487	-159.2326
1008.627747	78.805	-158.8687
1015.936646	79.132	-158.7326
1023.298584	79.463	-158.8234
1030.713867	79.794	-159.1351
1038.182739	80.119	-159.6579
1045.705933	80.437	-160.3793
1053.283447	80.743	-161.2850
1060.916016	81.035	-162.3598
1068.603882	81.311	-163.5877
1076.347412	81.569	-164.9528
1084.147095	81.808	-166.4394
1092.003296	82.027	-168.0317
1099.916382	82.225	-169.7143
1107.886841	82.400	-171.4722
1115.915039	82.553	-173.2904
1124.001343	82.682	-175.1539
1132.146362	82.788	-177.0480
1140.350342	82.870	-178.9576
1148.613770	82.928	179.1326
1156.937134	82.962	177.2383
1165.320801	82.972	175.3755
1173.765137	82.959	173.5613
1182.270752	82.923	171.8128
1190.838013	82.865	170.1483
1199.467285	82.787	168.5865
1208.159180	82.689	167.1466
1216.913940	82.575	165.8478
1225.732178	82.447	164.7090
1234.614380	82.308	163.7476
1243.560913	82.162	162.9790
1252.572266	82.014	162.4145
1261.648926	81.871	162.0600
1270.791382	81.737	161.9139
1280.000000	81.619	161.9656
1289.275391	81.524	162.1938
1298.618042	81.457	162.5665
1308.028320	81.422	163.0412
1317.506836	81.422	163.5681
1327.054077	81.458	164.0933
1336.670410	81.528	164.5632
1346.356567	81.629	164.9294
1356.112793	81.756	165.1519
1365.939697	81.901	165.2017
1375.837891	82.059	165.0615
1385.807739	82.223	164.7251
1395.849854	82.385	164.1966
1405.964844	82.541	163.4881
1416.152954	82.685	162.6183
1426.415039	82.813	161.6105
1436.751465	82.922	160.4915
1447.162720	83.009	159.2907
1457.649414	83.072	158.0388
1468.212158	83.110	156.7675
1478.851440	83.125	155.5092
1489.567871	83.115	154.2965
1500.361816	83.083	153.1614
1511.234131	83.032	152.1348
1522.185059	82.964	151.2456
1533.215454	82.884	150.5190
1544.325806	82.798	149.9750
1555.516602	82.712	149.6264
1566.788574	82.633	149.4758
1578.142090	82.568	149.5143
1589.578003	82.526	149.7195
1601.096680	82.511	150.0552
1612.698975	82.529	150.4739
1624.385254	82.582	150.9195
1636.156250	82.671	151.3330
1648.012451	82.792	151.6581
1659.954590	82.941	151.8465
1671.983398	83.112	151.8614
1684.099243	83.298	151.6796
1696.302856	83.491	151.2913
1708.594971	83.685	150.6984
1720.976196	83.873	149.9127
1733.447144	84.051	148.9533
1746.008423	84.213	147.8443
1758.660645	84.357	146.6126
1771.404663	84.482	145.2868
1784.240967	84.585	143.8955
1797.170288	84.666	142.4667
1810.193359	84.727	141.0270
1823.310791	84.768	139.6010
1836.523193	84.790	138.2107
1849.831421	84.797	136.8750
1863.236084	84.790	135.6096
1876.737793	84.773	134.4259
1890.337524	84.750	133.3308
1904.035645	84.723	132.3268
1917.833008	84.696	131.4108
1931.730469	84.672	130.5750
1945.728638	84.654	129.8065
1959.828125	84.645	129.0881
1974.029907	84.646	128.3992
1988.334473	84.657	127.7170
2002.742798	84.679	127.0179
2017.255493	84.709	126.2791
2031.873291	84.747	125.4800
2046.597168	84.789	124.6042
2061.427734	84.831	123.6400
2076.365479	84.870	122.5817
2091.411865	84.901	121.4307
2106.566895	84.920	120.1954
2121.832031	84.922	118.8914
2137.207764	84.905	117.5421
2152.694824	84.864	116.1780
2168.294189	84.799	114.8369
2184.006592	84.707	113.5629
2199.832764	84.590	112.4053
2215.773682	84.450	111.4166
2231.830078	84.294	110.6487
2248.002686	84.129	110.1476
2264.292725	83.967	109.9458
2280.700684	83.821	110.0526
2297.227539	83.707	110.4446
2313.874268	83.639	111.0590
2330.641602	83.628	111.7949
2347.530273	83.679	112.5242
2364.541504	83.789	113.1118
2381.676025	83.948	113.4388
2398.934570	84.141	113.4206
2416.318359	84.350	113.0155
2433.827881	84.557	112.2242
2451.464355	84.747	111.0823
2469.228760	84.907	109.6497
2487.121826	85.028	108.0025
2505.144531	85.105	106.2249
2523.297852	85.136	104.4026
2541.582764	85.125	102.6183
2560.000000	85.075	100.9452
2578.550781	84.996	99.4424
2597.236084	84.898	98.1474
2616.056641	84.794	97.0704
2635.013672	84.695	96.1907
2654.108154	84.611	95.4577
2673.340820	84.547	94.7991
2692.713135	84.503	94.1349
2712.225586	84.475	93.3952
2731.879395	84.451	92.5358
2751.675781	84.419	91.5483
2771.615479	84.368	90.4639
2791.699707	84.287	89.3503
2811.929688	84.170	88.3050
2832.305908	84.018	87.4447
2852.830078	83.839	86.8913
2873.502930	83.650	86.7516
2894.325439	83.474	87.0891
2915.298828	83.340	87.8935
2936.424316	83.278	89.0555
2957.702881	83.308	90.3706
2979.135742	83.433	91.5793
3000.723633	83.641	92.4353
3022.468262	83.903	92.7674
3044.370117	84.188	92.5070
3066.430908	84.465	91.6794
3088.651611	84.709	90.3778
3111.033203	84.903	88.7328
3133.577148	85.040	86.8893
3156.284180	85.120	84.9905
3179.156006	85.148	83.1647
3202.193359	85.137	81.5142
3225.397949	85.102	80.1038
3248.770508	85.064	78.9503
3272.312500	85.039	78.0167
3296.024902	85.042	77.2177
3319.909180	85.077	76.4376
3343.966797	85.140	75.5594
3368.198486	85.222	74.4948
3392.605713	85.304	73.2044
3417.189941	85.369	71.7051
3441.952393	85.405	70.0635
3466.894287	85.403	68.3822
3492.016846	85.364	66.7807
3517.321289	85.295	65.3728
3542.809326	85.213	64.2405
3568.481934	85.142	63.4070
3594.340576	85.105	62.8168
3620.386719	85.119	62.3350
3646.621582	85.189	61.7770
3673.046387	85.306	60.9609
3699.662842	85.448	59.7596
3726.472168	85.587	58.1306
3753.475586	85.696	56.1172
3780.675049	85.756	53.8269
3808.071289	85.755	51.4045
3835.666016	85.692	49.0028
3863.460938	85.575	46.7565
3891.457275	85.419	44.7589
3919.656250	85.245	43.0440
3948.059814	85.069	41.5820
3976.668945	84.906	40.2930
4005.485596	84.758	39.0792
4034.510986	84.619	37.8643
4063.746582	84.479	36.6219
4093.194336	84.326	35.3825
4122.855469	84.154	34.2190
4152.730957	83.963	33.2190
4182.823730	83.761	32.4533
4213.133789	83.563	31.9521
4243.664062	83.383	31.6941
4274.415527	83.234	31.6133
4305.389648	83.121	31.6202
4336.588379	83.046	31.6238
4368.013184	83.005	31.5460
4399.665527	82.991	31.3260
4431.547363	82.994	30.9209
4463.660156	83.002	30.3095
4496.005371	83.003	29.5015
4528.585449	82.983	28.5445
4561.401367	82.933	27.5242
4594.455078	82.851	26.5504
4627.748535	82.743	25.7316
4661.283203	82.621	25.1433
4695.060547	82.502	24.8030
4729.083008	82.400	24.6647
4763.352051	82.325	24.6417
4797.869141	82.275	24.6481
4832.636719	82.245	24.6375
4867.655762	82.230	24.6169
4902.928711	82.226	24.6287
4938.457520	82.239	24.7130
4974.243652	82.281	24.8696
5010.289062	82.361	25.0368
5046.595703	82.484	25.0986
5083.165527	82.643	24.9218
5120.000000	82.824	24.4034
5157.101562	83.003	23.5076
5194.472168	83.161	22.2762
5232.113281	83.282	20.8147
5270.027344	83.362	19.2595
5308.216309	83.405	17.7374
5346.681641	83.424	16.3291
5385.426270	83.435	15.0479
5424.451172	83.449	13.8479
5463.758789	83.467	12.6619
5503.351562	83.485	11.4481
5543.230957	83.495	10.2184
5583.399414	83.495	9.0290
5623.859375	83.489	7.9425
5664.611816	83.491	6.9816
5705.660156	83.512	6.1029
5747.005859	83.558	5.2096
5788.650879	83.625	4.1954
5830.597656	83.701	2.9938
5872.848633	83.770	1.6057
5915.405762	83.819	0.0936
5958.271484	83.845	-1.4487
6001.447266	83.852	-2.9346
6044.936523	83.853	-4.3186
6088.740234	83.858	-5.6130
6132.861816	83.874	-6.8757
6177.303223	83.903	-8.1738
6222.066406	83.937	-9.5461
6267.154297	83.972	-10.9893
6312.568359	84.004	-12.4785
6358.312012	84.037	-14.0050
6404.386719	84.074	-15.5990
6450.795898	84.110	-17.3158
6497.541016	84.135	-19.1925
6544.625000	84.134	-21.2074
6592.049805	84.094	-23.2725
6639.818359	84.013	-25.2626
6687.933594	83.899	-27.0626
6736.396973	83.767	-28.6060
6785.211426	83.632	-29.8845
6834.379883	83.508	-30.9299
6883.904785	83.403	-31.7841
6933.788574	83.324	-32.4865
6984.033691	83.278	-33.0853
7034.642578	83.268	-33.6564
7085.618652	83.296	-34.2988
7136.963867	83.351	-35.1001
7188.681152	83.421	-36.0972
7240.773438	83.493	-37.2668
7293.243164	83.563	-38.5538
7346.092773	83.630	-39.9132
7399.325684	83.699	-41.3346
7452.944336	83.770	-42.8353
7506.951172	83.841	-44.4375
7561.350098	83.908	-46.1492
7616.142578	83.965	-47.9624
7671.332031	84.008	-49.8588
7726.921875	84.033	-51.8129
7782.914551	84.037	-53.7878
7839.312500	84.017	-55.7314
7896.119629	83.975	-57.5792
7953.337891	83.918	-59.2695
8010.971191	83.857	-60.7645
8069.021973	83.805	-62.0681
8127.493164	83.773	-63.2261
8186.388672	83.770	-64.3138
8245.710938	83.794	-65.4155
8305.461914	83.840	-66.6024
8365.647461	83.899	-67.9095
8426.267578	83.961	-69.3222
8487.328125	84.022	-70.7882
8548.831055	84.084	-72.2540
8610.779297	84.153	-73.7024
8673.176758	84.238	-75.1599
8736.026367	84.338	-76.6779
8799.331055	84.452	-78.3110
8863.094727	84.572	-80.1061
8927.320312	84.689	-82.0897
8992.010742	84.788	-84.2465
9057.170898	84.863	-86.5125
9122.802734	84.910	-88.7980
9188.910156	84.937	-91.0318
9255.497070	84.953	-93.1844
9322.566406	84.965	-95.2630
9390.121094	84.981	-97.2921
9458.166016	85.004	-99.3093
9526.704102	85.033	-101.3658
9595.738281	85.063	-103.5128
9665.273438	85.085	-105.7723
9735.311523	85.089	-108.1193
9805.857422	85.068	-110.4933
9876.915039	85.023	-112.8257
9948.487305	84.956	-115.0586
10020.578125	84.875	-117.1444
10093.191406	84.787	-119.0490
10166.331055	84.704	-120.7714
10240.000000	84.636	-122.3560
10314.203125	84.586	-123.8699
10388.944336	84.550	-125.3593
10464.226562	84.525	-126.8297
10540.054688	84.510	-128.2634
10616.432617	84.511	-129.6497
10693.363281	84.531	-131.0045
10770.852539	84.577	-132.3754
10848.902344	84.648	-133.8347
10927.517578	84.741	-135.4657
11006.703125	84.842	-137.3326
11086.461914	84.936	-139.4477
11166.798828	85.011	-141.7607
11247.718750	85.060	-144.1866
11329.223633	85.086	-146.6517
11411.320312	85.094	-149.1212
11494.011719	85.089	-151.5946
11577.301758	85.071	-154.0878
11661.195312	85.036	-156.6121
11745.697266	84.977	-159.1457
11830.811523	84.889	-161.6148
11916.542969	84.776	-163.9132
12002.894531	84.654	-165.9708
12089.873047	84.544	-167.8148
12177.480469	84.458	-169.5689
12265.723633	84.397	-171.3967
12354.606445	84.343	-173.4279
12444.132812	84.271	-175.6930
12534.308594	84.159	-178.1049
12625.136719	83.992	179.5002
12716.624023	83.772	177.3053
12808.773438	83.510	175.4797
12901.591797	83.227	174.1455
12995.082031	82.952	173.3448
13089.250000	82.711	173.0326
13184.099609	82.530	173.0807
13279.636719	82.420	173.2856
13375.867188	82.380	173.4165
13472.793945	82.396	173.2938
13570.422852	82.445	172.8359
13668.759766	82.505	172.0580
13767.809570	82.561	171.0381
13867.577148	82.610	169.8685
13968.067383	82.652	168.6151
14069.285156	82.690	167.3035
14171.237305	82.730	165.9314
14273.927734	82.771	164.4785
14377.362305	82.815	162.9153
14481.546875	82.858	161.2145
14586.486328	82.895	159.3631
14692.185547	82.920	157.3669
14798.651367	82.927	155.2513
14905.888672	82.912	153.0635
15013.902344	82.874	150.8656
15122.700195	82.817	148.7159
15232.285156	82.747	146.6550
15342.664062	82.673	144.6993
15453.843750	82.602	142.8332
15565.829102	82.540	141.0125
15678.625000	82.489	139.1823
15792.239258	82.447	137.2861
15906.675781	82.409	135.2719
16021.942383	82.365	133.1088
16138.043945	82.303	130.8069
16254.986328	82.210	128.4311
16372.777344	82.083	126.0984
16491.421875	81.924	123.9398
16610.923828	81.751	122.0410
16731.294922	81.584	120.4000
16852.535156	81.440	118.9191
16974.656250	81.326	117.4382
17097.662109	81.237	115.8083
17221.558594	81.157	113.9486
17346.353516	81.069	111.8661
17472.052734	80.960	109.6389
17598.662109	80.825	107.3759
17726.189453	80.671	105.1732
17854.640625	80.507	103.0802
17984.021484	80.347	101.0806
18114.341797	80.200	99.1021
18245.605469	80.067	97.0499
18377.820312	79.939	94.8529
18510.994141	79.805	92.4954
18645.132812	79.652	90.0197
18780.242188	79.472	87.5046
18916.332031	79.265	85.0325
19053.408203	79.034	82.6695
19191.476562	78.786	80.4534
19330.546875	78.531	78.3842
19470.623047	78.283	76.4139
19611.714844	78.057	74.4344
19753.830078	77.870	72.2759
19896.974609	77.736	69.7271
