* Measurement data measured by REW V5.31.3
* Source: Trace Arithmetic result Merge B to A
* Format: Trace Arithmetic result Merge B to A
* Dated: 20:28:32 06/09/2025
* REW Settings:
*  C-weighting compensation: Off
*  Target level: 75.0 dB
* Note: Trace Arithmetic B to A at 220 Hz A = 638 378 Woofer Far Field B = 638 378 Near Field Diffract B was scaled by 0.5 dB and shifted by 0.847 ms to align a 67.1 degree phase difference
* Measurement: 638 378 Woofer Combined
* Smoothing: 1/12 octave
* Frequency Step: 1/96 octave
* Start Frequency: 20.885 Hz
*
* Freq(Hz)	SPL(dB)	Phase(degrees)
20.885475	57.373	168.4751
21.036821	57.565	167.2931
21.189262	57.842	165.6429
21.342808	58.173	163.6784
21.497467	58.533	161.5309
21.653246	58.908	159.2864
21.810154	59.286	156.9946
21.968201	59.661	154.6821
22.127390	60.032	152.3617
22.287735	60.396	150.0394
22.449242	60.753	147.7174
22.611917	61.102	145.3963
22.775772	61.443	143.0762
22.940815	61.777	140.7566
23.107054	62.104	138.4371
23.274498	62.423	136.1173
23.443153	62.736	133.7968
23.613033	63.041	131.4752
23.784142	63.340	129.1524
23.956491	63.632	126.8279
24.130091	63.917	124.5016
24.304947	64.196	122.1733
24.481071	64.468	119.8428
24.658470	64.734	117.5101
24.837156	64.994	115.1752
25.017136	65.247	112.8379
25.198421	65.494	110.4984
25.381020	65.735	108.1566
25.564941	65.969	105.8126
25.750195	66.198	103.4666
25.936790	66.420	101.1186
26.124741	66.636	98.7688
26.314051	66.846	96.4176
26.504732	67.050	94.0651
26.696796	67.248	91.7115
26.890253	67.440	89.3572
27.085112	67.625	87.0025
27.281382	67.805	84.6479
27.479073	67.978	82.2937
27.678198	68.145	79.9403
27.878765	68.306	77.5883
28.080786	68.460	75.2382
28.284271	68.609	72.8906
28.489231	68.751	70.5461
28.695675	68.886	68.2055
28.903616	69.016	65.8693
29.113064	69.139	63.5384
29.324028	69.255	61.2138
29.536524	69.365	58.8961
29.750557	69.469	56.5865
29.966141	69.566	54.2859
30.183289	69.656	51.9954
30.402010	69.740	49.7161
30.622314	69.817	47.4495
30.844217	69.888	45.1966
31.067726	69.952	42.9591
31.292856	70.009	40.7382
31.519617	70.059	38.5357
31.748020	70.103	36.3532
31.978081	70.140	34.1924
32.209808	70.170	32.0553
32.443211	70.193	29.9437
32.678310	70.210	27.8598
32.915108	70.221	25.8057
33.153625	70.225	23.7838
33.393871	70.223	21.7962
33.635857	70.214	19.8456
33.879597	70.200	17.9344
34.125103	70.180	16.0652
34.372387	70.154	14.2407
34.621464	70.123	12.4636
34.872345	70.087	10.7365
35.125042	70.047	9.0621
35.379574	70.002	7.4430
35.635948	69.954	5.8817
35.894180	69.903	4.3805
36.154285	69.850	2.9415
36.416275	69.795	1.5664
36.680161	69.740	0.2567
36.945961	69.684	-0.9866
37.213688	69.629	-2.1631
37.483353	69.576	-3.2730
37.754974	69.525	-4.3173
38.028561	69.479	-5.2976
38.304131	69.436	-6.2165
38.581699	69.400	-7.0773
38.861279	69.370	-7.8842
39.142883	69.347	-8.6426
39.426529	69.332	-9.3582
39.712231	69.325	-10.0377
40.000000	69.328	-10.6883
40.289856	69.340	-11.3176
40.581814	69.361	-11.9336
40.875885	69.391	-12.5439
41.172089	69.430	-13.1563
41.470440	69.478	-13.7780
41.770950	69.534	-14.4158
42.073643	69.597	-15.0754
42.378525	69.666	-15.7620
42.685616	69.740	-16.4797
42.994934	69.819	-17.2316
43.306492	69.902	-18.0197
43.620308	69.987	-18.8451
43.936401	70.073	-19.7080
44.254780	70.160	-20.6075
44.575470	70.247	-21.5420
44.898483	70.332	-22.5094
45.223835	70.416	-23.5066
45.551544	70.497	-24.5304
45.881630	70.575	-25.5768
46.214108	70.649	-26.6418
46.548996	70.720	-27.7212
46.886307	70.788	-28.8105
47.226067	70.851	-29.9054
47.568283	70.910	-31.0014
47.912983	70.966	-32.0946
48.260181	71.018	-33.1811
48.609894	71.066	-34.2573
48.962143	71.112	-35.3201
49.316940	71.156	-36.3669
49.674313	71.197	-37.3958
50.034271	71.237	-38.4052
50.396843	71.277	-39.3943
50.762039	71.316	-40.3632
51.129883	71.355	-41.3122
51.500389	71.395	-42.2426
51.873581	71.437	-43.1563
52.249481	71.480	-44.0556
52.628101	71.525	-44.9434
53.009464	71.573	-45.8230
53.393593	71.623	-46.6976
53.780506	71.675	-47.5710
54.170223	71.730	-48.4464
54.562763	71.787	-49.3273
54.958145	71.845	-50.2164
55.356396	71.905	-51.1165
55.757530	71.967	-52.0294
56.161572	72.028	-52.9565
56.568542	72.090	-53.8985
56.978462	72.151	-54.8554
57.391350	72.211	-55.8268
57.807232	72.270	-56.8114
58.226128	72.327	-57.8075
58.648056	72.382	-58.8129
59.073048	72.434	-59.8251
59.501114	72.483	-60.8413
59.932281	72.530	-61.8586
60.366577	72.574	-62.8740
60.804020	72.616	-63.8848
61.244629	72.655	-64.8885
61.688435	72.692	-65.8830
62.135452	72.727	-66.8663
62.585712	72.761	-67.8375
63.039234	72.793	-68.7958
63.496040	72.825	-69.7413
63.956161	72.857	-70.6745
64.419617	72.888	-71.5967
64.886421	72.920	-72.5094
65.356621	72.953	-73.4148
65.830215	72.986	-74.3152
66.307251	73.019	-75.2129
66.787743	73.054	-76.1103
67.271713	73.088	-77.0097
67.759193	73.123	-77.9129
68.250206	73.157	-78.8211
68.744774	73.191	-79.7352
69.242928	73.223	-80.6554
69.744690	73.255	-81.5810
70.250084	73.284	-82.5108
70.759148	73.311	-83.4430
71.271896	73.335	-84.3752
71.788361	73.357	-85.3047
72.308571	73.376	-86.2284
72.832550	73.393	-87.1430
73.360321	73.406	-88.0455
73.891922	73.418	-88.9331
74.427376	73.427	-89.8032
74.966705	73.435	-90.6539
75.509949	73.442	-91.4840
76.057121	73.449	-92.2932
76.608261	73.456	-93.0817
77.163399	73.463	-93.8509
77.722557	73.471	-94.6027
78.285767	73.481	-95.3401
78.853058	73.493	-96.0660
79.424461	73.507	-96.7843
80.000000	73.522	-97.4986
80.579712	73.539	-98.2126
81.163628	73.558	-98.9295
81.751770	73.578	-99.6523
82.344177	73.599	-100.3831
82.940880	73.620	-101.1232
83.541901	73.640	-101.8731
84.147285	73.660	-102.6324
84.757050	73.677	-103.3999
85.371231	73.693	-104.1735
85.989868	73.707	-104.9507
86.612984	73.718	-105.7284
87.240616	73.726	-106.5030
87.872803	73.732	-107.2711
88.509560	73.735	-108.0291
89.150940	73.735	-108.7738
89.796967	73.733	-109.5023
90.447670	73.730	-110.2126
91.103088	73.725	-110.9031
91.763260	73.720	-111.5732
92.428215	73.715	-112.2232
93.097992	73.710	-112.8541
93.772614	73.706	-113.4679
94.452133	73.703	-114.0670
95.136566	73.702	-114.6544
95.825966	73.702	-115.2333
96.520363	73.704	-115.8068
97.219788	73.706	-116.3775
97.924286	73.710	-116.9476
98.633881	73.714	-117.5185
99.348625	73.719	-118.0906
100.068542	73.723	-118.6634
100.793686	73.727	-119.2357
101.524078	73.729	-119.8053
102.259766	73.731	-120.3699
103.000778	73.732	-120.9269
103.747162	73.733	-121.4739
104.498962	73.733	-122.0091
105.256203	73.733	-122.5317
106.018929	73.734	-123.0416
106.787186	73.736	-123.5400
107.561012	73.739	-124.0290
108.340446	73.744	-124.5116
109.125526	73.751	-124.9911
109.916290	73.760	-125.4710
110.712791	73.770	-125.9543
111.515060	73.781	-126.4433
112.323143	73.792	-126.9395
113.137085	73.804	-127.4432
113.956924	73.816	-127.9538
114.782700	73.827	-128.4698
115.614464	73.838	-128.9895
116.452255	73.847	-129.5108
117.296112	73.856	-130.0322
118.146095	73.865	-130.5525
119.002228	73.872	-131.0711
119.864563	73.880	-131.5882
120.733154	73.887	-132.1044
121.608040	73.893	-132.6206
122.489258	73.900	-133.1375
123.376869	73.906	-133.6554
124.270905	73.911	-134.1741
125.171425	73.915	-134.6927
126.078468	73.918	-135.2100
126.992081	73.920	-135.7243
127.912323	73.921	-136.2340
128.839233	73.921	-136.7381
129.772842	73.920	-137.2358
130.713242	73.919	-137.7272
131.660431	73.918	-138.2127
132.614502	73.916	-138.6931
133.575485	73.914	-139.1689
134.543427	73.911	-139.6401
135.518387	73.907	-140.1062
136.500412	73.903	-140.5655
137.489548	73.898	-141.0159
138.485855	73.893	-141.4551
139.489380	73.887	-141.8807
140.500168	73.881	-142.2911
141.518295	73.876	-142.6857
142.543793	73.873	-143.0652
143.576721	73.871	-143.4317
144.617142	73.872	-143.7881
145.665100	73.875	-144.1385
146.720642	73.882	-144.4870
147.783844	73.891	-144.8383
148.854752	73.904	-145.1968
149.933411	73.919	-145.5675
151.019897	73.937	-145.9552
152.114243	73.957	-146.3647
153.216522	73.977	-146.8007
154.326797	73.998	-147.2668
155.445114	74.018	-147.7650
156.571533	74.035	-148.2947
157.706116	74.048	-148.8526
158.848923	74.055	-149.4318
160.000000	74.056	-150.0229
161.159424	74.050	-150.6143
162.327255	74.037	-151.1936
163.503540	74.017	-151.7488
164.688354	73.992	-152.2696
165.881760	73.962	-152.7480
167.083801	73.930	-153.1788
168.294571	73.896	-153.5596
169.514099	73.864	-153.8899
170.742462	73.833	-154.1717
171.979736	73.807	-154.4091
173.225967	73.785	-154.6089
174.481232	73.771	-154.7809
175.745605	73.764	-154.9383
177.019119	73.766	-155.0975
178.301880	73.775	-155.2757
179.593933	73.789	-155.4888
180.895340	73.807	-155.7482
182.206177	73.825	-156.0580
183.526520	73.841	-156.4135
184.856430	73.851	-156.8020
186.195984	73.854	-157.2049
187.545227	73.850	-157.6008
188.904266	73.840	-157.9701
190.273132	73.827	-158.2987
191.651932	73.812	-158.5798
193.040726	73.798	-158.8154
194.439575	73.788	-159.0143
195.848572	73.784	-159.1899
197.267761	73.785	-159.3569
198.697250	73.791	-159.5288
200.137085	73.802	-159.7161
201.587372	73.816	-159.9255
203.048157	73.831	-160.1600
204.519531	73.847	-160.4199
206.001556	73.862	-160.7022
207.494324	73.874	-161.0020
208.997925	73.884	-161.3127
210.512405	73.892	-161.6270
212.037857	73.897	-161.9380
213.574371	73.900	-162.2408
215.122025	73.902	-162.5333
216.680893	73.904	-162.8160
218.251053	73.906	-163.0915
219.832581	73.909	-163.3631
221.425583	73.913	-163.6333
223.030121	73.917	-163.9033
224.646286	73.921	-164.1725
226.274170	73.925	-164.4392
227.913849	73.928	-164.7016
229.565399	73.930	-164.9584
231.228928	73.933	-165.2093
232.904510	73.935	-165.4544
234.592224	73.937	-165.6943
236.292191	73.939	-165.9293
238.004456	73.941	-166.1596
239.729126	73.943	-166.3853
241.466309	73.945	-166.6065
243.216080	73.948	-166.8231
244.978516	73.950	-167.0357
246.753738	73.953	-167.2445
248.541809	73.957	-167.4499
250.342850	73.960	-167.6522
252.156937	73.965	-167.8515
253.984161	73.970	-168.0481
255.824646	73.975	-168.2421
257.678467	73.981	-168.4340
259.545685	73.988	-168.6239
261.426483	73.995	-168.8124
263.320862	74.004	-168.9996
265.229004	74.013	-169.1859
267.150970	74.023	-169.3714
269.086853	74.034	-169.5568
271.036774	74.046	-169.7421
273.000824	74.059	-169.9279
274.979095	74.073	-170.1143
276.971710	74.088	-170.3019
278.978760	74.104	-170.4908
281.000336	74.121	-170.6815
283.036591	74.139	-170.8743
285.087585	74.157	-171.0696
287.153442	74.177	-171.2677
289.234283	74.198	-171.4689
291.330200	74.219	-171.6736
293.441284	74.241	-171.8820
295.567688	74.264	-172.0946
297.709503	74.288	-172.3116
299.866821	74.312	-172.5333
302.039795	74.337	-172.7600
304.228485	74.362	-172.9920
306.433044	74.388	-173.2295
308.653595	74.414	-173.4727
310.890228	74.441	-173.7220
313.143066	74.468	-173.9775
315.412231	74.495	-174.2393
317.697845	74.522	-174.5077
320.000000	74.549	-174.7828
322.318848	74.577	-175.0647
324.654510	74.604	-175.3535
327.007080	74.632	-175.6493
329.376709	74.659	-175.9521
331.763519	74.686	-176.2620
334.167603	74.712	-176.5789
336.589142	74.739	-176.9028
339.028198	74.764	-177.2337
341.484924	74.790	-177.5713
343.959473	74.814	-177.9157
346.451935	74.838	-178.2666
348.962463	74.861	-178.6238
351.491211	74.883	-178.9870
354.038239	74.904	-179.3561
356.603760	74.924	-179.7306
359.187866	74.943	179.8898
361.790680	74.961	179.5054
364.412354	74.977	179.1169
367.053040	74.992	178.7245
369.712860	75.006	178.3290
372.391968	75.019	177.9307
375.090454	75.029	177.5305
377.808533	75.039	177.1288
380.546265	75.047	176.7264
383.303864	75.053	176.3242
386.081451	75.058	175.9228
388.879150	75.061	175.5231
391.697144	75.063	175.1259
394.535522	75.062	174.7323
397.394501	75.060	174.3430
400.274170	75.057	173.9591
403.174744	75.051	173.5816
406.096313	75.045	173.2114
409.039062	75.036	172.8497
412.003113	75.026	172.4974
414.988647	75.015	172.1555
417.995850	75.003	171.8251
421.024811	74.990	171.5073
424.075714	74.976	171.2029
427.148743	74.962	170.9129
430.244049	74.947	170.6382
433.361786	74.932	170.3796
436.502106	74.916	170.1378
439.665161	74.901	169.9135
442.851166	74.886	169.7073
446.060242	74.872	169.5194
449.292572	74.859	169.3503
452.548340	74.846	169.1998
455.827698	74.835	169.0681
459.130798	74.826	168.9547
462.457855	74.819	168.8591
465.809021	74.815	168.7808
469.184448	74.812	168.7185
472.584381	74.813	168.6713
476.008911	74.817	168.6376
479.458252	74.825	168.6157
482.932617	74.837	168.6038
486.432159	74.852	168.5994
489.957031	74.872	168.6005
493.507477	74.897	168.6042
497.083618	74.926	168.6079
500.685699	74.960	168.6087
504.313873	74.998	168.6035
507.968323	75.042	168.5892
511.649292	75.090	168.5628
515.356934	75.144	168.5212
519.091370	75.201	168.4613
522.852966	75.264	168.3802
526.641724	75.330	168.2750
530.458008	75.400	168.1433
534.301941	75.474	167.9825
538.173706	75.551	167.7904
542.073547	75.631	167.5652
546.001648	75.713	167.3052
549.958191	75.797	167.0090
553.943420	75.882	166.6756
557.957520	75.968	166.3042
562.000671	76.055	165.8942
566.073181	76.142	165.4455
570.175171	76.229	164.9581
574.306885	76.314	164.4325
578.468567	76.398	163.8691
582.660400	76.480	163.2689
586.882568	76.560	162.6329
591.135376	76.638	161.9625
595.419006	76.712	161.2591
599.733643	76.783	160.5244
604.079590	76.851	159.7601
608.456970	76.914	158.9686
612.866089	76.973	158.1518
617.307190	77.028	157.3121
621.780457	77.079	156.4519
626.286133	77.124	155.5739
630.824463	77.165	154.6805
635.395691	77.200	153.7748
640.000000	77.230	152.8595
644.637695	77.255	151.9374
649.309021	77.275	151.0117
654.014160	77.291	150.0852
658.753418	77.301	149.1611
663.527039	77.306	148.2422
668.335205	77.307	147.3315
673.178284	77.303	146.4319
678.056396	77.296	145.5462
682.969849	77.284	144.6769
687.918945	77.269	143.8265
692.903870	77.251	142.9970
697.924927	77.231	142.1902
702.982422	77.208	141.4075
708.076477	77.184	140.6498
713.207520	77.159	139.9176
718.375732	77.134	139.2107
723.581360	77.109	138.5282
728.824707	77.085	137.8685
734.106079	77.064	137.2293
739.425720	77.045	136.6075
744.783936	77.029	135.9992
750.180908	77.017	135.3997
755.617065	77.009	134.8037
761.092529	77.005	134.2051
766.607727	77.006	133.5975
772.162903	77.011	132.9739
777.758301	77.021	132.3273
783.394287	77.036	131.6503
789.071045	77.054	130.9361
794.789001	77.075	130.1777
800.548340	77.098	129.3690
806.349487	77.122	128.5042
812.192627	77.147	127.5785
818.078125	77.171	126.5876
824.006226	77.192	125.5284
829.977295	77.209	124.3989
835.991699	77.221	123.1975
842.049622	77.226	121.9241
848.151428	77.223	120.5796
854.297485	77.209	119.1656
860.488098	77.184	117.6849
866.723572	77.145	116.1413
873.004211	77.091	114.5395
879.330322	77.020	112.8853
885.702332	76.930	111.1857
892.120483	76.819	109.4487
898.585144	76.686	107.6841
905.096680	76.529	105.9030
911.655396	76.344	104.1186
918.261597	76.131	102.3464
924.915710	75.886	100.6051
931.618042	75.608	98.9168
938.368896	75.294	97.3088
945.168762	74.941	95.8142
952.017822	74.547	94.4749
958.916504	74.108	93.3431
965.865234	73.625	92.4857
972.864319	73.095	91.9881
979.914062	72.521	91.9610
987.014954	71.908	92.5453
994.167236	71.266	93.9181
1001.371399	70.619	96.2893
1008.627747	70.002	99.8786
1015.936646	69.469	104.8498
1023.298584	69.089	111.1865
1030.713867	68.928	118.5445
1038.182739	69.027	126.2202
1045.705933	69.379	133.3654
1053.283447	69.932	139.3263
1060.916016	70.617	143.8221
1068.603882	71.365	146.8801
1076.347412	72.129	148.6835
1084.147095	72.875	149.4552
1092.003296	73.585	149.4016
1099.916382	74.248	148.6943
1107.886841	74.860	147.4700
1115.915039	75.419	145.8356
1124.001343	75.925	143.8752
1132.146362	76.379	141.6544
1140.350342	76.783	139.2263
1148.613770	77.139	136.6339
1156.937134	77.449	133.9127
1165.320801	77.713	131.0930
1173.765137	77.933	128.2016
1182.270752	78.111	125.2620
1190.838013	78.248	122.2960
1199.467285	78.345	119.3243
1208.159180	78.403	116.3668
1216.913940	78.423	113.4434
1225.732178	78.406	110.5740
1234.614380	78.353	107.7793
1243.560913	78.265	105.0805
1252.572266	78.145	102.4997
1261.648926	77.993	100.0602
1270.791382	77.812	97.7857
1280.000000	77.605	95.7004
1289.275391	77.375	93.8279
1298.618042	77.127	92.1908
1308.028320	76.867	90.8081
1317.506836	76.599	89.6938
1327.054077	76.333	88.8541
1336.670410	76.075	88.2847
1346.356567	75.833	87.9684
1356.112793	75.616	87.8733
1365.939697	75.430	87.9536
1375.837891	75.279	88.1512
1385.807739	75.166	88.4019
1395.849854	75.090	88.6405
1405.964844	75.046	88.8081
1416.152954	75.029	88.8578
1426.415039	75.031	88.7581
1436.751465	75.044	88.4942
1447.162720	75.060	88.0675
1457.649414	75.071	87.4931
1468.212158	75.071	86.7975
1478.851440	75.055	86.0155
1489.567871	75.020	85.1882
1500.361816	74.965	84.3604
1511.234131	74.889	83.5780
1522.185059	74.796	82.8868
1533.215454	74.687	82.3291
1544.325806	74.570	81.9409
1555.516602	74.453	81.7482
1566.788574	74.343	81.7621
1578.142090	74.250	81.9758
1589.578003	74.186	82.3603
1601.096680	74.157	82.8652
1612.698975	74.170	83.4212
1624.385254	74.226	83.9475
1636.156250	74.325	84.3615
1648.012451	74.460	84.5891
1659.954590	74.624	84.5726
1671.983398	74.804	84.2756
1684.099243	74.992	83.6833
1696.302856	75.175	82.8007
1708.594971	75.346	81.6479
1720.976196	75.495	80.2572
1733.447144	75.618	78.6685
1746.008423	75.708	76.9269
1758.660645	75.763	75.0802
1771.404663	75.781	73.1779
1784.240967	75.762	71.2701
1797.170288	75.706	69.4062
1810.193359	75.617	67.6350
1823.310791	75.496	66.0027
1836.523193	75.351	64.5512
1849.831421	75.186	63.3160
1863.236084	75.012	62.3228
1876.737793	74.837	61.5831
1890.337524	74.672	61.0911
1904.035645	74.527	60.8202
1917.833008	74.410	60.7226
1931.730469	74.330	60.7320
1945.728638	74.288	60.7705
1959.828125	74.284	60.7578
1974.029907	74.313	60.6212
1988.334473	74.367	60.3043
2002.742798	74.437	59.7717
2017.255493	74.512	59.0103
2031.873291	74.582	58.0274
2046.597168	74.637	56.8469
2061.427734	74.672	55.5057
2076.365479	74.680	54.0492
2091.411865	74.658	52.5286
2106.566895	74.604	50.9976
2121.832031	74.519	49.5103
2137.207764	74.406	48.1188
2152.694824	74.269	46.8706
2168.294189	74.113	45.8053
2184.006592	73.946	44.9515
2199.832764	73.778	44.3231
2215.773682	73.617	43.9162
2231.830078	73.473	43.7075
2248.002686	73.353	43.6559
2264.292725	73.262	43.7065
2280.700684	73.202	43.7981
2297.227539	73.173	43.8714
2313.874268	73.171	43.8775
2330.641602	73.190	43.7826
2347.530273	73.224	43.5694
2364.541504	73.268	43.2361
2381.676025	73.318	42.7916
2398.934570	73.370	42.2501
2416.318359	73.423	41.6260
2433.827881	73.477	40.9299
2451.464355	73.533	40.1650
2469.228760	73.591	39.3271
2487.121826	73.651	38.4057
2505.144531	73.711	37.3874
2523.297852	73.769	36.2596
2541.582764	73.821	35.0148
2560.000000	73.863	33.6539
2578.550781	73.891	32.1880
2597.236084	73.900	30.6381
2616.056641	73.888	29.0335
2635.013672	73.852	27.4089
2654.108154	73.792	25.8005
2673.340820	73.711	24.2416
2692.713135	73.612	22.7585
2712.225586	73.497	21.3680
2731.879395	73.370	20.0760
2751.675781	73.236	18.8796
2771.615479	73.094	17.7705
2791.699707	72.946	16.7432
2811.929688	72.790	15.8009
2832.305908	72.623	14.9629
2852.830078	72.445	14.2672
2873.502930	72.258	13.7686
2894.325439	72.066	13.5300
2915.298828	71.881	13.6077
2936.424316	71.719	14.0290
2957.702881	71.599	14.7706
2979.135742	71.538	15.7418
3000.723633	71.548	16.7906
3022.468262	71.631	17.7325
3044.370117	71.774	18.3971
3066.430908	71.958	18.6713
3088.651611	72.157	18.5203
3111.033203	72.350	17.9843
3133.577148	72.520	17.1594
3156.284180	72.658	16.1716
3179.156006	72.766	15.1532
3202.193359	72.850	14.2198
3225.397949	72.926	13.4503
3248.770508	73.011	12.8705
3272.312500	73.124	12.4449
3296.024902	73.278	12.0836
3319.909180	73.475	11.6639
3343.966797	73.714	11.0634
3368.198486	73.980	10.1891
3392.605713	74.261	8.9955
3417.189941	74.541	7.4838
3441.952393	74.810	5.6903
3466.894287	75.060	3.6699
3492.016846	75.290	1.4796
3517.321289	75.500	-0.8328
3542.809326	75.695	-3.2368
3568.481934	75.878	-5.7205
3594.340576	76.052	-8.2883
3620.386719	76.219	-10.9556
3646.621582	76.377	-13.7405
3673.046387	76.524	-16.6581
3699.662842	76.655	-19.7154
3726.472168	76.768	-22.9093
3753.475586	76.856	-26.2267
3780.675049	76.918	-29.6471
3808.071289	76.950	-33.1436
3835.666016	76.950	-36.6862
3863.460938	76.919	-40.2423
3891.457275	76.856	-43.7789
3919.656250	76.763	-47.2629
3948.059814	76.644	-50.6636
3976.668945	76.504	-53.9559
4005.485596	76.348	-57.1248
4034.510986	76.185	-60.1699
4063.746582	76.021	-63.1104
4093.194336	75.864	-65.9855
4122.855469	75.718	-68.8502
4152.730957	75.581	-71.7655
4182.823730	75.448	-74.7856
4213.133789	75.311	-77.9441
4243.664062	75.159	-81.2462
4274.415527	74.981	-84.6665
4305.389648	74.767	-88.1536
4336.588379	74.514	-91.6404
4368.013184	74.221	-95.0573
4399.665527	73.892	-98.3444
4431.547363	73.535	-101.4637
4463.660156	73.160	-104.4057
4496.005371	72.775	-107.1890
4528.585449	72.388	-109.8544
4561.401367	72.002	-112.4522
4594.455078	71.616	-115.0317
4627.748535	71.226	-117.6305
4661.283203	70.824	-120.2693
4695.060547	70.401	-122.9474
4729.083008	69.948	-125.6377
4763.352051	69.453	-128.2819
4797.869141	68.908	-130.7874
4832.636719	68.308	-133.0316
4867.655762	67.655	-134.8766
4902.928711	66.958	-136.1957
4938.457520	66.236	-136.9060
4974.243652	65.508	-136.9899
5010.289062	64.796	-136.4878
5046.595703	64.114	-135.4554
5083.165527	63.474	-133.9117
5120.000000	62.886	-131.8279
5157.101562	62.369	-129.1863
5194.472168	61.950	-126.0826
5232.113281	61.651	-122.7881
5270.027344	61.476	-119.6813
5308.216309	61.405	-117.0804
5346.681641	61.399	-115.1117
5385.426270	61.424	-113.7068
5424.451172	61.453	-112.6898
5463.758789	61.478	-111.8679
5503.351562	61.502	-111.0896
5543.230957	61.533	-110.2667
5583.399414	61.585	-109.3754
5623.859375	61.670	-108.4467
5664.611816	61.795	-107.5471
5705.660156	61.962	-106.7526
5747.005859	62.172	-106.1298
5788.650879	62.423	-105.7338
5830.597656	62.711	-105.6240
5872.848633	63.030	-105.8731
5915.405762	63.367	-106.5524
5958.271484	63.707	-107.6984
6001.447266	64.032	-109.2863
6044.936523	64.330	-111.2360
6088.740234	64.598	-113.4464
6132.861816	64.839	-115.8403
6177.303223	65.059	-118.3884
6222.066406	65.262	-121.1044
6267.154297	65.443	-124.0129
6312.568359	65.598	-127.1162
6358.312012	65.718	-130.3825
6404.386719	65.802	-133.7607
6450.795898	65.853	-137.2078
6497.541016	65.873	-140.7090
6544.625000	65.866	-144.2766
6592.049805	65.827	-147.9263
6639.818359	65.747	-151.6472
6687.933594	65.618	-155.3843
6736.396973	65.435	-159.0458
6785.211426	65.201	-162.5304
6834.379883	64.927	-165.7618
6883.904785	64.626	-168.7095
6933.788574	64.312	-171.3857
6984.033691	63.994	-173.8226
7034.642578	63.679	-176.0555
7085.618652	63.370	-178.1224
7136.963867	63.071	179.9292
7188.681152	62.778	178.0554
7240.773438	62.484	176.2531
7293.243164	62.184	174.5817
7346.092773	61.881	173.1238
7399.325684	61.591	171.8998
7452.944336	61.329	170.8107
7506.951172	61.095	169.6927
7561.350098	60.872	168.4572
7616.142578	60.635	167.1833
7671.332031	60.378	166.0748
7726.921875	60.114	165.3141
7782.914551	59.872	164.9248
7839.312500	59.678	164.7416
7896.119629	59.535	164.5205
7953.337891	59.426	164.1013
8010.971191	59.327	163.4976
8069.021973	59.223	162.8578
8127.493164	59.116	162.3525
8186.388672	59.025	162.0706
8245.710938	58.968	161.9864
8305.461914	58.958	161.9952
8365.647461	59.000	161.9688
8426.267578	59.087	161.7988
8487.328125	59.210	161.4323
8548.831055	59.360	160.8840
8610.779297	59.536	160.1924
8673.176758	59.742	159.3467
8736.026367	59.977	158.2637
8799.331055	60.232	156.8445
8863.094727	60.489	155.0453
8927.320312	60.733	152.8972
8992.010742	60.952	150.4759
9057.170898	61.145	147.8651
9122.802734	61.313	145.1290
9188.910156	61.459	142.2990
9255.497070	61.583	139.3835
9322.566406	61.685	136.3916
9390.121094	61.761	133.3495
9458.166016	61.812	130.3030
9526.704102	61.840	127.3058
9595.738281	61.853	124.3945
9665.273438	61.862	121.5598
9735.311523	61.871	118.7457
9805.857422	61.877	115.8900
9876.915039	61.872	112.9760
9948.487305	61.846	110.0457
10020.578125	61.800	107.1741
10093.191406	61.739	104.4264
10166.331055	61.673	101.8268
10240.000000	61.612	99.3535
10314.203125	61.559	96.9608
10388.944336	61.514	94.6121
10464.226562	61.475	92.3024
10540.054688	61.443	90.0493
10616.432617	61.423	87.8566
10693.363281	61.419	85.6873
10770.852539	61.429	83.4876
10848.902344	61.449	81.2381
10927.517578	61.476	78.9674
11006.703125	61.514	76.7110
11086.461914	61.571	74.4579
11166.798828	61.653	72.1302
11247.718750	61.754	69.6193
11329.223633	61.860	66.8570
11411.320312	61.956	63.8541
11494.011719	62.030	60.6828
11577.301758	62.081	57.4221
11661.195312	62.109	54.1232
11745.697266	62.114	50.8258
11830.811523	62.095	47.5998
11916.542969	62.061	44.5374
12002.894531	62.028	41.6855
12089.873047	62.014	38.9884
12177.480469	62.027	36.3101
12265.723633	62.059	33.5250
12354.606445	62.099	30.5870
12444.132812	62.138	27.5096
12534.308594	62.172	24.3035
12625.136719	62.194	20.9645
12716.624023	62.197	17.5162
12808.773438	62.175	14.0288
12901.591797	62.132	10.5867
12995.082031	62.076	7.2424
13089.250000	62.017	4.0070
13184.099609	61.965	0.8625
13279.636719	61.928	-2.2339
13375.867188	61.912	-5.3605
13472.793945	61.913	-8.6198
13570.422852	61.924	-12.0977
13668.759766	61.931	-15.8332
13767.809570	61.918	-19.8151
13867.577148	61.875	-23.9993
13968.067383	61.794	-28.3256
14069.285156	61.667	-32.7141
14171.237305	61.492	-37.0629
14273.927734	61.274	-41.2678
14377.362305	61.024	-45.2529
14481.546875	60.755	-48.9909
14586.486328	60.479	-52.5003
14692.185547	60.206	-55.8286
14798.651367	59.939	-59.0286
14905.888672	59.675	-62.1216
15013.902344	59.414	-65.0845
15122.700195	59.160	-67.8890
15232.285156	58.921	-70.5494
15342.664062	58.700	-73.1083
15453.843750	58.500	-75.5862
15565.829102	58.321	-77.9691
15678.625000	58.171	-80.2399
15792.239258	58.062	-82.4296
15906.675781	58.007	-84.6573
16021.942383	58.006	-87.1262
16138.043945	58.044	-90.0457
16254.986328	58.092	-93.5268
16372.777344	58.115	-97.5262
16491.421875	58.091	-101.8803
16610.923828	58.011	-106.3854
16731.294922	57.884	-110.8572
16852.535156	57.725	-115.1846
16974.656250	57.561	-119.3800
17097.662109	57.407	-123.5751
17221.558594	57.264	-127.9595
17346.353516	57.115	-132.6743
17472.052734	56.931	-137.7246
17598.662109	56.688	-142.9785
17726.189453	56.377	-148.2390
17854.640625	56.003	-153.3280
17984.021484	55.583	-158.1436
18114.341797	55.134	-162.6628
18245.605469	54.672	-166.9288
18377.820312	54.206	-171.0168
18510.994141	53.736	-174.9788
18645.132812	53.259	-178.8157
18780.242188	52.776	177.4786
18916.332031	52.292	173.8578
19053.408203	51.803	170.2488
19191.476562	51.297	166.6357
19330.546875	50.768	163.1011
19470.623047	50.228	159.7473
19611.714844	49.728	156.4734
19753.830078	49.338	152.7991
