* Measurement data measured by REW V5.20.13
* Source: U18dB [plughw:2,0], no input selected, L, volume: no control
* Format: 256k Log Swept Sine, 1 sweep at 0.0 dBFS with no timing reference
* Dated: 13:43:57 21/02/2023
* REW Settings:
*  C-weighting compensation: Off
*  Target level: 75.0 dB
* Note: 
* Measurement: Woofer and Tweeter Far Field
* Smoothing: 1/24 octave
* Frequency Step: 1/96 octave
* Start Frequency: 302.040 Hz
*
* Freq(Hz)	SPL(dB)	Phase(degrees)
302.039795	91.746	-124.3898
304.228485	91.781	-124.5618
306.433044	91.827	-124.8018
308.653595	91.878	-125.0778
310.890228	91.929	-125.3699
313.143066	91.979	-125.6690
315.412231	92.026	-125.9712
317.697845	92.070	-126.2744
320.000000	92.111	-126.5778
322.318848	92.149	-126.8802
324.654510	92.185	-127.1808
327.007080	92.217	-127.4786
329.376709	92.247	-127.7725
331.763519	92.274	-128.0617
334.167603	92.297	-128.3448
336.589142	92.317	-128.6209
339.028198	92.335	-128.8886
341.484924	92.349	-129.1467
343.959473	92.360	-129.3938
346.451935	92.368	-129.6286
348.962463	92.372	-129.8496
351.491211	92.374	-130.0552
354.038239	92.373	-130.2439
356.603760	92.368	-130.4138
359.187866	92.361	-130.5634
361.790680	92.350	-130.6908
364.412354	92.337	-130.7940
367.053040	92.322	-130.8712
369.712860	92.303	-130.9203
372.391968	92.283	-130.9393
375.090454	92.260	-130.9261
377.808533	92.236	-130.8786
380.546265	92.210	-130.7946
383.303864	92.182	-130.6720
386.081451	92.154	-130.5088
388.879150	92.125	-130.3029
391.697144	92.096	-130.0525
394.535522	92.067	-129.7558
397.394501	92.039	-129.4112
400.274170	92.012	-129.0176
403.174744	91.988	-128.5739
406.096313	91.966	-128.0794
409.039062	91.947	-127.5341
412.003113	91.934	-126.9383
414.988647	91.925	-126.2929
417.995850	91.923	-125.5995
421.024811	91.928	-124.8603
424.075714	91.940	-124.0784
427.148743	91.962	-123.2574
430.244049	91.993	-122.4018
433.361786	92.035	-121.5170
436.502106	92.088	-120.6088
439.665161	92.152	-119.6838
442.851166	92.228	-118.7490
446.060242	92.316	-117.8120
449.292572	92.417	-116.8805
452.548340	92.530	-115.9622
455.827698	92.655	-115.0651
459.130798	92.792	-114.1967
462.457855	92.940	-113.3643
465.809021	93.099	-112.5747
469.184448	93.268	-111.8340
472.584381	93.446	-111.1478
476.008911	93.633	-110.5208
479.458252	93.827	-109.9572
482.932617	94.027	-109.4600
486.432159	94.233	-109.0320
489.957031	94.444	-108.6747
493.507477	94.658	-108.3893
497.083618	94.875	-108.1762
500.685699	95.093	-108.0354
504.313873	95.313	-107.9663
507.968323	95.533	-107.9679
511.649292	95.753	-108.0387
515.356934	95.972	-108.1772
519.091370	96.188	-108.3814
522.852966	96.403	-108.6492
526.641724	96.615	-108.9784
530.458008	96.824	-109.3665
534.301941	97.028	-109.8112
538.173706	97.229	-110.3099
542.073547	97.425	-110.8602
546.001648	97.617	-111.4594
549.958191	97.803	-112.1052
553.943420	97.984	-112.7948
557.957520	98.160	-113.5259
562.000671	98.329	-114.2960
566.073181	98.492	-115.1026
570.175171	98.650	-115.9433
574.306885	98.801	-116.8157
578.468567	98.945	-117.7174
582.660400	99.083	-118.6462
586.882568	99.214	-119.5997
591.135376	99.338	-120.5755
595.419006	99.455	-121.5714
599.733643	99.565	-122.5851
604.079590	99.669	-123.6143
608.456970	99.765	-124.6566
612.866089	99.854	-125.7097
617.307190	99.936	-126.7713
621.780457	100.010	-127.8389
626.286133	100.078	-128.9102
630.824463	100.138	-129.9826
635.395691	100.190	-131.0537
640.000000	100.236	-132.1208
644.637695	100.274	-133.1814
649.309021	100.305	-134.2326
654.014160	100.330	-135.2718
658.753418	100.347	-136.2962
663.527039	100.358	-137.3027
668.335205	100.362	-138.2883
673.178284	100.359	-139.2502
678.056396	100.351	-140.1851
682.969849	100.336	-141.0900
687.918945	100.316	-141.9616
692.903870	100.289	-142.7968
697.924927	100.258	-143.5926
702.982422	100.222	-144.3458
708.076477	100.181	-145.0535
713.207520	100.137	-145.7130
718.375732	100.090	-146.3218
723.581360	100.040	-146.8776
728.824707	99.989	-147.3787
734.106079	99.937	-147.8237
739.425720	99.885	-148.2120
744.783936	99.834	-148.5436
750.180908	99.786	-148.8191
755.617065	99.740	-149.0403
761.092529	99.699	-149.2097
766.607727	99.663	-149.3310
772.162903	99.634	-149.4088
777.758301	99.611	-149.4488
783.394287	99.597	-149.4577
789.071045	99.591	-149.4431
794.789001	99.594	-149.4133
800.548340	99.607	-149.3773
806.349487	99.630	-149.3443
812.192627	99.662	-149.3239
818.078125	99.703	-149.3256
824.006226	99.753	-149.3582
829.977295	99.811	-149.4305
835.991699	99.876	-149.5501
842.049622	99.947	-149.7239
848.151428	100.023	-149.9577
854.297485	100.102	-150.2563
860.488098	100.183	-150.6230
866.723572	100.265	-151.0603
873.004211	100.347	-151.5693
879.330322	100.426	-152.1500
885.702332	100.502	-152.8014
892.120483	100.573	-153.5216
898.585144	100.638	-154.3077
905.096680	100.696	-155.1560
911.655396	100.745	-156.0620
918.261597	100.785	-157.0205
924.915710	100.815	-158.0258
931.618042	100.833	-159.0715
938.368896	100.839	-160.1504
945.168762	100.832	-161.2550
952.017822	100.811	-162.3770
958.916504	100.776	-163.5074
965.865234	100.726	-164.6367
972.864319	100.660	-165.7546
979.914062	100.578	-166.8500
987.014954	100.481	-167.9112
994.167236	100.367	-168.9253
1001.371399	100.237	-169.8789
1008.627747	100.092	-170.7577
1015.936646	99.932	-171.5463
1023.298584	99.758	-172.2293
1030.713867	99.571	-172.7906
1038.182739	99.373	-173.2142
1045.705933	99.167	-173.4849
1053.283447	98.955	-173.5890
1060.916016	98.741	-173.5153
1068.603882	98.528	-173.2563
1076.347412	98.322	-172.8097
1084.147095	98.128	-172.1794
1092.003296	97.951	-171.3771
1099.916382	97.796	-170.4228
1107.886841	97.667	-169.3446
1115.915039	97.569	-168.1780
1124.001343	97.504	-166.9642
1132.146362	97.473	-165.7474
1140.350342	97.474	-164.5717
1148.613770	97.504	-163.4778
1156.937134	97.559	-162.5005
1165.320801	97.634	-161.6667
1173.765137	97.723	-160.9938
1182.270752	97.819	-160.4899
1190.838013	97.917	-160.1538
1199.467285	98.012	-159.9765
1208.159180	98.097	-159.9419
1216.913940	98.170	-160.0285
1225.732178	98.226	-160.2104
1234.614380	98.265	-160.4584
1243.560913	98.284	-160.7408
1252.572266	98.282	-161.0245
1261.648926	98.260	-161.2755
1270.791382	98.220	-161.4602
1280.000000	98.163	-161.5461
1289.275391	98.093	-161.5037
1298.618042	98.014	-161.3078
1308.028320	97.933	-160.9401
1317.506836	97.856	-160.3914
1327.054077	97.791	-159.6638
1336.670410	97.744	-158.7725
1346.356567	97.724	-157.7467
1356.112793	97.735	-156.6284
1365.939697	97.783	-155.4700
1375.837891	97.869	-154.3301
1385.807739	97.990	-153.2678
1395.849854	98.144	-152.3379
1405.964844	98.323	-151.5853
1416.152954	98.521	-151.0428
1426.415039	98.728	-150.7285
1436.751465	98.938	-150.6467
1447.162720	99.142	-150.7891
1457.649414	99.334	-151.1371
1468.212158	99.510	-151.6638
1478.851440	99.664	-152.3371
1489.567871	99.795	-153.1209
1500.361816	99.900	-153.9775
1511.234131	99.979	-154.8688
1522.185059	100.033	-155.7577
1533.215454	100.064	-156.6094
1544.325806	100.075	-157.3927
1555.516602	100.068	-158.0814
1566.788574	100.048	-158.6559
1578.142090	100.022	-159.1047
1589.578003	99.993	-159.4255
1601.096680	99.968	-159.6259
1612.698975	99.952	-159.7235
1624.385254	99.949	-159.7444
1636.156250	99.962	-159.7217
1648.012451	99.991	-159.6916
1659.954590	100.036	-159.6904
1671.983398	100.095	-159.7506
1684.099243	100.164	-159.8979
1696.302856	100.238	-160.1490
1708.594971	100.313	-160.5107
1720.976196	100.383	-160.9800
1733.447144	100.446	-161.5455
1746.008423	100.496	-162.1887
1758.660645	100.533	-162.8871
1771.404663	100.555	-163.6156
1784.240967	100.563	-164.3498
1797.170288	100.557	-165.0680
1810.193359	100.540	-165.7532
1823.310791	100.514	-166.3947
1836.523193	100.482	-166.9887
1849.831421	100.447	-167.5388
1863.236084	100.410	-168.0549
1876.737793	100.374	-168.5513
1890.337524	100.337	-169.0445
1904.035645	100.300	-169.5495
1917.833008	100.259	-170.0775
1931.730469	100.212	-170.6325
1945.728638	100.155	-171.2096
1959.828125	100.084	-171.7941
1974.029907	99.998	-172.3616
1988.334473	99.895	-172.8795
2002.742798	99.774	-173.3094
2017.255493	99.638	-173.6113
2031.873291	99.490	-173.7480
2046.597168	99.338	-173.6911
2061.427734	99.189	-173.4265
2076.365479	99.053	-172.9594
2091.411865	98.939	-172.3165
2106.566895	98.857	-171.5463
2121.832031	98.810	-170.7130
2137.207764	98.800	-169.8890
2152.694824	98.826	-169.1443
2168.294189	98.879	-168.5363
2184.006592	98.951	-168.1027
2199.832764	99.033	-167.8583
2215.773682	99.116	-167.7960
2231.830078	99.193	-167.8914
2248.002686	99.260	-168.1096
2264.292725	99.316	-168.4128
2280.700684	99.360	-168.7679
2297.227539	99.396	-169.1523
2313.874268	99.426	-169.5583
2330.641602	99.455	-169.9943
2347.530273	99.485	-170.4829
2364.541504	99.514	-171.0565
2381.676025	99.541	-171.7497
2398.934570	99.560	-172.5918
2416.318359	99.563	-173.5982
2433.827881	99.540	-174.7645
2451.464355	99.480	-176.0615
2469.228760	99.375	-177.4331
2487.121826	99.217	-178.7952
2505.144531	99.000	179.9631
2523.297852	98.723	178.9761
2541.582764	98.391	178.3931
2560.000000	98.017	178.3633
2578.550781	97.623	179.0091
2597.236084	97.244	-179.6103
2616.056641	96.925	-177.5371
2635.013672	96.711	-174.9380
2654.108154	96.637	-172.0940
2673.340820	96.711	-169.3475
2692.713135	96.911	-167.0237
2712.225586	97.195	-165.3575
2731.879395	97.512	-164.4540
2751.675781	97.818	-164.2912
2771.615479	98.083	-164.7504
2791.699707	98.288	-165.6557
2811.929688	98.424	-166.8105
2832.305908	98.493	-168.0251
2852.830078	98.508	-169.1387
2873.502930	98.484	-170.0384
2894.325439	98.445	-170.6749
2915.298828	98.413	-171.0726
2936.424316	98.409	-171.3275
2957.702881	98.443	-171.5881
2979.135742	98.512	-172.0216
3000.723633	98.601	-172.7737
3022.468262	98.684	-173.9324
3044.370117	98.734	-175.5069
3066.430908	98.723	-177.4210
3088.651611	98.632	-179.5195
3111.033203	98.445	178.4186
3133.577148	98.161	176.6599
3156.284180	97.789	175.4849
3179.156006	97.357	175.1372
3202.193359	96.915	175.7513
3225.397949	96.527	177.2785
3248.770508	96.262	179.4516
3272.312500	96.161	-178.1688
3296.024902	96.217	-176.0621
3319.909180	96.379	-174.5895
3343.966797	96.577	-173.8882
3368.198486	96.753	-173.8618
3392.605713	96.875	-174.2524
3417.189941	96.938	-174.7493
3441.952393	96.963	-175.1008
3466.894287	96.989	-175.1999
3492.016846	97.055	-175.1244
3517.321289	97.184	-175.1091
3542.809326	97.369	-175.4528
3568.481934	97.575	-176.3963
3594.340576	97.753	-178.0242
3620.386719	97.855	179.7720
3646.621582	97.850	177.2684
3673.046387	97.726	174.8407
3699.662842	97.500	172.8681
3726.472168	97.209	171.6258
3753.475586	96.913	171.1844
3780.675049	96.678	171.3647
3808.071289	96.542	171.7950
3835.666016	96.500	172.0703
3863.460938	96.506	171.9392
3891.457275	96.506	171.4161
3919.656250	96.463	170.7589
3948.059814	96.380	170.3264
3976.668945	96.303	170.3760
4005.485596	96.305	170.8873
4034.510986	96.446	171.5081
4063.746582	96.734	171.6777
4093.194336	97.109	170.8724
4122.855469	97.483	168.8293
4152.730957	97.771	165.6304
4182.823730	97.921	161.6418
4213.133789	97.910	157.3834
4243.664062	97.748	153.3880
4274.415527	97.475	150.0772
4305.389648	97.152	147.6537
4336.588379	96.858	146.0396
4368.013184	96.657	144.9034
4399.665527	96.575	143.7914
4431.547363	96.590	142.3129
4463.660156	96.655	140.2776
4496.005371	96.727	137.7156
4528.585449	96.785	134.7903
4561.401367	96.837	131.6633
4594.455078	96.908	128.3824
4627.748535	97.025	124.8377
4661.283203	97.194	120.8005
4695.060547	97.398	116.0206
4729.083008	97.601	110.3290
4763.352051	97.760	103.7018
4797.869141	97.837	96.2646
4832.636719	97.809	88.2554
4867.655762	97.666	79.9724
4902.928711	97.411	71.7257
4938.457520	97.059	63.8026
4974.243652	96.635	56.4453
5010.289062	96.174	49.8377
5046.595703	95.720	44.0940
5083.165527	95.327	39.2425
5120.000000	95.056	35.1995
5157.101562	94.967	31.7444
5194.472168	95.095	28.5232
5232.113281	95.434	25.1056
5270.027344	95.932	21.0886
5308.216309	96.510	16.2058
5346.681641	97.090	10.3898
5385.426270	97.608	3.7709
5424.451172	98.026	-3.3717
5463.758789	98.325	-10.6780
5503.351562	98.507	-17.7762
5543.230957	98.590	-24.3511
5583.399414	98.609	-30.2083
5623.859375	98.603	-35.3148
5664.611816	98.604	-39.7892
5705.660156	98.623	-43.8243
5747.005859	98.653	-47.5733
5788.650879	98.676	-51.0653
5830.597656	98.684	-54.2094
5872.848633	98.692	-56.8916
5915.405762	98.731	-59.0999
5958.271484	98.831	-60.9896
6001.447266	99.001	-62.8344
6044.936523	99.219	-64.8993
6088.740234	99.449	-67.3317
6132.861816	99.654	-70.1383
6177.303223	99.805	-73.2305
6222.066406	99.881	-76.4636
6267.154297	99.866	-79.6260
6312.568359	99.754	-82.4080
6358.312012	99.560	-84.4354
6404.386719	99.339	-85.4164
6450.795898	99.179	-85.3416
6497.541016	99.166	-84.5699
6544.625000	99.332	-83.6849
6592.049805	99.640	-83.2109
6639.818359	100.025	-83.4275
6687.933594	100.431	-84.3943
6736.396973	100.816	-86.0671
6785.211426	101.144	-88.3395
6834.379883	101.388	-91.0001
6883.904785	101.539	-93.7245
6933.788574	101.618	-96.1806
6984.033691	101.668	-98.1914
7034.642578	101.738	-99.8151
7085.618652	101.853	-101.2745
7136.963867	102.011	-102.8103
7188.681152	102.195	-104.5868
7240.773438	102.382	-106.6925
7293.243164	102.547	-109.1568
7346.092773	102.661	-111.9219
7399.325684	102.703	-114.8093
7452.944336	102.669	-117.5552
7506.951172	102.579	-119.9196
7561.350098	102.467	-121.7847
7616.142578	102.371	-123.1788
7671.332031	102.322	-124.2418
7726.921875	102.338	-125.1942
7782.914551	102.412	-126.3014
7839.312500	102.514	-127.7769
7896.119629	102.597	-129.6593
7953.337891	102.625	-131.7812
8010.971191	102.588	-133.8750
8069.021973	102.498	-135.7112
8127.493164	102.377	-137.1527
8186.388672	102.254	-138.1432
8245.710938	102.159	-138.7102
8305.461914	102.119	-138.9703
8365.647461	102.147	-139.0850
8426.267578	102.246	-139.2036
8487.328125	102.413	-139.4685
8548.831055	102.633	-140.0234
8610.779297	102.883	-140.9536
8673.176758	103.142	-142.2382
8736.026367	103.408	-143.8242
8799.331055	103.681	-145.7392
8863.094727	103.950	-148.0811
8927.320312	104.191	-150.9141
8992.010742	104.377	-154.2111
9057.170898	104.486	-157.8582
9122.802734	104.499	-161.6503
9188.910156	104.414	-165.3074
9255.497070	104.255	-168.5851
9322.566406	104.059	-171.4128
9390.121094	103.856	-173.8951
9458.166016	103.657	-176.1690
9526.704102	103.459	-178.2977
9595.738281	103.264	179.6923
9665.273438	103.076	177.7308
9735.311523	102.890	175.7133
9805.857422	102.685	173.6012
9876.915039	102.438	171.4914
9948.487305	102.144	169.5612
10020.578125	101.809	167.9548
10093.191406	101.451	166.7527
10166.331055	101.086	166.0097
10240.000000	100.742	165.7244
10314.203125	100.447	165.7750
10388.944336	100.215	165.9598
10464.226562	100.039	166.0986
10540.054688	99.894	166.1053
10616.432617	99.753	166.0587
10693.363281	99.615	166.1765
10770.852539	99.521	166.5750
10848.902344	99.524	167.0277
10927.517578	99.630	167.0387
11006.703125	99.781	166.1849
11086.461914	99.887	164.4224
11166.798828	99.891	162.1006
11247.718750	99.791	159.6678
11329.223633	99.623	157.3138
11411.320312	99.409	154.9122
11494.011719	99.128	152.3235
11577.301758	98.739	149.6624
11661.195312	98.208	147.2571
11745.697266	97.506	145.6332
11830.811523	96.609	145.6786
11916.542969	95.558	148.3434
12002.894531	94.530	153.8205
12089.873047	93.790	161.4086
12177.480469	93.572	170.2157
12265.723633	94.018	179.3124
12354.606445	95.050	-172.7350
12444.132812	96.350	-167.6244
12534.308594	97.583	-166.2547
12625.136719	98.575	-168.1722
12716.624023	99.288	-172.1364
12808.773438	99.746	-176.9475
12901.591797	100.002	178.2112
12995.082031	100.121	173.7429
13089.250000	100.167	169.6188
13184.099609	100.171	165.4600
13279.636719	100.091	160.9026
13375.867188	99.845	156.0731
13472.793945	99.362	151.7404
13570.422852	98.641	148.9512
13668.759766	97.774	148.3610
13767.809570	96.926	149.7882
13867.577148	96.249	152.4482
13968.067383	95.795	155.5759
14069.285156	95.543	158.7468
14171.237305	95.456	161.7720
14273.927734	95.510	164.4810
14377.362305	95.680	166.6376
14481.546875	95.919	168.0411
14586.486328	96.176	168.6476
14692.185547	96.417	168.5569
14798.651367	96.625	167.8833
14905.888672	96.787	166.6583
15013.902344	96.869	164.9473
15122.700195	96.837	163.0563
15232.285156	96.696	161.4623
15342.664062	96.497	160.4833
15453.843750	96.311	160.1025
15565.829102	96.192	160.0068
15678.625000	96.145	159.7370
15792.239258	96.121	158.9789
15906.675781	96.051	157.7946
16021.942383	95.899	156.5529
16138.043945	95.679	155.6312
16254.986328	95.438	155.1628
16372.777344	95.221	155.0023
16491.421875	95.047	154.8416
16610.923828	94.897	154.3476
16731.294922	94.703	153.3920
16852.535156	94.369	152.4193
16974.656250	93.849	152.5073
17097.662109	93.234	154.5911
17221.558594	92.752	158.5391
17346.353516	92.606	163.3385
17472.052734	92.846	167.7403
17598.662109	93.342	170.6086
17726.189453	93.882	171.3818
17854.640625	94.304	170.3483
17984.021484	94.552	168.3317
18114.341797	94.647	166.1096
18245.605469	94.638	164.1008
18377.820312	94.571	162.4241
18510.994141	94.475	161.0715
18645.132812	94.376	160.0017
18780.242188	94.295	159.1331
18916.332031	94.252	158.2822
19053.408203	94.238	157.1913
19191.476562	94.209	155.7108
19330.546875	94.114	153.9956
19470.623047	93.934	152.4448
19611.714844	93.703	151.3737
19753.830078	93.478	150.8017
19896.974609	93.311	150.5623
