* Measurement data measured by REW V5.20.13
* Source: U18dB [plughw:2,0], no input selected, L, volume: no control
* Format: 256k Log Swept Sine, 1 sweep at 0.0 dBFS with no timing reference
* Dated: Feb 21, 2023 1:23:55 PM
* REW Settings:
*  C-weighting compensation: Off
*  Target level: 75.0 dB
* Note: 
* Measurement: Woofer Far Field
* Smoothing: 1/24 octave
* Frequency Step: 1/96 octave
* Start Frequency: 20.000 Hz
*
* Freq(Hz)	SPL(dB)	Phase(degrees)
20.000000	79.930	124.0154
20.144928	80.051	123.3856
20.290907	80.222	122.4660
20.437943	80.409	121.4157
20.586044	80.599	120.3252
20.735220	80.786	119.2265
20.885475	80.970	118.1325
21.036821	81.152	117.0523
21.189262	81.333	116.0051
21.342808	81.515	114.9931
21.497467	81.701	114.0128
21.653246	81.892	113.0715
21.810154	82.091	112.1587
21.968201	82.298	111.2582
22.127390	82.516	110.3676
22.287735	82.743	109.4683
22.449242	82.980	108.5406
22.611917	83.226	107.5841
22.775772	83.478	106.5841
22.940815	83.736	105.5303
23.107054	83.999	104.4314
23.274498	84.264	103.2830
23.443153	84.531	102.0833
23.613033	84.800	100.8470
23.784142	85.072	99.5718
23.956491	85.345	98.2501
24.130091	85.619	96.8748
24.304947	85.895	95.4527
24.481071	86.171	93.9728
24.658470	86.445	92.4229
24.837156	86.717	90.8100
25.017136	86.984	89.1278
25.198421	87.243	87.3744
25.381020	87.493	85.5705
25.564941	87.733	83.7233
25.750195	87.963	81.8445
25.936790	88.183	79.9609
26.124741	88.395	78.0816
26.314051	88.602	76.2081
26.504732	88.808	74.3520
26.696796	89.013	72.4981
26.890253	89.220	70.6223
27.085112	89.429	68.7136
27.281382	89.639	66.7399
27.479073	89.845	64.6682
27.678198	90.043	62.4768
27.878765	90.227	60.1750
28.080786	90.392	57.7669
28.284271	90.532	55.2746
28.489231	90.644	52.7496
28.695675	90.727	50.2396
28.903616	90.781	47.7925
29.113064	90.811	45.4754
29.324028	90.823	43.3233
29.536524	90.826	41.3550
29.750557	90.830	39.5843
29.966141	90.843	37.9841
30.183289	90.873	36.5037
30.402010	90.925	35.1014
30.622314	90.998	33.7107
30.844217	91.087	32.2732
31.067726	91.189	30.7676
31.292856	91.294	29.1728
31.519617	91.396	27.4842
31.748020	91.489	25.7179
31.978081	91.572	23.9199
32.209808	91.643	22.1137
32.443211	91.704	20.3180
32.678310	91.757	18.5591
32.915108	91.805	16.8329
33.153625	91.846	15.1257
33.393871	91.884	13.4423
33.635857	91.914	11.7698
33.879597	91.935	10.1027
34.125103	91.945	8.4667
34.372387	91.942	6.8751
34.621464	91.925	5.3470
34.872345	91.899	3.9207
35.125042	91.865	2.6061
35.379574	91.828	1.4021
35.635948	91.795	0.3156
35.894180	91.767	-0.6792
36.154285	91.748	-1.6223
36.416275	91.737	-2.5502
36.680161	91.733	-3.4730
36.945961	91.733	-4.4157
37.213688	91.735	-5.3938
37.483353	91.735	-6.3906
37.754974	91.732	-7.4050
38.028561	91.724	-8.4325
38.304131	91.713	-9.4460
38.581699	91.699	-10.4446
38.861279	91.683	-11.4316
39.142883	91.668	-12.3924
39.426529	91.654	-13.3394
39.712231	91.643	-14.2868
40.000000	91.636	-15.2249
40.289856	91.632	-16.1658
40.581814	91.629	-17.1248
40.875885	91.627	-18.1078
41.172089	91.625	-19.0947
41.470440	91.623	-20.0876
41.770950	91.619	-21.0883
42.073643	91.616	-22.0757
42.378525	91.614	-23.0540
42.685616	91.611	-24.0300
42.994934	91.611	-24.9887
43.306492	91.612	-25.9402
43.620308	91.613	-26.8955
43.936401	91.616	-27.8406
44.254780	91.619	-28.7850
44.575470	91.622	-29.7366
44.898483	91.625	-30.6781
45.223835	91.628	-31.6162
45.551544	91.630	-32.5573
45.881630	91.633	-33.4834
46.214108	91.636	-34.4016
46.548996	91.638	-35.3261
46.886307	91.638	-36.2641
47.226067	91.639	-37.1975
47.568283	91.639	-38.1316
47.912983	91.636	-39.0709
48.260181	91.634	-39.9937
48.609894	91.632	-40.9046
48.962143	91.630	-41.8106
49.316940	91.631	-42.6963
49.674313	91.636	-43.5745
50.034271	91.642	-44.4595
50.396843	91.653	-45.3394
50.762039	91.667	-46.2259
51.129883	91.681	-47.1275
51.500389	91.697	-48.0248
51.873581	91.714	-48.9224
52.249481	91.731	-49.8239
52.628101	91.749	-50.7072
53.009464	91.769	-51.5769
53.393593	91.789	-52.4451
53.780506	91.808	-53.3187
54.170223	91.828	-54.1797
54.562763	91.848	-55.0375
54.958145	91.868	-55.9024
55.356396	91.888	-56.7589
55.757530	91.909	-57.6175
56.161572	91.928	-58.4883
56.568542	91.947	-59.3546
56.978462	91.965	-60.2238
57.391350	91.980	-61.1021
57.807232	91.994	-61.9679
58.226128	92.008	-62.8259
58.648056	92.020	-63.6823
59.073048	92.034	-64.5204
59.501114	92.050	-65.3517
59.932281	92.066	-66.1879
60.366577	92.084	-67.0119
60.804020	92.103	-67.8295
61.244629	92.122	-68.6509
61.688435	92.139	-69.4801
62.135452	92.157	-70.2970
62.585712	92.176	-71.1115
63.039234	92.194	-71.9367
63.496040	92.214	-72.7604
63.956161	92.233	-73.5962
64.419617	92.249	-74.4544
64.886421	92.263	-75.3139
65.356621	92.272	-76.1739
65.830215	92.275	-77.0294
66.307251	92.277	-77.8510
66.787743	92.279	-78.6415
67.271713	92.281	-79.4141
67.759193	92.288	-80.1639
68.250206	92.300	-80.9153
68.744774	92.315	-81.6897
69.242928	92.334	-82.4776
69.744690	92.357	-83.2921
70.250084	92.378	-84.1525
70.759148	92.394	-85.0711
71.271896	92.404	-86.0288
71.788361	92.404	-87.0190
72.308571	92.389	-88.0188
72.832550	92.361	-88.9698
73.360321	92.321	-89.8422
73.891922	92.274	-90.6217
74.427376	92.228	-91.2876
74.966705	92.187	-91.8591
75.509949	92.155	-92.3659
76.057121	92.136	-92.8216
76.608261	92.132	-93.2714
77.163399	92.138	-93.7592
77.722557	92.153	-94.2934
78.285767	92.170	-94.8876
78.853058	92.184	-95.5374
79.424461	92.195	-96.2024
80.000000	92.202	-96.8629
80.579712	92.203	-97.5091
81.163628	92.199	-98.1330
81.751770	92.198	-98.7143
82.344177	92.199	-99.2680
82.940880	92.204	-99.8172
83.541901	92.217	-100.3643
84.147285	92.233	-100.9322
84.757050	92.251	-101.5390
85.371231	92.271	-102.1751
85.989868	92.289	-102.8491
86.612984	92.301	-103.5631
87.240616	92.309	-104.2876
87.872803	92.310	-105.0067
88.509560	92.303	-105.7029
89.150940	92.295	-106.3479
89.796967	92.289	-106.9526
90.447670	92.284	-107.5412
91.103088	92.286	-108.1166
91.763260	92.292	-108.6949
92.428215	92.298	-109.2899
93.097992	92.301	-109.9095
93.772614	92.306	-110.5464
94.452133	92.310	-111.2183
95.136566	92.307	-111.9370
95.825966	92.295	-112.6745
96.520363	92.270	-113.3948
97.219788	92.230	-114.0450
97.924286	92.188	-114.5659
98.633881	92.152	-114.9599
99.348625	92.132	-115.2797
100.068542	92.135	-115.5915
100.793686	92.155	-115.9789
101.524078	92.182	-116.4984
102.259766	92.206	-117.1452
103.000778	92.215	-117.8869
103.747162	92.201	-118.6590
104.498962	92.171	-119.3727
105.256203	92.130	-119.9793
106.018929	92.085	-120.4734
106.787186	92.041	-120.8810
107.561012	92.009	-121.2299
108.340446	91.985	-121.5615
109.125526	91.965	-121.9019
109.916290	91.950	-122.2428
110.712791	91.937	-122.5776
111.515060	91.923	-122.8982
112.323143	91.915	-123.1920
113.137085	91.914	-123.4746
113.956924	91.917	-123.7698
114.782700	91.929	-124.0860
115.614464	91.943	-124.4373
116.452255	91.957	-124.8294
117.296112	91.973	-125.2514
118.146095	91.987	-125.7029
119.002228	91.996	-126.1789
119.864563	92.004	-126.6613
120.733154	92.011	-127.1381
121.608040	92.012	-127.6018
122.489258	92.008	-128.0500
123.376869	92.007	-128.4797
124.270905	92.008	-128.9051
125.171425	92.008	-129.3372
126.078468	92.011	-129.7703
126.992081	92.014	-130.2054
127.912323	92.016	-130.6472
128.839233	92.021	-131.0946
129.772842	92.027	-131.5525
130.713242	92.031	-132.0224
131.660431	92.037	-132.4989
132.614502	92.044	-132.9897
133.575485	92.049	-133.5078
134.543427	92.057	-134.0606
135.518387	92.061	-134.6572
136.500412	92.056	-135.2984
137.489548	92.046	-135.9678
138.485855	92.024	-136.6402
139.489380	91.987	-137.2763
140.500168	91.933	-137.8286
141.518295	91.876	-138.2579
142.543793	91.823	-138.5677
143.576721	91.780	-138.8061
144.617142	91.753	-139.0339
145.665100	91.732	-139.2858
146.720642	91.710	-139.5542
147.783844	91.693	-139.8155
148.854752	91.678	-140.0674
149.933411	91.665	-140.3263
151.019897	91.657	-140.5994
152.114243	91.649	-140.8728
153.216522	91.640	-141.1283
154.326797	91.641	-141.3709
155.445114	91.651	-141.6346
156.571533	91.667	-141.9644
157.706116	91.686	-142.3861
158.848923	91.699	-142.8824
160.000000	91.698	-143.4014
161.159424	91.683	-143.8900
162.327255	91.667	-144.3321
163.503540	91.655	-144.7537
164.688354	91.643	-145.2018
165.881760	91.631	-145.7071
167.083801	91.606	-146.2448
168.294571	91.559	-146.7407
169.514099	91.500	-147.1145
170.742462	91.437	-147.3218
171.979736	91.383	-147.3849
173.225967	91.349	-147.3742
174.481232	91.333	-147.3526
175.745605	91.332	-147.3581
177.019119	91.344	-147.4151
178.301880	91.366	-147.5311
179.593933	91.391	-147.7079
180.895340	91.421	-147.9495
182.206177	91.452	-148.2460
183.526520	91.479	-148.5834
184.856430	91.497	-148.9508
186.195984	91.513	-149.3479
187.545227	91.524	-149.7580
188.904266	91.527	-150.1542
190.273132	91.530	-150.5249
191.651932	91.535	-150.8702
193.040726	91.542	-151.2151
194.439575	91.555	-151.6019
195.848572	91.565	-152.0449
197.267761	91.564	-152.5249
198.697250	91.553	-153.0021
200.137085	91.532	-153.4157
201.587372	91.507	-153.7338
203.048157	91.491	-153.9833
204.519531	91.485	-154.2043
206.001556	91.484	-154.4299
207.494324	91.491	-154.6880
208.997925	91.502	-154.9805
210.512405	91.511	-155.2997
212.037857	91.513	-155.6321
213.574371	91.512	-155.9680
215.122025	91.507	-156.2777
216.680893	91.501	-156.5421
218.251053	91.501	-156.7803
219.832581	91.507	-157.0131
221.425583	91.516	-157.2611
223.030121	91.530	-157.5466
224.646286	91.543	-157.8591
226.274170	91.550	-158.1791
227.913849	91.557	-158.5001
229.565399	91.564	-158.8026
231.228928	91.571	-159.0859
232.904510	91.586	-159.3901
234.592224	91.604	-159.7412
236.292191	91.616	-160.1418
238.004456	91.620	-160.5737
239.729126	91.614	-160.9696
241.466309	91.603	-161.2629
243.216080	91.597	-161.4380
244.978516	91.614	-161.5647
246.753738	91.657	-161.7432
248.541809	91.718	-162.0805
250.342850	91.783	-162.6619
252.156937	91.831	-163.4820
253.984161	91.844	-164.4664
255.824646	91.816	-165.5163
257.678467	91.746	-166.5038
259.545685	91.639	-167.3337
261.426483	91.510	-167.9830
263.320862	91.362	-168.4314
265.229004	91.190	-168.6587
267.150970	90.995	-168.5786
269.086853	90.784	-168.0170
271.036774	90.586	-166.8401
273.000824	90.459	-165.0912
274.979095	90.453	-162.9842
276.971710	90.591	-160.8779
278.978760	90.848	-159.1840
281.000336	91.169	-158.2323
283.036591	91.486	-158.0957
285.087585	91.752	-158.6125
287.153442	91.956	-159.5340
289.234283	92.098	-160.6121
291.330200	92.188	-161.6730
293.441284	92.242	-162.6236
295.567688	92.275	-163.3963
297.709503	92.304	-163.9973
299.866821	92.347	-164.5390
302.039795	92.401	-165.1406
304.228485	92.447	-165.8736
306.433044	92.468	-166.7331
308.653595	92.451	-167.5957
310.890228	92.396	-168.3082
313.143066	92.320	-168.7883
315.412231	92.241	-169.0037
317.697845	92.173	-168.9756
320.000000	92.128	-168.7700
322.318848	92.113	-168.5020
324.654510	92.124	-168.2605
327.007080	92.147	-168.0893
329.376709	92.173	-167.9809
331.763519	92.197	-167.8573
334.167603	92.228	-167.6770
336.589142	92.278	-167.5066
339.028198	92.343	-167.4270
341.484924	92.407	-167.4756
343.959473	92.459	-167.6224
346.451935	92.496	-167.7531
348.962463	92.530	-167.7867
351.491211	92.577	-167.7715
354.038239	92.618	-152.3487
356.603760	92.652	-152.5579
359.187866	92.683	-152.7789
361.790680	92.713	-153.0111
364.412354	92.740	-153.2537
367.053040	92.764	-153.5057
369.712860	92.786	-153.7664
372.391968	92.805	-154.0346
375.090454	92.821	-154.3095
377.808533	92.834	-154.5899
380.546265	92.844	-154.8746
383.303864	92.851	-155.1626
386.081451	92.855	-155.4524
388.879150	92.855	-155.7427
391.697144	92.851	-156.0322
394.535522	92.844	-156.3194
397.394501	92.832	-156.6026
400.274170	92.817	-156.8804
403.174744	92.798	-157.1509
406.096313	92.775	-157.4124
409.039062	92.748	-157.6629
412.003113	92.716	-157.9005
414.988647	92.681	-158.1232
417.995850	92.643	-158.3288
421.024811	92.600	-158.5151
424.075714	92.554	-158.6797
427.148743	92.504	-158.8203
430.244049	92.451	-158.9343
433.361786	92.395	-159.0192
436.502106	92.335	-159.0724
439.665161	92.273	-159.0912
442.851166	92.208	-159.0729
446.060242	92.141	-159.0149
449.292572	92.072	-158.9143
452.548340	92.001	-158.7688
455.827698	91.930	-158.5757
459.130798	91.858	-158.3327
462.457855	91.786	-158.0377
465.809021	91.715	-157.6888
469.184448	91.645	-157.2847
472.584381	91.578	-156.8242
476.008911	91.514	-156.3070
479.458252	91.455	-155.7331
482.932617	91.400	-155.1033
486.432159	91.352	-154.4195
489.957031	91.311	-153.6840
493.507477	91.278	-152.9002
497.083618	91.254	-152.0727
500.685699	91.241	-151.2067
504.313873	91.238	-150.3084
507.968323	91.247	-149.3850
511.649292	91.268	-148.4443
515.356934	91.302	-147.4948
519.091370	91.349	-146.5453
522.852966	91.409	-145.6050
526.641724	91.482	-144.6831
530.458008	91.567	-143.7884
534.301941	91.665	-142.9297
538.173706	91.773	-142.1150
542.073547	91.893	-141.3516
546.001648	92.021	-140.6461
549.958191	92.159	-140.0040
553.943420	92.303	-139.4299
557.957520	92.454	-138.9277
562.000671	92.610	-138.4998
566.073181	92.770	-138.1483
570.175171	92.933	-137.8739
574.306885	93.097	-137.6768
578.468567	93.262	-137.5566
582.660400	93.427	-137.5121
586.882568	93.590	-137.5416
591.135376	93.752	-137.6431
595.419006	93.911	-137.8142
599.733643	94.066	-138.0520
604.079590	94.217	-138.3537
608.456970	94.363	-138.7161
612.866089	94.504	-139.1360
617.307190	94.639	-139.6100
621.780457	94.768	-140.1345
626.286133	94.890	-140.7061
630.824463	95.004	-141.3213
635.395691	95.111	-141.9764
640.000000	95.211	-142.6678
644.637695	95.302	-143.3919
649.309021	95.385	-144.1450
654.014160	95.459	-144.9232
658.753418	95.525	-145.7228
663.527039	95.582	-146.5400
668.335205	95.630	-147.3706
673.178284	95.668	-148.2108
678.056396	95.697	-149.0561
682.969849	95.716	-149.9023
687.918945	95.725	-150.7449
692.903870	95.725	-151.5790
697.924927	95.714	-152.3998
702.982422	95.693	-153.2019
708.076477	95.662	-153.9799
713.207520	95.620	-154.7279
718.375732	95.569	-155.4399
723.581360	95.508	-156.1093
728.824707	95.437	-156.7295
734.106079	95.357	-157.2931
739.425720	95.269	-157.7930
744.783936	95.172	-158.2212
750.180908	95.068	-158.5700
755.617065	94.958	-158.8316
761.092529	94.843	-158.9982
766.607727	94.723	-159.0624
772.162903	94.602	-159.0175
777.758301	94.481	-158.8576
783.394287	94.361	-158.5786
789.071045	94.247	-158.1781
794.789001	94.139	-157.6562
800.548340	94.042	-157.0159
806.349487	93.958	-156.2636
812.192627	93.890	-155.4097
818.078125	93.841	-154.4681
824.006226	93.814	-153.4569
829.977295	93.811	-152.3974
835.991699	93.833	-151.3138
842.049622	93.881	-150.2320
848.151428	93.954	-149.1788
854.297485	94.052	-148.1802
860.488098	94.174	-147.2609
866.723572	94.316	-146.4428
873.004211	94.476	-145.7444
879.330322	94.650	-145.1804
885.702332	94.836	-144.7614
892.120483	95.029	-144.4940
898.585144	95.227	-144.3813
905.096680	95.427	-144.4230
911.655396	95.625	-144.6161
918.261597	95.819	-144.9552
924.915710	96.006	-145.4334
931.618042	96.185	-146.0422
938.368896	96.352	-146.7723
945.168762	96.508	-147.6137
952.017822	96.651	-148.5558
958.916504	96.778	-149.5879
965.865234	96.890	-150.6990
972.864319	96.985	-151.8779
979.914062	97.062	-153.1134
987.014954	97.122	-154.3941
994.167236	97.162	-155.7086
1001.371399	97.184	-157.0453
1008.627747	97.187	-158.3921
1015.936646	97.170	-159.7370
1023.298584	97.133	-161.0675
1030.713867	97.077	-162.3706
1038.182739	97.002	-163.6330
1045.705933	96.908	-164.8411
1053.283447	96.796	-165.9807
1060.916016	96.666	-167.0376
1068.603882	96.520	-167.9972
1076.347412	96.359	-168.8452
1084.147095	96.185	-169.5678
1092.003296	96.000	-170.1521
1099.916382	95.806	-170.5870
1107.886841	95.607	-170.8637
1115.915039	95.407	-170.9768
1124.001343	95.208	-170.9249
1132.146362	95.016	-170.7119
1140.350342	94.834	-170.3472
1148.613770	94.666	-169.8463
1156.937134	94.516	-169.2306
1165.320801	94.387	-168.5269
1173.765137	94.281	-167.7655
1182.270752	94.197	-166.9791
1190.838013	94.137	-166.2001
1199.467285	94.097	-165.4590
1208.159180	94.075	-164.7817
1216.913940	94.068	-164.1889
1225.732178	94.070	-163.6941
1234.614380	94.078	-163.3040
1243.560913	94.087	-163.0182
1252.572266	94.092	-162.8299
1261.648926	94.092	-162.7267
1270.791382	94.081	-162.6914
1280.000000	94.058	-162.7032
1289.275391	94.021	-162.7383
1298.618042	93.969	-162.7715
1308.028320	93.902	-162.7763
1317.506836	93.821	-162.7263
1327.054077	93.726	-162.5963
1336.670410	93.622	-162.3627
1346.356567	93.509	-162.0055
1356.112793	93.393	-161.5087
1365.939697	93.278	-160.8622
1375.837891	93.168	-160.0625
1385.807739	93.069	-159.1138
1395.849854	92.987	-158.0282
1405.964844	92.925	-156.8253
1416.152954	92.888	-155.5315
1426.415039	92.878	-154.1783
1436.751465	92.897	-152.7997
1447.162720	92.945	-151.4300
1457.649414	93.022	-150.1018
1468.212158	93.124	-148.8437
1478.851440	93.250	-147.6793
1489.567871	93.396	-146.6270
1500.361816	93.560	-145.7002
1511.234131	93.737	-144.9079
1522.185059	93.926	-144.2565
1533.215454	94.123	-143.7499
1544.325806	94.327	-143.3915
1555.516602	94.535	-143.1844
1566.788574	94.746	-143.1316
1578.142090	94.956	-143.2365
1589.578003	95.164	-143.5020
1601.096680	95.368	-143.9304
1612.698975	95.563	-144.5226
1624.385254	95.748	-145.2778
1636.156250	95.919	-146.1920
1648.012451	96.073	-147.2589
1659.954590	96.208	-148.4682
1671.983398	96.319	-149.8066
1684.099243	96.403	-151.2567
1696.302856	96.459	-152.7980
1708.594971	96.484	-154.4063
1720.976196	96.475	-156.0541
1733.447144	96.433	-157.7111
1746.008423	96.354	-159.3439
1758.660645	96.240	-160.9171
1771.404663	96.092	-162.3934
1784.240967	95.910	-163.7349
1797.170288	95.696	-164.9041
1810.193359	95.456	-165.8658
1823.310791	95.194	-166.5895
1836.523193	94.915	-167.0517
1849.831421	94.628	-167.2389
1863.236084	94.339	-167.1500
1876.737793	94.056	-166.7974
1890.337524	93.788	-166.2067
1904.035645	93.539	-165.4143
1917.833008	93.313	-164.4626
1931.730469	93.111	-163.3936
1945.728638	92.933	-162.2431
1959.828125	92.774	-161.0348
1974.029907	92.633	-159.7768
1988.334473	92.505	-158.4625
2002.742798	92.389	-157.0734
2017.255493	92.286	-155.5858
2031.873291	92.202	-153.9792
2046.597168	92.142	-152.2460
2061.427734	92.115	-150.3997
2076.365479	92.131	-148.4799
2091.411865	92.196	-146.5517
2106.566895	92.314	-144.6995
2121.832031	92.480	-143.0152
2137.207764	92.688	-141.5847
2152.694824	92.925	-140.4747
2168.294189	93.177	-139.7245
2184.006592	93.428	-139.3424
2199.832764	93.666	-139.3082
2215.773682	93.879	-139.5781
2231.830078	94.060	-140.0919
2248.002686	94.202	-140.7796
2264.292725	94.306	-141.5683
2280.700684	94.370	-142.3871
2297.227539	94.399	-143.1727
2313.874268	94.398	-143.8730
2330.641602	94.372	-144.4514
2347.530273	94.331	-144.8894
2364.541504	94.282	-145.1878
2381.676025	94.233	-145.3657
2398.934570	94.188	-145.4573
2416.318359	94.151	-145.5052
2433.827881	94.120	-145.5532
2451.464355	94.092	-145.6382
2469.228760	94.063	-145.7833
2487.121826	94.024	-145.9933
2505.144531	93.969	-146.2536
2523.297852	93.894	-146.5307
2541.582764	93.792	-146.7763
2560.000000	93.664	-146.9318
2578.550781	93.511	-146.9348
2597.236084	93.337	-146.7263
2616.056641	93.150	-146.2575
2635.013672	92.960	-145.4979
2654.108154	92.781	-144.4408
2673.340820	92.625	-143.1074
2692.713135	92.504	-141.5470
2712.225586	92.428	-139.8323
2731.879395	92.401	-138.0509
2751.675781	92.424	-136.2936
2771.615479	92.490	-134.6430
2791.699707	92.592	-133.1636
2811.929688	92.718	-131.8957
2832.305908	92.855	-130.8536
2852.830078	92.994	-130.0269
2873.502930	93.125	-129.3842
2894.325439	93.242	-128.8789
2915.298828	93.343	-128.4552
2936.424316	93.427	-128.0556
2957.702881	93.498	-127.6289
2979.135742	93.562	-127.1382
3000.723633	93.628	-126.5681
3022.468262	93.703	-125.9291
3044.370117	93.794	-125.2571
3066.430908	93.906	-124.6074
3088.651611	94.035	-124.0438
3111.033203	94.178	-123.6240
3133.577148	94.325	-123.3868
3156.284180	94.464	-123.3417
3179.156006	94.584	-123.4663
3202.193359	94.678	-123.7085
3225.397949	94.740	-123.9943
3248.770508	94.770	-124.2397
3272.312500	94.773	-124.3637
3296.024902	94.757	-124.3019
3319.909180	94.735	-124.0192
3343.966797	94.721	-123.5175
3368.198486	94.728	-122.8377
3392.605713	94.765	-122.0534
3417.189941	94.835	-121.2561
3441.952393	94.935	-120.5357
3466.894287	95.054	-119.9615
3492.016846	95.179	-119.5662
3517.321289	95.297	-119.3399
3542.809326	95.396	-119.2308
3568.481934	95.471	-119.1559
3594.340576	95.522	-119.0172
3620.386719	95.557	-118.7246
3646.621582	95.591	-118.2204
3673.046387	95.643	-117.5014
3699.662842	95.729	-116.6294
3726.472168	95.862	-115.7232
3753.475586	96.041	-114.9294
3780.675049	96.252	-114.3806
3808.071289	96.473	-114.1539
3835.666016	96.682	-114.2474
3863.460938	96.858	-114.5800
3891.457275	96.994	-115.0152
3919.656250	97.092	-115.4003
3948.059814	97.165	-115.6123
3976.668945	97.234	-115.5957
4005.485596	97.320	-115.3818
4034.510986	97.437	-115.0758
4063.746582	97.586	-114.8152
4093.194336	97.756	-114.7119
4122.855469	97.926	-114.8062
4152.730957	98.080	-115.0505
4182.823730	98.210	-115.3313
4213.133789	98.321	-115.5201
4243.664062	98.432	-115.5314
4274.415527	98.564	-115.3672
4305.389648	98.737	-115.1231
4336.588379	98.954	-114.9538
4368.013184	99.204	-115.0099
4399.665527	99.468	-115.3787
4431.547363	99.722	-116.0573
4463.660156	99.952	-116.9677
4496.005371	100.155	-118.0011
4528.585449	100.336	-119.0673
4561.401367	100.505	-120.1253
4594.455078	100.670	-121.1833
4627.748535	100.832	-122.2734
4661.283203	100.992	-123.4165
4695.060547	101.145	-124.6051
4729.083008	101.295	-125.8135
4763.352051	101.449	-127.0340
4797.869141	101.617	-128.3116
4832.636719	101.802	-129.7517
4867.655762	101.993	-131.4857
4902.928711	102.166	-133.6052
4938.457520	102.292	-136.0970
4974.243652	102.342	-138.8146
5010.289062	102.305	-141.5011
5046.595703	102.189	-143.8637
5083.165527	102.028	-145.6808
5120.000000	101.870	-146.9044
5157.101562	101.768	-147.7060
5194.472168	101.747	-148.4230
5232.113281	101.794	-149.4163
5270.027344	101.865	-150.9101
5308.216309	101.907	-152.9031
5346.681641	101.881	-155.1885
5385.426270	101.777	-157.4602
5424.451172	101.609	-159.4459
5463.758789	101.411	-161.0145
5503.351562	101.222	-162.2113
5543.230957	101.065	-163.2086
5583.399414	100.942	-164.2001
5623.859375	100.838	-165.3044
5664.611816	100.733	-166.5349
5705.660156	100.617	-167.8394
5747.005859	100.486	-169.1637
5788.650879	100.342	-170.4880
5830.597656	100.187	-171.8154
5872.848633	100.016	-173.1418
5915.405762	99.827	-174.4450
5958.271484	99.619	-175.7016
6001.447266	99.393	-176.9039
6044.936523	99.144	-178.0411
6088.740234	98.863	-179.0541
6132.861816	98.548	-179.8175
6177.303223	98.207	179.8081
6222.066406	97.865	179.8817
6267.154297	97.550	-179.6639
6312.568359	97.275	-178.9538
6358.312012	97.038	-178.0495
6404.386719	96.840	-176.9146
6450.795898	96.704	-175.5310
6497.541016	96.660	-174.0510
6544.625000	96.717	-172.7932
6592.049805	96.841	-172.0471
6639.818359	96.980	-171.8743
6687.933594	97.100	-172.1114
6736.396973	97.205	-172.5656
6785.211426	97.311	-173.2039
6834.379883	97.421	-174.1526
6883.904785	97.509	-175.5240
6933.788574	97.542	-177.2488
6984.033691	97.499	-179.0776
7034.642578	97.395	179.2515
7085.618652	97.262	177.8326
7136.963867	97.127	176.5610
7188.681152	96.990	175.2822
7240.773438	96.831	173.9774
7293.243164	96.636	172.7977
7346.092773	96.421	171.9034
7399.325684	96.223	171.2701
7452.944336	96.062	170.6738
7506.951172	95.924	169.8884
7561.350098	95.771	168.8962
7616.142578	95.578	167.8878
7671.332031	95.354	167.0523
7726.921875	95.125	166.3858
7782.914551	94.900	165.7284
7839.312500	94.653	165.0019
7896.119629	94.349	164.3950
7953.337891	93.981	164.2806
8010.971191	93.590	164.9300
8069.021973	93.243	166.2987
8127.493164	92.991	168.0909
8186.388672	92.843	170.0003
8245.710938	92.785	171.8619
8305.461914	92.805	173.6124
8365.647461	92.901	175.1878
8426.267578	93.067	176.4821
8487.328125	93.288	177.3746
8548.831055	93.542	177.7892
8610.779297	93.806	177.7366
8673.176758	94.067	177.2809
8736.026367	94.322	176.4649
8799.331055	94.566	175.2986
8863.094727	94.793	173.8052
8927.320312	95.005	171.9973
8992.010742	95.202	169.7861
9057.170898	95.358	167.0283
9122.802734	95.423	163.7545
9188.910156	95.356	160.3088
9255.497070	95.161	157.1863
9322.566406	94.881	154.7317
9390.121094	94.576	152.9990
9458.166016	94.300	151.8190
9526.704102	94.083	150.9156
9595.738281	93.930	149.9973
9665.273438	93.819	148.8483
9735.311523	93.722	147.3792
9805.857422	93.610	145.5960
9876.915039	93.460	143.5663
9948.487305	93.254	141.4291
10020.578125	92.987	139.3649
10093.191406	92.667	137.5042
10166.331055	92.308	135.8919
10240.000000	91.911	134.5634
10314.203125	91.474	133.6149
10388.944336	91.003	133.1946
10464.226562	90.508	133.4868
10540.054688	90.020	134.7169
10616.432617	89.608	137.0623
10693.363281	89.397	140.4012
10770.852539	89.505	144.0732
10848.902344	89.930	147.0119
10927.517578	90.528	148.3752
11006.703125	91.154	148.0693
11086.461914	91.759	146.5131
11166.798828	92.354	144.0144
11247.718750	92.944	140.5722
11329.223633	93.513	136.0589
11411.320312	94.022	130.3489
11494.011719	94.418	123.4805
11577.301758	94.667	115.8376
11661.195312	94.806	107.9005
11745.697266	94.900	99.7338
11830.811523	94.976	91.0101
11916.542969	95.013	81.5140
12002.894531	95.008	71.2167
12089.873047	94.975	59.8963
12177.480469	94.876	47.2152
12265.723633	94.628	33.2984
12354.606445	94.180	18.8577
12444.132812	93.568	4.5994
12534.308594	92.892	-9.2967
12625.136719	92.241	-23.0783
12716.624023	91.652	-36.9958
12808.773438	91.115	-51.0129
12901.591797	90.622	-64.7909
12995.082031	90.224	-77.9972
13089.250000	90.034	-90.8779
13184.099609	90.110	-104.4970
13279.636719	90.335	-120.1858
13375.867188	90.478	-138.7172
13472.793945	90.317	-159.8227
13570.422852	89.691	177.8657
13668.759766	88.522	156.2886
13767.809570	86.818	136.8534
13867.577148	84.670	119.4174
13968.067383	82.249	102.0398
14069.285156	79.818	81.8541
14171.237305	77.721	56.9819
14273.927734	76.295	28.1714
14377.362305	75.705	-1.4218
14481.546875	75.803	-28.0849
14586.486328	76.291	-49.4285
14692.185547	76.979	-65.1475
14798.651367	77.785	-76.6891
14905.888672	78.590	-86.2848
15013.902344	79.190	-95.6096
15122.700195	79.398	-104.5054
15232.285156	79.219	-111.2027
15342.664062	78.921	-114.7471
15453.843750	78.813	-116.4739
15565.829102	78.928	-118.2501
15678.625000	79.121	-120.6847
15792.239258	79.322	-123.5282
15906.675781	79.548	-126.7736
16021.942383	79.769	-130.9773
16138.043945	79.849	-136.4847
16254.986328	79.636	-142.4773
16372.777344	79.088	-146.9825
16491.421875	78.363	-147.5682
16610.923828	78.023	-142.5540
16731.294922	78.838	-133.4573
16852.535156	80.577	-126.1179
16974.656250	82.280	-126.5706
17097.662109	83.479	-135.6577
17221.558594	84.178	-150.0168
17346.353516	84.456	-166.7417
17472.052734	84.269	175.7644
17598.662109	83.539	159.4462
17726.189453	82.255	146.6807
17854.640625	80.504	138.9561
17984.021484	78.525	135.4624
18114.341797	76.680	133.5674
18245.605469	75.137	131.6497
18377.820312	73.670	131.2275
18510.994141	72.066	135.2295
18645.132812	70.652	143.6680
18780.242188	70.165	152.5736
18916.332031	70.677	157.5083
19053.408203	71.512	156.5835
19191.476562	72.161	150.2867
19330.546875	72.393	140.2068
19470.623047	72.106	128.5703
19611.714844	71.282	117.9811
19753.830078	69.962	110.8777
19896.974609	68.387	108.1301
