* Measurement data measured by REW V5.31.1
* Source: EXCL: Microphone (Umik-1  Gain: 18dB), MICROPHONE (Master Volume), R, volume: 0.530
* Format: 256k Log Swept Sine, 1 sweep at 0.0 dBFS with no timing reference
* Dated: 17:38:32 05/07/2024
* REW Settings:
*  C-weighting compensation: Off
*  Target level: 75.0 dB
* Note: 
* Measurement: CAW938 27L 1m Pnl + Wl
* Smoothing: 1/12 octave
* Frequency Step: 1/96 octave
* Start Frequency: 40.000 Hz
*
* Freq(Hz)	SPL(dB)	Phase(degrees)
40.000000	67.944	-20.7394
40.289856	68.015	-21.0662
40.581814	68.116	-21.6136
40.875885	68.246	-22.2283
41.172089	68.390	-22.9163
41.470440	68.536	-23.6963
41.770950	68.693	-24.4578
42.073643	68.852	-25.2370
42.378525	69.005	-26.0742
42.685616	69.164	-26.8716
42.994934	69.324	-27.6647
43.306492	69.482	-28.4745
43.620308	69.632	-29.3385
43.936401	69.787	-30.1614
44.254780	69.940	-30.9897
44.575470	70.086	-31.8700
44.898483	70.238	-32.7088
45.223835	70.388	-33.5527
45.551544	70.530	-34.4487
45.881630	70.678	-35.3032
46.214108	70.826	-36.1628
46.548996	70.964	-37.0745
46.886307	71.109	-37.9445
47.226067	71.252	-38.8198
47.568283	71.388	-39.7471
47.912983	71.529	-40.6329
48.260181	71.670	-41.5237
48.609894	71.801	-42.4662
48.962143	71.940	-43.3653
49.316940	72.079	-44.2587
49.674313	72.216	-45.1681
50.034271	72.343	-46.1311
50.396843	72.477	-47.0529
50.762039	72.609	-47.9797
51.129883	72.733	-48.9580
51.500389	72.863	-49.8951
51.873581	72.993	-50.8371
52.249481	73.112	-51.8301
52.628101	73.239	-52.7820
53.009464	73.364	-53.7388
53.393593	73.480	-54.7462
53.780506	73.603	-55.7128
54.170223	73.725	-56.6840
54.562763	73.836	-57.7054
54.958145	73.954	-58.6861
55.356396	74.072	-59.6713
55.757530	74.178	-60.7058
56.161572	74.293	-61.6980
56.568542	74.408	-62.6841
56.978462	74.520	-63.6853
57.391350	74.620	-64.7367
57.807232	74.728	-65.7481
58.226128	74.833	-66.7636
58.648056	74.928	-67.8270
59.073048	75.030	-68.8504
59.501114	75.130	-69.8776
59.932281	75.219	-70.9517
60.366577	75.315	-71.9861
60.804020	75.410	-73.0240
61.244629	75.492	-74.1076
61.688435	75.583	-75.1518
62.135452	75.671	-76.1991
62.585712	75.747	-77.2909
63.039234	75.831	-78.3436
63.496040	75.913	-79.3988
63.956161	75.982	-80.4972
64.419617	76.060	-81.5551
64.886421	76.138	-82.6054
65.356621	76.211	-83.6671
65.830215	76.271	-84.7717
66.307251	76.339	-85.8380
66.787743	76.404	-86.9054
67.271713	76.456	-88.0124
67.759193	76.517	-89.0810
68.250206	76.575	-90.1498
68.744774	76.620	-91.2565
69.242928	76.674	-92.3249
69.744690	76.725	-93.3925
70.250084	76.763	-94.4962
70.759148	76.810	-95.5614
71.271896	76.855	-96.6249
71.788361	76.885	-97.7222
72.308571	76.925	-98.7811
72.832550	76.963	-99.8369
73.360321	76.987	-100.9240
73.891922	77.021	-101.9713
74.427376	77.055	-103.0063
74.966705	77.084	-104.0449
75.509949	77.098	-105.1124
76.057121	77.122	-106.1413
76.608261	77.143	-107.1640
77.163399	77.150	-108.2114
77.722557	77.166	-109.2197
78.285767	77.181	-110.2198
78.853058	77.180	-111.2417
79.424461	77.189	-112.2239
80.000000	77.196	-113.1960
80.579712	77.188	-114.1865
81.163628	77.190	-115.1368
81.751770	77.190	-116.0749
82.344177	77.175	-117.0280
82.940880	77.170	-117.9399
83.541901	77.163	-118.8376
84.147285	77.141	-119.7466
84.757050	77.130	-120.6127
85.371231	77.120	-121.4566
85.989868	77.105	-122.2897
86.612984	77.075	-123.1298
87.240616	77.056	-123.9277
87.872803	77.035	-124.7065
88.509560	77.000	-125.4880
89.150940	76.977	-126.2283
89.796967	76.952	-126.9535
90.447670	76.913	-127.6725
91.103088	76.887	-128.3480
91.763260	76.860	-128.9952
92.428215	76.819	-129.6412
93.097992	76.791	-130.2427
93.772614	76.763	-130.8251
94.452133	76.721	-131.4031
95.136566	76.694	-131.9412
95.825966	76.667	-132.4567
96.520363	76.627	-132.9658
97.219788	76.602	-133.4371
97.924286	76.583	-133.8845
98.633881	76.562	-134.3154
99.348625	76.528	-134.7410
100.068542	76.509	-135.1357
100.793686	76.492	-135.5139
101.524078	76.465	-135.8880
102.259766	76.453	-136.2373
103.000778	76.445	-136.5745
103.747162	76.424	-136.9110
104.498962	76.421	-137.2297
105.256203	76.420	-137.5420
106.018929	76.408	-137.8573
106.787186	76.413	-138.1624
107.561012	76.421	-138.4668
108.340446	76.418	-138.7784
109.125526	76.431	-139.0872
109.916290	76.446	-139.4009
110.712791	76.450	-139.7251
111.515060	76.470	-140.0532
112.323143	76.495	-140.3903
113.137085	76.519	-140.7389
113.956924	76.529	-141.1003
114.782700	76.555	-141.4728
115.614464	76.581	-141.8583
116.452255	76.594	-142.2563
117.296112	76.621	-142.6685
118.146095	76.647	-143.0943
119.002228	76.660	-143.5306
119.864563	76.686	-143.9822
120.733154	76.711	-144.4461
121.608040	76.720	-144.9167
122.489258	76.743	-145.4021
123.376869	76.764	-145.8966
124.270905	76.769	-146.3927
125.171425	76.786	-146.9015
126.078468	76.802	-147.4153
126.992081	76.801	-147.9243
127.912323	76.813	-148.4434
128.839233	76.826	-148.9649
129.772842	76.834	-149.4824
130.713242	76.825	-149.9852
131.660431	76.827	-150.4934
132.614502	76.828	-150.9946
133.575485	76.813	-151.4744
134.543427	76.811	-151.9566
135.518387	76.807	-152.4273
136.500412	76.787	-152.8709
137.489548	76.780	-153.3151
138.485855	76.773	-153.7445
139.489380	76.751	-154.1425
140.500168	76.744	-154.5412
141.518295	76.736	-154.9243
142.543793	76.714	-155.2748
143.576721	76.707	-155.6311
144.617142	76.701	-155.9696
145.665100	76.682	-156.2747
146.720642	76.680	-156.5860
147.783844	76.681	-156.8947
148.854752	76.682	-157.1911
149.933411	76.670	-157.4586
151.019897	76.674	-157.7438
152.114243	76.680	-158.0271
153.216522	76.675	-158.2871
154.326797	76.686	-158.5732
155.445114	76.698	-158.8639
156.571533	76.698	-159.1361
157.706116	76.713	-159.4417
158.848923	76.729	-159.7572
160.000000	76.733	-160.0572
161.159424	76.751	-160.3956
162.327255	76.769	-160.7464
163.503540	76.773	-161.0818
164.688354	76.790	-161.4574
165.881760	76.806	-161.8448
167.083801	76.809	-162.2135
168.294571	76.822	-162.6220
169.514099	76.837	-163.0456
170.742462	76.848	-163.4679
171.979736	76.843	-163.8612
173.225967	76.848	-164.2868
174.481232	76.851	-164.7110
175.745605	76.840	-165.0988
177.019119	76.839	-165.5127
178.301880	76.837	-165.9181
179.593933	76.820	-166.2784
180.895340	76.813	-166.6595
182.206177	76.806	-167.0258
183.526520	76.786	-167.3407
184.856430	76.778	-167.6733
186.195984	76.770	-167.9883
187.545227	76.750	-168.2493
188.904266	76.743	-168.5293
190.273132	76.738	-168.7932
191.651932	76.723	-169.0055
193.040726	76.722	-169.2440
194.439575	76.726	-169.4819
195.848572	76.730	-169.7049
197.267761	76.725	-169.8889
198.697250	76.735	-170.1277
200.137085	76.746	-170.3224
201.587372	76.750	-170.5002
203.048157	76.766	-170.7316
204.519531	76.785	-170.9750
206.001556	76.796	-171.1915
207.494324	76.818	-171.4635
208.997925	76.841	-171.7517
210.512405	76.853	-172.0153
212.037857	76.877	-172.3366
213.574371	76.900	-172.6738
215.122025	76.911	-172.9836
216.680893	76.931	-173.3483
218.251053	76.950	-173.7241
219.832581	76.957	-174.0661
221.425583	76.972	-174.4586
223.030121	76.987	-174.8652
224.646286	76.998	-175.2630
226.274170	76.997	-175.6144
227.913849	77.003	-176.0061
229.565399	77.009	-176.3933
231.228928	77.004	-176.7305
232.904510	77.007	-177.1053
234.592224	77.010	-177.4734
236.292191	77.003	-177.7905
238.004456	77.005	-178.1464
239.729126	77.007	-178.4980
241.466309	77.000	-178.8014
243.216080	77.003	-179.1485
244.978516	77.007	-179.4960
246.753738	77.001	-179.7999
248.541809	77.005	179.8475
250.342850	77.008	179.4906
252.156937	77.002	179.1744
253.984161	77.005	178.8056
255.824646	77.009	178.4206
257.678467	77.009	178.0460
259.545685	76.999	177.7173
261.426483	76.997	177.3434
263.320862	76.992	176.9733
265.229004	76.977	176.6562
267.150970	76.969	176.3024
269.086853	76.960	175.9613
271.036774	76.941	175.6819
273.000824	76.930	175.3735
274.979095	76.920	175.0836
276.971710	76.902	174.8599
278.978760	76.894	174.6085
281.000336	76.888	174.3746
283.036591	76.877	174.2023
285.087585	76.876	173.9948
287.153442	76.879	173.7940
289.234283	76.879	173.6414
291.330200	76.890	173.4363
293.441284	76.906	173.2101
295.567688	76.925	172.9794
297.709503	76.940	172.7762
299.866821	76.964	172.5008
302.039795	76.989	172.1956
304.228485	77.009	171.9050
306.433044	77.035	171.5341
308.653595	77.060	171.1294
310.890228	77.076	170.7389
313.143066	77.095	170.2720
315.412231	77.110	169.7793
317.697845	77.113	169.3125
320.000000	77.117	168.7848
322.318848	77.115	168.2498
324.654510	77.101	167.7624
327.007080	77.086	167.2385
329.376709	77.065	166.7334
331.763519	77.032	166.3022
334.167603	77.000	165.8601
336.589142	76.966	165.4525
339.028198	76.928	165.1081
341.484924	76.883	164.8687
343.959473	76.845	164.6440
346.451935	76.811	164.4790
348.962463	76.776	164.4151
351.491211	76.828	179.5562
354.038239	76.839	179.2927
356.603760	76.852	179.0313
359.187866	76.864	178.7717
361.790680	76.878	178.5137
364.412354	76.892	178.2572
367.053040	76.907	178.0019
369.712860	76.922	177.7474
372.391968	76.939	177.4937
375.090454	76.956	177.2402
377.808533	76.974	176.9869
380.546265	76.993	176.7332
383.303864	77.012	176.4789
386.081451	77.033	176.2237
388.879150	77.054	175.9671
391.697144	77.076	175.7088
394.535522	77.099	175.4484
397.394501	77.123	175.1854
400.274170	77.147	174.9195
403.174744	77.172	174.6502
406.096313	77.198	174.3770
409.039062	77.225	174.0997
412.003113	77.253	173.8176
414.988647	77.281	173.5303
417.995850	77.311	173.2373
421.024811	77.341	172.9383
424.075714	77.372	172.6327
427.148743	77.404	172.3201
430.244049	77.437	171.9999
433.361786	77.471	171.6719
436.502106	77.506	171.3354
439.665161	77.542	170.9902
442.851166	77.578	170.6356
446.060242	77.615	170.2714
449.292572	77.652	169.8971
452.548340	77.690	169.5122
455.827698	77.729	169.1165
459.130798	77.767	168.7096
462.457855	77.807	168.2911
465.809021	77.846	167.8606
469.184448	77.886	167.4179
472.584381	77.926	166.9627
476.008911	77.965	166.4947
479.458252	78.005	166.0136
482.932617	78.045	165.5193
486.432159	78.084	165.0115
489.957031	78.123	164.4900
493.507477	78.162	163.9547
497.083618	78.200	163.4054
500.685699	78.237	162.8421
504.313873	78.274	162.2646
507.968323	78.311	161.6729
511.649292	78.346	161.0668
515.356934	78.380	160.4466
519.091370	78.414	159.8120
522.852966	78.446	159.1633
526.641724	78.477	158.5003
530.458008	78.507	157.8233
534.301941	78.535	157.1323
538.173706	78.562	156.4274
542.073547	78.587	155.7089
546.001648	78.610	154.9768
549.958191	78.631	154.2315
553.943420	78.650	153.4731
557.957520	78.667	152.7019
562.000671	78.682	151.9182
566.073181	78.695	151.1223
570.175171	78.705	150.3145
574.306885	78.713	149.4952
578.468567	78.717	148.6649
582.660400	78.720	147.8238
586.882568	78.719	146.9725
591.135376	78.715	146.1115
595.419006	78.709	145.2412
599.733643	78.699	144.3623
604.079590	78.686	143.4752
608.456970	78.669	142.5807
612.866089	78.649	141.6794
617.307190	78.626	140.7719
621.780457	78.598	139.8590
626.286133	78.567	138.9416
630.824463	78.532	138.0205
635.395691	78.493	137.0965
640.000000	78.450	136.1706
644.637695	78.403	135.2439
649.309021	78.351	134.3174
654.014160	78.295	133.3922
658.753418	78.235	132.4696
663.527039	78.170	131.5510
668.335205	78.100	130.6377
673.178284	78.025	129.7312
678.056396	77.945	128.8333
682.969849	77.861	127.9454
687.918945	77.770	127.0697
692.903870	77.675	126.2080
697.924927	77.573	125.3625
702.982422	77.466	124.5356
708.076477	77.353	123.7298
713.207520	77.235	122.9477
718.375732	77.110	122.1922
723.581360	76.979	121.4666
728.824707	76.842	120.7741
734.106079	76.699	120.1186
739.425720	76.550	119.5038
744.783936	76.394	118.9341
750.180908	76.233	118.4140
755.617065	76.067	117.9485
761.092529	75.894	117.5427
766.607727	75.717	117.2023
772.162903	75.534	116.9331
777.758301	75.348	116.7414
783.394287	75.158	116.6337
789.071045	74.964	116.6166
794.789001	74.769	116.6969
800.548340	74.574	116.8813
806.349487	74.379	117.1764
812.192627	74.186	117.5880
818.078125	73.997	118.1214
824.006226	73.814	118.7806
829.977295	73.639	119.5681
835.991699	73.475	120.4841
842.049622	73.326	121.5265
848.151428	73.192	122.6898
854.297485	73.078	123.9653
860.488098	72.986	125.3405
866.723572	72.919	126.7989
873.004211	72.878	128.3207
879.330322	72.866	129.8828
885.702332	72.884	131.4602
892.120483	72.931	133.0264
898.585144	73.008	134.5551
905.096680	73.114	136.0208
911.655396	73.245	137.4005
918.261597	73.402	138.6741
924.915710	73.580	139.8252
931.618042	73.777	140.8409
938.368896	73.990	141.7123
945.168762	74.216	142.4337
952.017822	74.453	143.0029
958.916504	74.697	143.4199
965.865234	74.946	143.6870
972.864319	75.199	143.8081
979.914062	75.452	143.7883
987.014954	75.705	143.6336
994.167236	75.956	143.3503
1001.371399	76.203	142.9450
1008.627747	76.447	142.4246
1015.936646	76.685	141.7956
1023.298584	76.917	141.0645
1030.713867	77.142	140.2375
1038.182739	77.360	139.3208
1045.705933	77.571	138.3198
1053.283447	77.773	137.2399
1060.916016	77.968	136.0862
1068.603882	78.153	134.8634
1076.347412	78.330	133.5760
1084.147095	78.498	132.2282
1092.003296	78.657	130.8241
1099.916382	78.806	129.3674
1107.886841	78.946	127.8617
1115.915039	79.076	126.3105
1124.001343	79.197	124.7171
1132.146362	79.307	123.0846
1140.350342	79.407	121.4163
1148.613770	79.498	119.7151
1156.937134	79.578	117.9840
1165.320801	79.647	116.2262
1173.765137	79.707	114.4445
1182.270752	79.755	112.6420
1190.838013	79.793	110.8217
1199.467285	79.821	108.9868
1208.159180	79.837	107.1403
1216.913940	79.843	105.2856
1225.732178	79.837	103.4262
1234.614380	79.821	101.5655
1243.560913	79.793	99.7072
1252.572266	79.755	97.8553
1261.648926	79.705	96.0138
1270.791382	79.644	94.1867
1280.000000	79.571	92.3788
1289.275391	79.488	90.5946
1298.618042	79.393	88.8389
1308.028320	79.288	87.1171
1317.506836	79.172	85.4343
1327.054077	79.046	83.7961
1336.670410	78.909	82.2082
1346.356567	78.764	80.6764
1356.112793	78.609	79.2066
1365.939697	78.446	77.8047
1375.837891	78.275	76.4762
1385.807739	78.098	75.2267
1395.849854	77.916	74.0610
1405.964844	77.730	72.9836
1416.152954	77.541	71.9977
1426.415039	77.351	71.1057
1436.751465	77.162	70.3084
1447.162720	76.975	69.6049
1457.649414	76.793	68.9925
1468.212158	76.617	68.4659
1478.851440	76.449	68.0183
1489.567871	76.291	67.6400
1500.361816	76.143	67.3194
1511.234131	76.008	67.0432
1522.185059	75.885	66.7965
1533.215454	75.776	66.5637
1544.325806	75.680	66.3290
1555.516602	75.595	66.0772
1566.788574	75.522	65.7940
1578.142090	75.459	65.4671
1589.578003	75.404	65.0863
1601.096680	75.355	64.6439
1612.698975	75.309	64.1349
1624.385254	75.266	63.5571
1636.156250	75.221	62.9108
1648.012451	75.174	62.1987
1659.954590	75.123	61.4259
1671.983398	75.064	60.5997
1684.099243	74.998	59.7286
1696.302856	74.921	58.8231
1708.594971	74.834	57.8948
1720.976196	74.735	56.9566
1733.447144	74.623	56.0221
1746.008423	74.499	55.1058
1758.660645	74.361	54.2229
1771.404663	74.211	53.3891
1784.240967	74.049	52.6201
1797.170288	73.876	51.9319
1810.193359	73.692	51.3401
1823.310791	73.502	50.8596
1836.523193	73.305	50.5039
1849.831421	73.106	50.2847
1863.236084	72.906	50.2111
1876.737793	72.711	50.2883
1890.337524	72.524	50.5173
1904.035645	72.348	50.8937
1917.833008	72.189	51.4069
1931.730469	72.049	52.0405
1945.728638	71.932	52.7719
1959.828125	71.841	53.5733
1974.029907	71.777	54.4137
1988.334473	71.740	55.2606
2002.742798	71.730	56.0816
2017.255493	71.745	56.8478
2031.873291	71.783	57.5345
2046.597168	71.840	58.1227
2061.427734	71.913	58.6001
2076.365479	71.998	58.9605
2091.411865	72.091	59.2036
2106.566895	72.190	59.3342
2121.832031	72.291	59.3606
2137.207764	72.394	59.2943
2152.694824	72.496	59.1485
2168.294189	72.595	58.9368
2184.006592	72.693	58.6729
2199.832764	72.790	58.3695
2215.773682	72.884	58.0374
2231.830078	72.979	57.6851
2248.002686	73.075	57.3185
2264.292725	73.172	56.9403
2280.700684	73.274	56.5501
2297.227539	73.381	56.1444
2313.874268	73.494	55.7170
2330.641602	73.614	55.2597
2347.530273	73.741	54.7627
2364.541504	73.875	54.2157
2381.676025	74.017	53.6088
2398.934570	74.164	52.9330
2416.318359	74.317	52.1812
2433.827881	74.474	51.3484
2451.464355	74.633	50.4317
2469.228760	74.794	49.4306
2487.121826	74.955	48.3465
2505.144531	75.115	47.1821
2523.297852	75.274	45.9408
2541.582764	75.431	44.6264
2560.000000	75.586	43.2422
2578.550781	75.739	41.7904
2597.236084	75.891	40.2718
2616.056641	76.041	38.6856
2635.013672	76.190	37.0291
2654.108154	76.337	35.2982
2673.340820	76.483	33.4876
2692.713135	76.627	31.5913
2712.225586	76.768	29.6033
2731.879395	76.904	27.5182
2751.675781	77.035	25.3318
2771.615479	77.159	23.0416
2791.699707	77.274	20.6476
2811.929688	77.378	18.1514
2832.305908	77.469	15.5571
2852.830078	77.546	12.8711
2873.502930	77.607	10.1010
2894.325439	77.650	7.2557
2915.298828	77.676	4.3452
2936.424316	77.683	1.3793
2957.702881	77.670	-1.6321
2979.135742	77.637	-4.6800
3000.723633	77.584	-7.7559
3022.468262	77.510	-10.8525
3044.370117	77.416	-13.9633
3066.430908	77.300	-17.0820
3088.651611	77.163	-20.2024
3111.033203	77.002	-23.3173
3133.577148	76.817	-26.4179
3156.284180	76.606	-29.4922
3179.156006	76.368	-32.5247
3202.193359	76.100	-35.4944
3225.397949	75.802	-38.3748
3248.770508	75.471	-41.1328
3272.312500	75.109	-43.7285
3296.024902	74.714	-46.1156
3319.909180	74.291	-48.2427
3343.966797	73.842	-50.0560
3368.198486	73.376	-51.5034
3392.605713	72.901	-52.5403
3417.189941	72.431	-53.1389
3441.952393	71.979	-53.2965
3466.894287	71.563	-53.0441
3492.016846	71.196	-52.4484
3517.321289	70.890	-51.6070
3542.809326	70.651	-50.6347
3568.481934	70.481	-49.6448
3594.340576	70.373	-48.7317
3620.386719	70.322	-47.9619
3646.621582	70.317	-47.3739
3673.046387	70.352	-46.9855
3699.662842	70.421	-46.8047
3726.472168	70.518	-46.8386
3753.475586	70.641	-47.0994
3780.675049	70.786	-47.6047
3808.071289	70.947	-48.3750
3835.666016	71.118	-49.4279
3863.460938	71.294	-50.7729
3891.457275	71.467	-52.4092
3919.656250	71.630	-54.3232
3948.059814	71.776	-56.4921
3976.668945	71.901	-58.8859
4005.485596	72.001	-61.4723
4034.510986	72.076	-64.2197
4063.746582	72.123	-67.1012
4093.194336	72.143	-70.0952
4122.855469	72.135	-73.1868
4152.730957	72.101	-76.3651
4182.823730	72.037	-79.6224
4213.133789	71.944	-82.9501
4243.664062	71.817	-86.3354
4274.415527	71.654	-89.7593
4305.389648	71.453	-93.1947
4336.588379	71.209	-96.6063
4368.013184	70.921	-99.9507
4399.665527	70.589	-103.1791
4431.547363	70.212	-106.2386
4463.660156	69.793	-109.0751
4496.005371	69.336	-111.6342
4528.585449	68.846	-113.8629
4561.401367	68.328	-115.7090
4594.455078	67.792	-117.1205
4627.748535	67.248	-118.0463
4661.283203	66.710	-118.4414
4695.060547	66.195	-118.2794
4729.083008	65.724	-117.5742
4763.352051	65.323	-116.4056
4797.869141	65.012	-114.9348
4832.636719	64.803	-113.3926
4867.655762	64.695	-112.0322
4902.928711	64.672	-111.0653
4938.457520	64.705	-110.6115
4974.243652	64.766	-110.6851
5010.289062	64.827	-111.2145
5046.595703	64.870	-112.0759
5083.165527	64.886	-113.1285
5120.000000	64.877	-114.2426
5157.101562	64.849	-115.3206
5194.472168	64.814	-116.3096
5232.113281	64.783	-117.2039
5270.027344	64.767	-118.0374
5308.216309	64.772	-118.8672
5346.681641	64.799	-119.7535
5385.426270	64.847	-120.7445
5424.451172	64.912	-121.8698
5463.758789	64.989	-123.1436
5503.351562	65.076	-124.5724
5543.230957	65.171	-126.1638
5583.399414	65.271	-127.9296
5623.859375	65.373	-129.8849
5664.611816	65.474	-132.0424
5705.660156	65.566	-134.4055
5747.005859	65.643	-136.9642
5788.650879	65.701	-139.6938
5830.597656	65.734	-142.5569
5872.848633	65.740	-145.5098
5915.405762	65.721	-148.5085
5958.271484	65.679	-151.5167
6001.447266	65.618	-154.5095
6044.936523	65.543	-157.4780
6088.740234	65.459	-160.4279
6132.861816	65.369	-163.3759
6177.303223	65.274	-166.3438
6222.066406	65.175	-169.3516
6267.154297	65.070	-172.4141
6312.568359	64.957	-175.5389
6358.312012	64.834	-178.7299
6404.386719	64.702	178.0089
6450.795898	64.559	174.6691
6497.541016	64.404	171.2364
6544.625000	64.236	167.6929
6592.049805	64.049	164.0209
6639.818359	63.840	160.2083
6687.933594	63.602	156.2518
6736.396973	63.327	152.1592
6785.211426	63.007	147.9487
6834.379883	62.635	143.6491
6883.904785	62.201	139.3022
6933.788574	61.696	134.9684
6984.033691	61.111	130.7355
7034.642578	60.435	126.7295
7085.618652	59.662	123.1274
7136.963867	58.787	120.1727
7188.681152	57.816	118.1921
7240.773438	56.766	117.6124
7293.243164	55.679	118.9579
7346.092773	54.626	122.7620
7399.325684	53.714	129.2678
7452.944336	53.069	137.9072
7506.951172	52.779	147.0933
7561.350098	52.847	154.9985
7616.142578	53.189	160.6507
7671.332031	53.690	164.0786
7726.921875	54.257	165.7667
7782.914551	54.835	166.2280
7839.312500	55.403	165.8425
7896.119629	55.953	164.8311
7953.337891	56.482	163.2855
8010.971191	56.986	161.2252
8069.021973	57.452	158.6620
8127.493164	57.868	155.6475
8186.388672	58.224	152.2846
8245.710938	58.519	148.7081
8305.461914	58.760	145.0483
8365.647461	58.961	141.3936
8426.267578	59.135	137.7734
8487.328125	59.295	134.1634
8548.831055	59.446	130.5111
8610.779297	59.587	126.7645
8673.176758	59.713	122.8885
8736.026367	59.819	118.8679
8799.331055	59.898	114.7023
8863.094727	59.942	110.4083
8927.320312	59.946	106.0217
8992.010742	59.906	101.5976
9057.170898	59.822	97.1964
9122.802734	59.698	92.8655
9188.910156	59.539	88.6238
9255.497070	59.348	84.4669
9322.566406	59.124	80.3885
9390.121094	58.862	76.4084
9458.166016	58.557	72.5850
9526.704102	58.205	69.0110
9595.738281	57.812	65.7943
9665.273438	57.385	63.0412
9735.311523	56.941	60.8456
9805.857422	56.498	59.2845
9876.915039	56.080	58.4083
9948.487305	55.718	58.2170
10020.578125	55.443	58.6217
10093.191406	55.281	59.4137
10166.331055	55.248	60.2841
10240.000000	55.336	60.9042
10314.203125	55.526	61.0167
10388.944336	55.788	60.4733
10464.226562	56.091	59.2178
10540.054688	56.405	57.2610
10616.432617	56.704	54.6727
10693.363281	56.970	51.5711
10770.852539	57.193	48.0916
10848.902344	57.370	44.3533
10927.517578	57.501	40.4482
11006.703125	57.585	36.4612
11086.461914	57.626	32.4824
11166.798828	57.633	28.5923
11247.718750	57.619	24.8256
11329.223633	57.594	21.1591
11411.320312	57.564	17.5426
11494.011719	57.526	13.9446
11577.301758	57.478	10.3655
11661.195312	57.420	6.8195
11745.697266	57.350	3.3173
11830.811523	57.270	-0.1293
11916.542969	57.180	-3.4970
12002.894531	57.082	-6.7549
12089.873047	56.982	-9.8802
12177.480469	56.888	-12.8722
12265.723633	56.806	-15.7564
12354.606445	56.743	-18.5855
12444.132812	56.700	-21.4340
12534.308594	56.674	-24.3864
12625.136719	56.659	-27.5178
12716.624023	56.640	-30.8704
12808.773438	56.603	-34.4313
12901.591797	56.535	-38.1288
12995.082031	56.429	-41.8484
13089.250000	56.286	-45.4598
13184.099609	56.115	-48.8425
13279.636719	55.933	-51.9144
13375.867188	55.761	-54.6667
13472.793945	55.617	-57.1752
13570.422852	55.512	-59.5707
13668.759766	55.451	-61.9951
13767.809570	55.426	-64.5799
13867.577148	55.429	-67.4355
13968.067383	55.442	-70.6333
14069.285156	55.445	-74.1877
14171.237305	55.419	-78.0481
14273.927734	55.347	-82.0919
14377.362305	55.224	-86.1393
14481.546875	55.056	-90.0050
14586.486328	54.861	-93.5653
14692.185547	54.663	-96.7870
14798.651367	54.482	-99.7134
14905.888672	54.333	-102.4396
15013.902344	54.223	-105.0884
15122.700195	54.154	-107.7732
15232.285156	54.120	-110.5686
15342.664062	54.116	-113.5113
15453.843750	54.139	-116.6202
15565.829102	54.188	-119.9221
15678.625000	54.263	-123.4781
15792.239258	54.358	-127.3862
15906.675781	54.460	-131.7417
16021.942383	54.547	-136.5930
16138.043945	54.598	-141.9216
16254.986328	54.592	-147.6478
16372.777344	54.514	-153.6449
16491.421875	54.356	-159.7656
16610.923828	54.119	-165.8733
16731.294922	53.805	-171.8551
16852.535156	53.421	-177.6157
16974.656250	52.973	176.9288
17097.662109	52.470	171.8491
17221.558594	51.921	167.2122
17346.353516	51.336	163.1053
17472.052734	50.727	159.6454
17598.662109	50.116	156.9546
17726.189453	49.533	155.1084
17854.640625	49.018	154.0472
17984.021484	48.610	153.5063
18114.341797	48.333	153.0431
18245.605469	48.183	152.1677
18377.820312	48.133	150.4963
18510.994141	48.134	147.8756
18645.132812	48.140	144.4032
18780.242188	48.119	140.3059
18916.332031	48.059	135.7957
19053.408203	47.957	130.9966
19191.476562	47.816	125.9241
19330.546875	47.635	120.5107
19470.623047	47.405	114.6758
19611.714844	47.122	108.4187
19753.830078	46.805	101.8524
19896.974609	46.522	94.8630
