* Measurement data measured by REW V5.31.1
* Source: EXCL: Microphone (Umik-1  Gain: 18dB), MICROPHONE (Master Volume), R, volume: 0.530
* Format: 256k Log Swept Sine, 1 sweep at 0.0 dBFS with no timing reference
* Dated: 19:09:21 16/07/2024
* REW Settings:
*  C-weighting compensation: Off
*  Target level: 75.0 dB
* Note: 
* Measurement: Woofer and Tweeter 1m
* Smoothing: 1/12 octave
* Frequency Step: 1/96 octave
* Start Frequency: 302.040 Hz
*
* Freq(Hz)	SPL(dB)	Phase(degrees)
302.039795	69.819	-159.1103
304.228485	69.816	-159.1172
306.433044	69.812	-159.1039
308.653595	69.807	-159.0734
310.890228	69.803	-159.0276
313.143066	69.798	-158.9681
315.412231	69.793	-158.8955
317.697845	69.788	-158.8102
320.000000	69.784	-158.7123
322.318848	69.780	-158.6019
324.654510	69.777	-158.4789
327.007080	69.774	-158.3434
329.376709	69.773	-158.1952
331.763519	69.772	-158.0344
334.167603	69.772	-157.8611
336.589142	69.774	-157.6752
339.028198	69.777	-157.4770
341.484924	69.782	-157.2665
343.959473	69.788	-157.0441
346.451935	69.795	-156.8100
348.962463	69.805	-156.5644
351.491211	69.816	-156.3079
354.038239	69.830	-156.0408
356.603760	69.846	-155.7636
359.187866	69.864	-155.4770
361.790680	69.884	-155.1815
364.412354	69.907	-154.8779
367.053040	69.932	-154.5667
369.712860	69.960	-154.2489
372.391968	69.991	-153.9254
375.090454	70.024	-153.5969
377.808533	70.061	-153.2644
380.546265	70.100	-152.9289
383.303864	70.143	-152.5914
386.081451	70.188	-152.2529
388.879150	70.237	-151.9146
391.697144	70.288	-151.5773
394.535522	70.342	-151.2424
397.394501	70.399	-150.9108
400.274170	70.459	-150.5835
403.174744	70.522	-150.2617
406.096313	70.588	-149.9465
409.039062	70.656	-149.6387
412.003113	70.727	-149.3394
414.988647	70.801	-149.0495
417.995850	70.878	-148.7700
421.024811	70.957	-148.5016
424.075714	71.038	-148.2451
427.148743	71.123	-148.0013
430.244049	71.209	-147.7707
433.361786	71.298	-147.5541
436.502106	71.388	-147.3519
439.665161	71.481	-147.1646
442.851166	71.576	-146.9925
446.060242	71.672	-146.8360
449.292572	71.770	-146.6954
452.548340	71.869	-146.5708
455.827698	71.969	-146.4624
459.130798	72.071	-146.3702
462.457855	72.174	-146.2943
465.809021	72.277	-146.2344
469.184448	72.382	-146.1907
472.584381	72.487	-146.1628
476.008911	72.593	-146.1507
479.458252	72.699	-146.1540
482.932617	72.805	-146.1724
486.432159	72.912	-146.2058
489.957031	73.019	-146.2536
493.507477	73.127	-146.3156
497.083618	73.234	-146.3914
500.685699	73.342	-146.4805
504.313873	73.449	-146.5826
507.968323	73.557	-146.6972
511.649292	73.665	-146.8239
515.356934	73.772	-146.9622
519.091370	73.880	-147.1119
522.852966	73.987	-147.2724
526.641724	74.095	-147.4434
530.458008	74.202	-147.6244
534.301941	74.309	-147.8153
538.173706	74.417	-148.0156
542.073547	74.524	-148.2250
546.001648	74.631	-148.4433
549.958191	74.738	-148.6703
553.943420	74.846	-148.9058
557.957520	74.953	-149.1497
562.000671	75.061	-149.4019
566.073181	75.168	-149.6623
570.175171	75.276	-149.9310
574.306885	75.385	-150.2080
578.468567	75.493	-150.4935
582.660400	75.602	-150.7876
586.882568	75.712	-151.0907
591.135376	75.822	-151.4029
595.419006	75.932	-151.7246
599.733643	76.044	-152.0562
604.079590	76.156	-152.3982
608.456970	76.268	-152.7511
612.866089	76.382	-153.1154
617.307190	76.496	-153.4916
621.780457	76.611	-153.8805
626.286133	76.727	-154.2826
630.824463	76.843	-154.6986
635.395691	76.960	-155.1293
640.000000	77.078	-155.5754
644.637695	77.197	-156.0375
649.309021	77.317	-156.5164
654.014160	77.437	-157.0129
658.753418	77.558	-157.5275
663.527039	77.680	-158.0611
668.335205	77.802	-158.6143
673.178284	77.925	-159.1877
678.056396	78.047	-159.7820
682.969849	78.170	-160.3976
687.918945	78.293	-161.0351
692.903870	78.415	-161.6949
697.924927	78.537	-162.3775
702.982422	78.659	-163.0833
708.076477	78.779	-163.8124
713.207520	78.899	-164.5651
718.375732	79.017	-165.3415
723.581360	79.134	-166.1418
728.824707	79.250	-166.9659
734.106079	79.364	-167.8139
739.425720	79.477	-168.6855
744.783936	79.587	-169.5806
750.180908	79.696	-170.4989
755.617065	79.802	-171.4401
761.092529	79.905	-172.4039
766.607727	80.006	-173.3896
772.162903	80.105	-174.3969
777.758301	80.200	-175.4251
783.394287	80.292	-176.4737
789.071045	80.381	-177.5419
794.789001	80.467	-178.6289
800.548340	80.550	-179.7340
806.349487	80.628	179.1436
812.192627	80.703	178.0050
818.078125	80.775	176.8510
824.006226	80.842	175.6827
829.977295	80.905	174.5010
835.991699	80.965	173.3070
842.049622	81.020	172.1019
848.151428	81.070	170.8868
854.297485	81.116	169.6630
860.488098	81.158	168.4315
866.723572	81.196	167.1937
873.004211	81.229	165.9508
879.330322	81.257	164.7042
885.702332	81.281	163.4553
892.120483	81.300	162.2052
898.585144	81.314	160.9555
905.096680	81.324	159.7074
911.655396	81.330	158.4625
918.261597	81.331	157.2220
924.915710	81.327	155.9875
931.618042	81.320	154.7603
938.368896	81.307	153.5417
945.168762	81.291	152.3333
952.017822	81.271	151.1362
958.916504	81.246	149.9517
965.865234	81.218	148.7812
972.864319	81.186	147.6259
979.914062	81.150	146.4867
987.014954	81.111	145.3648
994.167236	81.069	144.2611
1001.371399	81.024	143.1763
1008.627747	80.976	142.1111
1015.936646	80.926	141.0661
1023.298584	80.874	140.0415
1030.713867	80.820	139.0375
1038.182739	80.764	138.0540
1045.705933	80.706	137.0908
1053.283447	80.648	136.1474
1060.916016	80.589	135.2230
1068.603882	80.529	134.3167
1076.347412	80.468	133.4272
1084.147095	80.408	132.5533
1092.003296	80.347	131.6934
1099.916382	80.286	130.8457
1107.886841	80.225	130.0084
1115.915039	80.164	129.1794
1124.001343	80.102	128.3570
1132.146362	80.041	127.5390
1140.350342	79.979	126.7238
1148.613770	79.917	125.9096
1156.937134	79.854	125.0950
1165.320801	79.789	124.2791
1173.765137	79.723	123.4609
1182.270752	79.654	122.6405
1190.838013	79.583	121.8181
1199.467285	79.509	120.9948
1208.159180	79.431	120.1722
1216.913940	79.349	119.3527
1225.732178	79.263	118.5394
1234.614380	79.171	117.7365
1243.560913	79.074	116.9486
1252.572266	78.971	116.1815
1261.648926	78.863	115.4417
1270.791382	78.748	114.7361
1280.000000	78.627	114.0728
1289.275391	78.501	113.4600
1298.618042	78.370	112.9064
1308.028320	78.234	112.4208
1317.506836	78.096	112.0115
1327.054077	77.957	111.6863
1336.670410	77.817	111.4515
1346.356567	77.681	111.3117
1356.112793	77.549	111.2690
1365.939697	77.425	111.3219
1375.837891	77.312	111.4654
1385.807739	77.212	111.6900
1395.849854	77.128	111.9815
1405.964844	77.062	112.3214
1416.152954	77.016	112.6870
1426.415039	76.991	113.0530
1436.751465	76.987	113.3925
1447.162720	77.002	113.6785
1457.649414	77.036	113.8858
1468.212158	77.085	113.9925
1478.851440	77.147	113.9811
1489.567871	77.217	113.8391
1500.361816	77.291	113.5598
1511.234131	77.366	113.1418
1522.185059	77.437	112.5890
1533.215454	77.501	111.9098
1544.325806	77.554	111.1169
1555.516602	77.594	110.2263
1566.788574	77.617	109.2570
1578.142090	77.623	108.2306
1589.578003	77.609	107.1705
1601.096680	77.574	106.1019
1612.698975	77.519	105.0510
1624.385254	77.445	104.0450
1636.156250	77.351	103.1114
1648.012451	77.241	102.2770
1659.954590	77.117	101.5670
1671.983398	76.984	101.0036
1684.099243	76.845	100.6044
1696.302856	76.708	100.3798
1708.594971	76.577	100.3312
1720.976196	76.461	100.4491
1733.447144	76.365	100.7110
1746.008423	76.295	101.0822
1758.660645	76.256	101.5167
1771.404663	76.249	101.9611
1784.240967	76.275	102.3593
1797.170288	76.330	102.6582
1810.193359	76.410	102.8123
1823.310791	76.510	102.7877
1836.523193	76.621	102.5635
1849.831421	76.737	102.1327
1863.236084	76.850	101.4999
1876.737793	76.954	100.6804
1890.337524	77.044	99.6974
1904.035645	77.116	98.5798
1917.833008	77.166	97.3610
1931.730469	77.192	96.0763
1945.728638	77.194	94.7628
1959.828125	77.172	93.4570
1974.029907	77.127	92.1945
1988.334473	77.063	91.0081
2002.742798	76.984	89.9260
2017.255493	76.894	88.9702
2031.873291	76.801	88.1534
2046.597168	76.710	87.4772
2061.427734	76.629	86.9295
2076.365479	76.566	86.4837
2091.411865	76.524	86.0986
2106.566895	76.510	85.7213
2121.832031	76.523	85.2917
2137.207764	76.562	84.7481
2152.694824	76.623	84.0337
2168.294189	76.700	83.1019
2184.006592	76.783	81.9196
2199.832764	76.865	80.4691
2215.773682	76.934	78.7473
2231.830078	76.982	76.7646
2248.002686	77.000	74.5430
2264.292725	76.980	72.1146
2280.700684	76.914	69.5200
2297.227539	76.796	66.8079
2313.874268	76.619	64.0360
2330.641602	76.380	61.2718
2347.530273	76.074	58.5951
2364.541504	75.698	56.1009
2381.676025	75.251	53.9040
2398.934570	74.736	52.1418
2416.318359	74.162	50.9765
2433.827881	73.544	50.5894
2451.464355	72.910	51.1588
2469.228760	72.304	52.8098
2487.121826	71.783	55.5270
2505.144531	71.408	59.0594
2523.297852	71.226	62.8989
2541.582764	71.245	66.4102
2560.000000	71.432	69.0541
2578.550781	71.727	70.5399
2597.236084	72.064	70.8257
2616.056641	72.389	70.0286
2635.013672	72.662	68.3343
2654.108154	72.859	65.9409
2673.340820	72.962	63.0338
2692.713135	72.962	59.7793
2712.225586	72.855	56.3261
2731.879395	72.637	52.8103
2751.675781	72.308	49.3610
2771.615479	71.869	46.1055
2791.699707	71.322	43.1729
2811.929688	70.671	40.6979
2832.305908	69.922	38.8222
2852.830078	69.086	37.6941
2873.502930	68.174	37.4685
2894.325439	67.205	38.3076
2915.298828	66.204	40.3923
2936.424316	65.203	43.9538
2957.702881	64.253	49.3338
2979.135742	63.431	57.0464
3000.723633	62.853	67.6896
3022.468262	62.660	81.3431
3044.370117	62.943	96.4485
3066.430908	63.676	110.0055
3088.651611	64.717	119.9055
3111.033203	65.900	125.9669
3133.577148	67.100	128.9585
3156.284180	68.240	129.7234
3179.156006	69.279	128.9181
3202.193359	70.201	127.0125
3225.397949	70.998	124.3430
3248.770508	71.672	121.1574
3272.312500	72.226	117.6462
3296.024902	72.664	113.9628
3319.909180	72.994	110.2370
3343.966797	73.223	106.5830
3368.198486	73.360	103.1039
3392.605713	73.415	99.8940
3417.189941	73.400	97.0375
3441.952393	73.331	94.6055
3466.894287	73.225	92.6500
3492.016846	73.100	91.1970
3517.321289	72.976	90.2403
3542.809326	72.870	89.7393
3568.481934	72.797	89.6232
3594.340576	72.768	89.8021
3620.386719	72.787	90.1817
3646.621582	72.858	90.6758
3673.046387	72.978	91.2108
3699.662842	73.146	91.7240
3726.472168	73.361	92.1565
3753.475586	73.618	92.4473
3780.675049	73.912	92.5339
3808.071289	74.234	92.3590
3835.666016	74.575	91.8814
3863.460938	74.921	91.0850
3891.457275	75.261	89.9824
3919.656250	75.586	88.6123
3948.059814	75.889	87.0306
3976.668945	76.170	85.2986
4005.485596	76.429	83.4711
4034.510986	76.673	81.5847
4063.746582	76.906	79.6513
4093.194336	77.133	77.6576
4122.855469	77.357	75.5710
4152.730957	77.574	73.3526
4182.823730	77.778	70.9720
4213.133789	77.960	68.4208
4243.664062	78.111	65.7194
4274.415527	78.222	62.9179
4305.389648	78.289	60.0888
4336.588379	78.313	57.3150
4368.013184	78.300	54.6740
4399.665527	78.262	52.2197
4431.547363	78.212	49.9667
4463.660156	78.163	47.8822
4496.005371	78.125	45.8926
4528.585449	78.097	43.9058
4561.401367	78.072	41.8453
4594.455078	78.033	39.6805
4627.748535	77.965	37.4446
4661.283203	77.854	35.2341
4695.060547	77.695	33.1912
4729.083008	77.494	31.4751
4763.352051	77.268	30.2228
4797.869141	77.046	29.5048
4832.636719	76.859	29.2884
4867.655762	76.735	29.4307
4902.928711	76.688	29.7159
4938.457520	76.716	29.9268
4974.243652	76.801	29.9103
5010.289062	76.923	29.6026
5046.595703	77.064	29.0128
5083.165527	77.210	28.1883
5120.000000	77.356	27.1838
5157.101562	77.499	26.0446
5194.472168	77.639	24.8018
5232.113281	77.778	23.4723
5270.027344	77.917	22.0596
5308.216309	78.057	20.5540
5346.681641	78.196	18.9373
5385.426270	78.332	17.1938
5424.451172	78.456	15.3271
5463.758789	78.563	13.3719
5503.351562	78.652	11.3912
5543.230957	78.728	9.4558
5583.399414	78.803	7.6082
5623.859375	78.892	5.8284
5664.611816	79.006	4.0228
5705.660156	79.144	2.0532
5747.005859	79.292	-0.2028
5788.650879	79.425	-2.7935
5830.597656	79.516	-5.6671
5872.848633	79.548	-8.6873
5915.405762	79.516	-11.6750
5958.271484	79.429	-14.4603
6001.447266	79.307	-16.9278
6044.936523	79.175	-19.0444
6088.740234	79.054	-20.8555
6132.861816	78.959	-22.4509
6177.303223	78.893	-23.9200
6222.066406	78.857	-25.3226
6267.154297	78.850	-26.6929
6312.568359	78.874	-28.0658
6358.312012	78.930	-29.5006
6404.386719	79.014	-31.0797
6450.795898	79.118	-32.8812
6497.541016	79.226	-34.9436
6544.625000	79.320	-37.2458
6592.049805	79.388	-39.7141
6639.818359	79.427	-42.2498
6687.933594	79.442	-44.7659
6736.396973	79.440	-47.2166
6785.211426	79.434	-49.6057
6834.379883	79.427	-51.9716
6883.904785	79.419	-54.3536
6933.788574	79.403	-56.7617
6984.033691	79.376	-59.1686
7034.642578	79.338	-61.5277
7085.618652	79.295	-63.8054
7136.963867	79.254	-66.0051
7188.681152	79.221	-68.1665
7240.773438	79.196	-70.3394
7293.243164	79.173	-72.5510
7346.092773	79.146	-74.7895
7399.325684	79.112	-77.0106
7452.944336	79.072	-79.1603
7506.951172	79.034	-81.2000
7561.350098	79.010	-83.1266
7616.142578	79.009	-84.9862
7671.332031	79.038	-86.8712
7726.921875	79.092	-88.8910
7782.914551	79.157	-91.1206
7839.312500	79.213	-93.5602
7896.119629	79.248	-96.1356
7953.337891	79.260	-98.7446
8010.971191	79.255	-101.3153
8069.021973	79.242	-103.8329
8127.493164	79.224	-106.3163
8186.388672	79.202	-108.7700
8245.710938	79.175	-111.1620
8305.461914	79.150	-113.4499
8365.647461	79.138	-115.6279
8426.267578	79.150	-117.7509
8487.328125	79.190	-119.9133
8548.831055	79.251	-122.2042
8610.779297	79.322	-124.6727
8673.176758	79.389	-127.3167
8736.026367	79.443	-130.0907
8799.331055	79.479	-132.9281
8863.094727	79.501	-135.7720
8927.320312	79.513	-138.5982
8992.010742	79.519	-141.4119
9057.170898	79.519	-144.2216
9122.802734	79.512	-147.0156
9188.910156	79.500	-149.7703
9255.497070	79.488	-152.4755
9322.566406	79.480	-155.1483
9390.121094	79.477	-157.8180
9458.166016	79.480	-160.5057
9526.704102	79.488	-163.2239
9595.738281	79.500	-165.9942
9665.273438	79.512	-168.8489
9735.311523	79.518	-171.8044
9805.857422	79.508	-174.8367
9876.915039	79.478	-177.8878
9948.487305	79.429	179.1034
10020.578125	79.365	176.1804
10093.191406	79.292	173.3776
10166.331055	79.216	170.7321
10240.000000	79.150	168.2655
10314.203125	79.109	165.9420
10388.944336	79.104	163.6497
10464.226562	79.132	161.2442
10540.054688	79.180	158.6185
10616.432617	79.230	155.7385
10693.363281	79.265	152.6263
10770.852539	79.272	149.3375
10848.902344	79.242	145.9587
10927.517578	79.169	142.6075
11006.703125	79.060	139.4070
11086.461914	78.929	136.4496
11166.798828	78.791	133.7795
11247.718750	78.665	131.3928
11329.223633	78.569	129.2335
11411.320312	78.512	127.1977
11494.011719	78.496	125.1613
11577.301758	78.515	123.0142
11661.195312	78.557	120.6797
11745.697266	78.605	118.1290
11830.811523	78.644	115.3960
11916.542969	78.665	112.5640
12002.894531	78.668	109.7208
12089.873047	78.658	106.9262
12177.480469	78.642	104.2109
12265.723633	78.627	101.5846
12354.606445	78.620	99.0342
12444.132812	78.625	96.5298
12534.308594	78.645	94.0314
12625.136719	78.680	91.4924
12716.624023	78.728	88.8640
12808.773438	78.782	86.1048
12901.591797	78.832	83.1982
12995.082031	78.869	80.1713
13089.250000	78.888	77.0944
13184.099609	78.891	74.0405
13279.636719	78.887	71.0406
13375.867188	78.879	68.0884
13472.793945	78.870	65.1814
13570.422852	78.861	62.3447
13668.759766	78.859	59.6157
13767.809570	78.877	57.0070
13867.577148	78.930	54.4598
13968.067383	79.028	51.8253
14069.285156	79.162	48.9161
14171.237305	79.312	45.5981
14273.927734	79.450	41.8435
14377.362305	79.553	37.7230
14481.546875	79.608	33.3654
14586.486328	79.613	28.9106
14692.185547	79.571	24.4818
14798.651367	79.493	20.1798
14905.888672	79.395	16.0777
15013.902344	79.300	12.1854
15122.700195	79.229	8.4084
15232.285156	79.188	4.5685
15342.664062	79.166	0.4953
15453.843750	79.138	-3.8837
15565.829102	79.076	-8.5122
15678.625000	78.966	-13.2456
15792.239258	78.810	-17.9284
15906.675781	78.620	-22.4684
16021.942383	78.413	-26.8629
16138.043945	78.199	-31.1710
16254.986328	77.978	-35.4633
16372.777344	77.743	-39.7824
16491.421875	77.483	-44.1218
16610.923828	77.184	-48.4164
16731.294922	76.839	-52.5439
16852.535156	76.452	-56.3558
16974.656250	76.037	-59.7313
17097.662109	75.616	-62.6250
17221.558594	75.214	-65.0937
17346.353516	74.847	-67.2692
17472.052734	74.523	-69.2890
17598.662109	74.240	-71.2542
17726.189453	73.992	-73.2178
17854.640625	73.773	-75.1932
17984.021484	73.578	-77.1669
18114.341797	73.406	-79.1060
18245.605469	73.259	-80.9751
18377.820312	73.144	-82.7583
18510.994141	73.071	-84.4767
18645.132812	73.047	-86.2100
18780.242188	73.071	-88.0883
18916.332031	73.133	-90.2425
19053.408203	73.213	-92.7315
19191.476562	73.290	-95.5114
19330.546875	73.353	-98.4813
19470.623047	73.400	-101.5579
19611.714844	73.433	-104.7355
19753.830078	73.459	-108.1060
19896.974609	73.477	-111.8400
20041.156250	73.487	-116.2020
