* Measurement data measured by REW V5.20.9
* Source: Microphone (Umik-1  Gain: 18dB), MICROPHONE (Master Volume), R, volume: 1.000
* Format: 512k Log Swept Sine, 1 sweep at -10.0 dBFS with no timing reference
* Dated: 14:46:06 21/08/2022
* REW Settings:
*  C-weighting compensation: Off
*  Target level: 75.0 dB
* Note: 
* Measurement: W and T Far Field
* Smoothing: 1/24 octave
* Frequency Step: 1/96 octave
* Start Frequency: 302.040 Hz
*
* Freq(Hz)	SPL(dB)	Phase(degrees)
302.039795	69.509	39.0486
304.228485	69.489	38.8826
306.433044	69.459	38.6599
308.653595	69.424	38.4187
310.890228	69.384	38.1822
313.143066	69.342	37.9619
315.412231	69.296	37.7629
317.697845	69.248	37.5879
320.000000	69.197	37.4387
322.318848	69.144	37.3171
324.654510	69.089	37.2246
327.007080	69.032	37.1629
329.376709	68.973	37.1338
331.763519	68.913	37.1390
334.167603	68.851	37.1802
336.589142	68.788	37.2592
339.028198	68.724	37.3777
341.484924	68.659	37.5375
343.959473	68.594	37.7402
346.451935	68.530	37.9873
348.962463	68.465	38.2803
351.491211	68.402	38.6204
354.038239	68.341	39.0089
356.603760	68.282	39.4464
359.187866	68.225	39.9335
361.790680	68.172	40.4705
364.412354	68.123	41.0572
367.053040	68.079	41.6928
369.712860	68.040	42.3764
372.391968	68.007	43.1061
375.090454	67.982	43.8798
377.808533	67.964	44.6946
380.546265	67.954	45.5470
383.303864	67.954	46.4330
386.081451	67.963	47.3479
388.879150	67.982	48.2865
391.697144	68.012	49.2431
394.535522	68.053	50.2116
397.394501	68.104	51.1856
400.274170	68.167	52.1584
403.174744	68.241	53.1233
406.096313	68.325	54.0737
409.039062	68.421	55.0030
412.003113	68.527	55.9049
414.988647	68.643	56.7736
417.995850	68.768	57.6036
421.024811	68.903	58.3900
424.075714	69.045	59.1285
427.148743	69.195	59.8154
430.244049	69.352	60.4475
433.361786	69.515	61.0225
436.502106	69.682	61.5385
439.665161	69.854	61.9941
442.851166	70.029	62.3888
446.060242	70.207	62.7221
449.292572	70.386	62.9944
452.548340	70.567	63.2063
455.827698	70.749	63.3586
459.130798	70.930	63.4526
462.457855	71.110	63.4897
465.809021	71.290	63.4717
469.184448	71.468	63.4004
472.584381	71.643	63.2777
476.008911	71.816	63.1058
479.458252	71.986	62.8867
482.932617	72.153	62.6227
486.432159	72.316	62.3160
489.957031	72.476	61.9688
493.507477	72.631	61.5835
497.083618	72.782	61.1622
500.685699	72.929	60.7072
504.313873	73.070	60.2208
507.968323	73.207	59.7053
511.649292	73.339	59.1627
515.356934	73.466	58.5954
519.091370	73.588	58.0055
522.852966	73.704	57.3951
526.641724	73.815	56.7665
530.458008	73.921	56.1218
534.301941	74.021	55.4632
538.173706	74.115	54.7928
542.073547	74.204	54.1127
546.001648	74.287	53.4251
549.958191	74.364	52.7323
553.943420	74.436	52.0363
557.957520	74.502	51.3393
562.000671	74.562	50.6437
566.073181	74.617	49.9515
570.175171	74.666	49.2651
574.306885	74.709	48.5868
578.468567	74.748	47.9187
582.660400	74.780	47.2633
586.882568	74.808	46.6228
591.135376	74.831	45.9995
595.419006	74.849	45.3958
599.733643	74.863	44.8139
604.079590	74.873	44.2561
608.456970	74.878	43.7247
612.866089	74.880	43.2216
617.307190	74.879	42.7490
621.780457	74.875	42.3088
626.286133	74.868	41.9026
630.824463	74.860	41.5322
635.395691	74.849	41.1987
640.000000	74.838	40.9032
644.637695	74.827	40.6464
649.309021	74.816	40.4287
654.014160	74.806	40.2499
658.753418	74.798	40.1095
663.527039	74.793	40.0065
668.335205	74.790	39.9392
673.178284	74.791	39.9056
678.056396	74.797	39.9029
682.969849	74.807	39.9278
687.918945	74.823	39.9765
692.903870	74.844	40.0446
697.924927	74.871	40.1275
702.982422	74.905	40.2200
708.076477	74.945	40.3166
713.207520	74.991	40.4117
718.375732	75.044	40.4996
723.581360	75.104	40.5747
728.824707	75.169	40.6315
734.106079	75.241	40.6647
739.425720	75.317	40.6695
744.783936	75.398	40.6415
750.180908	75.483	40.5768
755.617065	75.571	40.4723
761.092529	75.662	40.3251
766.607727	75.755	40.1334
772.162903	75.849	39.8959
777.758301	75.942	39.6118
783.394287	76.035	39.2811
789.071045	76.127	38.9044
794.789001	76.217	38.4829
800.548340	76.303	38.0182
806.349487	76.386	37.5124
812.192627	76.464	36.9682
818.078125	76.538	36.3885
824.006226	76.607	35.7767
829.977295	76.669	35.1365
835.991699	76.725	34.4717
842.049622	76.775	33.7866
848.151428	76.818	33.0857
854.297485	76.853	32.3734
860.488098	76.881	31.6545
866.723572	76.902	30.9339
873.004211	76.916	30.2165
879.330322	76.922	29.5073
885.702332	76.921	28.8112
892.120483	76.913	28.1333
898.585144	76.898	27.4782
905.096680	76.877	26.8508
911.655396	76.850	26.2554
918.261597	76.818	25.6961
924.915710	76.782	25.1766
931.618042	76.742	24.7000
938.368896	76.699	24.2690
945.168762	76.653	23.8853
952.017822	76.607	23.5499
958.916504	76.561	23.2628
965.865234	76.515	23.0229
972.864319	76.472	22.8282
979.914062	76.431	22.6754
987.014954	76.394	22.5601
994.167236	76.362	22.4771
1001.371399	76.335	22.4200
1008.627747	76.313	22.3817
1015.936646	76.298	22.3545
1023.298584	76.288	22.3305
1030.713867	76.285	22.3016
1038.182739	76.287	22.2601
1045.705933	76.295	22.1986
1053.283447	76.306	22.1106
1060.916016	76.321	21.9907
1068.603882	76.338	21.8346
1076.347412	76.356	21.6392
1084.147095	76.374	21.4031
1092.003296	76.390	21.1262
1099.916382	76.403	20.8099
1107.886841	76.413	20.4568
1115.915039	76.417	20.0713
1124.001343	76.415	19.6585
1132.146362	76.406	19.2250
1140.350342	76.389	18.7782
1148.613770	76.363	18.3263
1156.937134	76.329	17.8783
1165.320801	76.286	17.4435
1173.765137	76.235	17.0316
1182.270752	76.175	16.6522
1190.838013	76.107	16.3149
1199.467285	76.033	16.0285
1208.159180	75.953	15.8011
1216.913940	75.868	15.6397
1225.732178	75.781	15.5496
1234.614380	75.693	15.5341
1243.560913	75.606	15.5944
1252.572266	75.521	15.7290
1261.648926	75.442	15.9336
1270.791382	75.370	16.2011
1280.000000	75.307	16.5217
1289.275391	75.254	16.8833
1298.618042	75.211	17.2717
1308.028320	75.181	17.6718
1317.506836	75.161	18.0677
1327.054077	75.153	18.4443
1336.670410	75.154	18.7877
1346.356567	75.163	19.0859
1356.112793	75.179	19.3296
1365.939697	75.199	19.5128
1375.837891	75.220	19.6324
1385.807739	75.241	19.6888
1395.849854	75.260	19.6856
1405.964844	75.274	19.6291
1416.152954	75.282	19.5283
1426.415039	75.282	19.3940
1436.751465	75.274	19.2388
1447.162720	75.257	19.0763
1457.649414	75.231	18.9205
1468.212158	75.196	18.7856
1478.851440	75.153	18.6851
1489.567871	75.103	18.6312
1500.361816	75.048	18.6347
1511.234131	74.990	18.7036
1522.185059	74.930	18.8434
1533.215454	74.872	19.0562
1544.325806	74.817	19.3401
1555.516602	74.769	19.6896
1566.788574	74.730	20.0952
1578.142090	74.702	20.5440
1589.578003	74.686	21.0198
1601.096680	74.683	21.5044
1612.698975	74.695	21.9782
1624.385254	74.720	22.4214
1636.156250	74.758	22.8148
1648.012451	74.807	23.1409
1659.954590	74.865	23.3847
1671.983398	74.929	23.5339
1684.099243	74.997	23.5795
1696.302856	75.066	23.5157
1708.594971	75.133	23.3398
1720.976196	75.194	23.0525
1733.447144	75.247	22.6573
1746.008423	75.289	22.1605
1758.660645	75.318	21.5715
1771.404663	75.329	20.9022
1784.240967	75.322	20.1679
1797.170288	75.292	19.3872
1810.193359	75.240	18.5823
1823.310791	75.161	17.7796
1836.523193	75.056	17.0100
1849.831421	74.922	16.3096
1863.236084	74.761	15.7193
1876.737793	74.573	15.2849
1890.337524	74.361	15.0556
1904.035645	74.129	15.0815
1917.833008	73.885	15.4096
1931.730469	73.638	16.0774
1945.728638	73.403	17.1043
1959.828125	73.195	18.4829
1974.029907	73.032	20.1706
1988.334473	72.929	22.0867
2002.742798	72.900	24.1152
2017.255493	72.948	26.1167
2031.873291	73.071	27.9463
2046.597168	73.255	29.4734
2061.427734	73.483	30.5979
2076.365479	73.734	31.2597
2091.411865	73.987	31.4403
2106.566895	74.225	31.1575
2121.832031	74.430	30.4578
2137.207764	74.592	29.4084
2152.694824	74.700	28.0902
2168.294189	74.748	26.5933
2184.006592	74.732	25.0153
2199.832764	74.648	23.4604
2215.773682	74.496	22.0394
2231.830078	74.279	20.8698
2248.002686	74.003	20.0736
2264.292725	73.678	19.7713
2280.700684	73.321	20.0700
2297.227539	72.955	21.0449
2313.874268	72.613	22.7154
2330.641602	72.332	25.0221
2347.530273	72.148	27.8163
2364.541504	72.090	30.8704
2381.676025	72.164	33.9143
2398.934570	72.360	36.6856
2416.318359	72.648	38.9778
2433.827881	72.991	40.6673
2451.464355	73.356	41.7164
2469.228760	73.715	42.1566
2487.121826	74.048	42.0635
2505.144531	74.342	41.5340
2523.297852	74.588	40.6692
2541.582764	74.784	39.5649
2560.000000	74.927	38.3081
2578.550781	75.017	36.9764
2597.236084	75.055	35.6414
2616.056641	75.042	34.3717
2635.013672	74.981	33.2367
2654.108154	74.875	32.3098
2673.340820	74.730	31.6690
2692.713135	74.554	31.3928
2712.225586	74.362	31.5521
2731.879395	74.173	32.1941
2751.675781	74.013	33.3220
2771.615479	73.910	34.8744
2791.699707	73.892	36.7150
2811.929688	73.976	38.6396
2832.305908	74.165	40.4062
2852.830078	74.439	41.7790
2873.502930	74.769	42.5732
2894.325439	75.117	42.6843
2915.298828	75.446	42.0969
2936.424316	75.725	40.8748
2957.702881	75.929	39.1447
2979.135742	76.041	37.0791
3000.723633	76.048	34.8855
3022.468262	75.946	32.8014
3044.370117	75.735	31.0898
3066.430908	75.429	30.0284
3088.651611	75.054	29.8794
3111.033203	74.656	30.8329
3133.577148	74.307	32.9261
3156.284180	74.093	35.9703
3179.156006	74.086	39.5386
3202.193359	74.313	43.0510
3225.397949	74.733	45.9374
3248.770508	75.267	47.7944
3272.312500	75.829	48.4613
3296.024902	76.355	47.9987
3319.909180	76.803	46.6121
3343.966797	77.151	44.5723
3368.198486	77.389	42.1597
3392.605713	77.519	39.6360
3417.189941	77.549	37.2319
3441.952393	77.494	35.1419
3466.894287	77.375	33.5168
3492.016846	77.217	32.4536
3517.321289	77.053	31.9822
3542.809326	76.916	32.0553
3568.481934	76.838	32.5476
3594.340576	76.840	33.2704
3620.386719	76.931	34.0008
3646.621582	77.103	34.5184
3673.046387	77.335	34.6398
3699.662842	77.598	34.2408
3726.472168	77.863	33.2654
3753.475586	78.099	31.7245
3780.675049	78.281	29.6893
3808.071289	78.390	27.2861
3835.666016	78.409	24.6916
3863.460938	78.331	22.1291
3891.457275	78.157	19.8582
3919.656250	77.902	18.1482
3948.059814	77.598	17.2248
3976.668945	77.302	17.1906
4005.485596	77.084	17.9422
4034.510986	77.012	19.1352
4063.746582	77.113	20.2455
4093.194336	77.358	20.7223
4122.855469	77.673	20.1628
4152.730957	77.971	18.4201
4182.823730	78.179	15.6114
4213.133789	78.245	12.0599
4243.664062	78.140	8.2226
4274.415527	77.853	4.6318
4305.389648	77.395	1.8427
4336.588379	76.801	0.3541
4368.013184	76.146	0.4798
4399.665527	75.542	2.1929
4431.547363	75.119	5.0417
4463.660156	74.964	8.2486
4496.005371	75.061	10.9916
4528.585449	75.311	12.7099
4561.401367	75.597	13.2477
4594.455078	75.834	12.7984
4627.748535	75.978	11.7491
4661.283203	76.016	10.5369
4695.060547	75.962	9.5602
4729.083008	75.850	9.1281
4763.352051	75.733	9.4166
4797.869141	75.679	10.4166
4832.636719	75.756	11.8957
4867.655762	76.006	13.4200
4902.928711	76.419	14.4640
4938.457520	76.934	14.5739
4974.243652	77.473	13.5059
5010.289062	77.965	11.2711
5046.595703	78.363	8.0884
5083.165527	78.643	4.2885
5120.000000	78.806	0.2178
5157.101562	78.864	-3.8326
5194.472168	78.842	-7.6668
5232.113281	78.769	-11.1962
5270.027344	78.674	-14.4295
5308.216309	78.581	-17.4503
5346.681641	78.508	-20.3957
5385.426270	78.461	-23.4407
5424.451172	78.437	-26.7809
5463.758789	78.415	-30.5996
5503.351562	78.361	-35.0107
5543.230957	78.231	-39.9900
5583.399414	77.982	-45.3215
5623.859375	77.584	-50.5889
5664.611816	77.030	-55.2457
5705.660156	76.357	-58.7873
5747.005859	75.651	-61.0051
5788.650879	75.038	-62.2003
5830.597656	74.620	-63.1575
5872.848633	74.403	-64.7961
5915.405762	74.281	-67.7011
5958.271484	74.117	-71.8565
6001.447266	73.810	-76.7129
6044.936523	73.320	-81.4623
6088.740234	72.668	-85.3437
6132.861816	71.927	-87.8840
6177.303223	71.215	-89.0380
6222.066406	70.675	-89.2056
6267.154297	70.413	-89.1177
6312.568359	70.448	-89.6156
6358.312012	70.694	-91.3828
6404.386719	71.018	-94.7135
6450.795898	71.306	-99.4174
6497.541016	71.505	-104.9172
6544.625000	71.630	-110.5218
6592.049805	71.756	-115.7692
6639.818359	71.978	-120.6644
6687.933594	72.342	-125.6376
6736.396973	72.814	-131.2153
6785.211426	73.308	-137.6442
6834.379883	73.755	-144.7523
6883.904785	74.132	-152.1109
6933.788574	74.460	-159.3213
6984.033691	74.775	-166.2072
7034.642578	75.100	-172.8113
7085.618652	75.437	-179.2576
7136.963867	75.776	174.3725
7188.681152	76.108	168.0531
7240.773438	76.426	161.7538
7293.243164	76.718	155.4185
7346.092773	76.960	149.0291
7399.325684	77.129	142.6848
7452.944336	77.220	136.5898
7506.951172	77.246	130.9351
7561.350098	77.233	125.7773
7616.142578	77.196	121.0391
7671.332031	77.133	116.6364
7726.921875	77.029	112.5987
7782.914551	76.882	109.0615
7839.312500	76.703	106.1634
7896.119629	76.516	103.9899
7953.337891	76.349	102.6092
8010.971191	76.250	102.0608
8069.021973	76.290	102.1902
8127.493164	76.521	102.4971
8186.388672	76.913	102.2915
8245.710938	77.364	101.1250
8305.461914	77.783	99.0670
8365.647461	78.139	96.5347
8426.267578	78.457	93.8786
8487.328125	78.770	91.1308
8548.831055	79.079	88.0982
8610.779297	79.350	84.6288
8673.176758	79.542	80.7845
8736.026367	79.630	76.8267
8799.331055	79.615	73.0908
8863.094727	79.521	69.8479
8927.320312	79.387	67.2039
8992.010742	79.247	65.0890
9057.170898	79.115	63.3702
9122.802734	78.986	62.0066
9188.910156	78.862	61.0959
9255.497070	78.769	60.7566
9322.566406	78.762	60.9550
9390.121094	78.888	61.4235
9458.166016	79.162	61.7187
9526.704102	79.547	61.3788
9595.738281	79.971	60.1046
9665.273438	80.361	57.8662
9735.311523	80.666	54.8753
9805.857422	80.866	51.4602
9876.915039	80.959	47.9447
9948.487305	80.957	44.5863
10020.578125	80.879	41.5615
10093.191406	80.746	38.9789
10166.331055	80.576	36.9062
10240.000000	80.394	35.3802
10314.203125	80.223	34.3943
10388.944336	80.087	33.9042
10464.226562	80.011	33.8543
10540.054688	80.025	34.1487
10616.432617	80.158	34.5693
10693.363281	80.414	34.7797
10770.852539	80.763	34.4661
10848.902344	81.162	33.4631
10927.517578	81.580	31.7247
11006.703125	81.990	29.2117
11086.461914	82.359	25.8470
11166.798828	82.639	21.6136
11247.718750	82.772	16.7283
11329.223633	82.722	11.7137
11411.320312	82.500	7.2225
11494.011719	82.165	3.6949
11577.301758	81.802	1.1334
11661.195312	81.469	-0.7955
11745.697266	81.174	-2.4241
11830.811523	80.888	-3.8272
11916.542969	80.599	-4.8620
12002.894531	80.326	-5.4006
12089.873047	80.104	-5.4643
12177.480469	79.968	-5.1727
12265.723633	79.954	-4.7230
12354.606445	80.085	-4.4824
12444.132812	80.340	-4.9709
12534.308594	80.643	-6.6240
12625.136719	80.899	-9.5601
12716.624023	81.034	-13.5663
12808.773438	81.003	-18.2332
12901.591797	80.778	-23.0360
12995.082031	80.347	-27.3245
13089.250000	79.732	-30.4083
13184.099609	79.008	-31.8394
13279.636719	78.295	-31.6754
13375.867188	77.716	-30.4433
13472.793945	77.333	-28.8298
13570.422852	77.136	-27.3953
13668.759766	77.073	-26.4938
13767.809570	77.076	-26.2879
13867.577148	77.090	-26.7560
13968.067383	77.082	-27.7758
14069.285156	77.037	-29.2695
14171.237305	76.937	-31.2388
14273.927734	76.747	-33.6281
14377.362305	76.417	-36.1219
14481.546875	75.912	-38.0547
14586.486328	75.253	-38.6340
14692.185547	74.550	-37.4563
14798.651367	73.972	-34.8901
14905.888672	73.644	-31.8939
15013.902344	73.555	-29.4166
15122.700195	73.591	-27.9261
15232.285156	73.644	-27.3723
15342.664062	73.652	-27.4659
15453.843750	73.594	-27.9119
15565.829102	73.460	-28.4235
15678.625000	73.258	-28.7153
15792.239258	73.022	-28.6255
15906.675781	72.782	-28.1783
16021.942383	72.551	-27.4442
16138.043945	72.335	-26.3858
16254.986328	72.159	-24.9205
16372.777344	72.075	-23.1611
16491.421875	72.115	-21.5573
16610.923828	72.236	-20.6522
16731.294922	72.336	-20.5912
16852.535156	72.336	-20.9129
16974.656250	72.245	-20.8813
17097.662109	72.157	-20.0721
17221.558594	72.195	-18.7416
17346.353516	72.402	-17.6885
17472.052734	72.700	-17.6832
17598.662109	72.959	-18.9276
17726.189453	73.087	-20.9863
17854.640625	73.067	-23.1484
17984.021484	72.943	-24.8586
18114.341797	72.784	-25.9445
18245.605469	72.651	-26.5808
18377.820312	72.567	-27.0786
18510.994141	72.524	-27.6708
18645.132812	72.504	-28.4619
18780.242188	72.493	-29.5153
18916.332031	72.470	-30.8859
19053.408203	72.406	-32.5272
19191.476562	72.276	-34.2133
19330.546875	72.082	-35.6093
19470.623047	71.865	-36.4776
19611.714844	71.685	-36.8545
19753.830078	71.580	-36.9875
19896.974609	71.539	-37.0769
