* Measurement data measured by REW V5.20.9
* Source: Trace Arithmetic result Merge B to A
* Format: Trace Arithmetic result Merge B to A
* Dated: 15:40:01 21/08/2022
* REW Settings:
*  C-weighting compensation: Off
*  Target level: 75.0 dB
* Note: Trace Arithmetic B to A at 325 Hz A = W Far Field B = Combined W Near Field B was scaled by -103.3 dB and shifted by 0.100 ms to align a 11.7 degree phase difference
* Measurement: Woofer Combined
* Smoothing: 1/48 octave
* Frequency Step: 1/96 octave
* Start Frequency: 21.343 Hz
*
* Freq(Hz)	SPL(dB)	Phase(degrees)
21.342808	50.063	-57.4844
21.497467	50.373	-59.4397
21.653246	50.689	-61.3346
21.810154	51.013	-63.3080
21.968201	51.328	-65.4331
22.127390	51.631	-67.7052
22.287735	51.933	-70.1686
22.449242	52.237	-72.8858
22.611917	52.545	-75.7830
22.775772	52.862	-78.7953
22.940815	53.186	-81.9086
23.107054	53.514	-84.9069
23.274498	53.848	-87.8140
23.443153	54.178	-90.4537
23.613033	54.505	-92.8017
23.784142	54.822	-94.8535
23.956491	55.129	-96.5600
24.130091	55.427	-98.0451
24.304947	55.714	-99.3261
24.481071	55.993	-100.5315
24.658470	56.265	-101.7734
24.837156	56.532	-103.1087
25.017136	56.793	-104.6719
25.198421	57.049	-106.4493
25.381020	57.299	-108.5039
25.564941	57.540	-110.7836
25.750195	57.770	-113.2488
25.936790	57.989	-115.8417
26.124741	58.196	-118.4645
26.314051	58.395	-121.0817
26.504732	58.586	-123.6086
26.696796	58.778	-126.0577
26.890253	58.973	-128.3981
27.085112	59.177	-130.7005
27.281382	59.393	-132.9797
27.479073	59.617	-135.3370
27.678198	59.848	-137.7993
27.878765	60.072	-140.4384
28.080786	60.284	-143.2630
28.284271	60.463	-146.2641
28.489231	60.606	-149.4071
28.695675	60.696	-152.6064
28.903616	60.732	-155.7576
29.113064	60.707	-158.7638
29.324028	60.630	-161.4647
29.536524	60.504	-163.7996
29.750557	60.354	-165.6481
29.966141	60.194	-167.0131
30.183289	60.056	-167.8814
30.402010	59.964	-168.3721
30.622314	59.938	-168.5386
30.844217	59.992	-168.6005
31.067726	60.122	-168.6253
31.292856	60.318	-168.7851
31.519617	60.557	-169.1276
31.748020	60.826	-169.6977
31.978081	61.103	-170.4846
32.209808	61.380	-171.4619
32.443211	61.648	-172.5959
32.678310	61.899	-173.8553
32.915108	62.131	-175.2389
33.153625	62.340	-176.7491
33.393871	62.521	-178.4100
33.635857	62.671	179.7706
33.879597	62.786	177.7839
34.125103	62.867	175.6725
34.372387	62.914	173.4734
34.621464	62.930	171.2668
34.872345	62.924	169.1452
35.125042	62.900	167.1642
35.379574	62.868	165.3920
35.635948	62.834	163.8458
35.894180	62.803	162.5146
36.154285	62.779	161.3775
36.416275	62.759	160.3801
36.680161	62.744	159.4879
36.945961	62.733	158.6746
37.213688	62.723	157.9218
37.483353	62.718	157.2330
37.754974	62.721	156.6123
38.028561	62.736	156.0627
38.304131	62.767	155.5779
38.581699	62.817	155.1332
38.861279	62.886	154.6987
39.142883	62.973	154.2406
39.426529	63.074	153.7201
39.712231	63.186	153.1072
40.000000	63.304	152.3860
40.289856	63.425	151.5487
40.581814	63.548	150.5967
40.875885	63.669	149.5445
41.172089	63.786	148.4170
41.470440	63.897	147.2448
41.770950	64.002	146.0620
42.073643	64.100	144.9025
42.378525	64.190	143.7950
42.685616	64.274	142.7534
42.994934	64.354	141.7741
43.306492	64.431	140.8412
43.620308	64.505	139.9306
43.936401	64.578	139.0168
44.254780	64.649	138.0804
44.575470	64.720	137.1155
44.898483	64.790	136.1295
45.223835	64.860	135.1369
45.551544	64.931	134.1511
45.881630	65.005	133.1792
46.214108	65.082	132.2188
46.548996	65.162	131.2606
46.886307	65.245	130.2935
47.226067	65.331	129.3121
47.568283	65.418	128.3208
47.912983	65.504	127.3319
48.260181	65.588	126.3613
48.609894	65.667	125.4214
48.962143	65.737	124.5178
49.316940	65.799	123.6481
49.674313	65.850	122.8037
50.034271	65.891	121.9718
50.396843	65.921	121.1358
50.762039	65.943	120.2759
51.129883	65.958	119.3712
51.500389	65.972	118.4047
51.873581	65.990	117.3708
52.249481	66.018	116.2802
52.628101	66.061	115.1603
53.009464	66.117	114.0470
53.393593	66.183	112.9724
53.780506	66.253	111.9541
54.170223	66.320	110.9932
54.562763	66.383	110.0790
54.958145	66.440	109.1990
55.356396	66.494	108.3470
55.757530	66.545	107.5248
56.161572	66.597	106.7379
56.568542	66.648	105.9883
56.978462	66.698	105.2714
57.391350	66.745	104.5755
57.807232	66.791	103.8867
58.226128	66.834	103.1942
58.648056	66.875	102.4931
59.073048	66.915	101.7852
59.501114	66.953	101.0765
59.932281	66.991	100.3745
60.366577	67.029	99.6860
60.804020	67.068	99.0153
61.244629	67.109	98.3638
61.688435	67.153	97.7298
62.135452	67.200	97.1081
62.585712	67.250	96.4896
63.039234	67.302	95.8625
63.496040	67.357	95.2149
63.956161	67.411	94.5400
64.419617	67.465	93.8395
64.886421	67.518	93.1215
65.356621	67.571	92.3954
65.830215	67.624	91.6647
66.307251	67.680	90.9225
66.787743	67.737	90.1531
67.271713	67.793	89.3379
67.759193	67.846	88.4623
68.250206	67.892	87.5222
68.744774	67.927	86.5267
69.242928	67.949	85.4977
69.744690	67.957	84.4650
70.250084	67.953	83.4628
70.759148	67.937	82.5207
71.271896	67.913	81.6595
71.788361	67.886	80.8884
72.308571	67.857	80.2048
72.832550	67.832	79.5968
73.360321	67.812	79.0483
73.891922	67.799	78.5419
74.427376	67.792	78.0617
74.966705	67.792	77.5955
75.509949	67.798	77.1331
76.057121	67.809	76.6676
76.608261	67.827	76.1930
77.163399	67.850	75.7047
77.722557	67.877	75.1989
78.285767	67.907	74.6743
78.853058	67.938	74.1339
79.424461	67.968	73.5849
80.000000	67.995	73.0380
80.579712	68.018	72.5044
81.163628	68.040	71.9910
81.751770	68.061	71.4999
82.344177	68.084	71.0272
82.940880	68.111	70.5639
83.541901	68.143	70.0978
84.147285	68.182	69.6163
84.757050	68.227	69.1077
85.371231	68.276	68.5635
85.989868	68.325	67.9795
86.612984	68.371	67.3559
87.240616	68.410	66.6973
87.872803	68.440	66.0131
88.509560	68.458	65.3178
89.150940	68.467	64.6300
89.796967	68.468	63.9691
90.447670	68.466	63.3510
91.103088	68.465	62.7834
91.763260	68.469	62.2646
92.428215	68.480	61.7853
93.097992	68.496	61.3334
93.772614	68.514	60.8989
94.452133	68.534	60.4760
95.136566	68.552	60.0625
95.825966	68.569	59.6582
96.520363	68.584	59.2625
97.219788	68.600	58.8732
97.924286	68.619	58.4871
98.633881	68.641	58.0989
99.348625	68.667	57.7012
100.068542	68.699	57.2834
100.793686	68.736	56.8329
101.524078	68.775	56.3383
102.259766	68.815	55.7936
103.000778	68.853	55.2014
103.747162	68.886	54.5736
104.498962	68.911	53.9318
105.256203	68.927	53.3038
106.018929	68.933	52.7195
106.787186	68.929	52.2039
107.561012	68.921	51.7708
108.340446	68.913	51.4185
109.125526	68.909	51.1303
109.916290	68.914	50.8790
110.712791	68.928	50.6342
111.515060	68.950	50.3688
112.323143	68.978	50.0636
113.137085	69.010	49.7097
113.956924	69.043	49.3079
114.782700	69.077	48.8677
115.614464	69.110	48.4035
116.452255	69.140	47.9315
117.296112	69.168	47.4664
118.146095	69.195	47.0201
119.002228	69.220	46.5997
119.864563	69.247	46.2065
120.733154	69.277	45.8354
121.608040	69.311	45.4753
122.489258	69.350	45.1106
123.376869	69.392	44.7241
124.270905	69.435	44.2998
125.171425	69.478	43.8261
126.078468	69.517	43.2993
126.992081	69.550	42.7266
127.912323	69.575	42.1265
128.839233	69.590	41.5250
129.772842	69.597	40.9478
130.713242	69.598	40.4106
131.660431	69.597	39.9140
132.614502	69.597	39.4437
133.575485	69.600	38.9790
134.543427	69.603	38.5031
135.518387	69.607	38.0123
136.500412	69.607	37.5186
137.489548	69.601	37.0465
138.485855	69.588	36.6249
139.489380	69.571	36.2769
140.500168	69.554	36.0121
141.518295	69.542	35.8224
142.543793	69.541	35.6846
143.576721	69.553	35.5668
144.617142	69.579	35.4368
145.665100	69.616	35.2697
146.720642	69.659	35.0519
147.783844	69.705	34.7816
148.854752	69.750	34.4658
149.933411	69.795	34.1158
151.019897	69.841	33.7407
152.114243	69.889	33.3433
153.216522	69.940	32.9191
154.326797	69.995	32.4570
155.445114	70.053	31.9430
156.571533	70.110	31.3653
157.706116	70.162	30.7199
158.848923	70.205	30.0152
160.000000	70.233	29.2740
161.159424	70.244	28.5307
162.327255	70.239	27.8246
163.503540	70.219	27.1903
164.688354	70.191	26.6506
165.881760	70.159	26.2124
167.083801	70.127	25.8688
168.294571	70.100	25.6046
169.514099	70.080	25.4023
170.742462	70.069	25.2466
171.979736	70.068	25.1246
173.225967	70.079	25.0236
174.481232	70.101	24.9285
175.745605	70.136	24.8201
177.019119	70.182	24.6760
178.301880	70.238	24.4728
179.593933	70.302	24.1890
180.895340	70.370	23.8085
182.206177	70.440	23.3226
183.526520	70.505	22.7296
184.856430	70.563	22.0330
186.195984	70.607	21.2433
187.545227	70.632	20.3866
188.904266	70.629	19.5154
190.273132	70.595	18.7134
191.651932	70.528	18.0888
193.040726	70.436	17.7526
194.439575	70.329	17.7915
195.848572	70.228	18.2449
197.267761	70.151	19.0941
198.697250	70.114	20.2716
200.137085	70.123	21.6812
201.587372	70.173	23.2229
203.048157	70.248	24.8131
204.519531	70.329	26.3943
206.001556	70.393	27.9384
207.494324	70.423	29.4424
208.997925	70.406	30.9197
210.512405	70.338	32.3869
212.037857	70.226	33.8504
213.574371	70.091	35.2997
215.122025	69.957	36.7095
216.680893	69.857	38.0484
218.251053	69.816	39.2837
219.832581	69.845	40.3813
221.425583	69.942	41.3002
223.030121	70.091	41.9917
224.646286	70.271	42.4085
226.274170	70.460	42.5216
227.913849	70.639	42.3351
229.565399	70.797	41.8908
231.228928	70.925	41.2605
232.904510	71.021	40.5289
234.592224	71.086	39.7775
236.292191	71.126	39.0730
238.004456	71.147	38.4613
239.729126	71.156	37.9653
241.466309	71.163	37.5829
243.216080	71.174	37.2881
244.978516	71.193	37.0370
246.753738	71.221	36.7813
248.541809	71.254	36.4834
250.342850	71.285	36.1284
252.156937	71.309	35.7276
253.984161	71.322	35.3151
255.824646	71.322	34.9378
257.678467	71.312	34.6431
259.545685	71.297	34.4634
261.426483	71.287	34.4045
263.320862	71.288	34.4398
265.229004	71.307	34.5165
267.150970	71.346	34.5718
269.086853	71.399	34.5513
271.036774	71.462	34.4225
273.000824	71.527	34.1769
274.979095	71.586	33.8247
276.971710	71.637	33.3879
278.978760	71.673	32.8955
281.000336	71.694	32.3816
283.036591	71.699	31.8848
285.087585	71.688	31.4450
287.153442	71.666	31.0973
289.234283	71.640	30.8630
291.330200	71.616	30.7422
293.441284	71.601	30.7114
295.567688	71.600	30.7309
297.709503	71.615	30.7595
299.866821	71.644	30.7666
302.039795	71.684	30.7356
304.228485	71.735	30.6563
306.433044	71.794	30.5140
308.653595	71.857	30.2857
310.890228	71.917	29.9511
313.143066	71.964	29.5125
315.412231	71.988	29.0123
317.697845	71.983	28.5311
320.000000	71.953	28.1615
322.318848	71.907	27.9593
324.654510	71.855	27.8967
327.007080	71.800	27.8851
329.376709	71.742	27.8766
331.763519	71.682	27.8779
334.167603	71.620	27.9010
336.589142	71.558	27.9507
339.028198	71.496	28.0288
341.484924	71.433	28.1364
343.959473	71.369	28.2746
346.451935	71.306	28.4443
348.962463	71.243	28.6463
351.491211	71.181	28.8816
354.038239	71.119	29.1507
356.603760	71.059	29.4543
359.187866	71.000	29.7926
361.790680	70.944	30.1659
364.412354	70.890	30.5744
367.053040	70.838	31.0176
369.712860	70.790	31.4953
372.391968	70.746	32.0067
375.090454	70.706	32.5508
377.808533	70.670	33.1263
380.546265	70.640	33.7314
383.303864	70.615	34.3645
386.081451	70.596	35.0231
388.879150	70.583	35.7046
391.697144	70.577	36.4062
394.535522	70.578	37.1247
397.394501	70.585	37.8566
400.274170	70.601	38.5982
403.174744	70.624	39.3456
406.096313	70.655	40.0949
409.039062	70.693	40.8418
412.003113	70.740	41.5823
414.988647	70.794	42.3120
417.995850	70.856	43.0271
421.024811	70.925	43.7233
424.075714	71.002	44.3970
427.148743	71.085	45.0444
430.244049	71.175	45.6624
433.361786	71.271	46.2477
436.502106	71.373	46.7976
439.665161	71.480	47.3096
442.851166	71.591	47.7816
446.060242	71.706	48.2120
449.292572	71.825	48.5992
452.548340	71.946	48.9421
455.827698	72.070	49.2401
459.130798	72.196	49.4925
462.457855	72.323	49.6993
465.809021	72.451	49.8606
469.184448	72.579	49.9767
472.584381	72.707	50.0481
476.008911	72.835	50.0756
479.458252	72.961	50.0602
482.932617	73.086	50.0028
486.432159	73.210	49.9049
489.957031	73.331	49.7677
493.507477	73.450	49.5926
497.083618	73.566	49.3812
500.685699	73.679	49.1351
504.313873	73.789	48.8559
507.968323	73.896	48.5455
511.649292	73.999	48.2054
515.356934	74.098	47.8377
519.091370	74.193	47.4440
522.852966	74.284	47.0262
526.641724	74.370	46.5863
530.458008	74.452	46.1260
534.301941	74.530	45.6473
538.173706	74.603	45.1523
542.073547	74.670	44.6428
546.001648	74.733	44.1208
549.958191	74.792	43.5882
553.943420	74.845	43.0471
557.957520	74.892	42.4995
562.000671	74.935	41.9475
566.073181	74.973	41.3931
570.175171	75.006	40.8383
574.306885	75.034	40.2852
578.468567	75.056	39.7359
582.660400	75.074	39.1926
586.882568	75.087	38.6572
591.135376	75.095	38.1319
595.419006	75.099	37.6187
599.733643	75.098	37.1197
604.079590	75.093	36.6369
608.456970	75.084	36.1722
612.866089	75.072	35.7276
617.307190	75.055	35.3048
621.780457	75.036	34.9055
626.286133	75.013	34.5313
630.824463	74.988	34.1837
635.395691	74.961	33.8637
640.000000	74.932	33.5724
644.637695	74.902	33.3106
649.309021	74.871	33.0788
654.014160	74.839	32.8771
658.753418	74.807	32.7053
663.527039	74.777	32.5629
668.335205	74.747	32.4491
673.178284	74.718	32.3624
678.056396	74.692	32.3012
682.969849	74.668	32.2634
687.918945	74.647	32.2464
692.903870	74.629	32.2473
697.924927	74.614	32.2630
702.982422	74.602	32.2899
708.076477	74.595	32.3242
713.207520	74.591	32.3621
718.375732	74.591	32.3994
723.581360	74.594	32.4322
728.824707	74.601	32.4564
734.106079	74.611	32.4683
739.425720	74.624	32.4641
744.783936	74.639	32.4406
750.180908	74.656	32.3948
755.617065	74.675	32.3243
761.092529	74.694	32.2271
766.607727	74.713	32.1017
772.162903	74.732	31.9474
777.758301	74.749	31.7638
783.394287	74.764	31.5515
789.071045	74.776	31.3115
794.789001	74.785	31.0455
800.548340	74.789	30.7560
806.349487	74.789	30.4458
812.192627	74.783	30.1188
818.078125	74.771	29.7791
824.006226	74.753	29.4316
829.977295	74.728	29.0818
835.991699	74.695	28.7357
842.049622	74.655	28.3999
848.151428	74.607	28.0812
854.297485	74.552	27.7872
860.488098	74.489	27.5256
866.723572	74.419	27.3043
873.004211	74.342	27.1315
879.330322	74.259	27.0154
885.702332	74.171	26.9636
892.120483	74.078	26.9836
898.585144	73.982	27.0820
905.096680	73.886	27.2642
911.655396	73.789	27.5344
918.261597	73.695	27.8949
924.915710	73.606	28.3456
931.618042	73.524	28.8841
938.368896	73.451	29.5051
945.168762	73.390	30.2004
952.017822	73.343	30.9589
958.916504	73.313	31.7663
965.865234	73.300	32.6061
972.864319	73.306	33.4598
979.914062	73.332	34.3074
987.014954	73.377	35.1284
994.167236	73.440	35.9023
1001.371399	73.520	36.6101
1008.627747	73.615	37.2344
1015.936646	73.723	37.7601
1023.298584	73.840	38.1752
1030.713867	73.963	38.4708
1038.182739	74.091	38.6412
1045.705933	74.219	38.6843
1053.283447	74.345	38.6005
1060.916016	74.466	38.3933
1068.603882	74.580	38.0688
1076.347412	74.685	37.6349
1084.147095	74.778	37.1016
1092.003296	74.858	36.4803
1099.916382	74.924	35.7835
1107.886841	74.974	35.0248
1115.915039	75.008	34.2186
1124.001343	75.025	33.3799
1132.146362	75.024	32.5242
1140.350342	75.005	31.6672
1148.613770	74.968	30.8252
1156.937134	74.914	30.0140
1165.320801	74.843	29.2497
1173.765137	74.756	28.5476
1182.270752	74.654	27.9225
1190.838013	74.540	27.3880
1199.467285	74.414	26.9558
1208.159180	74.279	26.6357
1216.913940	74.137	26.4347
1225.732178	73.992	26.3564
1234.614380	73.846	26.4006
1243.560913	73.704	26.5632
1252.572266	73.567	26.8353
1261.648926	73.438	27.2042
1270.791382	73.321	27.6533
1280.000000	73.217	28.1634
1289.275391	73.127	28.7129
1298.618042	73.052	29.2802
1308.028320	72.990	29.8440
1317.506836	72.940	30.3861
1327.054077	72.900	30.8915
1336.670410	72.867	31.3500
1346.356567	72.839	31.7568
1356.112793	72.811	32.1129
1365.939697	72.782	32.4251
1375.837891	72.748	32.7054
1385.807739	72.708	32.9704
1395.849854	72.660	33.2402
1405.964844	72.605	33.5368
1416.152954	72.544	33.8826
1426.415039	72.477	34.2985
1436.751465	72.409	34.8019
1447.162720	72.343	35.4045
1457.649414	72.284	36.1103
1468.212158	72.237	36.9141
1478.851440	72.208	37.8007
1489.567871	72.202	38.7446
1500.361816	72.222	39.7110
1511.234131	72.271	40.6580
1522.185059	72.348	41.5394
1533.215454	72.452	42.3083
1544.325806	72.577	42.9213
1555.516602	72.718	43.3407
1566.788574	72.868	43.5387
1578.142090	73.018	43.4980
1589.578003	73.162	43.2132
1601.096680	73.291	42.6903
1612.698975	73.400	41.9464
1624.385254	73.482	41.0084
1636.156250	73.533	39.9114
1648.012451	73.548	38.6983
1659.954590	73.525	37.4180
1671.983398	73.462	36.1247
1684.099243	73.357	34.8770
1696.302856	73.211	33.7364
1708.594971	73.026	32.7652
1720.976196	72.805	32.0242
1733.447144	72.553	31.5684
1746.008423	72.279	31.4423
1758.660645	71.993	31.6737
1771.404663	71.708	32.2681
1784.240967	71.440	33.2033
1797.170288	71.203	34.4275
1810.193359	71.014	35.8610
1823.310791	70.881	37.4014
1836.523193	70.810	38.9352
1849.831421	70.796	40.3493
1863.236084	70.830	41.5452
1876.737793	70.896	42.4489
1890.337524	70.978	43.0187
1904.035645	71.058	43.2465
1917.833008	71.121	43.1573
1931.730469	71.154	42.8039
1945.728638	71.149	42.2613
1959.828125	71.100	41.6196
1974.029907	71.003	40.9773
1988.334473	70.860	40.4343
2002.742798	70.675	40.0838
2017.255493	70.454	40.0045
2031.873291	70.211	40.2513
2046.597168	69.958	40.8470
2061.427734	69.714	41.7761
2076.365479	69.496	42.9828
2091.411865	69.320	44.3745
2106.566895	69.195	45.8325
2121.832031	69.124	47.2284
2137.207764	69.098	48.4421
2152.694824	69.103	49.3804
2168.294189	69.121	49.9896
2184.006592	69.131	50.2631
2199.832764	69.115	50.2418
2215.773682	69.057	50.0097
2231.830078	68.946	49.6858
2248.002686	68.776	49.4129
2264.292725	68.546	49.3448
2280.700684	68.261	49.6305
2297.227539	67.933	50.3954
2313.874268	67.580	51.7211
2330.641602	67.230	53.6265
2347.530273	66.915	56.0553
2364.541504	66.669	58.8758
2381.676025	66.516	61.8965
2398.934570	66.467	64.8975
2416.318359	66.512	67.6684
2433.827881	66.626	70.0454
2451.464355	66.776	71.9355
2469.228760	66.932	73.3242
2487.121826	67.067	74.2679
2505.144531	67.165	74.8746
2523.297852	67.218	75.2796
2541.582764	67.224	75.6215
2560.000000	67.190	76.0202
2578.550781	67.127	76.5609
2597.236084	67.048	77.2833
2616.056641	66.967	78.1788
2635.013672	66.897	79.1969
2654.108154	66.845	80.2582
2673.340820	66.811	81.2741
2692.713135	66.789	82.1673
2712.225586	66.768	82.8906
2731.879395	66.732	83.4391
2751.675781	66.669	83.8531
2771.615479	66.568	84.2136
2791.699707	66.422	84.6301
2811.929688	66.231	85.2222
2832.305908	66.001	86.0989
2852.830078	65.744	87.3380
2873.502930	65.477	88.9680
2894.325439	65.221	90.9598
2915.298828	64.994	93.2283
2936.424316	64.811	95.6499
2957.702881	64.672	98.0894
2979.135742	64.569	100.4337
3000.723633	64.485	102.6219
3022.468262	64.397	104.6664
3044.370117	64.284	106.6579
3066.430908	64.134	108.7554
3088.651611	63.943	111.1597
3111.033203	63.723	114.0741
3133.577148	63.503	117.6555
3156.284180	63.329	121.9645
3179.156006	63.260	126.9286
3202.193359	63.347	132.3328
3225.397949	63.611	137.8510
3248.770508	64.037	143.1115
3272.312500	64.574	147.7793
3296.024902	65.162	151.6248
3319.909180	65.747	154.5590
3343.966797	66.295	156.6292
3368.198486	66.784	157.9853
3392.605713	67.209	158.8331
3417.189941	67.573	159.3879
3441.952393	67.887	159.8376
3466.894287	68.167	160.3185
3492.016846	68.428	160.9042
3517.321289	68.685	161.6085
3542.809326	68.947	162.3982
3568.481934	69.219	163.2146
3594.340576	69.499	163.9960
3620.386719	69.781	164.6965
3646.621582	70.061	165.2955
3673.046387	70.335	165.7961
3699.662842	70.603	166.2151
3726.472168	70.865	166.5681
3753.475586	71.125	166.8574
3780.675049	71.383	167.0671
3808.071289	71.638	167.1666
3835.666016	71.886	167.1235
3863.460938	72.117	166.9193
3891.457275	72.325	166.5623
3919.656250	72.502	166.0929
3948.059814	72.645	165.5768
3976.668945	72.757	165.0897
4005.485596	72.844	164.6959
4034.510986	72.916	164.4286
4063.746582	72.984	164.2803
4093.194336	73.055	164.2053
4122.855469	73.129	164.1381
4152.730957	73.201	164.0197
4182.823730	73.259	163.8235
4213.133789	73.294	163.5709
4243.664062	73.297	163.3289
4274.415527	73.266	163.1921
4305.389648	73.206	163.2523
4336.588379	73.129	163.5693
4368.013184	73.049	164.1522
4399.665527	72.980	164.9612
4431.547363	72.928	165.9286
4463.660156	72.892	166.9917
4496.005371	72.867	168.1213
4528.585449	72.848	169.3335
4561.401367	72.832	170.6775
4594.455078	72.827	172.2061
4627.748535	72.843	173.9427
4661.283203	72.897	175.8618
4695.060547	72.997	177.8918
4729.083008	73.147	179.9397
4763.352051	73.341	-178.0770
4797.869141	73.574	-176.2092
4832.636719	73.838	-174.4758
4867.655762	74.131	-172.8817
4902.928711	74.452	-171.4423
4938.457520	74.798	-170.1971
4974.243652	75.164	-169.2036
5010.289062	75.536	-168.5174
5046.595703	75.902	-168.1678
5083.165527	76.250	-168.1456
5120.000000	76.572	-168.4079
5157.101562	76.864	-168.8956
5194.472168	77.128	-169.5525
5232.113281	77.362	-170.3352
5270.027344	77.567	-171.2097
5308.216309	77.741	-172.1399
5346.681641	77.884	-173.0782
5385.426270	77.999	-173.9685
5424.451172	78.093	-174.7618
5463.758789	78.176	-175.4364
5503.351562	78.256	-176.0096
5543.230957	78.338	-176.5306
5583.399414	78.421	-177.0548
5623.859375	78.498	-177.6135
5664.611816	78.562	-178.1964
5705.660156	78.610	-178.7587
5747.005859	78.646	-179.2491
5788.650879	78.677	-179.6429
5830.597656	78.712	-179.9594
5872.848633	78.756	179.7461
5915.405762	78.806	179.4106
5958.271484	78.855	178.9946
6001.447266	78.893	178.4983
6044.936523	78.913	177.9568
6088.740234	78.912	177.4227
6132.861816	78.890	176.9499
6177.303223	78.850	176.5867
6222.066406	78.796	176.3751
6267.154297	78.737	176.3495
6312.568359	78.681	176.5266
6358.312012	78.641	176.8943
6404.386719	78.629	177.4063
6450.795898	78.650	177.9907
6497.541016	78.709	178.5662
6544.625000	78.800	179.0583
6592.049805	78.919	179.4051
6639.818359	79.057	179.5593
6687.933594	79.202	179.4909
6736.396973	79.347	179.1939
6785.211426	79.482	178.6874
6834.379883	79.603	178.0055
6883.904785	79.711	177.1754
6933.788574	79.806	176.2010
6984.033691	79.886	175.0658
7034.642578	79.945	173.7544
7085.618652	79.973	172.2793
7136.963867	79.962	170.6911
7188.681152	79.908	169.0659
7240.773438	79.811	167.4824
7293.243164	79.675	166.0049
7346.092773	79.504	164.6815
7399.325684	79.304	163.5498
7452.944336	79.079	162.6410
7506.951172	78.835	161.9789
7561.350098	78.580	161.5796
7616.142578	78.321	161.4540
7671.332031	78.065	161.6090
7726.921875	77.825	162.0370
7782.914551	77.615	162.6974
7839.312500	77.447	163.5065
7896.119629	77.331	164.3481
7953.337891	77.267	165.1006
8010.971191	77.245	165.6603
8069.021973	77.253	165.9517
8127.493164	77.275	165.9302
8186.388672	77.293	165.5854
8245.710938	77.291	164.9464
8305.461914	77.257	164.0767
8365.647461	77.185	163.0582
8426.267578	77.069	161.9745
8487.328125	76.909	160.9051
8548.831055	76.703	159.9307
8610.779297	76.452	159.1393
8673.176758	76.158	158.6221
8736.026367	75.828	158.4622
8799.331055	75.473	158.7216
8863.094727	75.107	159.4321
8927.320312	74.749	160.5919
8992.010742	74.419	162.1661
9057.170898	74.139	164.0898
9122.802734	73.932	166.2652
9188.910156	73.817	168.5556
9255.497070	73.805	170.7839
9322.566406	73.892	172.7424
9390.121094	74.061	174.2181
9458.166016	74.278	175.0247
9526.704102	74.503	175.0375
9595.738281	74.693	174.2276
9665.273438	74.811	172.6835
9735.311523	74.828	170.6115
9805.857422	74.725	168.3083
9876.915039	74.497	166.1139
9948.487305	74.145	164.3569
10020.578125	73.684	163.3104
10093.191406	73.133	163.1670
10166.331055	72.522	164.0322
10240.000000	71.887	165.9264
10314.203125	71.274	168.7872
10388.944336	70.741	172.4732
10464.226562	70.349	176.7735
10540.054688	70.154	-178.5789
10616.432617	70.192	-173.8951
10693.363281	70.458	-169.5193
10770.852539	70.914	-165.8128
10848.902344	71.491	-163.1299
10927.517578	72.110	-161.7780
11006.703125	72.695	-161.9594
11086.461914	73.183	-163.7079
11166.798828	73.525	-166.8445
11247.718750	73.689	-170.9748
11329.223633	73.654	-175.5395
11411.320312	73.415	-179.9087
11494.011719	72.983	176.5049
11577.301758	72.380	174.1475
11661.195312	71.638	173.2693
11745.697266	70.803	173.9232
11830.811523	69.930	176.0007
11916.542969	69.084	179.2824
12002.894531	68.336	-176.5183
12089.873047	67.758	-171.7243
12177.480469	67.410	-166.6748
12265.723633	67.318	-161.7132
12354.606445	67.470	-157.1809
12444.132812	67.815	-153.4108
12534.308594	68.278	-150.7117
12625.136719	68.779	-149.3319
12716.624023	69.240	-149.3995
12808.773438	69.601	-150.8578
12901.591797	69.812	-153.4292
12995.082031	69.847	-156.6360
13089.250000	69.694	-159.8831
13184.099609	69.359	-162.5767
13279.636719	68.866	-164.2416
13375.867188	68.256	-164.6045
13472.793945	67.585	-163.6285
13570.422852	66.926	-161.4990
13668.759766	66.358	-158.5654
13767.809570	65.947	-155.2549
13867.577148	65.730	-151.9862
13968.067383	65.702	-149.1158
14069.285156	65.826	-146.9315
14171.237305	66.047	-145.6647
14273.927734	66.300	-145.4827
14377.362305	66.516	-146.4387
14481.546875	66.637	-148.4033
14586.486328	66.617	-151.0351
14692.185547	66.432	-153.8356
14798.651367	66.079	-156.2779
14905.888672	65.578	-157.9461
15013.902344	64.965	-158.6169
15122.700195	64.285	-158.2591
15232.285156	63.586	-156.9739
15342.664062	62.916	-154.9221
15453.843750	62.321	-152.2813
15565.829102	61.842	-149.2439
15678.625000	61.517	-146.0413
15792.239258	61.368	-142.9647
15906.675781	61.389	-140.3608
16021.942383	61.539	-138.5862
16138.043945	61.748	-137.9206
16254.986328	61.934	-138.4614
16372.777344	62.028	-140.0523
16491.421875	61.982	-142.2930
16610.923828	61.773	-144.6444
16731.294922	61.409	-146.5916
16852.535156	60.918	-147.7929
16974.656250	60.348	-148.1543
17097.662109	59.752	-147.8074
17221.558594	59.182	-147.0241
17346.353516	58.672	-146.1184
17472.052734	58.231	-145.3669
17598.662109	57.843	-144.9459
17726.189453	57.467	-144.8740
17854.640625	57.058	-144.9781
17984.021484	56.574	-144.9210
18114.341797	55.993	-144.3107
18245.605469	55.321	-142.8583
18377.820312	54.593	-140.5020
18510.994141	53.866	-137.4270
18645.132812	53.198	-133.9753
18780.242188	52.629	-130.5112
18916.332031	52.169	-127.3193
19053.408203	51.805	-124.5748
19191.476562	51.509	-122.3659
19330.546875	51.255	-120.7266
19470.623047	51.023	-119.6467
19611.714844	50.804	-119.0608
19753.830078	50.613	-118.8377
