* Measurement data measured by REW V5.31.3
* Source: EXCL: Microphone (Umik-1  Gain: 18dB), MICROPHONE (Master Volume), R, volume: 0.530
* Format: 512k Log Swept Sine, 1 sweep at 0.0 dBFS with no timing reference
* Dated: 14:25:45 06/03/2026
* REW Settings:
*  C-weighting compensation: Off
*  Target level: 75.0 dB
* Note: 
* Measurement: Morel MTM 1m All Speakers
* Smoothing: 1/12 octave
* Frequency Step: 1/96 octave
* Start Frequency: 302.040 Hz
*
* Freq(Hz)	SPL(dB)	Phase(degrees)
302.039795	76.178	-154.6777
304.228485	76.209	-154.9606
306.433044	76.249	-155.2923
308.653595	76.296	-155.6575
310.890228	76.347	-156.0454
313.143066	76.400	-156.4486
315.412231	76.454	-156.8627
317.697845	76.509	-157.2851
320.000000	76.564	-157.7144
322.318848	76.618	-158.1499
324.654510	76.672	-158.5912
327.007080	76.726	-159.0381
329.376709	76.779	-159.4905
331.763519	76.831	-159.9483
334.167603	76.883	-160.4116
336.589142	76.934	-160.8802
339.028198	76.985	-161.3542
341.484924	77.034	-161.8336
343.959473	77.083	-162.3184
346.451935	77.132	-162.8084
348.962463	77.179	-163.3038
351.491211	77.226	-163.8044
354.038239	77.272	-164.3102
356.603760	77.317	-164.8213
359.187866	77.361	-165.3375
361.790680	77.404	-165.8588
364.412354	77.447	-166.3852
367.053040	77.488	-166.9166
369.712860	77.528	-167.4529
372.391968	77.567	-167.9941
375.090454	77.606	-168.5400
377.808533	77.643	-169.0907
380.546265	77.679	-169.6460
383.303864	77.714	-170.2058
386.081451	77.747	-170.7701
388.879150	77.779	-171.3386
391.697144	77.810	-171.9113
394.535522	77.839	-172.4881
397.394501	77.867	-173.0688
400.274170	77.893	-173.6532
403.174744	77.918	-174.2412
406.096313	77.941	-174.8326
409.039062	77.962	-175.4272
412.003113	77.982	-176.0249
414.988647	78.000	-176.6253
417.995850	78.016	-177.2284
421.024811	78.031	-177.8337
424.075714	78.044	-178.4411
427.148743	78.056	-179.0503
430.244049	78.065	-179.6609
433.361786	78.073	179.7274
436.502106	78.079	179.1147
439.665161	78.083	178.5017
442.851166	78.085	177.8887
446.060242	78.085	177.2760
449.292572	78.083	176.6642
452.548340	78.079	176.0536
455.827698	78.072	175.4449
459.130798	78.064	174.8386
462.457855	78.053	174.2351
465.809021	78.040	173.6351
469.184448	78.024	173.0394
472.584381	78.006	172.4486
476.008911	77.986	171.8633
479.458252	77.963	171.2845
482.932617	77.937	170.7130
486.432159	77.909	170.1496
489.957031	77.879	169.5952
493.507477	77.845	169.0510
497.083618	77.809	168.5179
500.685699	77.771	167.9972
504.313873	77.729	167.4899
507.968323	77.685	166.9974
511.649292	77.639	166.5211
515.356934	77.589	166.0623
519.091370	77.537	165.6226
522.852966	77.483	165.2035
526.641724	77.426	164.8068
530.458008	77.366	164.4342
534.301941	77.305	164.0875
538.173706	77.241	163.7687
542.073547	77.174	163.4797
546.001648	77.106	163.2227
549.958191	77.036	162.9997
553.943420	76.964	162.8130
557.957520	76.891	162.6647
562.000671	76.818	162.5571
566.073181	76.743	162.4925
570.175171	76.668	162.4730
574.306885	76.594	162.5006
578.468567	76.520	162.5775
582.660400	76.447	162.7054
586.882568	76.377	162.8860
591.135376	76.309	163.1204
595.419006	76.244	163.4097
599.733643	76.184	163.7542
604.079590	76.129	164.1541
608.456970	76.080	164.6085
612.866089	76.038	165.1161
617.307190	76.004	165.6747
621.780457	75.979	166.2814
626.286133	75.963	166.9323
630.824463	75.959	167.6226
635.395691	75.966	168.3467
640.000000	75.985	169.0980
644.637695	76.018	169.8692
649.309021	76.064	170.6523
654.014160	76.123	171.4388
658.753418	76.198	172.2198
663.527039	76.286	172.9863
668.335205	76.388	173.7292
673.178284	76.504	174.4398
678.056396	76.633	175.1097
682.969849	76.775	175.7313
687.918945	76.928	176.2972
692.903870	77.091	176.8013
697.924927	77.264	177.2383
702.982422	77.446	177.6036
708.076477	77.636	177.8938
713.207520	77.831	178.1063
718.375732	78.032	178.2390
723.581360	78.238	178.2912
728.824707	78.446	178.2623
734.106079	78.658	178.1528
739.425720	78.870	177.9632
744.783936	79.084	177.6949
750.180908	79.297	177.3495
755.617065	79.509	176.9289
761.092529	79.720	176.4352
766.607727	79.929	175.8707
772.162903	80.135	175.2378
777.758301	80.338	174.5391
783.394287	80.537	173.7771
789.071045	80.733	172.9545
794.789001	80.924	172.0738
800.548340	81.110	171.1377
806.349487	81.291	170.1487
812.192627	81.467	169.1093
818.078125	81.638	168.0222
824.006226	81.803	166.8896
829.977295	81.962	165.7140
835.991699	82.114	164.4979
842.049622	82.261	163.2433
848.151428	82.400	161.9529
854.297485	82.534	160.6287
860.488098	82.660	159.2729
866.723572	82.780	157.8878
873.004211	82.892	156.4756
879.330322	82.997	155.0384
885.702332	83.095	153.5784
892.120483	83.186	152.0978
898.585144	83.269	150.5988
905.096680	83.345	149.0836
911.655396	83.413	147.5544
918.261597	83.474	146.0136
924.915710	83.527	144.4635
931.618042	83.572	142.9064
938.368896	83.609	141.3448
945.168762	83.638	139.7813
952.017822	83.660	138.2184
958.916504	83.673	136.6589
965.865234	83.678	135.1055
972.864319	83.676	133.5611
979.914062	83.665	132.0288
987.014954	83.647	130.5116
994.167236	83.620	129.0128
1001.371399	83.586	127.5356
1008.627747	83.545	126.0836
1015.936646	83.496	124.6602
1023.298584	83.440	123.2690
1030.713867	83.378	121.9137
1038.182739	83.309	120.5980
1045.705933	83.234	119.3255
1053.283447	83.154	118.0999
1060.916016	83.069	116.9245
1068.603882	82.980	115.8027
1076.347412	82.887	114.7374
1084.147095	82.792	113.7311
1092.003296	82.695	112.7859
1099.916382	82.598	111.9033
1107.886841	82.501	111.0836
1115.915039	82.405	110.3265
1124.001343	82.313	109.6307
1132.146362	82.224	108.9933
1140.350342	82.141	108.4105
1148.613770	82.064	107.8769
1156.937134	81.995	107.3857
1165.320801	81.935	106.9289
1173.765137	81.883	106.4972
1182.270752	81.842	106.0804
1190.838013	81.811	105.6675
1199.467285	81.790	105.2470
1208.159180	81.779	104.8074
1216.913940	81.778	104.3374
1225.732178	81.785	103.8263
1234.614380	81.800	103.2645
1243.560913	81.822	102.6433
1252.572266	81.848	101.9557
1261.648926	81.877	101.1961
1270.791382	81.908	100.3606
1280.000000	81.938	99.4467
1289.275391	81.967	98.4539
1298.618042	81.991	97.3829
1308.028320	82.009	96.2361
1317.506836	82.020	95.0171
1327.054077	82.022	93.7306
1336.670410	82.013	92.3829
1346.356567	81.992	90.9811
1356.112793	81.957	89.5335
1365.939697	81.907	88.0495
1375.837891	81.841	86.5395
1385.807739	81.757	85.0151
1395.849854	81.655	83.4892
1405.964844	81.533	81.9759
1416.152954	81.392	80.4911
1426.415039	81.229	79.0519
1436.751465	81.045	77.6781
1447.162720	80.840	76.3909
1457.649414	80.614	75.2142
1468.212158	80.367	74.1744
1478.851440	80.101	73.3004
1489.567871	79.818	72.6230
1500.361816	79.521	72.1754
1511.234131	79.214	71.9908
1522.185059	78.904	72.1009
1533.215454	78.598	72.5329
1544.325806	78.306	73.3047
1555.516602	78.038	74.4195
1566.788574	77.808	75.8593
1578.142090	77.627	77.5802
1589.578003	77.506	79.5103
1601.096680	77.454	81.5524
1612.698975	77.474	83.5935
1624.385254	77.563	85.5174
1636.156250	77.716	87.2197
1648.012451	77.921	88.6182
1659.954590	78.166	89.6585
1671.983398	78.438	90.3143
1684.099243	78.723	90.5825
1696.302856	79.011	90.4779
1708.594971	79.292	90.0272
1720.976196	79.559	89.2638
1733.447144	79.806	88.2248
1746.008423	80.028	86.9476
1758.660645	80.221	85.4698
1771.404663	80.384	83.8273
1784.240967	80.514	82.0552
1797.170288	80.610	80.1870
1810.193359	80.671	78.2556
1823.310791	80.696	76.2935
1836.523193	80.686	74.3330
1849.831421	80.641	72.4074
1863.236084	80.561	70.5506
1876.737793	80.448	68.7983
1890.337524	80.303	67.1877
1904.035645	80.129	65.7578
1917.833008	79.931	64.5486
1931.730469	79.712	63.6003
1945.728638	79.480	62.9510
1959.828125	79.245	62.6332
1974.029907	79.016	62.6690
1988.334473	78.806	63.0639
2002.742798	78.629	63.8000
2017.255493	78.499	64.8302
2031.873291	78.429	66.0765
2046.597168	78.425	67.4345
2061.427734	78.492	68.7836
2076.365479	78.625	70.0026
2091.411865	78.819	70.9852
2106.566895	79.059	71.6517
2121.832031	79.333	71.9530
2137.207764	79.627	71.8697
2152.694824	79.928	71.4065
2168.294189	80.224	70.5854
2184.006592	80.508	69.4396
2199.832764	80.773	68.0083
2215.773682	81.012	66.3331
2231.830078	81.223	64.4559
2248.002686	81.403	62.4174
2264.292725	81.550	60.2565
2280.700684	81.664	58.0107
2297.227539	81.745	55.7151
2313.874268	81.794	53.4036
2330.641602	81.812	51.1082
2347.530273	81.800	48.8594
2364.541504	81.761	46.6858
2381.676025	81.699	44.6142
2398.934570	81.617	42.6679
2416.318359	81.521	40.8666
2433.827881	81.415	39.2244
2451.464355	81.305	37.7481
2469.228760	81.199	36.4355
2487.121826	81.104	35.2736
2505.144531	81.025	34.2373
2523.297852	80.969	33.2903
2541.582764	80.939	32.3855
2560.000000	80.938	31.4690
2578.550781	80.965	30.4839
2597.236084	81.019	29.3755
2616.056641	81.093	28.0957
2635.013672	81.181	26.6061
2654.108154	81.277	24.8804
2673.340820	81.370	22.9044
2692.713135	81.454	20.6755
2712.225586	81.520	18.2011
2731.879395	81.561	15.4971
2751.675781	81.570	12.5862
2771.615479	81.540	9.4967
2791.699707	81.466	6.2626
2811.929688	81.342	2.9225
2832.305908	81.163	-0.4785
2852.830078	80.924	-3.8889
2873.502930	80.621	-7.2471
2894.325439	80.248	-10.4790
2915.298828	79.803	-13.4933
2936.424316	79.284	-16.1750
2957.702881	78.690	-18.3773
2979.135742	78.027	-19.9127
3000.723633	77.307	-20.5479
3022.468262	76.558	-20.0099
3044.370117	75.827	-18.0319
3066.430908	75.186	-14.4694
3088.651611	74.723	-9.4986
3111.033203	74.518	-3.7721
3133.577148	74.597	1.7175
3156.284180	74.918	6.0765
3179.156006	75.397	8.8551
3202.193359	75.943	10.0391
3225.397949	76.487	9.8522
3248.770508	76.981	8.5873
3272.312500	77.400	6.5233
3296.024902	77.730	3.9000
3319.909180	77.965	0.9190
3343.966797	78.104	-2.2473
3368.198486	78.150	-5.4467
3392.605713	78.108	-8.5386
3417.189941	77.988	-11.3899
3441.952393	77.801	-13.8749
3466.894287	77.565	-15.8799
3492.016846	77.305	-17.3181
3517.321289	77.051	-18.1509
3542.809326	76.836	-18.4163
3568.481934	76.692	-18.2485
3594.340576	76.643	-17.8738
3620.386719	76.693	-17.5685
3646.621582	76.831	-17.5931
3673.046387	77.029	-18.1338
3699.662842	77.253	-19.2755
3726.472168	77.470	-21.0097
3753.475586	77.654	-23.2600
3780.675049	77.784	-25.9094
3808.071289	77.849	-28.8210
3835.666016	77.841	-31.8518
3863.460938	77.764	-34.8617
3891.457275	77.621	-37.7211
3919.656250	77.427	-40.3208
3948.059814	77.197	-42.5845
3976.668945	76.955	-44.4844
4005.485596	76.723	-46.0541
4034.510986	76.521	-47.3916
4063.746582	76.360	-48.6437
4093.194336	76.240	-49.9713
4122.855469	76.149	-51.5079
4152.730957	76.068	-53.3265
4182.823730	75.972	-55.4255
4213.133789	75.841	-57.7350
4243.664062	75.661	-60.1343
4274.415527	75.427	-62.4763
4305.389648	75.146	-64.6174
4336.588379	74.835	-66.4542
4368.013184	74.522	-67.9633
4399.665527	74.237	-69.2352
4431.547363	74.003	-70.4767
4463.660156	73.826	-71.9625
4496.005371	73.688	-73.9497
4528.585449	73.552	-76.5964
4561.401367	73.369	-79.9180
4594.455078	73.091	-83.7844
4627.748535	72.675	-87.9236
4661.283203	72.093	-91.9039
4695.060547	71.334	-95.0584
4729.083008	70.425	-96.3208
4763.352051	69.451	-93.9994
4797.869141	68.589	-86.0632
4832.636719	68.071	-72.9569
4867.655762	68.023	-60.7128
4902.928711	68.334	-54.4146
4938.457520	68.760	-53.6466
4974.243652	69.092	-56.2646
5010.289062	69.216	-60.4943
5046.595703	69.098	-64.9249
5083.165527	68.767	-68.0297
5120.000000	68.335	-67.4335
5157.101562	68.006	-59.0053
5194.472168	68.017	-40.0851
5232.113281	68.464	-21.4506
5270.027344	69.204	-13.3021
5308.216309	70.002	-12.9048
5346.681641	70.676	-16.2599
5385.426270	71.135	-21.0900
5424.451172	71.359	-26.0615
5463.758789	71.375	-30.2134
5503.351562	71.263	-32.7430
5543.230957	71.156	-33.0842
5583.399414	71.216	-31.2952
5623.859375	71.555	-28.4457
5664.611816	72.156	-26.2087
5705.660156	72.897	-25.7524
5747.005859	73.637	-27.2552
5788.650879	74.281	-30.2775
5830.597656	74.784	-34.2211
5872.848633	75.139	-38.5521
5915.405762	75.364	-42.8651
5958.271484	75.489	-46.8942
6001.447266	75.550	-50.5066
6044.936523	75.578	-53.6815
6088.740234	75.593	-56.4619
6132.861816	75.607	-58.8944
6177.303223	75.627	-60.9825
6222.066406	75.667	-62.6864
6267.154297	75.751	-63.9822
6312.568359	75.912	-64.9534
6358.312012	76.173	-65.8514
6404.386719	76.530	-67.0517
6450.795898	76.945	-68.9036
6497.541016	77.361	-71.5797
6544.625000	77.717	-75.0223
6592.049805	77.972	-78.9869
6639.818359	78.109	-83.1238
6687.933594	78.138	-87.0623
6736.396973	78.094	-90.4965
6785.211426	78.036	-93.2822
6834.379883	78.026	-95.5180
6883.904785	78.101	-97.5378
6933.788574	78.258	-99.7644
6984.033691	78.454	-102.4979
7034.642578	78.632	-105.7932
7085.618652	78.748	-109.4788
7136.963867	78.783	-113.2626
7188.681152	78.751	-116.8550
7240.773438	78.687	-120.0798
7293.243164	78.637	-122.9520
7346.092773	78.634	-125.6787
7399.325684	78.681	-128.5558
7452.944336	78.747	-131.8102
7506.951172	78.789	-135.4928
7561.350098	78.764	-139.4728
7616.142578	78.651	-143.5044
7671.332031	78.450	-147.3141
7726.921875	78.180	-150.6763
7782.914551	77.874	-153.4638
7839.312500	77.567	-155.6619
7896.119629	77.291	-157.3406
7953.337891	77.069	-158.6109
8010.971191	76.918	-159.6036
8069.021973	76.851	-160.4908
8127.493164	76.867	-161.5027
8186.388672	76.949	-162.8854
8245.710938	77.058	-164.7970
8305.461914	77.149	-167.2155
8365.647461	77.186	-169.9313
8426.267578	77.161	-172.6266
8487.328125	77.096	-175.0102
8548.831055	77.035	-176.9639
8610.779297	77.021	-178.6245
8673.176758	77.068	179.6915
8736.026367	77.154	177.7034
8799.331055	77.238	175.3514
8863.094727	77.292	172.8039
8927.320312	77.316	170.3099
8992.010742	77.338	168.0121
9057.170898	77.385	165.8388
9122.802734	77.467	163.5633
9188.910156	77.559	160.9902
9255.497070	77.628	158.1144
9322.566406	77.649	155.1185
9390.121094	77.628	152.2414
9458.166016	77.591	149.6210
9526.704102	77.569	147.2161
9595.738281	77.575	144.8573
9665.273438	77.602	142.3817
9735.311523	77.629	139.7321
9805.857422	77.642	136.9541
9876.915039	77.632	134.1420
9948.487305	77.597	131.4065
10020.578125	77.546	128.8738
10093.191406	77.499	126.6620
10166.331055	77.490	124.7872
10240.000000	77.548	123.0594
10314.203125	77.675	121.1119
10388.944336	77.836	118.6166
10464.226562	77.973	115.5031
10540.054688	78.046	111.9760
10616.432617	78.045	108.3530
10693.363281	77.987	104.8762
10770.852539	77.900	101.6251
10848.902344	77.801	98.5753
10927.517578	77.696	95.7133
11006.703125	77.594	93.0696
11086.461914	77.508	90.6399
11166.798828	77.452	88.3127
11247.718750	77.424	85.9274
11329.223633	77.406	83.4029
11411.320312	77.384	80.7784
11494.011719	77.353	78.1366
11577.301758	77.314	75.5336
11661.195312	77.269	73.0273
11745.697266	77.226	70.7142
11830.811523	77.207	68.6460
11916.542969	77.232	66.6819
12002.894531	77.300	64.5150
12089.873047	77.375	61.9303
12177.480469	77.416	59.0007
12265.723633	77.410	55.9883
12354.606445	77.373	53.0917
12444.132812	77.329	50.3203
12534.308594	77.285	47.5919
12625.136719	77.236	44.8812
12716.624023	77.183	42.2270
12808.773438	77.132	39.6490
12901.591797	77.087	37.1220
12995.082031	77.051	34.6081
13089.250000	77.025	32.0579
13184.099609	77.001	29.4077
13279.636719	76.965	26.6460
13375.867188	76.905	23.8728
13472.793945	76.827	21.2214
13570.422852	76.747	18.7139
13668.759766	76.674	16.2579
13767.809570	76.603	13.7977
13867.577148	76.531	11.3759
13968.067383	76.465	9.0159
14069.285156	76.412	6.6384
14171.237305	76.363	4.1570
14273.927734	76.310	1.5892
14377.362305	76.249	-0.9897
14481.546875	76.187	-3.5451
14586.486328	76.128	-6.0904
14692.185547	76.076	-8.6479
14798.651367	76.030	-11.2529
14905.888672	75.985	-13.9449
15013.902344	75.931	-16.7036
15122.700195	75.866	-19.4341
15232.285156	75.800	-22.0607
15342.664062	75.747	-24.6126
15453.843750	75.713	-27.1937
15565.829102	75.695	-29.9071
15678.625000	75.679	-32.8220
15792.239258	75.647	-35.9418
15906.675781	75.582	-39.1610
16021.942383	75.480	-42.3009
16138.043945	75.355	-45.2255
16254.986328	75.227	-47.9096
16372.777344	75.110	-50.4085
16491.421875	75.012	-52.8038
16610.923828	74.934	-55.1693
16731.294922	74.875	-57.5534
16852.535156	74.832	-59.9938
16974.656250	74.803	-62.5325
17097.662109	74.783	-65.2040
17221.558594	74.764	-68.0209
17346.353516	74.743	-70.9705
17472.052734	74.715	-74.0230
17598.662109	74.683	-77.1620
17726.189453	74.645	-80.3974
17854.640625	74.600	-83.7375
17984.021484	74.543	-87.1687
18114.341797	74.468	-90.6508
18245.605469	74.375	-94.1027
18377.820312	74.272	-97.4338
18510.994141	74.173	-100.6208
18645.132812	74.092	-103.7319
18780.242188	74.035	-106.8807
18916.332031	73.999	-110.1819
19053.408203	73.972	-113.7144
19191.476562	73.941	-117.5048
19330.546875	73.895	-121.5432
19470.623047	73.824	-125.7781
19611.714844	73.732	-130.1307
19753.830078	73.638	-134.5879
19896.974609	73.564	-139.2498
