* Measurement data measured by REW V5.31.3
* Source: EXCL: Microphone (Umik-1  Gain: 18dB), MICROPHONE (Master Volume), R, volume: 0.530
* Format: 512k Log Swept Sine, 1 sweep at 0.0 dBFS with no timing reference
* Dated: 14:21:37 06/03/2026
* REW Settings:
*  C-weighting compensation: Off
*  Target level: 75.0 dB
* Note: 
* Measurement: Morel MTM 1m Tweeter
* Smoothing: 1/12 octave
* Frequency Step: 1/96 octave
* Start Frequency: 302.040 Hz
*
* Freq(Hz)	SPL(dB)	Phase(degrees)
302.039795	58.602	-10.9355
304.228485	58.733	-11.4311
306.433044	58.900	-12.0216
308.653595	59.091	-12.6733
310.890228	59.297	-13.3622
313.143066	59.511	-14.0736
315.412231	59.728	-14.7987
317.697845	59.946	-15.5328
320.000000	60.164	-16.2732
322.318848	60.380	-17.0187
324.654510	60.594	-17.7686
327.007080	60.806	-18.5226
329.376709	61.016	-19.2803
331.763519	61.223	-20.0417
334.167603	61.429	-20.8067
336.589142	61.632	-21.5752
339.028198	61.834	-22.3472
341.484924	62.033	-23.1225
343.959473	62.230	-23.9012
346.451935	62.425	-24.6830
348.962463	62.618	-25.4681
351.491211	62.809	-26.2562
354.038239	62.998	-27.0474
356.603760	63.186	-27.8416
359.187866	63.371	-28.6386
361.790680	63.554	-29.4385
364.412354	63.736	-30.2411
367.053040	63.916	-31.0464
369.712860	64.094	-31.8543
372.391968	64.270	-32.6647
375.090454	64.444	-33.4775
377.808533	64.617	-34.2926
380.546265	64.787	-35.1101
383.303864	64.956	-35.9297
386.081451	65.124	-36.7514
388.879150	65.289	-37.5750
391.697144	65.453	-38.4006
394.535522	65.614	-39.2280
397.394501	65.774	-40.0571
400.274170	65.932	-40.8878
403.174744	66.088	-41.7200
406.096313	66.243	-42.5535
409.039062	66.395	-43.3884
412.003113	66.546	-44.2244
414.988647	66.696	-45.0615
417.995850	66.843	-45.8995
421.024811	66.990	-46.7383
424.075714	67.134	-47.5778
427.148743	67.278	-48.4179
430.244049	67.419	-49.2585
433.361786	67.560	-50.0993
436.502106	67.698	-50.9403
439.665161	67.836	-51.7814
442.851166	67.972	-52.6224
446.060242	68.106	-53.4631
449.292572	68.239	-54.3035
452.548340	68.371	-55.1434
455.827698	68.502	-55.9826
459.130798	68.631	-56.8210
462.457855	68.758	-57.6585
465.809021	68.885	-58.4949
469.184448	69.010	-59.3300
472.584381	69.134	-60.1638
476.008911	69.256	-60.9961
479.458252	69.378	-61.8267
482.932617	69.498	-62.6555
486.432159	69.617	-63.4823
489.957031	69.735	-64.3071
493.507477	69.852	-65.1297
497.083618	69.967	-65.9499
500.685699	70.082	-66.7677
504.313873	70.196	-67.5828
507.968323	70.309	-68.3953
511.649292	70.421	-69.2050
515.356934	70.532	-70.0118
519.091370	70.642	-70.8156
522.852966	70.752	-71.6163
526.641724	70.861	-72.4139
530.458008	70.969	-73.2084
534.301941	71.076	-73.9996
538.173706	71.183	-74.7876
542.073547	71.290	-75.5724
546.001648	71.396	-76.3539
549.958191	71.501	-77.1321
553.943420	71.607	-77.9072
557.957520	71.711	-78.6792
562.000671	71.816	-79.4482
566.073181	71.920	-80.2143
570.175171	72.024	-80.9776
574.306885	72.129	-81.7383
578.468567	72.233	-82.4966
582.660400	72.337	-83.2527
586.882568	72.441	-84.0069
591.135376	72.545	-84.7593
595.419006	72.650	-85.5103
599.733643	72.755	-86.2603
604.079590	72.860	-87.0096
608.456970	72.965	-87.7585
612.866089	73.072	-88.5075
617.307190	73.178	-89.2571
621.780457	73.286	-90.0077
626.286133	73.393	-90.7597
630.824463	73.502	-91.5138
635.395691	73.611	-92.2705
640.000000	73.721	-93.0303
644.637695	73.832	-93.7938
649.309021	73.943	-94.5617
654.014160	74.056	-95.3345
658.753418	74.169	-96.1129
663.527039	74.283	-96.8976
668.335205	74.398	-97.6892
673.178284	74.514	-98.4883
678.056396	74.631	-99.2957
682.969849	74.748	-100.1119
687.918945	74.867	-100.9376
692.903870	74.985	-101.7735
697.924927	75.104	-102.6202
702.982422	75.224	-103.4783
708.076477	75.343	-104.3484
713.207520	75.463	-105.2311
718.375732	75.583	-106.1270
723.581360	75.703	-107.0364
728.824707	75.823	-107.9601
734.106079	75.943	-108.8983
739.425720	76.063	-109.8516
744.783936	76.182	-110.8202
750.180908	76.301	-111.8046
755.617065	76.419	-112.8051
761.092529	76.537	-113.8220
766.607727	76.654	-114.8553
772.162903	76.770	-115.9054
777.758301	76.885	-116.9723
783.394287	76.998	-118.0561
789.071045	77.111	-119.1569
794.789001	77.222	-120.2747
800.548340	77.331	-121.4093
806.349487	77.439	-122.5607
812.192627	77.545	-123.7287
818.078125	77.649	-124.9132
824.006226	77.752	-126.1138
829.977295	77.852	-127.3303
835.991699	77.949	-128.5623
842.049622	78.044	-129.8094
848.151428	78.137	-131.0713
854.297485	78.227	-132.3474
860.488098	78.314	-133.6371
866.723572	78.399	-134.9400
873.004211	78.480	-136.2555
879.330322	78.558	-137.5828
885.702332	78.633	-138.9213
892.120483	78.705	-140.2703
898.585144	78.773	-141.6288
905.096680	78.838	-142.9964
911.655396	78.899	-144.3718
918.261597	78.957	-145.7544
924.915710	79.011	-147.1432
931.618042	79.061	-148.5372
938.368896	79.108	-149.9354
945.168762	79.150	-151.3369
952.017822	79.189	-152.7405
958.916504	79.224	-154.1453
965.865234	79.254	-155.5500
972.864319	79.281	-156.9536
979.914062	79.304	-158.3550
987.014954	79.322	-159.7530
994.167236	79.337	-161.1464
1001.371399	79.348	-162.5342
1008.627747	79.355	-163.9151
1015.936646	79.357	-165.2882
1023.298584	79.357	-166.6522
1030.713867	79.352	-168.0060
1038.182739	79.344	-169.3488
1045.705933	79.332	-170.6794
1053.283447	79.317	-171.9969
1060.916016	79.298	-173.3007
1068.603882	79.277	-174.5898
1076.347412	79.252	-175.8636
1084.147095	79.225	-177.1216
1092.003296	79.195	-178.3632
1099.916382	79.162	-179.5883
1107.886841	79.127	179.2034
1115.915039	79.089	178.0120
1124.001343	79.050	176.8372
1132.146362	79.008	175.6790
1140.350342	78.964	174.5369
1148.613770	78.919	173.4103
1156.937134	78.872	172.2987
1165.320801	78.824	171.2014
1173.765137	78.773	170.1176
1182.270752	78.721	169.0464
1190.838013	78.668	167.9871
1199.467285	78.612	166.9387
1208.159180	78.555	165.9005
1216.913940	78.496	164.8721
1225.732178	78.435	163.8528
1234.614380	78.370	162.8428
1243.560913	78.303	161.8420
1252.572266	78.233	160.8511
1261.648926	78.160	159.8710
1270.791382	78.082	158.9034
1280.000000	77.999	157.9503
1289.275391	77.912	157.0145
1298.618042	77.819	156.0997
1308.028320	77.721	155.2101
1317.506836	77.616	154.3512
1327.054077	77.504	153.5291
1336.670410	77.386	152.7510
1346.356567	77.261	152.0253
1356.112793	77.128	151.3614
1365.939697	76.989	150.7696
1375.837891	76.844	150.2616
1385.807739	76.693	149.8497
1395.849854	76.537	149.5470
1405.964844	76.379	149.3670
1416.152954	76.220	149.3231
1426.415039	76.062	149.4279
1436.751465	75.910	149.6921
1447.162720	75.766	150.1237
1457.649414	75.636	150.7262
1468.212158	75.524	151.4975
1478.851440	75.436	152.4278
1489.567871	75.376	153.4990
1500.361816	75.350	154.6837
1511.234131	75.361	155.9457
1522.185059	75.413	157.2413
1533.215454	75.506	158.5223
1544.325806	75.640	159.7386
1555.516602	75.813	160.8424
1566.788574	76.020	161.7914
1578.142090	76.257	162.5509
1589.578003	76.517	163.0958
1601.096680	76.796	163.4102
1612.698975	77.086	163.4868
1624.385254	77.382	163.3263
1636.156250	77.680	162.9349
1648.012451	77.974	162.3237
1659.954590	78.260	161.5069
1671.983398	78.536	160.5009
1684.099243	78.798	159.3230
1696.302856	79.045	157.9915
1708.594971	79.274	156.5247
1720.976196	79.484	154.9408
1733.447144	79.674	153.2579
1746.008423	79.843	151.4936
1758.660645	79.991	149.6654
1771.404663	80.117	147.7906
1784.240967	80.221	145.8862
1797.170288	80.304	143.9691
1810.193359	80.364	142.0562
1823.310791	80.404	140.1643
1836.523193	80.424	138.3103
1849.831421	80.425	136.5109
1863.236084	80.408	134.7823
1876.737793	80.376	133.1406
1890.337524	80.330	131.6006
1904.035645	80.273	130.1758
1917.833008	80.208	128.8775
1931.730469	80.139	127.7141
1945.728638	80.069	126.6901
1959.828125	80.003	125.8050
1974.029907	79.946	125.0526
1988.334473	79.901	124.4200
2002.742798	79.872	123.8880
2017.255493	79.863	123.4309
2031.873291	79.875	123.0180
2046.597168	79.911	122.6152
2061.427734	79.969	122.1873
2076.365479	80.048	121.7004
2091.411865	80.146	121.1248
2106.566895	80.259	120.4360
2121.832031	80.382	119.6164
2137.207764	80.511	118.6560
2152.694824	80.641	117.5518
2168.294189	80.767	116.3076
2184.006592	80.886	114.9330
2199.832764	80.994	113.4424
2215.773682	81.088	111.8539
2231.830078	81.166	110.1888
2248.002686	81.225	108.4706
2264.292725	81.266	106.7238
2280.700684	81.287	104.9739
2297.227539	81.290	103.2465
2313.874268	81.275	101.5660
2330.641602	81.246	99.9553
2347.530273	81.205	98.4342
2364.541504	81.155	97.0182
2381.676025	81.103	95.7171
2398.934570	81.052	94.5331
2416.318359	81.008	93.4595
2433.827881	80.976	92.4803
2451.464355	80.961	91.5693
2469.228760	80.966	90.6920
2487.121826	80.993	89.8073
2505.144531	81.042	88.8710
2523.297852	81.110	87.8399
2541.582764	81.195	86.6752
2560.000000	81.291	85.3459
2578.550781	81.391	83.8305
2597.236084	81.490	82.1182
2616.056641	81.579	80.2084
2635.013672	81.652	78.1102
2654.108154	81.702	75.8409
2673.340820	81.725	73.4247
2692.713135	81.715	70.8920
2712.225586	81.667	68.2785
2731.879395	81.579	65.6250
2751.675781	81.446	62.9771
2771.615479	81.268	60.3860
2791.699707	81.043	57.9091
2811.929688	80.771	55.6103
2832.305908	80.454	53.5614
2852.830078	80.096	51.8414
2873.502930	79.705	50.5357
2894.325439	79.290	49.7311
2915.298828	78.869	49.5073
2936.424316	78.464	49.9202
2957.702881	78.102	50.9789
2979.135742	77.814	52.6193
3000.723633	77.629	54.6864
3022.468262	77.567	56.9413
3044.370117	77.632	59.1016
3066.430908	77.811	60.9016
3088.651611	78.079	62.1451
3111.033203	78.406	62.7266
3133.577148	78.761	62.6242
3156.284180	79.116	61.8748
3179.156006	79.452	60.5494
3202.193359	79.752	58.7345
3225.397949	80.006	56.5202
3248.770508	80.205	53.9961
3272.312500	80.344	51.2487
3296.024902	80.421	48.3634
3319.909180	80.431	45.4257
3343.966797	80.376	42.5245
3368.198486	80.257	39.7538
3392.605713	80.076	37.2145
3417.189941	79.843	35.0135
3441.952393	79.568	33.2583
3466.894287	79.273	32.0454
3492.016846	78.981	31.4387
3517.321289	78.728	31.4370
3542.809326	78.546	31.9426
3568.481934	78.467	32.7458
3594.340576	78.502	33.5515
3620.386719	78.646	34.0463
3646.621582	78.870	33.9777
3673.046387	79.137	33.2042
3699.662842	79.405	31.7007
3726.472168	79.639	29.5341
3753.475586	79.810	26.8317
3780.675049	79.897	23.7563
3808.071289	79.888	20.4940
3835.666016	79.776	17.2485
3863.460938	79.561	14.2417
3891.457275	79.254	11.7130
3919.656250	78.878	9.9071
3948.059814	78.472	9.0388
3976.668945	78.095	9.2178
4005.485596	77.818	10.3411
4034.510986	77.703	12.0157
4063.746582	77.776	13.6232
4093.194336	78.011	14.5446
4122.855469	78.344	14.3881
4152.730957	78.699	13.0574
4182.823730	79.010	10.6791
4213.133789	79.229	7.4977
4243.664062	79.328	3.8024
4274.415527	79.291	-0.1044
4305.389648	79.112	-3.9148
4336.588379	78.800	-7.3148
4368.013184	78.376	-9.9884
4399.665527	77.877	-11.6484
4431.547363	77.362	-12.1124
4463.660156	76.908	-11.4242
4496.005371	76.586	-9.9547
4528.585449	76.433	-8.3425
4561.401367	76.434	-7.2330
4594.455078	76.523	-7.0015
4627.748535	76.626	-7.6692
4661.283203	76.679	-8.9915
4695.060547	76.647	-10.5856
4729.083008	76.524	-12.0276
4763.352051	76.335	-12.9294
4797.869141	76.133	-13.0304
4832.636719	75.985	-12.3165
4867.655762	75.955	-11.1063
4902.928711	76.068	-9.9792
4938.457520	76.296	-9.5183
4974.243652	76.572	-10.0529
5010.289062	76.821	-11.5815
5046.595703	76.984	-13.8529
5083.165527	77.024	-16.4796
5120.000000	76.932	-19.0167
5157.101562	76.723	-21.0142
5194.472168	76.442	-22.0795
5232.113281	76.161	-21.9884
5270.027344	75.962	-20.8368
5308.216309	75.911	-19.1150
5346.681641	76.022	-17.5388
5385.426270	76.251	-16.6902
5424.451172	76.522	-16.7701
5463.758789	76.772	-17.6183
5503.351562	76.964	-18.8733
5543.230957	77.099	-20.1335
5583.399414	77.208	-21.0836
5623.859375	77.342	-21.5992
5664.611816	77.551	-21.8160
5705.660156	77.859	-22.0981
5747.005859	78.249	-22.8794
5788.650879	78.673	-24.4666
5830.597656	79.070	-26.9362
5872.848633	79.390	-30.1537
5915.405762	79.596	-33.8484
5958.271484	79.673	-37.6843
6001.447266	79.628	-41.3083
6044.936523	79.486	-44.3928
6088.740234	79.292	-46.6913
6132.861816	79.112	-48.1216
6177.303223	79.011	-48.8465
6222.066406	79.031	-49.2734
6267.154297	79.173	-49.9128
6312.568359	79.392	-51.1603
6358.312012	79.627	-53.1578
6404.386719	79.818	-55.7983
6450.795898	79.931	-58.8145
6497.541016	79.953	-61.8735
6544.625000	79.901	-64.6625
6592.049805	79.811	-66.9669
6639.818359	79.735	-68.7491
6687.933594	79.716	-70.1859
6736.396973	79.774	-71.6111
6785.211426	79.890	-73.3574
6834.379883	80.019	-75.5956
6883.904785	80.114	-78.2693
6933.788574	80.143	-81.1403
6984.033691	80.104	-83.8911
7034.642578	80.023	-86.2500
7085.618652	79.951	-88.1168
7136.963867	79.937	-89.6432
7188.681152	80.003	-91.1868
7240.773438	80.131	-93.1238
7293.243164	80.270	-95.6446
7346.092773	80.366	-98.6781
7399.325684	80.386	-101.9584
7452.944336	80.328	-105.1583
7506.951172	80.220	-108.0309
7561.350098	80.106	-110.5198
7616.142578	80.021	-112.7833
7671.332031	79.970	-115.0867
7726.921875	79.926	-117.6089
7782.914551	79.848	-120.3016
7839.312500	79.708	-122.8879
7896.119629	79.516	-124.9897
7953.337891	79.320	-126.3341
8010.971191	79.191	-126.9731
8069.021973	79.179	-127.3534
8127.493164	79.282	-128.0872
8186.388672	79.441	-129.5707
8245.710938	79.587	-131.7998
8305.461914	79.673	-134.4730
8365.647461	79.692	-137.2106
8426.267578	79.671	-139.7440
8487.328125	79.646	-142.0157
8548.831055	79.643	-144.1551
8610.779297	79.662	-146.3439
8673.176758	79.684	-148.6665
8736.026367	79.689	-151.0560
8799.331055	79.675	-153.3605
8863.094727	79.660	-155.4655
8927.320312	79.666	-157.3904
8992.010742	79.710	-159.2913
9057.170898	79.784	-161.3636
9122.802734	79.865	-163.7175
9188.910156	79.926	-166.3199
9255.497070	79.951	-169.0270
9322.566406	79.945	-171.6729
9390.121094	79.924	-174.1555
9458.166016	79.909	-176.4864
9526.704102	79.913	-178.7736
9595.738281	79.931	178.8534
9665.273438	79.946	176.3322
9735.311523	79.940	173.7105
9805.857422	79.906	171.1185
9876.915039	79.852	168.6942
9948.487305	79.797	166.5056
10020.578125	79.763	164.5198
10093.191406	79.761	162.6385
10166.331055	79.797	160.7613
10240.000000	79.868	158.8103
10314.203125	79.974	156.6981
10388.944336	80.106	154.2993
10464.226562	80.239	151.4937
10540.054688	80.339	148.2655
10616.432617	80.373	144.7634
10693.363281	80.330	141.2592
10770.852539	80.227	138.0184
10848.902344	80.099	135.1618
10927.517578	79.981	132.6132
11006.703125	79.885	130.1935
11086.461914	79.805	127.7836
11166.798828	79.727	125.3967
11247.718750	79.653	123.1049
11329.223633	79.594	120.9094
11411.320312	79.556	118.7052
11494.011719	79.525	116.3818
11577.301758	79.480	113.9594
11661.195312	79.411	111.6124
11745.697266	79.331	109.5403
11830.811523	79.273	107.7806
11916.542969	79.263	106.1323
12002.894531	79.295	104.3015
12089.873047	79.339	102.1388
12177.480469	79.366	99.7187
12265.723633	79.369	97.2072
12354.606445	79.353	94.6996
12444.132812	79.325	92.2021
12534.308594	79.280	89.7336
12625.136719	79.219	87.3816
12716.624023	79.156	85.2217
12808.773438	79.108	83.2126
12901.591797	79.084	81.2160
12995.082031	79.074	79.1212
13089.250000	79.067	76.9100
13184.099609	79.055	74.6156
13279.636719	79.034	72.2787
13375.867188	79.000	69.9567
13472.793945	78.960	67.7189
13570.422852	78.924	65.5858
13668.759766	78.901	63.4886
13767.809570	78.888	61.3316
13867.577148	78.875	59.0943
13968.067383	78.858	56.8354
14069.285156	78.844	54.5861
14171.237305	78.837	52.2837
14273.927734	78.831	49.8482
14377.362305	78.813	47.2975
14481.546875	78.780	44.7254
14586.486328	78.742	42.1703
14692.185547	78.702	39.5769
14798.651367	78.655	36.9052
14905.888672	78.596	34.2029
15013.902344	78.526	31.5353
15122.700195	78.451	28.9178
15232.285156	78.376	26.3541
15342.664062	78.306	23.8569
15453.843750	78.249	21.3841
15565.829102	78.207	18.8185
15678.625000	78.165	16.0703
15792.239258	78.105	13.1645
15906.675781	78.016	10.2165
16021.942383	77.897	7.3661
16138.043945	77.757	4.7278
16254.986328	77.615	2.3420
16372.777344	77.486	0.1522
16491.421875	77.375	-1.9370
16610.923828	77.281	-3.9836
16731.294922	77.205	-6.0201
16852.535156	77.144	-8.0984
16974.656250	77.095	-10.2633
17097.662109	77.051	-12.5125
17221.558594	77.011	-14.8340
17346.353516	76.976	-17.2466
17472.052734	76.943	-19.7716
17598.662109	76.908	-22.4062
17726.189453	76.872	-25.1464
17854.640625	76.832	-28.0046
17984.021484	76.783	-30.9805
18114.341797	76.719	-34.0309
18245.605469	76.640	-37.0724
18377.820312	76.551	-40.0165
18510.994141	76.467	-42.8267
18645.132812	76.404	-45.5638
18780.242188	76.368	-48.3560
18916.332031	76.352	-51.3234
19053.408203	76.346	-54.5430
19191.476562	76.333	-58.0472
19330.546875	76.299	-61.8148
19470.623047	76.235	-65.7798
19611.714844	76.143	-69.8766
19753.830078	76.038	-74.0808
19896.974609	75.943	-78.4293
