* Measurement data measured by REW V5.31.3
* Source: Trace Arithmetic result Merge B to A
* Format: Trace Arithmetic result Merge B to A
* Dated: 14:42:41 06/03/2026
* REW Settings:
*  C-weighting compensation: Off
*  Target level: 75.0 dB
* Note: Trace Arithmetic B to A at 320 Hz A = Morel MTM 1m Woofers B = Near Field Scaled B was scaled by 0.3 dB and shifted by 0.138 ms to align a 15.9 degree phase difference
* Measurement: Woofer Combined
* Smoothing: 1/12 octave
* Frequency Step: 1/96 octave
* Start Frequency: 20.885 Hz
*
* Freq(Hz)	SPL(dB)	Phase(degrees)
20.885475	47.138	-118.6490
21.036821	47.329	-119.1941
21.189262	47.604	-119.9562
21.342808	47.934	-120.8712
21.497467	48.296	-121.8831
21.653246	48.674	-122.9549
21.810154	49.057	-124.0645
21.968201	49.442	-125.1995
22.127390	49.823	-126.3532
22.287735	50.201	-127.5219
22.449242	50.574	-128.7036
22.611917	50.942	-129.8968
22.775772	51.305	-131.1007
22.940815	51.664	-132.3145
23.107054	52.017	-133.5375
23.274498	52.366	-134.7692
23.443153	52.711	-136.0091
23.613033	53.052	-137.2567
23.784142	53.388	-138.5115
23.956491	53.720	-139.7731
24.130091	54.049	-141.0412
24.304947	54.374	-142.3153
24.481071	54.695	-143.5951
24.658470	55.013	-144.8804
24.837156	55.327	-146.1707
25.017136	55.638	-147.4659
25.198421	55.946	-148.7656
25.381020	56.251	-150.0697
25.564941	56.553	-151.3780
25.750195	56.852	-152.6903
25.936790	57.149	-154.0063
26.124741	57.443	-155.3260
26.314051	57.734	-156.6494
26.504732	58.023	-157.9762
26.696796	58.310	-159.3064
26.890253	58.594	-160.6401
27.085112	58.877	-161.9771
27.281382	59.157	-163.3176
27.479073	59.435	-164.6615
27.678198	59.712	-166.0090
27.878765	59.987	-167.3600
28.080786	60.260	-168.7149
28.284271	60.531	-170.0737
28.489231	60.801	-171.4366
28.695675	61.070	-172.8039
28.903616	61.337	-174.1757
29.113064	61.603	-175.5524
29.324028	61.867	-176.9343
29.536524	62.130	-178.3217
29.750557	62.392	-179.7149
29.966141	62.653	178.8856
30.183289	62.913	177.4795
30.402010	63.172	176.0662
30.622314	63.430	174.6455
30.844217	63.687	173.2168
31.067726	63.943	171.7796
31.292856	64.197	170.3335
31.519617	64.451	168.8779
31.748020	64.704	167.4124
31.978081	64.956	165.9364
32.209808	65.207	164.4495
32.443211	65.457	162.9511
32.678310	65.706	161.4407
32.915108	65.953	159.9180
33.153625	66.200	158.3824
33.393871	66.445	156.8336
33.635857	66.689	155.2711
33.879597	66.931	153.6945
34.125103	67.172	152.1035
34.372387	67.411	150.4979
34.621464	67.649	148.8773
34.872345	67.885	147.2416
35.125042	68.119	145.5906
35.379574	68.351	143.9242
35.635948	68.581	142.2424
35.894180	68.808	140.5452
36.154285	69.033	138.8326
36.416275	69.256	137.1049
36.680161	69.476	135.3622
36.945961	69.693	133.6049
37.213688	69.907	131.8333
37.483353	70.118	130.0477
37.754974	70.327	128.2488
38.028561	70.531	126.4372
38.304131	70.733	124.6135
38.581699	70.930	122.7784
38.861279	71.125	120.9327
39.142883	71.315	119.0774
39.426529	71.502	117.2134
39.712231	71.684	115.3419
40.000000	71.863	113.4638
40.289856	72.037	111.5804
40.581814	72.208	109.6929
40.875885	72.374	107.8026
41.172089	72.536	105.9110
41.470440	72.694	104.0194
41.770950	72.847	102.1293
42.073643	72.997	100.2422
42.378525	73.142	98.3594
42.685616	73.283	96.4828
42.994934	73.421	94.6136
43.306492	73.554	92.7534
43.620308	73.684	90.9035
43.936401	73.811	89.0654
44.254780	73.934	87.2404
44.575470	74.054	85.4296
44.898483	74.172	83.6340
45.223835	74.287	81.8545
45.551544	74.399	80.0917
45.881630	74.510	78.3461
46.214108	74.620	76.6177
46.548996	74.728	74.9064
46.886307	74.836	73.2119
47.226067	74.943	71.5332
47.568283	75.051	69.8694
47.912983	75.158	68.2189
48.260181	75.266	66.5799
48.609894	75.375	64.9502
48.962143	75.485	63.3275
49.316940	75.597	61.7088
49.674313	75.709	60.0912
50.034271	75.823	58.4716
50.396843	75.939	56.8466
50.762039	76.055	55.2129
51.129883	76.173	53.5674
51.500389	76.291	51.9068
51.873581	76.409	50.2282
52.249481	76.527	48.5290
52.628101	76.645	46.8070
53.009464	76.761	45.0602
53.393593	76.876	43.2875
53.780506	76.987	41.4880
54.170223	77.095	39.6617
54.562763	77.199	37.8091
54.958145	77.298	35.9312
55.356396	77.392	34.0299
55.757530	77.479	32.1078
56.161572	77.559	30.1681
56.568542	77.631	28.2147
56.978462	77.695	26.2521
57.391350	77.749	24.2856
57.807232	77.795	22.3212
58.226128	77.830	20.3651
58.648056	77.855	18.4247
59.073048	77.871	16.5073
59.501114	77.876	14.6212
59.932281	77.871	12.7747
60.366577	77.856	10.9764
60.804020	77.832	9.2355
61.244629	77.800	7.5608
61.688435	77.760	5.9607
62.135452	77.714	4.4435
62.585712	77.664	3.0165
63.039234	77.611	1.6857
63.496040	77.557	0.4555
63.956161	77.505	-0.6716
64.419617	77.457	-1.6960
64.886421	77.415	-2.6206
65.356621	77.382	-3.4516
65.830215	77.361	-4.1986
66.307251	77.353	-4.8743
66.787743	77.361	-5.4944
67.271713	77.384	-6.0765
67.759193	77.425	-6.6401
68.250206	77.482	-7.2050
68.744774	77.555	-7.7900
69.242928	77.643	-8.4128
69.744690	77.744	-9.0884
70.250084	77.855	-9.8287
70.759148	77.974	-10.6422
71.271896	78.099	-11.5338
71.788361	78.227	-12.5053
72.308571	78.356	-13.5552
72.832550	78.484	-14.6791
73.360321	78.608	-15.8711
73.891922	78.727	-17.1233
74.427376	78.841	-18.4268
74.966705	78.948	-19.7720
75.509949	79.048	-21.1490
76.057121	79.140	-22.5488
76.608261	79.225	-23.9622
77.163399	79.303	-25.3810
77.722557	79.374	-26.7981
78.285767	79.439	-28.2075
78.853058	79.499	-29.6048
79.424461	79.554	-30.9863
80.000000	79.606	-32.3502
80.579712	79.654	-33.6954
81.163628	79.701	-35.0220
81.751770	79.745	-36.3311
82.344177	79.789	-37.6243
82.940880	79.831	-38.9036
83.541901	79.873	-40.1711
84.147285	79.915	-41.4292
84.757050	79.955	-42.6797
85.371231	79.996	-43.9242
85.989868	80.035	-45.1639
86.612984	80.074	-46.3997
87.240616	80.111	-47.6317
87.872803	80.147	-48.8599
88.509560	80.182	-50.0836
89.150940	80.215	-51.3021
89.796967	80.246	-52.5143
90.447670	80.276	-53.7188
91.103088	80.304	-54.9138
91.763260	80.331	-56.0980
92.428215	80.356	-57.2693
93.097992	80.380	-58.4259
93.772614	80.403	-59.5664
94.452133	80.426	-60.6895
95.136566	80.449	-61.7946
95.825966	80.474	-62.8823
96.520363	80.500	-63.9542
97.219788	80.529	-65.0141
97.924286	80.561	-66.0673
98.633881	80.598	-67.1212
99.348625	80.639	-68.1852
100.068542	80.685	-69.2704
100.793686	80.734	-70.3886
101.524078	80.786	-71.5513
102.259766	80.840	-72.7693
103.000778	80.892	-74.0508
103.747162	80.940	-75.4007
104.498962	80.982	-76.8193
105.256203	81.013	-78.3021
106.018929	81.031	-79.8390
106.787186	81.033	-81.4146
107.561012	81.017	-83.0081
108.340446	80.981	-84.5945
109.125526	80.924	-86.1449
109.916290	80.846	-87.6285
110.712791	80.750	-89.0139
111.515060	80.638	-90.2714
112.323143	80.514	-91.3752
113.137085	80.384	-92.3071
113.956924	80.253	-93.0588
114.782700	80.130	-93.6341
115.614464	80.020	-94.0505
116.452255	79.929	-94.3386
117.296112	79.860	-94.5388
118.146095	79.816	-94.6968
119.002228	79.794	-94.8577
119.864563	79.793	-95.0597
120.733154	79.808	-95.3301
121.608040	79.832	-95.6833
122.489258	79.862	-96.1202
123.376869	79.893	-96.6315
124.270905	79.921	-97.1998
125.171425	79.945	-97.8049
126.078468	79.964	-98.4268
126.992081	79.980	-99.0486
127.912323	79.993	-99.6597
128.839233	80.006	-100.2557
129.772842	80.021	-100.8387
130.713242	80.037	-101.4157
131.660431	80.057	-101.9960
132.614502	80.079	-102.5894
133.575485	80.103	-103.2028
134.543427	80.127	-103.8397
135.518387	80.150	-104.4987
136.500412	80.170	-105.1744
137.489548	80.187	-105.8585
138.485855	80.200	-106.5409
139.489380	80.209	-107.2125
140.500168	80.217	-107.8658
141.518295	80.222	-108.4966
142.543793	80.228	-109.1036
143.576721	80.236	-109.6891
144.617142	80.245	-110.2573
145.665100	80.256	-110.8135
146.720642	80.270	-111.3634
147.783844	80.287	-111.9115
148.854752	80.306	-112.4609
149.933411	80.327	-113.0135
151.019897	80.350	-113.5694
152.114243	80.374	-114.1284
153.216522	80.399	-114.6899
154.326797	80.427	-115.2542
155.445114	80.456	-115.8215
156.571533	80.487	-116.3938
157.706116	80.521	-116.9736
158.848923	80.557	-117.5640
160.000000	80.595	-118.1686
161.159424	80.636	-118.7914
162.327255	80.680	-119.4366
163.503540	80.726	-120.1089
164.688354	80.774	-120.8136
165.881760	80.823	-121.5574
167.083801	80.873	-122.3481
168.294571	80.922	-123.1937
169.514099	80.969	-124.1018
170.742462	81.011	-125.0774
171.979736	81.045	-126.1202
173.225967	81.067	-127.2231
174.481232	81.074	-128.3707
175.745605	81.062	-129.5383
177.019119	81.031	-130.6935
178.301880	80.980	-131.7997
179.593933	80.911	-132.8188
180.895340	80.828	-133.7179
182.206177	80.736	-134.4727
183.526520	80.642	-135.0728
184.856430	80.552	-135.5226
186.195984	80.472	-135.8407
187.545227	80.406	-136.0558
188.904266	80.357	-136.2011
190.273132	80.326	-136.3094
191.651932	80.312	-136.4098
193.040726	80.315	-136.5266
194.439575	80.332	-136.6805
195.848572	80.361	-136.8903
197.267761	80.400	-137.1728
198.697250	80.446	-137.5417
200.137085	80.494	-138.0056
201.587372	80.540	-138.5646
203.048157	80.580	-139.2108
204.519531	80.610	-139.9280
206.001556	80.628	-140.6943
207.494324	80.631	-141.4846
208.997925	80.620	-142.2729
210.512405	80.594	-143.0333
212.037857	80.555	-143.7393
213.574371	80.503	-144.3647
215.122025	80.443	-144.8844
216.680893	80.378	-145.2770
218.251053	80.314	-145.5301
219.832581	80.258	-145.6451
221.425583	80.215	-145.6405
223.030121	80.192	-145.5499
224.646286	80.189	-145.4169
226.274170	80.207	-145.2849
227.913849	80.243	-145.1890
229.565399	80.295	-145.1512
231.228928	80.357	-145.1803
232.904510	80.429	-145.2764
234.592224	80.507	-145.4365
236.292191	80.591	-145.6588
238.004456	80.680	-145.9452
239.729126	80.774	-146.3007
241.466309	80.871	-146.7321
243.216080	80.970	-147.2457
244.978516	81.069	-147.8467
246.753738	81.166	-148.5369
248.541809	81.257	-149.3151
250.342850	81.343	-150.1763
252.156937	81.419	-151.1121
253.984161	81.485	-152.1124
255.824646	81.539	-153.1662
257.678467	81.581	-154.2629
259.545685	81.608	-155.3922
261.426483	81.621	-156.5417
263.320862	81.618	-157.6945
265.229004	81.599	-158.8281
267.150970	81.564	-159.9149
269.086853	81.517	-160.9277
271.036774	81.460	-161.8459
273.000824	81.401	-162.6637
274.979095	81.344	-163.3929
276.971710	81.294	-164.0621
278.978760	81.252	-164.7087
281.000336	81.218	-165.3690
283.036591	81.188	-166.0695
285.087585	81.157	-166.8217
287.153442	81.121	-167.6220
289.234283	81.075	-168.4534
291.330200	81.016	-169.2895
293.441284	80.944	-170.0969
295.567688	80.859	-170.8403
297.709503	80.764	-171.4855
299.866821	80.665	-172.0067
302.039795	80.567	-172.3913
304.228485	80.478	-172.6454
306.433044	80.405	-172.7960
308.653595	80.353	-172.8869
310.890228	80.323	-172.9712
313.143066	80.313	-173.1000
315.412231	80.320	-173.3116
317.697845	80.337	-173.6251
320.000000	80.359	-174.0404
322.318848	80.382	-174.5434
324.654510	80.402	-175.1148
327.007080	80.418	-175.7357
329.376709	80.431	-176.3911
331.763519	80.439	-177.0709
334.167603	80.445	-177.7686
336.589142	80.448	-178.4793
339.028198	80.449	-179.2003
341.484924	80.447	-179.9294
343.959473	80.444	179.3348
346.451935	80.439	178.5934
348.962463	80.432	177.8479
351.491211	80.424	177.0991
354.038239	80.415	176.3480
356.603760	80.404	175.5958
359.187866	80.392	174.8430
361.790680	80.379	174.0910
364.412354	80.364	173.3406
367.053040	80.348	172.5927
369.712860	80.330	171.8480
372.391968	80.311	171.1077
375.090454	80.291	170.3723
377.808533	80.269	169.6430
380.546265	80.245	168.9203
383.303864	80.220	168.2051
386.081451	80.193	167.4982
388.879150	80.164	166.8001
391.697144	80.134	166.1117
394.535522	80.101	165.4336
397.394501	80.066	164.7664
400.274170	80.030	164.1108
403.174744	79.991	163.4673
406.096313	79.950	162.8365
409.039062	79.907	162.2192
412.003113	79.862	161.6157
414.988647	79.815	161.0268
417.995850	79.766	160.4528
421.024811	79.716	159.8943
424.075714	79.663	159.3522
427.148743	79.609	158.8268
430.244049	79.554	158.3188
433.361786	79.497	157.8289
436.502106	79.439	157.3575
439.665161	79.379	156.9056
442.851166	79.319	156.4737
446.060242	79.258	156.0626
449.292572	79.196	155.6728
452.548340	79.134	155.3053
455.827698	79.072	154.9606
459.130798	79.010	154.6395
462.457855	78.948	154.3426
465.809021	78.887	154.0704
469.184448	78.826	153.8236
472.584381	78.767	153.6025
476.008911	78.710	153.4076
479.458252	78.655	153.2389
482.932617	78.601	153.0964
486.432159	78.551	152.9803
489.957031	78.503	152.8899
493.507477	78.458	152.8247
497.083618	78.417	152.7838
500.685699	78.380	152.7663
504.313873	78.347	152.7708
507.968323	78.319	152.7956
511.649292	78.295	152.8386
515.356934	78.276	152.8978
519.091370	78.263	152.9707
522.852966	78.255	153.0547
526.641724	78.253	153.1464
530.458008	78.257	153.2430
534.301941	78.266	153.3414
538.173706	78.281	153.4377
542.073547	78.302	153.5289
546.001648	78.328	153.6111
549.958191	78.361	153.6812
553.943420	78.398	153.7357
557.957520	78.441	153.7714
562.000671	78.489	153.7852
566.073181	78.542	153.7742
570.175171	78.600	153.7360
574.306885	78.661	153.6682
578.468567	78.727	153.5686
582.660400	78.796	153.4359
586.882568	78.868	153.2682
591.135376	78.942	153.0649
595.419006	79.019	152.8250
599.733643	79.098	152.5480
604.079590	79.178	152.2337
608.456970	79.259	151.8823
612.866089	79.341	151.4938
617.307190	79.422	151.0692
621.780457	79.504	150.6086
626.286133	79.584	150.1134
630.824463	79.664	149.5844
635.395691	79.741	149.0229
640.000000	79.817	148.4302
644.637695	79.891	147.8077
649.309021	79.963	147.1569
654.014160	80.031	146.4795
658.753418	80.097	145.7772
663.527039	80.160	145.0521
668.335205	80.219	144.3057
673.178284	80.275	143.5405
678.056396	80.326	142.7583
682.969849	80.374	141.9615
687.918945	80.418	141.1527
692.903870	80.458	140.3340
697.924927	80.494	139.5081
702.982422	80.525	138.6778
708.076477	80.552	137.8455
713.207520	80.575	137.0143
718.375732	80.594	136.1869
723.581360	80.608	135.3660
728.824707	80.619	134.5547
734.106079	80.626	133.7558
739.425720	80.630	132.9718
744.783936	80.631	132.2057
750.180908	80.628	131.4600
755.617065	80.623	130.7371
761.092529	80.617	130.0393
766.607727	80.608	129.3685
772.162903	80.599	128.7264
777.758301	80.589	128.1146
783.394287	80.579	127.5340
789.071045	80.571	126.9850
794.789001	80.564	126.4676
800.548340	80.559	125.9816
806.349487	80.558	125.5255
812.192627	80.561	125.0976
818.078125	80.568	124.6952
824.006226	80.581	124.3149
829.977295	80.600	123.9528
835.991699	80.626	123.6039
842.049622	80.660	123.2627
848.151428	80.701	122.9233
854.297485	80.750	122.5786
860.488098	80.808	122.2220
866.723572	80.873	121.8460
873.004211	80.947	121.4437
879.330322	81.029	121.0072
885.702332	81.118	120.5302
892.120483	81.214	120.0059
898.585144	81.316	119.4281
905.096680	81.423	118.7916
911.655396	81.535	118.0920
918.261597	81.650	117.3254
924.915710	81.768	116.4885
931.618042	81.887	115.5796
938.368896	82.006	114.5970
945.168762	82.124	113.5405
952.017822	82.241	112.4099
958.916504	82.354	111.2062
965.865234	82.464	109.9308
972.864319	82.569	108.5859
979.914062	82.668	107.1736
987.014954	82.760	105.6974
994.167236	82.845	104.1603
1001.371399	82.921	102.5663
1008.627747	82.989	100.9193
1015.936646	83.046	99.2239
1023.298584	83.094	97.4848
1030.713867	83.130	95.7070
1038.182739	83.155	93.8959
1045.705933	83.168	92.0571
1053.283447	83.168	90.1967
1060.916016	83.156	88.3209
1068.603882	83.130	86.4362
1076.347412	83.091	84.5497
1084.147095	83.038	82.6691
1092.003296	82.971	80.8019
1099.916382	82.890	78.9569
1107.886841	82.794	77.1429
1115.915039	82.685	75.3693
1124.001343	82.561	73.6460
1132.146362	82.425	71.9836
1140.350342	82.275	70.3931
1148.613770	82.113	68.8859
1156.937134	81.941	67.4733
1165.320801	81.758	66.1668
1173.765137	81.568	64.9777
1182.270752	81.373	63.9161
1190.838013	81.174	62.9909
1199.467285	80.974	62.2089
1208.159180	80.778	61.5737
1216.913940	80.588	61.0854
1225.732178	80.409	60.7392
1234.614380	80.244	60.5248
1243.560913	80.097	60.4261
1252.572266	79.972	60.4208
1261.648926	79.871	60.4816
1270.791382	79.795	60.5766
1280.000000	79.746	60.6718
1289.275391	79.722	60.7326
1298.618042	79.723	60.7267
1308.028320	79.745	60.6252
1317.506836	79.784	60.4050
1327.054077	79.837	60.0492
1336.670410	79.898	59.5475
1346.356567	79.964	58.8965
1356.112793	80.029	58.0985
1365.939697	80.090	57.1614
1375.837891	80.142	56.0970
1385.807739	80.183	54.9214
1395.849854	80.211	53.6532
1405.964844	80.221	52.3137
1416.152954	80.214	50.9255
1426.415039	80.188	49.5140
1436.751465	80.142	48.1044
1447.162720	80.077	46.7238
1457.649414	79.993	45.3995
1468.212158	79.893	44.1589
1478.851440	79.778	43.0284
1489.567871	79.653	42.0328
1500.361816	79.521	41.1932
1511.234131	79.388	40.5253
1522.185059	79.261	40.0367
1533.215454	79.147	39.7252
1544.325806	79.052	39.5752
1555.516602	78.984	39.5575
1566.788574	78.949	39.6284
1578.142090	78.950	39.7325
1589.578003	78.990	39.8064
1601.096680	79.067	39.7852
1612.698975	79.178	39.6078
1624.385254	79.317	39.2227
1636.156250	79.476	38.5920
1648.012451	79.647	37.6923
1659.954590	79.820	36.5143
1671.983398	79.988	35.0615
1684.099243	80.142	33.3477
1696.302856	80.277	31.3948
1708.594971	80.385	29.2302
1720.976196	80.463	26.8858
1733.447144	80.505	24.3973
1746.008423	80.508	21.8029
1758.660645	80.469	19.1435
1771.404663	80.386	16.4636
1784.240967	80.257	13.8110
1797.170288	80.083	11.2384
1810.193359	79.862	8.8038
1823.310791	79.596	6.5715
1836.523193	79.290	4.6118
1849.831421	78.948	3.0002
1863.236084	78.579	1.8147
1876.737793	78.199	1.1277
1890.337524	77.823	0.9944
1904.035645	77.477	1.4338
1917.833008	77.186	2.4080
1931.730469	76.975	3.8032
1945.728638	76.865	5.4303
1959.828125	76.863	7.0489
1974.029907	76.964	8.4147
1988.334473	77.148	9.3289
2002.742798	77.388	9.6679
2017.255493	77.657	9.3877
2031.873291	77.928	8.5078
2046.597168	78.178	7.0903
2061.427734	78.391	5.2213
2076.365479	78.554	2.9977
2091.411865	78.660	0.5207
2106.566895	78.702	-2.1070
2121.832031	78.678	-4.7813
2137.207764	78.587	-7.3951
2152.694824	78.433	-9.8371
2168.294189	78.220	-11.9902
2184.006592	77.959	-13.7346
2199.832764	77.666	-14.9531
2215.773682	77.365	-15.5480
2231.830078	77.087	-15.4660
2248.002686	76.866	-14.7342
2264.292725	76.740	-13.4912
2280.700684	76.735	-11.9933
2297.227539	76.858	-10.5696
2313.874268	77.098	-9.5446
2330.641602	77.422	-9.1583
2347.530273	77.795	-9.5311
2364.541504	78.179	-10.6738
2381.676025	78.542	-12.5201
2398.934570	78.863	-14.9623
2416.318359	79.123	-17.8745
2433.827881	79.314	-21.1270
2451.464355	79.428	-24.5914
2469.228760	79.463	-28.1415
2487.121826	79.419	-31.6525
2505.144531	79.299	-34.9981
2523.297852	79.113	-38.0515
2541.582764	78.871	-40.6883
2560.000000	78.593	-42.7958
2578.550781	78.306	-44.2914
2597.236084	78.041	-45.1511
2616.056641	77.835	-45.4413
2635.013672	77.721	-45.3384
2654.108154	77.719	-45.1147
2673.340820	77.828	-45.0812
2692.713135	78.029	-45.5105
2712.225586	78.289	-46.5789
2731.879395	78.570	-48.3505
2751.675781	78.838	-50.7963
2771.615479	79.065	-53.8268
2791.699707	79.231	-57.3197
2811.929688	79.324	-61.1392
2832.305908	79.336	-65.1457
2852.830078	79.263	-69.1998
2873.502930	79.107	-73.1636
2894.325439	78.873	-76.9028
2915.298828	78.573	-80.2904
2936.424316	78.222	-83.2163
2957.702881	77.843	-85.6036
2979.135742	77.462	-87.4305
3000.723633	77.110	-88.7537
3022.468262	76.812	-89.7173
3044.370117	76.585	-90.5352
3066.430908	76.428	-91.4421
3088.651611	76.325	-92.6329
3111.033203	76.248	-94.2166
3133.577148	76.164	-96.1998
3156.284180	76.046	-98.4981
3179.156006	75.868	-100.9547
3202.193359	75.620	-103.3619
3225.397949	75.298	-105.4778
3248.770508	74.917	-107.0458
3272.312500	74.504	-107.8312
3296.024902	74.107	-107.6870
3319.909180	73.784	-106.6493
3343.966797	73.591	-105.0162
3368.198486	73.561	-103.3167
3392.605713	73.680	-102.1275
3417.189941	73.902	-101.8520
3441.952393	74.161	-102.6190
3466.894287	74.397	-104.3251
3492.016846	74.566	-106.7301
3517.321289	74.641	-109.5339
3542.809326	74.613	-112.4187
3568.481934	74.487	-115.0691
3594.340576	74.288	-117.1921
3620.386719	74.052	-118.5547
3646.621582	73.837	-119.0511
3673.046387	73.704	-118.7870
3699.662842	73.700	-118.1183
3726.472168	73.841	-117.5702
3753.475586	74.103	-117.6422
3780.675049	74.430	-118.6321
3808.071289	74.763	-120.5899
3835.666016	75.049	-123.3794
3863.460938	75.255	-126.7635
3891.457275	75.361	-130.4680
3919.656250	75.365	-134.2134
3948.059814	75.274	-137.7352
3976.668945	75.112	-140.8010
4005.485596	74.914	-143.2405
4034.510986	74.725	-144.9910
4063.746582	74.594	-146.1433
4093.194336	74.560	-146.9583
4122.855469	74.639	-147.8070
4152.730957	74.814	-149.0563
4182.823730	75.050	-150.9541
4213.133789	75.300	-153.5854
4243.664062	75.524	-156.8955
4274.415527	75.690	-160.7415
4305.389648	75.779	-164.9390
4336.588379	75.782	-169.2927
4368.013184	75.699	-173.6134
4399.665527	75.539	-177.7272
4431.547363	75.318	178.5135
4463.660156	75.058	175.2175
4496.005371	74.787	172.4363
4528.585449	74.536	170.1453
4561.401367	74.334	168.2341
4594.455078	74.200	166.5182
4627.748535	74.141	164.7759
4661.283203	74.149	162.8005
4695.060547	74.204	160.4456
4729.083008	74.278	157.6439
4763.352051	74.347	154.4050
4797.869141	74.388	150.7948
4832.636719	74.387	146.9146
4867.655762	74.335	142.8823
4902.928711	74.231	138.8180
4938.457520	74.079	134.8279
4974.243652	73.890	130.9919
5010.289062	73.678	127.3489
5046.595703	73.459	123.8876
5083.165527	73.244	120.5464
5120.000000	73.039	117.2321
5157.101562	72.841	113.8525
5194.472168	72.636	110.3557
5232.113281	72.406	106.7610
5270.027344	72.134	103.1719
5308.216309	71.812	99.7673
5346.681641	71.445	96.7690
5385.426270	71.056	94.3806
5424.451172	70.690	92.6938
5463.758789	70.398	91.5898
5503.351562	70.223	90.7058
5543.230957	70.171	89.5486
5583.399414	70.211	87.7119
5623.859375	70.285	85.0377
5664.611816	70.335	81.6263
5705.660156	70.324	77.7417
5747.005859	70.240	73.6957
5788.650879	70.096	69.7490
5830.597656	69.922	66.0337
5872.848633	69.753	62.5122
5915.405762	69.612	59.0023
5958.271484	69.497	55.2791
6001.447266	69.386	51.1978
6044.936523	69.243	46.7705
6088.740234	69.043	42.1570
6132.861816	68.776	37.5913
6177.303223	68.458	33.2815
6222.066406	68.124	29.3079
6267.154297	67.813	25.5583
6312.568359	67.551	21.7573
6358.312012	67.335	17.5912
6404.386719	67.132	12.8588
6450.795898	66.896	7.5430
6497.541016	66.587	1.7832
6544.625000	66.178	-4.2006
6592.049805	65.661	-10.1862
6639.818359	65.043	-16.0039
6687.933594	64.337	-21.5640
6736.396973	63.560	-26.8582
6785.211426	62.726	-31.9446
6834.379883	61.841	-36.9199
6883.904785	60.907	-41.8998
6933.788574	59.915	-46.9911
6984.033691	58.849	-52.2585
7034.642578	57.688	-57.6652
7085.618652	56.419	-62.9894
7136.963867	55.062	-67.6522
7188.681152	53.715	-69.9166
7240.773438	52.619	-58.9619
7293.243164	52.121	33.1550
7346.092773	52.422	64.4854
7399.325684	53.344	65.7845
7452.944336	54.533	62.5204
7506.951172	55.729	57.7396
7561.350098	56.806	52.0814
7616.142578	57.720	45.9424
7671.332031	58.475	39.6493
7726.921875	59.097	33.4390
7782.914551	59.618	27.4274
7839.312500	60.064	21.6210
7896.119629	60.453	15.9756
7953.337891	60.793	10.4498
8010.971191	61.095	5.0201
8069.021973	61.368	-0.3497
8127.493164	61.621	-5.7363
8186.388672	61.852	-11.2382
8245.710938	62.053	-16.9255
8305.461914	62.212	-22.8135
8365.647461	62.321	-28.8788
8426.267578	62.373	-35.0950
8487.328125	62.356	-41.4294
8548.831055	62.251	-47.7812
8610.779297	62.041	-53.9155
8673.176758	61.730	-59.4691
8736.026367	61.354	-64.0902
8799.331055	60.981	-67.6866
8863.094727	60.676	-70.6016
8927.320312	60.458	-73.4286
8992.010742	60.294	-76.5349
9057.170898	60.137	-79.8059
9122.802734	59.980	-82.8761
9188.910156	59.858	-85.5856
9255.497070	59.805	-88.2358
9322.566406	59.810	-91.3522
9390.121094	59.813	-95.1855
9458.166016	59.755	-99.5004
9526.704102	59.617	-103.7943
9595.738281	59.429	-107.6605
9665.273438	59.240	-111.0171
9735.311523	59.086	-114.0474
9805.857422	58.971	-116.9093
9876.915039	58.897	-119.5504
9948.487305	58.884	-121.8820
10020.578125	58.961	-124.1162
10093.191406	59.126	-126.8019
10166.331055	59.325	-130.3998
10240.000000	59.492	-134.9052
10314.203125	59.593	-139.9448
10388.944336	59.634	-145.1489
10464.226562	59.643	-150.4130
10540.054688	59.624	-155.8496
10616.432617	59.557	-161.5231
10693.363281	59.414	-167.2714
10770.852539	59.194	-172.7861
10848.902344	58.927	-177.8467
10927.517578	58.652	177.5181
11006.703125	58.396	173.0654
11086.461914	58.150	168.5607
11166.798828	57.890	163.9712
11247.718750	57.599	159.4731
11329.223633	57.283	155.2645
11411.320312	56.963	151.3525
11494.011719	56.650	147.5522
11577.301758	56.323	143.7609
11661.195312	55.961	140.1793
11745.697266	55.568	137.1602
11830.811523	55.179	134.8588
11916.542969	54.829	133.1508
12002.894531	54.533	131.8889
12089.873047	54.306	130.9974
12177.480469	54.158	130.2457
12265.723633	54.081	129.2692
12354.606445	54.044	127.9717
12444.132812	54.031	126.6582
12534.308594	54.060	125.6902
12625.136719	54.168	125.1132
12716.624023	54.378	124.5763
12808.773438	54.680	123.5728
12901.591797	55.037	121.8136
12995.082031	55.419	119.3729
13089.250000	55.815	116.4633
13184.099609	56.224	113.1982
13279.636719	56.648	109.6066
13375.867188	57.085	105.6927
13472.793945	57.535	101.3535
13570.422852	57.977	96.3873
13668.759766	58.378	90.7314
13767.809570	58.716	84.5852
13867.577148	58.996	78.2227
13968.067383	59.240	71.7661
14069.285156	59.460	65.1746
14171.237305	59.656	58.3776
14273.927734	59.822	51.3379
14377.362305	59.949	44.0398
14481.546875	60.025	36.5005
14586.486328	60.037	28.8036
14692.185547	59.981	21.0914
14798.651367	59.862	13.5157
14905.888672	59.697	6.1794
15013.902344	59.503	-0.8955
15122.700195	59.296	-7.7588
15232.285156	59.083	-14.4899
15342.664062	58.867	-21.1775
15453.843750	58.640	-27.8966
15565.829102	58.391	-34.6494
15678.625000	58.110	-41.3538
15792.239258	57.798	-47.9153
15906.675781	57.459	-54.2693
16021.942383	57.097	-60.3450
16138.043945	56.722	-66.0597
16254.986328	56.354	-71.4115
16372.777344	56.008	-76.5486
16491.421875	55.687	-81.7036
16610.923828	55.376	-87.0314
16731.294922	55.051	-92.5024
16852.535156	54.697	-97.9269
16974.656250	54.312	-103.0510
17097.662109	53.908	-107.6444
17221.558594	53.508	-111.5267
17346.353516	53.144	-114.5730
17472.052734	52.855	-116.8516
17598.662109	52.674	-118.7974
17726.189453	52.607	-121.0521
17854.640625	52.626	-124.0502
17984.021484	52.692	-127.8435
18114.341797	52.773	-132.2487
18245.605469	52.850	-136.9742
18377.820312	52.925	-141.6641
18510.994141	53.028	-146.1334
18645.132812	53.193	-150.5986
18780.242188	53.425	-155.5059
18916.332031	53.704	-161.2278
19053.408203	53.991	-167.9108
19191.476562	54.253	-175.4683
19330.546875	54.474	176.2371
19470.623047	54.648	167.1750
19611.714844	54.756	157.2405
19753.830078	54.784	146.5116
19896.974609	54.755	135.2096
