* Measurement data measured by REW V5.31.3
* Source: Microphone (Umik-1  Gain: 18dB), MICROPHONE (Master Volume), R, volume: 0.530
* Format: 512k Log Swept Sine, 1 sweep at 0.0 dBFS with no timing reference
* Dated: 12:45:09 14/06/2025
* REW Settings:
*  C-weighting compensation: Off
*  Target level: 75.0 dB
* Note: 
* Measurement: Both Far Field
* Smoothing: 1/12 octave
* Frequency Step: 1/96 octave
* Start Frequency: 302.040 Hz
*
* Freq(Hz)	SPL(dB)	Phase(degrees)
302.039795	73.965	-152.9851
304.228485	73.994	-153.4117
306.433044	74.030	-153.9201
308.653595	74.072	-154.4837
310.890228	74.116	-155.0834
313.143066	74.160	-155.7062
315.412231	74.204	-156.3441
317.697845	74.247	-156.9924
320.000000	74.287	-157.6483
322.318848	74.326	-158.3099
324.654510	74.362	-158.9762
327.007080	74.396	-159.6464
329.376709	74.427	-160.3197
331.763519	74.455	-160.9957
334.167603	74.481	-161.6737
336.589142	74.504	-162.3531
339.028198	74.524	-163.0334
341.484924	74.542	-163.7141
343.959473	74.557	-164.3944
346.451935	74.569	-165.0737
348.962463	74.578	-165.7514
351.491211	74.585	-166.4269
354.038239	74.588	-167.0993
356.603760	74.589	-167.7681
359.187866	74.587	-168.4323
361.790680	74.582	-169.0913
364.412354	74.574	-169.7443
367.053040	74.563	-170.3904
369.712860	74.549	-171.0289
372.391968	74.532	-171.6587
375.090454	74.513	-172.2791
377.808533	74.491	-172.8892
380.546265	74.466	-173.4880
383.303864	74.438	-174.0747
386.081451	74.408	-174.6483
388.879150	74.375	-175.2077
391.697144	74.339	-175.7523
394.535522	74.301	-176.2809
397.394501	74.261	-176.7927
400.274170	74.218	-177.2868
403.174744	74.173	-177.7623
406.096313	74.126	-178.2184
409.039062	74.076	-178.6543
412.003113	74.026	-179.0693
414.988647	73.974	-179.4626
417.995850	73.920	-179.8339
421.024811	73.866	179.8174
424.075714	73.811	179.4917
427.148743	73.755	179.1891
430.244049	73.699	178.9099
433.361786	73.643	178.6537
436.502106	73.588	178.4205
439.665161	73.533	178.2098
442.851166	73.479	178.0210
446.060242	73.425	177.8533
449.292572	73.373	177.7055
452.548340	73.323	177.5765
455.827698	73.274	177.4649
459.130798	73.227	177.3689
462.457855	73.181	177.2867
465.809021	73.138	177.2163
469.184448	73.097	177.1556
472.584381	73.059	177.1023
476.008911	73.022	177.0540
479.458252	72.988	177.0083
482.932617	72.955	176.9627
486.432159	72.924	176.9149
489.957031	72.895	176.8626
493.507477	72.867	176.8035
497.083618	72.840	176.7358
500.685699	72.814	176.6576
504.313873	72.788	176.5674
507.968323	72.761	176.4641
511.649292	72.734	176.3468
515.356934	72.705	176.2152
519.091370	72.674	176.0694
522.852966	72.641	175.9099
526.641724	72.603	175.7378
530.458008	72.562	175.5547
534.301941	72.516	175.3630
538.173706	72.464	175.1655
542.073547	72.406	174.9659
546.001648	72.341	174.7686
549.958191	72.268	174.5788
553.943420	72.187	174.4028
557.957520	72.096	174.2476
562.000671	71.996	174.1216
566.073181	71.885	174.0342
570.175171	71.764	173.9962
574.306885	71.631	174.0198
578.468567	71.487	174.1192
582.660400	71.332	174.3100
586.882568	71.166	174.6099
591.135376	70.990	175.0384
595.419006	70.806	175.6172
599.733643	70.614	176.3697
604.079590	70.418	177.3206
608.456970	70.222	178.4951
612.866089	70.029	179.9177
617.307190	69.847	-178.3901
621.780457	69.682	-176.4125
626.286133	69.543	-174.1434
630.824463	69.440	-171.5902
635.395691	69.382	-168.7783
640.000000	69.379	-165.7534
644.637695	69.438	-162.5824
649.309021	69.564	-159.3492
654.014160	69.759	-156.1478
658.753418	70.021	-153.0725
663.527039	70.342	-150.2086
668.335205	70.715	-147.6243
673.178284	71.131	-145.3673
678.056396	71.577	-143.4644
682.969849	72.046	-141.9245
687.918945	72.527	-140.7421
692.903870	73.014	-139.9020
697.924927	73.500	-139.3827
702.982422	73.979	-139.1596
708.076477	74.449	-139.2069
713.207520	74.906	-139.4994
718.375732	75.348	-140.0128
723.581360	75.774	-140.7246
728.824707	76.181	-141.6140
734.106079	76.569	-142.6622
739.425720	76.937	-143.8517
744.783936	77.286	-145.1671
750.180908	77.614	-146.5939
755.617065	77.921	-148.1191
761.092529	78.208	-149.7306
766.607727	78.473	-151.4170
772.162903	78.718	-153.1678
777.758301	78.941	-154.9727
783.394287	79.143	-156.8222
789.071045	79.323	-158.7065
794.789001	79.482	-160.6159
800.548340	79.620	-162.5409
806.349487	79.735	-164.4717
812.192627	79.829	-166.3977
818.078125	79.901	-168.3082
824.006226	79.950	-170.1914
829.977295	79.978	-172.0350
835.991699	79.983	-173.8251
842.049622	79.966	-175.5471
848.151428	79.928	-177.1844
854.297485	79.868	-178.7189
860.488098	79.788	179.8690
866.723572	79.689	178.6013
873.004211	79.573	177.5013
879.330322	79.443	176.5941
885.702332	79.300	175.9059
892.120483	79.151	175.4625
898.585144	79.001	175.2882
905.096680	78.857	175.4029
911.655396	78.728	175.8186
918.261597	78.622	176.5360
924.915710	78.552	177.5392
931.618042	78.528	178.7927
938.368896	78.558	-179.7609
945.168762	78.651	-178.1986
952.017822	78.809	-176.6122
958.916504	79.032	-175.0986
965.865234	79.315	-173.7499
972.864319	79.650	-172.6442
979.914062	80.027	-171.8400
987.014954	80.436	-171.3739
994.167236	80.865	-171.2623
1001.371399	81.304	-171.5052
1008.627747	81.746	-172.0906
1015.936646	82.183	-172.9984
1023.298584	82.608	-174.2038
1030.713867	83.019	-175.6802
1038.182739	83.411	-177.4007
1045.705933	83.782	-179.3391
1053.283447	84.129	178.5294
1060.916016	84.452	176.2278
1068.603882	84.750	173.7775
1076.347412	85.020	171.1982
1084.147095	85.264	168.5081
1092.003296	85.481	165.7242
1099.916382	85.670	162.8622
1107.886841	85.831	159.9371
1115.915039	85.965	156.9631
1124.001343	86.070	153.9539
1132.146362	86.148	150.9230
1140.350342	86.197	147.8839
1148.613770	86.219	144.8495
1156.937134	86.214	141.8337
1165.320801	86.180	138.8502
1173.765137	86.120	135.9131
1182.270752	86.034	133.0372
1190.838013	85.921	130.2376
1199.467285	85.784	127.5302
1208.159180	85.622	124.9310
1216.913940	85.438	122.4564
1225.732178	85.233	120.1230
1234.614380	85.011	117.9466
1243.560913	84.772	115.9419
1252.572266	84.521	114.1219
1261.648926	84.262	112.4963
1270.791382	83.998	111.0708
1280.000000	83.735	109.8454
1289.275391	83.478	108.8133
1298.618042	83.231	107.9605
1308.028320	82.998	107.2648
1317.506836	82.784	106.6972
1327.054077	82.591	106.2228
1336.670410	82.419	105.8040
1346.356567	82.268	105.4029
1356.112793	82.136	104.9857
1365.939697	82.019	104.5247
1375.837891	81.913	104.0011
1385.807739	81.811	103.4062
1395.849854	81.709	102.7418
1405.964844	81.601	102.0198
1416.152954	81.483	101.2614
1426.415039	81.351	100.4956
1436.751465	81.203	99.7581
1447.162720	81.038	99.0895
1457.649414	80.857	98.5334
1468.212158	80.663	98.1341
1478.851440	80.460	97.9335
1489.567871	80.255	97.9668
1500.361816	80.057	98.2573
1511.234131	79.877	98.8110
1522.185059	79.725	99.6104
1533.215454	79.614	100.6115
1544.325806	79.551	101.7438
1555.516602	79.543	102.9167
1566.788574	79.590	104.0305
1578.142090	79.687	104.9895
1589.578003	79.826	105.7148
1601.096680	79.996	106.1527
1612.698975	80.184	106.2766
1624.385254	80.379	106.0854
1636.156250	80.569	105.5982
1648.012451	80.746	104.8488
1659.954590	80.903	103.8799
1671.983398	81.036	102.7390
1684.099243	81.141	101.4745
1696.302856	81.218	100.1336
1708.594971	81.267	98.7601
1720.976196	81.290	97.3928
1733.447144	81.291	96.0644
1746.008423	81.272	94.7998
1758.660645	81.239	93.6155
1771.404663	81.195	92.5187
1784.240967	81.146	91.5077
1797.170288	81.093	90.5726
1810.193359	81.041	89.6975
1823.310791	80.990	88.8634
1836.523193	80.940	88.0517
1849.831421	80.888	87.2482
1863.236084	80.834	86.4461
1876.737793	80.773	85.6488
1890.337524	80.702	84.8706
1904.035645	80.620	84.1371
1917.833008	80.525	83.4833
1931.730469	80.419	82.9506
1945.728638	80.305	82.5822
1959.828125	80.189	82.4166
1974.029907	80.081	82.4805
1988.334473	79.992	82.7792
2002.742798	79.934	83.2894
2017.255493	79.918	83.9547
2031.873291	79.953	84.6883
2046.597168	80.041	85.3830
2061.427734	80.178	85.9286
2076.365479	80.357	86.2294
2091.411865	80.564	86.2187
2106.566895	80.784	85.8649
2121.832031	81.002	85.1711
2137.207764	81.207	84.1684
2152.694824	81.387	82.9089
2168.294189	81.536	81.4570
2184.006592	81.649	79.8836
2199.832764	81.727	78.2595
2215.773682	81.771	76.6515
2231.830078	81.786	75.1171
2248.002686	81.780	73.7009
2264.292725	81.760	72.4294
2280.700684	81.736	71.3085
2297.227539	81.718	70.3218
2313.874268	81.711	69.4326
2330.641602	81.720	68.5896
2347.530273	81.746	67.7359
2364.541504	81.785	66.8194
2381.676025	81.833	65.8025
2398.934570	81.881	64.6673
2416.318359	81.922	63.4187
2433.827881	81.949	62.0821
2451.464355	81.957	60.6984
2469.228760	81.944	59.3178
2487.121826	81.913	57.9925
2505.144531	81.868	56.7678
2523.297852	81.815	55.6746
2541.582764	81.764	54.7221
2560.000000	81.725	53.8936
2578.550781	81.704	53.1465
2597.236084	81.706	52.4188
2616.056641	81.731	51.6404
2635.013672	81.774	50.7470
2654.108154	81.827	49.6932
2673.340820	81.880	48.4608
2692.713135	81.920	47.0611
2712.225586	81.940	45.5319
2731.879395	81.933	43.9314
2751.675781	81.896	42.3302
2771.615479	81.831	40.8010
2791.699707	81.743	39.4090
2811.929688	81.641	38.2017
2832.305908	81.538	37.1987
2852.830078	81.446	36.3859
2873.502930	81.374	35.7151
2894.325439	81.330	35.1120
2915.298828	81.314	34.4928
2936.424316	81.322	33.7832
2957.702881	81.345	32.9353
2979.135742	81.371	31.9363
3000.723633	81.390	30.8077
3022.468262	81.397	29.5969
3044.370117	81.388	28.3639
3066.430908	81.367	27.1652
3088.651611	81.340	26.0386
3111.033203	81.316	24.9909
3133.577148	81.304	23.9934
3156.284180	81.309	22.9858
3179.156006	81.330	21.8925
3202.193359	81.360	20.6449
3225.397949	81.388	19.2032
3248.770508	81.398	17.5714
3272.312500	81.376	15.8015
3296.024902	81.312	13.9890
3319.909180	81.201	12.2611
3343.966797	81.048	10.7590
3368.198486	80.866	9.6141
3392.605713	80.678	8.9171
3417.189941	80.514	8.6828
3441.952393	80.402	8.8247
3466.894287	80.366	9.1570
3492.016846	80.410	9.4386
3517.321289	80.523	9.4444
3542.809326	80.679	9.0277
3568.481934	80.850	8.1460
3594.340576	81.008	6.8476
3620.386719	81.135	5.2388
3646.621582	81.223	3.4485
3673.046387	81.271	1.6001
3699.662842	81.286	-0.2089
3726.472168	81.277	-1.9184
3753.475586	81.257	-3.5085
3780.675049	81.235	-4.9941
3808.071289	81.217	-6.4114
3835.666016	81.206	-7.8006
3863.460938	81.198	-9.1908
3891.457275	81.193	-10.5922
3919.656250	81.188	-11.9967
3948.059814	81.183	-13.3875
3976.668945	81.181	-14.7518
4005.485596	81.188	-16.0947
4034.510986	81.207	-17.4456
4063.746582	81.242	-18.8567
4093.194336	81.289	-20.3909
4122.855469	81.341	-22.1019
4152.730957	81.386	-24.0154
4182.823730	81.409	-26.1161
4213.133789	81.400	-28.3459
4243.664062	81.350	-30.6122
4274.415527	81.258	-32.8043
4305.389648	81.130	-34.8163
4336.588379	80.980	-36.5719
4368.013184	80.827	-38.0455
4399.665527	80.686	-39.2720
4431.547363	80.571	-40.3354
4463.660156	80.485	-41.3394
4496.005371	80.425	-42.3684
4528.585449	80.382	-43.4630
4561.401367	80.347	-44.6182
4594.455078	80.316	-45.8027
4627.748535	80.291	-46.9895
4661.283203	80.276	-48.1790
4695.060547	80.275	-49.4066
4729.083008	80.287	-50.7286
4763.352051	80.305	-52.1954
4797.869141	80.318	-53.8241
4832.636719	80.314	-55.5875
4867.655762	80.286	-57.4198
4902.928711	80.231	-59.2372
4938.457520	80.155	-60.9639
4974.243652	80.064	-62.5526
5010.289062	79.971	-63.9944
5046.595703	79.883	-65.3113
5083.165527	79.805	-66.5399
5120.000000	79.740	-67.7126
5157.101562	79.687	-68.8531
5194.472168	79.648	-69.9827
5232.113281	79.624	-71.1321
5270.027344	79.612	-72.3423
5308.216309	79.607	-73.6487
5346.681641	79.599	-75.0558
5385.426270	79.580	-76.5225
5424.451172	79.548	-77.9727
5463.758789	79.508	-79.3311
5503.351562	79.471	-80.5664
5543.230957	79.449	-81.7151
5583.399414	79.448	-82.8637
5623.859375	79.464	-84.0950
5664.611816	79.484	-85.4365
5705.660156	79.501	-86.8476
5747.005859	79.512	-88.2546
5788.650879	79.524	-89.6078
5830.597656	79.549	-90.9189
5872.848633	79.591	-92.2517
5915.405762	79.647	-93.6731
5958.271484	79.711	-95.2059
6001.447266	79.775	-96.8243
6044.936523	79.842	-98.4954
6088.740234	79.918	-100.2272
6132.861816	80.002	-102.0809
6177.303223	80.085	-104.1263
6222.066406	80.152	-106.3754
6267.154297	80.184	-108.7485
6312.568359	80.177	-111.0981
6358.312012	80.139	-113.2758
6404.386719	80.091	-115.2002
6450.795898	80.056	-116.8849
6497.541016	80.050	-118.4136
6544.625000	80.080	-119.8878
6592.049805	80.147	-121.3959
6639.818359	80.250	-123.0164
6687.933594	80.381	-124.8303
6736.396973	80.530	-126.9090
6785.211426	80.682	-129.2805
6834.379883	80.820	-131.9126
6883.904785	80.939	-134.7321
6933.788574	81.038	-137.6708
6984.033691	81.123	-140.7024
7034.642578	81.196	-143.8412
7085.618652	81.254	-147.1071
7136.963867	81.291	-150.4902
7188.681152	81.304	-153.9538
7240.773438	81.295	-157.4698
7293.243164	81.267	-161.0501
7346.092773	81.213	-164.7288
7399.325684	81.117	-168.4965
7452.944336	80.962	-172.2434
7506.951172	80.740	-175.7661
7561.350098	80.466	-178.8491
7616.142578	80.172	178.6306
7671.332031	79.898	176.6398
7726.921875	79.677	175.0160
7782.914551	79.524	173.5487
7839.312500	79.437	172.0425
7896.119629	79.406	170.3336
7953.337891	79.406	168.3052
8010.971191	79.410	165.9225
8069.021973	79.389	163.2559
8127.493164	79.327	160.4590
8186.388672	79.219	157.7117
8245.710938	79.077	155.1662
8305.461914	78.919	152.9208
8365.647461	78.766	151.0114
8426.267578	78.644	149.4001
8487.328125	78.571	147.9664
8548.831055	78.552	146.5356
8610.779297	78.580	144.9477
8673.176758	78.638	143.1174
8736.026367	78.710	141.0341
8799.331055	78.781	138.7234
8863.094727	78.843	136.2234
8927.320312	78.889	133.5911
8992.010742	78.914	130.9055
9057.170898	78.927	128.2402
9122.802734	78.935	125.6216
9188.910156	78.950	123.0181
9255.497070	78.973	120.3746
9322.566406	79.002	117.6454
9390.121094	79.032	114.7977
9458.166016	79.054	111.8202
9526.704102	79.058	108.7579
9595.738281	79.042	105.7216
9665.273438	79.021	102.8116
9735.311523	79.020	100.0137
9805.857422	79.055	97.1806
9876.915039	79.125	94.1296
9948.487305	79.216	90.7399
10020.578125	79.309	86.9626
10093.191406	79.389	82.7897
10166.331055	79.444	78.2396
10240.000000	79.469	73.3346
10314.203125	79.458	68.0622
10388.944336	79.402	62.3707
10464.226562	79.280	56.2241
10540.054688	79.060	49.6610
10616.432617	78.708	42.8262
10693.363281	78.185	36.0187
10770.852539	77.458	29.7911
10848.902344	76.516	25.0703
10927.517578	75.396	23.2670
11006.703125	74.211	26.2370
11086.461914	73.155	35.2117
11166.798828	72.456	47.7327
11247.718750	72.232	58.1450
11329.223633	72.412	63.9481
11411.320312	72.833	66.1298
11494.011719	73.358	66.0891
11577.301758	73.901	64.6479
11661.195312	74.405	62.2032
11745.697266	74.825	59.0074
11830.811523	75.130	55.3490
11916.542969	75.310	51.6031
12002.894531	75.385	48.1695
12089.873047	75.401	45.3450
12177.480469	75.419	43.2048
12265.723633	75.490	41.5660
12354.606445	75.639	40.0604
12444.132812	75.852	38.2790
12534.308594	76.093	35.9312
12625.136719	76.312	32.9450
12716.624023	76.467	29.4578
12808.773438	76.537	25.7359
12901.591797	76.521	22.0800
12995.082031	76.439	18.7371
13089.250000	76.320	15.8461
13184.099609	76.196	13.4368
13279.636719	76.093	11.4486
13375.867188	76.031	9.7536
13472.793945	76.016	8.2000
13570.422852	76.049	6.6345
13668.759766	76.121	4.9131
13767.809570	76.212	2.9517
13867.577148	76.305	0.7686
13968.067383	76.391	-1.5388
14069.285156	76.469	-3.8560
14171.237305	76.552	-6.1172
14273.927734	76.651	-8.3466
14377.362305	76.770	-10.6335
14481.546875	76.905	-13.0613
14586.486328	77.048	-15.6550
14692.185547	77.192	-18.3887
14798.651367	77.336	-21.2285
14905.888672	77.482	-24.1694
15013.902344	77.630	-27.2382
15122.700195	77.773	-30.4645
15232.285156	77.906	-33.8449
15342.664062	78.021	-37.3414
15453.843750	78.118	-40.9064
15565.829102	78.197	-44.4968
15678.625000	78.262	-48.0825
15792.239258	78.317	-51.6578
15906.675781	78.367	-55.2429
16021.942383	78.412	-58.8693
16138.043945	78.451	-62.5711
16254.986328	78.477	-66.3731
16372.777344	78.485	-70.2749
16491.421875	78.467	-74.2375
16610.923828	78.423	-78.1899
16731.294922	78.357	-82.0613
16852.535156	78.284	-85.8268
16974.656250	78.214	-89.5366
17097.662109	78.152	-93.2984
17221.558594	78.091	-97.2133
17346.353516	78.017	-101.3129
17472.052734	77.914	-105.5403
17598.662109	77.774	-109.7748
17726.189453	77.599	-113.8768
17854.640625	77.402	-117.7299
17984.021484	77.200	-121.2762
18114.341797	77.014	-124.5403
18245.605469	76.859	-127.6304
18377.820312	76.738	-130.6959
18510.994141	76.639	-133.8477
18645.132812	76.549	-137.0981
18780.242188	76.454	-140.3679
18916.332031	76.354	-143.5527
19053.408203	76.261	-146.6000
19191.476562	76.186	-149.5508
19330.546875	76.141	-152.5327
19470.623047	76.126	-155.7152
19611.714844	76.135	-159.2664
19753.830078	76.158	-163.3157
19896.974609	76.180	-167.9244
