* Measurement data measured by REW V5.31.3
* Source: Microphone (Umik-1  Gain: 18dB), MICROPHONE (Master Volume), R, volume: 0.530
* Format: 512k Log Swept Sine, 1 sweep at 0.0 dBFS with no timing reference
* Dated: 12:50:03 14/06/2025
* REW Settings:
*  C-weighting compensation: Off
*  Target level: 75.0 dB
* Note: 
* Measurement: Tweeter Far Field
* Smoothing: 1/12 octave
* Frequency Step: 1/96 octave
* Start Frequency: 302.040 Hz
*
* Freq(Hz)	SPL(dB)	Phase(degrees)
302.039795	55.020	-17.7167
304.228485	55.150	-17.7784
306.433044	55.316	-17.8426
308.653595	55.508	-17.9153
310.890228	55.717	-18.0012
313.143066	55.936	-18.1030
315.412231	56.162	-18.2228
317.697845	56.391	-18.3616
320.000000	56.622	-18.5204
322.318848	56.855	-18.6995
324.654510	57.087	-18.8992
327.007080	57.320	-19.1200
329.376709	57.553	-19.3618
331.763519	57.786	-19.6247
334.167603	58.018	-19.9090
336.589142	58.250	-20.2144
339.028198	58.481	-20.5410
341.484924	58.711	-20.8888
343.959473	58.941	-21.2575
346.451935	59.170	-21.6469
348.962463	59.397	-22.0571
351.491211	59.623	-22.4875
354.038239	59.848	-22.9381
356.603760	60.072	-23.4084
359.187866	60.294	-23.8982
361.790680	60.514	-24.4070
364.412354	60.733	-24.9346
367.053040	60.949	-25.4803
369.712860	61.164	-26.0438
372.391968	61.377	-26.6246
375.090454	61.587	-27.2221
377.808533	61.795	-27.8359
380.546265	62.001	-28.4652
383.303864	62.205	-29.1095
386.081451	62.406	-29.7682
388.879150	62.604	-30.4406
391.697144	62.799	-31.1260
394.535522	62.991	-31.8237
397.394501	63.181	-32.5329
400.274170	63.367	-33.2528
403.174744	63.550	-33.9827
406.096313	63.730	-34.7215
409.039062	63.907	-35.4686
412.003113	64.081	-36.2229
414.988647	64.251	-36.9834
417.995850	64.418	-37.7493
421.024811	64.582	-38.5194
424.075714	64.743	-39.2927
427.148743	64.900	-40.0680
430.244049	65.054	-40.8443
433.361786	65.205	-41.6202
436.502106	65.353	-42.3947
439.665161	65.497	-43.1663
442.851166	65.638	-43.9338
446.060242	65.776	-44.6957
449.292572	65.910	-45.4507
452.548340	66.042	-46.1974
455.827698	66.170	-46.9342
459.130798	66.295	-47.6595
462.457855	66.418	-48.3719
465.809021	66.537	-49.0697
469.184448	66.654	-49.7513
472.584381	66.769	-50.4152
476.008911	66.881	-51.0597
479.458252	66.991	-51.6832
482.932617	67.100	-52.2841
486.432159	67.207	-52.8609
489.957031	67.312	-53.4122
493.507477	67.417	-53.9367
497.083618	67.521	-54.4329
500.685699	67.626	-54.9000
504.313873	67.730	-55.3370
507.968323	67.836	-55.7431
511.649292	67.943	-56.1181
515.356934	68.052	-56.4617
519.091370	68.163	-56.7742
522.852966	68.278	-57.0561
526.641724	68.396	-57.3086
530.458008	68.518	-57.5330
534.301941	68.646	-57.7312
538.173706	68.779	-57.9058
542.073547	68.917	-58.0595
546.001648	69.062	-58.1960
549.958191	69.215	-58.3189
553.943420	69.374	-58.4328
557.957520	69.541	-58.5423
562.000671	69.716	-58.6524
566.073181	69.899	-58.7686
570.175171	70.090	-58.8964
574.306885	70.289	-59.0412
578.468567	70.497	-59.2088
582.660400	70.712	-59.4046
586.882568	70.934	-59.6338
591.135376	71.163	-59.9015
595.419006	71.399	-60.2122
599.733643	71.641	-60.5701
604.079590	71.888	-60.9790
608.456970	72.140	-61.4422
612.866089	72.397	-61.9623
617.307190	72.656	-62.5415
621.780457	72.918	-63.1815
626.286133	73.182	-63.8835
630.824463	73.447	-64.6481
635.395691	73.712	-65.4756
640.000000	73.977	-66.3659
644.637695	74.242	-67.3184
649.309021	74.505	-68.3324
654.014160	74.766	-69.4066
658.753418	75.024	-70.5397
663.527039	75.280	-71.7300
668.335205	75.532	-72.9758
673.178284	75.780	-74.2751
678.056396	76.023	-75.6257
682.969849	76.262	-77.0256
687.918945	76.495	-78.4722
692.903870	76.722	-79.9633
697.924927	76.943	-81.4964
702.982422	77.158	-83.0689
708.076477	77.366	-84.6782
713.207520	77.567	-86.3218
718.375732	77.761	-87.9969
723.581360	77.948	-89.7008
728.824707	78.128	-91.4308
734.106079	78.299	-93.1840
739.425720	78.463	-94.9576
744.783936	78.619	-96.7487
750.180908	78.768	-98.5544
755.617065	78.908	-100.3717
761.092529	79.040	-102.1976
766.607727	79.164	-104.0290
772.162903	79.281	-105.8628
777.758301	79.389	-107.6957
783.394287	79.490	-109.5248
789.071045	79.582	-111.3466
794.789001	79.668	-113.1580
800.548340	79.746	-114.9556
806.349487	79.817	-116.7364
812.192627	79.881	-118.4971
818.078125	79.938	-120.2346
824.006226	79.990	-121.9458
829.977295	80.036	-123.6279
835.991699	80.077	-125.2782
842.049622	80.113	-126.8943
848.151428	80.145	-128.4742
854.297485	80.174	-130.0162
860.488098	80.201	-131.5190
866.723572	80.226	-132.9820
873.004211	80.250	-134.4052
879.330322	80.274	-135.7892
885.702332	80.299	-137.1354
892.120483	80.325	-138.4462
898.585144	80.354	-139.7245
905.096680	80.386	-140.9745
911.655396	80.422	-142.2008
918.261597	80.463	-143.4090
924.915710	80.508	-144.6052
931.618042	80.559	-145.7961
938.368896	80.615	-146.9890
945.168762	80.676	-148.1909
952.017822	80.743	-149.4093
958.916504	80.814	-150.6511
965.865234	80.889	-151.9228
972.864319	80.967	-153.2306
979.914062	81.048	-154.5795
987.014954	81.130	-155.9739
994.167236	81.212	-157.4170
1001.371399	81.294	-158.9111
1008.627747	81.373	-160.4572
1015.936646	81.449	-162.0554
1023.298584	81.521	-163.7044
1030.713867	81.586	-165.4022
1038.182739	81.646	-167.1456
1045.705933	81.697	-168.9304
1053.283447	81.740	-170.7516
1060.916016	81.773	-172.6035
1068.603882	81.795	-174.4794
1076.347412	81.807	-176.3723
1084.147095	81.807	-178.2741
1092.003296	81.795	179.8233
1099.916382	81.771	177.9288
1107.886841	81.735	176.0515
1115.915039	81.687	174.2007
1124.001343	81.627	172.3859
1132.146362	81.556	170.6164
1140.350342	81.475	168.9014
1148.613770	81.384	167.2492
1156.937134	81.285	165.6677
1165.320801	81.180	164.1633
1173.765137	81.070	162.7409
1182.270752	80.957	161.4036
1190.838013	80.844	160.1519
1199.467285	80.731	158.9839
1208.159180	80.622	157.8945
1216.913940	80.518	156.8760
1225.732178	80.421	155.9175
1234.614380	80.332	155.0058
1243.560913	80.253	154.1260
1252.572266	80.182	153.2619
1261.648926	80.120	152.3976
1270.791382	80.065	151.5181
1280.000000	80.017	150.6109
1289.275391	79.972	149.6662
1298.618042	79.928	148.6785
1308.028320	79.882	147.6464
1317.506836	79.832	146.5734
1327.054077	79.774	145.4679
1336.670410	79.707	144.3431
1346.356567	79.628	143.2164
1356.112793	79.535	142.1099
1365.939697	79.428	141.0490
1375.837891	79.306	140.0623
1385.807739	79.172	139.1804
1395.849854	79.027	138.4348
1405.964844	78.875	137.8553
1416.152954	78.721	137.4684
1426.415039	78.572	137.2927
1436.751465	78.438	137.3359
1447.162720	78.326	137.5899
1457.649414	78.246	138.0276
1468.212158	78.207	138.6014
1478.851440	78.215	139.2446
1489.567871	78.273	139.8771
1500.361816	78.380	140.4140
1511.234131	78.532	140.7753
1522.185059	78.720	140.8944
1533.215454	78.935	140.7245
1544.325806	79.164	140.2401
1555.516602	79.398	139.4356
1566.788574	79.626	138.3227
1578.142090	79.838	136.9258
1589.578003	80.029	135.2788
1601.096680	80.191	133.4213
1612.698975	80.320	131.3967
1624.385254	80.414	129.2506
1636.156250	80.470	127.0294
1648.012451	80.489	124.7797
1659.954590	80.470	122.5480
1671.983398	80.414	120.3797
1684.099243	80.326	118.3181
1696.302856	80.210	116.4027
1708.594971	80.070	114.6679
1720.976196	79.915	113.1390
1733.447144	79.752	111.8300
1746.008423	79.590	110.7392
1758.660645	79.438	109.8474
1771.404663	79.304	109.1168
1784.240967	79.194	108.4933
1797.170288	79.111	107.9122
1810.193359	79.052	107.3062
1823.310791	79.014	106.6148
1836.523193	78.989	105.7931
1849.831421	78.967	104.8172
1863.236084	78.938	103.6870
1876.737793	78.890	102.4264
1890.337524	78.814	101.0814
1904.035645	78.704	99.7178
1917.833008	78.556	98.4186
1931.730469	78.368	97.2808
1945.728638	78.144	96.4116
1959.828125	77.894	95.9215
1974.029907	77.634	95.9118
1988.334473	77.387	96.4539
2002.742798	77.184	97.5615
2017.255493	77.055	99.1607
2031.873291	77.029	101.0741
2046.597168	77.120	103.0393
2061.427734	77.324	104.7641
2076.365479	77.622	105.9974
2091.411865	77.982	106.5794
2106.566895	78.369	106.4529
2121.832031	78.753	105.6445
2137.207764	79.109	104.2350
2152.694824	79.419	102.3327
2168.294189	79.671	100.0552
2184.006592	79.859	97.5202
2199.832764	79.980	94.8404
2215.773682	80.034	92.1221
2231.830078	80.024	89.4645
2248.002686	79.956	86.9588
2264.292725	79.838	84.6861
2280.700684	79.682	82.7146
2297.227539	79.501	81.0933
2313.874268	79.311	79.8459
2330.641602	79.129	78.9646
2347.530273	78.970	78.4063
2364.541504	78.847	78.0957
2381.676025	78.768	77.9353
2398.934570	78.735	77.8206
2416.318359	78.744	77.6585
2433.827881	78.787	77.3791
2451.464355	78.855	76.9424
2469.228760	78.938	76.3354
2487.121826	79.029	75.5658
2505.144531	79.121	74.6525
2523.297852	79.211	73.6172
2541.582764	79.297	72.4783
2560.000000	79.380	71.2478
2578.550781	79.458	69.9308
2597.236084	79.530	68.5273
2616.056641	79.596	67.0355
2635.013672	79.652	65.4558
2654.108154	79.695	63.7935
2673.340820	79.723	62.0613
2692.713135	79.732	60.2784
2712.225586	79.721	58.4707
2731.879395	79.689	56.6677
2751.675781	79.636	54.9002
2771.615479	79.562	53.1982
2791.699707	79.472	51.5884
2811.929688	79.368	50.0934
2832.305908	79.254	48.7313
2852.830078	79.134	47.5162
2873.502930	79.014	46.4582
2894.325439	78.897	45.5632
2915.298828	78.792	44.8303
2936.424316	78.705	44.2487
2957.702881	78.642	43.7924
2979.135742	78.612	43.4170
3000.723633	78.618	43.0588
3022.468262	78.663	42.6395
3044.370117	78.743	42.0765
3066.430908	78.851	41.2960
3088.651611	78.975	40.2451
3111.033203	79.103	38.9000
3133.577148	79.220	37.2673
3156.284180	79.314	35.3809
3179.156006	79.375	33.2952
3202.193359	79.398	31.0784
3225.397949	79.378	28.8047
3248.770508	79.314	26.5496
3272.312500	79.209	24.3856
3296.024902	79.066	22.3793
3319.909180	78.894	20.5902
3343.966797	78.700	19.0689
3368.198486	78.494	17.8544
3392.605713	78.291	16.9696
3417.189941	78.104	16.4139
3441.952393	77.950	16.1547
3466.894287	77.842	16.1194
3492.016846	77.791	16.1969
3517.321289	77.802	16.2504
3542.809326	77.868	16.1405
3568.481934	77.977	15.7541
3594.340576	78.112	15.0242
3620.386719	78.252	13.9380
3646.621582	78.381	12.5303
3673.046387	78.486	10.8695
3699.662842	78.560	9.0409
3726.472168	78.601	7.1302
3753.475586	78.611	5.2118
3780.675049	78.597	3.3398
3808.071289	78.564	1.5460
3835.666016	78.520	-0.1595
3863.460938	78.472	-1.7809
3891.457275	78.422	-3.3298
3919.656250	78.374	-4.8190
3948.059814	78.332	-6.2615
3976.668945	78.297	-7.6735
4005.485596	78.272	-9.0806
4034.510986	78.260	-10.5207
4063.746582	78.258	-12.0421
4093.194336	78.262	-13.6920
4122.855469	78.262	-15.5016
4152.730957	78.248	-17.4715
4182.823730	78.207	-19.5642
4213.133789	78.130	-21.7063
4243.664062	78.014	-23.7999
4274.415527	77.862	-25.7415
4305.389648	77.685	-27.4440
4336.588379	77.496	-28.8597
4368.013184	77.314	-29.9939
4399.665527	77.155	-30.9051
4431.547363	77.028	-31.6880
4463.660156	76.936	-32.4454
4496.005371	76.873	-33.2609
4528.585449	76.831	-34.1852
4561.401367	76.802	-35.2378
4594.455078	76.777	-36.4169
4627.748535	76.751	-37.7106
4661.283203	76.719	-39.1034
4695.060547	76.675	-40.5784
4729.083008	76.617	-42.1146
4763.352051	76.539	-43.6829
4797.869141	76.438	-45.2391
4832.636719	76.310	-46.7179
4867.655762	76.157	-48.0283
4902.928711	75.984	-49.0621
4938.457520	75.809	-49.7218
4974.243652	75.657	-49.9701
5010.289062	75.558	-49.8837
5046.595703	75.533	-49.6708
5083.165527	75.583	-49.6117
5120.000000	75.688	-49.9438
5157.101562	75.812	-50.7636
5194.472168	75.921	-52.0095
5232.113281	75.995	-53.5179
5270.027344	76.032	-55.1078
5308.216309	76.039	-56.6509
5346.681641	76.032	-58.1013
5385.426270	76.019	-59.4771
5424.451172	76.003	-60.8090
5463.758789	75.984	-62.0968
5503.351562	75.961	-63.3058
5543.230957	75.941	-64.4032
5583.399414	75.933	-65.4003
5623.859375	75.944	-66.3599
5664.611816	75.972	-67.3565
5705.660156	76.009	-68.4202
5747.005859	76.047	-69.5150
5788.650879	76.089	-70.5740
5830.597656	76.143	-71.5619
5872.848633	76.221	-72.5170
5915.405762	76.328	-73.5347
5958.271484	76.458	-74.7069
6001.447266	76.602	-76.0744
6044.936523	76.752	-77.6332
6088.740234	76.903	-79.3775
6132.861816	77.051	-81.3276
6177.303223	77.184	-83.5081
6222.066406	77.286	-85.8926
6267.154297	77.342	-88.3728
6312.568359	77.353	-90.7833
6358.312012	77.331	-92.9758
6404.386719	77.302	-94.8938
6450.795898	77.288	-96.5955
6497.541016	77.301	-98.2040
6544.625000	77.339	-99.8304
6592.049805	77.393	-101.5320
6639.818359	77.455	-103.3224
6687.933594	77.519	-105.1951
6736.396973	77.579	-107.1227
6785.211426	77.633	-109.0497
6834.379883	77.688	-110.9120
6883.904785	77.755	-112.6891
6933.788574	77.849	-114.4435
6984.033691	77.972	-116.2969
7034.642578	78.116	-118.3551
7085.618652	78.268	-120.6573
7136.963867	78.417	-123.1924
7188.681152	78.557	-125.9503
7240.773438	78.678	-128.9417
7293.243164	78.766	-132.1583
7346.092773	78.803	-135.5210
7399.325684	78.778	-138.8712
7452.944336	78.697	-142.0192
7506.951172	78.580	-144.8125
7561.350098	78.453	-147.1821
7616.142578	78.348	-149.1495
7671.332031	78.287	-150.8151
7726.921875	78.288	-152.3450
7782.914551	78.349	-153.9412
7839.312500	78.458	-155.7810
7896.119629	78.589	-157.9581
7953.337891	78.717	-160.4704
8010.971191	78.823	-163.2473
8069.021973	78.896	-166.1816
8127.493164	78.933	-169.1458
8186.388672	78.940	-172.0162
8245.710938	78.934	-174.7165
8305.461914	78.934	-177.2549
8365.647461	78.951	-179.7115
8426.267578	78.987	177.8193
8487.328125	79.036	175.2803
8548.831055	79.091	172.6569
8610.779297	79.147	169.9535
8673.176758	79.200	167.1763
8736.026367	79.247	164.3334
8799.331055	79.285	161.4398
8863.094727	79.311	158.5164
8927.320312	79.326	155.5869
8992.010742	79.329	152.6731
9057.170898	79.323	149.7944
9122.802734	79.309	146.9691
9188.910156	79.292	144.2110
9255.497070	79.277	141.5178
9322.566406	79.270	138.8549
9390.121094	79.271	136.1633
9458.166016	79.272	133.3992
9526.704102	79.263	130.5730
9595.738281	79.241	127.7446
9665.273438	79.207	124.9777
9735.311523	79.171	122.2948
9805.857422	79.138	119.6713
9876.915039	79.109	117.0702
9948.487305	79.080	114.4827
10020.578125	79.049	111.9364
10093.191406	79.017	109.4796
10166.331055	78.992	107.1562
10240.000000	78.988	104.9771
10314.203125	79.016	102.8856
10388.944336	79.084	100.7543
10464.226562	79.184	98.4380
10540.054688	79.300	95.8444
10616.432617	79.410	92.9698
10693.363281	79.500	89.8844
10770.852539	79.564	86.6866
10848.902344	79.605	83.4574
10927.517578	79.626	80.2437
11006.703125	79.632	77.0716
11086.461914	79.625	73.9628
11166.798828	79.609	70.9424
11247.718750	79.589	68.0392
11329.223633	79.574	65.2673
11411.320312	79.572	62.5977
11494.011719	79.590	59.9578
11577.301758	79.623	57.2660
11661.195312	79.663	54.4703
11745.697266	79.699	51.5641
11830.811523	79.722	48.5832
11916.542969	79.726	45.5881
12002.894531	79.710	42.6573
12089.873047	79.679	39.8829
12177.480469	79.647	37.3429
12265.723633	79.633	35.0540
12354.606445	79.657	32.9360
12444.132812	79.729	30.8145
12534.308594	79.840	28.4782
12625.136719	79.967	25.7812
12716.624023	80.082	22.7080
12808.773438	80.161	19.3634
12901.591797	80.196	15.9093
12995.082031	80.190	12.5020
13089.250000	80.155	9.2558
13184.099609	80.106	6.2341
13279.636719	80.062	3.4467
13375.867188	80.036	0.8539
13472.793945	80.040	-1.6271
13570.422852	80.078	-4.1149
13668.759766	80.145	-6.7346
13767.809570	80.228	-9.5722
13867.577148	80.310	-12.6457
13968.067383	80.379	-15.9095
14069.285156	80.428	-19.2832
14171.237305	80.458	-22.6857
14273.927734	80.474	-26.0648
14377.362305	80.483	-29.4072
14481.546875	80.491	-32.7245
14586.486328	80.499	-36.0287
14692.185547	80.508	-39.3232
14798.651367	80.521	-42.6113
14905.888672	80.541	-45.9089
15013.902344	80.569	-49.2515
15122.700195	80.601	-52.6793
15232.285156	80.633	-56.2119
15342.664062	80.659	-59.8369
15453.843750	80.674	-63.5203
15565.829102	80.681	-67.2297
15678.625000	80.684	-70.9557
15792.239258	80.684	-74.7173
15906.675781	80.682	-78.5487
16021.942383	80.675	-82.4805
16138.043945	80.658	-86.5282
16254.986328	80.624	-90.6918
16372.777344	80.566	-94.9500
16491.421875	80.479	-99.2532
16610.923828	80.363	-103.5265
16731.294922	80.221	-107.6936
16852.535156	80.068	-111.7184
16974.656250	79.917	-115.6363
17097.662109	79.774	-119.5441
17221.558594	79.638	-123.5453
17346.353516	79.495	-127.6876
17472.052734	79.330	-131.9357
17598.662109	79.134	-136.1874
17726.189453	78.907	-140.3101
17854.640625	78.656	-144.1829
17984.021484	78.400	-147.7339
18114.341797	78.157	-150.9714
18245.605469	77.945	-153.9883
18377.820312	77.769	-156.9302
18510.994141	77.622	-159.9224
18645.132812	77.489	-163.0022
18780.242188	77.357	-166.1093
18916.332031	77.224	-169.1421
19053.408203	77.099	-172.0400
19191.476562	76.995	-174.8390
19330.546875	76.922	-177.6665
19470.623047	76.884	179.3030
19611.714844	76.874	175.8948
19753.830078	76.882	171.9717
19896.974609	76.895	167.4619
