* Measurement data measured by REW V5.31.3
* Source: Trace Arithmetic result Merge B to A
* Format: Trace Arithmetic result Merge B to A
* Dated: 13:16:34 14/06/2025
* REW Settings:
*  C-weighting compensation: Off
*  Target level: 75.0 dB
* Note: Trace Arithmetic B to A at 270 Hz A = Woofer Far Field B = Woofer Combined Near B was scaled by 0.4 dB and shifted by 0.234 ms to align a 22.7 degree phase difference
* Measurement: Woofer Final
* Smoothing: 1/12 octave
* Frequency Step: 1/96 octave
* Start Frequency: 20.885 Hz
*
* Freq(Hz)	SPL(dB)	Phase(degrees)
20.885475	42.171	177.6219
21.036821	42.387	177.3399
21.189262	42.700	176.9357
21.342808	43.071	176.4335
21.497467	43.476	175.8559
21.653246	43.895	175.2186
21.810154	44.318	174.5321
21.968201	44.738	173.8035
22.127390	45.153	173.0376
22.287735	45.561	172.2384
22.449242	45.961	171.4090
22.611917	46.353	170.5522
22.775772	46.737	169.6704
22.940815	47.114	168.7660
23.107054	47.484	167.8410
23.274498	47.846	166.8976
23.443153	48.201	165.9374
23.613033	48.550	164.9622
23.784142	48.892	163.9738
23.956491	49.228	162.9737
24.130091	49.557	161.9633
24.304947	49.881	160.9442
24.481071	50.200	159.9175
24.658470	50.512	158.8847
24.837156	50.820	157.8470
25.017136	51.122	156.8056
25.198421	51.420	155.7615
25.381020	51.712	154.7160
25.564941	52.001	153.6701
25.750195	52.285	152.6247
25.936790	52.565	151.5809
26.124741	52.841	150.5395
26.314051	53.114	149.5015
26.504732	53.383	148.4675
26.696796	53.649	147.4384
26.890253	53.912	146.4148
27.085112	54.172	145.3974
27.281382	54.430	144.3866
27.479073	54.686	143.3829
27.678198	54.939	142.3867
27.878765	55.191	141.3982
28.080786	55.442	140.4175
28.284271	55.691	139.4447
28.489231	55.939	138.4798
28.695675	56.187	137.5224
28.903616	56.435	136.5722
29.113064	56.682	135.6287
29.324028	56.930	134.6913
29.536524	57.178	133.7592
29.750557	57.426	132.8315
29.966141	57.676	131.9070
30.183289	57.927	130.9845
30.402010	58.179	130.0626
30.622314	58.433	129.1398
30.844217	58.688	128.2144
31.067726	58.945	127.2846
31.292856	59.204	126.3485
31.519617	59.466	125.4042
31.748020	59.729	124.4497
31.978081	59.995	123.4828
32.209808	60.263	122.5014
32.443211	60.532	121.5033
32.678310	60.804	120.4865
32.915108	61.078	119.4488
33.153625	61.354	118.3883
33.393871	61.631	117.3030
33.635857	61.910	116.1909
33.879597	62.191	115.0505
34.125103	62.472	113.8800
34.372387	62.754	112.6780
34.621464	63.036	111.4431
34.872345	63.319	110.1742
35.125042	63.602	108.8704
35.379574	63.884	107.5306
35.635948	64.166	106.1544
35.894180	64.446	104.7411
36.154285	64.726	103.2905
36.416275	65.003	101.8023
36.680161	65.279	100.2766
36.945961	65.552	98.7136
37.213688	65.822	97.1134
37.483353	66.090	95.4766
37.754974	66.354	93.8036
38.028561	66.615	92.0952
38.304131	66.872	90.3521
38.581699	67.125	88.5753
38.861279	67.373	86.7658
39.142883	67.617	84.9245
39.426529	67.855	83.0528
39.712231	68.089	81.1519
40.000000	68.317	79.2232
40.289856	68.540	77.2680
40.581814	68.757	75.2879
40.875885	68.968	73.2845
41.172089	69.172	71.2593
41.470440	69.371	69.2141
41.770950	69.562	67.1505
42.073643	69.748	65.0705
42.378525	69.926	62.9758
42.685616	70.097	60.8686
42.994934	70.262	58.7506
43.306492	70.419	56.6240
43.620308	70.570	54.4907
43.936401	70.712	52.3530
44.254780	70.848	50.2132
44.575470	70.976	48.0734
44.898483	71.097	45.9359
45.223835	71.211	43.8031
45.551544	71.317	41.6773
45.881630	71.416	39.5610
46.214108	71.508	37.4566
46.548996	71.592	35.3665
46.886307	71.670	33.2932
47.226067	71.741	31.2391
47.568283	71.805	29.2069
47.912983	71.862	27.1989
48.260181	71.914	25.2174
48.609894	71.959	23.2647
48.962143	71.999	21.3430
49.316940	72.033	19.4544
49.674313	72.063	17.6007
50.034271	72.087	15.7839
50.396843	72.108	14.0052
50.762039	72.125	12.2661
51.129883	72.139	10.5675
51.500389	72.150	8.9103
51.873581	72.159	7.2945
52.249481	72.166	5.7204
52.628101	72.172	4.1876
53.009464	72.177	2.6953
53.393593	72.182	1.2424
53.780506	72.188	-0.1725
54.170223	72.194	-1.5512
54.562763	72.201	-2.8958
54.958145	72.210	-4.2087
55.356396	72.220	-5.4924
55.757530	72.232	-6.7496
56.161572	72.246	-7.9830
56.568542	72.263	-9.1954
56.978462	72.281	-10.3894
57.391350	72.301	-11.5674
57.807232	72.323	-12.7318
58.226128	72.347	-13.8846
58.648056	72.373	-15.0275
59.073048	72.399	-16.1617
59.501114	72.427	-17.2883
59.932281	72.456	-18.4079
60.366577	72.486	-19.5210
60.804020	72.516	-20.6274
61.244629	72.546	-21.7270
61.688435	72.576	-22.8194
62.135452	72.607	-23.9039
62.585712	72.638	-24.9801
63.039234	72.669	-26.0472
63.496040	72.699	-27.1047
63.956161	72.730	-28.1520
64.419617	72.762	-29.1890
64.886421	72.793	-30.2153
65.356621	72.825	-31.2313
65.830215	72.858	-32.2370
66.307251	72.891	-33.2332
66.787743	72.925	-34.2204
67.271713	72.960	-35.1996
67.759193	72.995	-36.1717
68.250206	73.032	-37.1377
68.744774	73.069	-38.0987
69.242928	73.107	-39.0554
69.744690	73.146	-40.0088
70.250084	73.185	-40.9592
70.759148	73.224	-41.9072
71.271896	73.264	-42.8526
71.788361	73.303	-43.7954
72.308571	73.343	-44.7351
72.832550	73.382	-45.6710
73.360321	73.421	-46.6025
73.891922	73.460	-47.5285
74.427376	73.498	-48.4482
74.966705	73.536	-49.3608
75.509949	73.575	-50.2656
76.057121	73.613	-51.1623
76.608261	73.652	-52.0505
77.163399	73.691	-52.9306
77.722557	73.730	-53.8030
78.285767	73.771	-54.6687
78.853058	73.812	-55.5289
79.424461	73.855	-56.3850
80.000000	73.898	-57.2387
80.579712	73.943	-58.0918
81.163628	73.989	-58.9459
81.751770	74.035	-59.8026
82.344177	74.082	-60.6633
82.940880	74.129	-61.5289
83.541901	74.176	-62.3999
84.147285	74.223	-63.2766
84.757050	74.269	-64.1586
85.371231	74.315	-65.0452
85.989868	74.359	-65.9354
86.612984	74.402	-66.8278
87.240616	74.444	-67.7208
87.872803	74.484	-68.6130
88.509560	74.523	-69.5026
89.150940	74.560	-70.3884
89.796967	74.596	-71.2690
90.447670	74.631	-72.1437
91.103088	74.664	-73.0117
91.763260	74.697	-73.8727
92.428215	74.729	-74.7268
93.097992	74.760	-75.5739
93.772614	74.791	-76.4144
94.452133	74.821	-77.2483
95.136566	74.850	-78.0759
95.825966	74.878	-78.8971
96.520363	74.906	-79.7115
97.219788	74.933	-80.5186
97.924286	74.959	-81.3174
98.633881	74.984	-82.1069
99.348625	75.009	-82.8860
100.068542	75.033	-83.6534
100.793686	75.057	-84.4084
101.524078	75.081	-85.1502
102.259766	75.105	-85.8789
103.000778	75.130	-86.5950
103.747162	75.157	-87.2999
104.498962	75.185	-87.9955
105.256203	75.214	-88.6845
106.018929	75.246	-89.3703
106.787186	75.279	-90.0564
107.561012	75.315	-90.7466
108.340446	75.352	-91.4445
109.125526	75.390	-92.1530
109.916290	75.428	-92.8747
110.712791	75.467	-93.6110
111.515060	75.505	-94.3624
112.323143	75.542	-95.1280
113.137085	75.576	-95.9061
113.956924	75.609	-96.6939
114.782700	75.638	-97.4877
115.614464	75.664	-98.2834
116.452255	75.686	-99.0762
117.296112	75.706	-99.8617
118.146095	75.722	-100.6356
119.002228	75.737	-101.3941
119.864563	75.749	-102.1347
120.733154	75.760	-102.8557
121.608040	75.771	-103.5568
122.489258	75.781	-104.2393
123.376869	75.793	-104.9056
124.270905	75.807	-105.5594
125.171425	75.821	-106.2055
126.078468	75.838	-106.8486
126.992081	75.856	-107.4938
127.912323	75.875	-108.1452
128.839233	75.894	-108.8058
129.772842	75.913	-109.4769
130.713242	75.931	-110.1576
131.660431	75.946	-110.8452
132.614502	75.958	-111.5353
133.575485	75.968	-112.2218
134.543427	75.974	-112.8983
135.518387	75.977	-113.5584
136.500412	75.978	-114.1965
137.489548	75.979	-114.8091
138.485855	75.979	-115.3945
139.489380	75.980	-115.9536
140.500168	75.983	-116.4897
141.518295	75.989	-117.0074
142.543793	75.998	-117.5129
143.576721	76.010	-118.0122
144.617142	76.026	-118.5111
145.665100	76.046	-119.0149
146.720642	76.068	-119.5279
147.783844	76.093	-120.0543
148.854752	76.120	-120.5980
149.933411	76.149	-121.1633
151.019897	76.178	-121.7544
152.114243	76.208	-122.3754
153.216522	76.237	-123.0289
154.326797	76.262	-123.7151
155.445114	76.283	-124.4309
156.571533	76.298	-125.1691
157.706116	76.306	-125.9185
158.848923	76.306	-126.6650
160.000000	76.298	-127.3931
161.159424	76.284	-128.0884
162.327255	76.264	-128.7396
163.503540	76.242	-129.3403
164.688354	76.219	-129.8899
165.881760	76.197	-130.3931
167.083801	76.179	-130.8585
168.294571	76.165	-131.2964
169.514099	76.154	-131.7162
170.742462	76.148	-132.1251
171.979736	76.145	-132.5278
173.225967	76.145	-132.9274
174.481232	76.148	-133.3268
175.745605	76.155	-133.7306
177.019119	76.166	-134.1454
178.301880	76.178	-134.5796
179.593933	76.192	-135.0406
180.895340	76.205	-135.5324
182.206177	76.215	-136.0533
183.526520	76.221	-136.5942
184.856430	76.219	-137.1395
186.195984	76.211	-137.6694
187.545227	76.197	-138.1639
188.904266	76.180	-138.6069
190.273132	76.162	-138.9899
191.651932	76.147	-139.3143
193.040726	76.139	-139.5914
194.439575	76.139	-139.8401
195.848572	76.148	-140.0836
197.267761	76.165	-140.3445
198.697250	76.189	-140.6411
200.137085	76.217	-140.9846
201.587372	76.246	-141.3779
203.048157	76.272	-141.8156
204.519531	76.295	-142.2859
206.001556	76.311	-142.7727
207.494324	76.323	-143.2588
208.997925	76.329	-143.7288
210.512405	76.333	-144.1722
212.037857	76.336	-144.5847
213.574371	76.340	-144.9694
215.122025	76.347	-145.3347
216.680893	76.358	-145.6929
218.251053	76.373	-146.0562
219.832581	76.390	-146.4354
221.425583	76.409	-146.8369
223.030121	76.428	-147.2628
224.646286	76.446	-147.7113
226.274170	76.460	-148.1767
227.913849	76.471	-148.6510
229.565399	76.478	-149.1245
231.228928	76.482	-149.5876
232.904510	76.482	-150.0318
234.592224	76.481	-150.4518
236.292191	76.480	-150.8468
238.004456	76.481	-151.2207
239.729126	76.483	-151.5811
241.466309	76.489	-151.9368
243.216080	76.496	-152.2955
244.978516	76.504	-152.6615
246.753738	76.513	-153.0352
248.541809	76.522	-153.4148
250.342850	76.531	-153.7976
252.156937	76.540	-154.1828
253.984161	76.548	-154.5712
255.824646	76.556	-154.9648
257.678467	76.563	-155.3647
259.545685	76.569	-155.7692
261.426483	76.573	-156.1739
263.320862	76.575	-156.5727
265.229004	76.576	-156.9599
267.150970	76.576	-157.3324
269.086853	76.577	-157.6902
271.036774	76.579	-158.0365
273.000824	76.583	-158.3751
274.979095	76.589	-158.7097
276.971710	76.595	-159.0423
278.978760	76.603	-159.3739
281.000336	76.611	-159.7047
283.036591	76.619	-160.0347
285.087585	76.628	-160.3640
287.153442	76.637	-160.6927
289.234283	76.646	-161.0208
291.330200	76.655	-161.3481
293.441284	76.663	-161.6745
295.567688	76.672	-162.0000
297.709503	76.680	-162.3246
299.866821	76.688	-162.6485
302.039795	76.696	-162.9717
304.228485	76.704	-163.2940
306.433044	76.711	-163.6155
308.653595	76.718	-163.9363
310.890228	76.725	-164.2563
313.143066	76.731	-164.5755
315.412231	76.737	-164.8940
317.697845	76.743	-165.2117
320.000000	76.748	-165.5287
322.318848	76.753	-165.8448
324.654510	76.758	-166.1601
327.007080	76.762	-166.4745
329.376709	76.766	-166.7879
331.763519	76.770	-167.1004
334.167603	76.773	-167.4117
336.589142	76.776	-167.7219
339.028198	76.778	-168.0308
341.484924	76.780	-168.3383
343.959473	76.782	-168.6443
346.451935	76.783	-168.9486
348.962463	76.784	-169.2511
351.491211	76.785	-169.5517
354.038239	76.785	-169.8501
356.603760	76.785	-170.1462
359.187866	76.784	-170.4398
361.790680	76.783	-170.7306
364.412354	76.782	-171.0184
367.053040	76.781	-171.3031
369.712860	76.779	-171.5845
372.391968	76.777	-171.8621
375.090454	76.775	-172.1359
377.808533	76.773	-172.4057
380.546265	76.770	-172.6712
383.303864	76.768	-172.9321
386.081451	76.765	-173.1884
388.879150	76.762	-173.4398
391.697144	76.760	-173.6861
394.535522	76.757	-173.9273
397.394501	76.754	-174.1633
400.274170	76.752	-174.3939
403.174744	76.749	-174.6191
406.096313	76.747	-174.8390
409.039062	76.746	-175.0537
412.003113	76.744	-175.2631
414.988647	76.744	-175.4676
417.995850	76.744	-175.6673
421.024811	76.745	-175.8625
424.075714	76.747	-176.0536
427.148743	76.749	-176.2411
430.244049	76.753	-176.4254
433.361786	76.759	-176.6072
436.502106	76.765	-176.7870
439.665161	76.773	-176.9655
442.851166	76.782	-177.1437
446.060242	76.792	-177.3222
449.292572	76.804	-177.5022
452.548340	76.817	-177.6844
455.827698	76.832	-177.8699
459.130798	76.848	-178.0598
462.457855	76.866	-178.2552
465.809021	76.885	-178.4572
469.184448	76.905	-178.6668
472.584381	76.927	-178.8854
476.008911	76.950	-179.1139
479.458252	76.974	-179.3535
482.932617	76.999	-179.6052
486.432159	77.024	-179.8701
489.957031	77.051	179.8510
493.507477	77.078	179.5570
497.083618	77.105	179.2473
500.685699	77.133	178.9210
504.313873	77.160	178.5776
507.968323	77.187	178.2166
511.649292	77.214	177.8377
515.356934	77.239	177.4407
519.091370	77.264	177.0254
522.852966	77.287	176.5919
526.641724	77.309	176.1405
530.458008	77.329	175.6715
534.301941	77.346	175.1856
538.173706	77.361	174.6835
542.073547	77.372	174.1662
546.001648	77.381	173.6348
549.958191	77.386	173.0906
553.943420	77.387	172.5354
557.957520	77.384	171.9708
562.000671	77.376	171.3989
566.073181	77.364	170.8220
570.175171	77.347	170.2427
574.306885	77.324	169.6638
578.468567	77.296	169.0883
582.660400	77.263	168.5198
586.882568	77.223	167.9618
591.135376	77.178	167.4184
595.419006	77.127	166.8940
599.733643	77.070	166.3932
604.079590	77.007	165.9211
608.456970	76.939	165.4830
612.866089	76.865	165.0845
617.307190	76.786	164.7315
621.780457	76.702	164.4301
626.286133	76.614	164.1867
630.824463	76.523	164.0074
635.395691	76.429	163.8987
640.000000	76.334	163.8663
644.637695	76.239	163.9159
649.309021	76.146	164.0519
654.014160	76.056	164.2782
658.753418	75.972	164.5967
663.527039	75.896	165.0078
668.335205	75.829	165.5095
673.178284	75.774	166.0970
678.056396	75.735	166.7626
682.969849	75.712	167.4954
687.918945	75.708	168.2812
692.903870	75.725	169.1028
697.924927	75.763	169.9405
702.982422	75.825	170.7723
708.076477	75.909	171.5753
713.207520	76.016	172.3265
718.375732	76.144	173.0035
723.581360	76.292	173.5858
728.824707	76.457	174.0551
734.106079	76.638	174.3963
739.425720	76.830	174.5975
744.783936	77.032	174.6500
750.180908	77.240	174.5482
755.617065	77.452	174.2896
761.092529	77.665	173.8740
766.607727	77.876	173.3033
772.162903	78.082	172.5811
777.758301	78.282	171.7124
783.394287	78.474	170.7031
789.071045	78.655	169.5598
794.789001	78.825	168.2897
800.548340	78.980	166.9002
806.349487	79.121	165.3989
812.192627	79.245	163.7936
818.078125	79.351	162.0918
824.006226	79.438	160.3016
829.977295	79.506	158.4307
835.991699	79.552	156.4871
842.049622	79.575	154.4791
848.151428	79.574	152.4149
854.297485	79.548	150.3033
860.488098	79.495	148.1539
866.723572	79.414	145.9766
873.004211	79.304	143.7827
879.330322	79.161	141.5845
885.702332	78.984	139.3967
892.120483	78.772	137.2360
898.585144	78.521	135.1223
905.096680	78.228	133.0801
911.655396	77.891	131.1394
918.261597	77.506	129.3383
924.915710	77.071	127.7255
931.618042	76.580	126.3648
938.368896	76.033	125.3411
945.168762	75.426	124.7687
952.017822	74.763	124.8033
958.916504	74.049	125.6575
965.865234	73.302	127.6166
972.864319	72.560	131.0410
979.914062	71.884	136.3178
987.014954	71.368	143.6883
994.167236	71.119	152.9039
1001.371399	71.213	162.9456
1008.627747	71.649	172.3223
1015.936646	72.348	179.8902
1023.298584	73.204	-174.7100
1030.713867	74.122	-171.2821
1038.182739	75.040	-169.4411
1045.705933	75.922	-168.8153
1053.283447	76.750	-169.1070
1060.916016	77.517	-170.0932
1068.603882	78.222	-171.6099
1076.347412	78.865	-173.5368
1084.147095	79.449	-175.7845
1092.003296	79.977	-178.2853
1099.916382	80.451	179.0128
1107.886841	80.875	176.1505
1115.915039	81.251	173.1609
1124.001343	81.580	170.0712
1132.146362	81.866	166.9041
1140.350342	82.110	163.6797
1148.613770	82.312	160.4156
1156.937134	82.476	157.1282
1165.320801	82.601	153.8326
1173.765137	82.689	150.5439
1182.270752	82.740	147.2764
1190.838013	82.756	144.0453
1199.467285	82.737	140.8654
1208.159180	82.684	137.7526
1216.913940	82.599	134.7233
1225.732178	82.482	131.7947
1234.614380	82.334	128.9853
1243.560913	82.158	126.3139
1252.572266	81.954	123.8003
1261.648926	81.727	121.4644
1270.791382	81.479	119.3256
1280.000000	81.213	117.4022
1289.275391	80.935	115.7094
1298.618042	80.649	114.2582
1308.028320	80.363	113.0530
1317.506836	80.082	112.0895
1327.054077	79.814	111.3525
1336.670410	79.566	110.8148
1346.356567	79.344	110.4371
1356.112793	79.153	110.1696
1365.939697	78.994	109.9550
1375.837891	78.867	109.7341
1385.807739	78.771	109.4504
1395.849854	78.700	109.0556
1405.964844	78.648	108.5128
1416.152954	78.607	107.7986
1426.415039	78.569	106.9033
1436.751465	78.526	105.8295
1447.162720	78.470	104.5907
1457.649414	78.396	103.2092
1468.212158	78.298	101.7140
1478.851440	78.171	100.1396
1489.567871	78.012	98.5250
1500.361816	77.817	96.9128
1511.234131	77.586	95.3490
1522.185059	77.318	93.8833
1533.215454	77.012	92.5680
1544.325806	76.673	91.4586
1555.516602	76.302	90.6123
1566.788574	75.907	90.0862
1578.142090	75.494	89.9338
1589.578003	75.076	90.1991
1601.096680	74.667	90.9091
1612.698975	74.281	92.0631
1624.385254	73.937	93.6234
1636.156250	73.651	95.5095
1648.012451	73.436	97.6006
1659.954590	73.297	99.7493
1671.983398	73.234	101.8042
1684.099243	73.237	103.6324
1696.302856	73.292	105.1388
1708.594971	73.382	106.2711
1720.976196	73.490	107.0180
1733.447144	73.600	107.4002
1746.008423	73.699	107.4603
1758.660645	73.777	107.2548
1771.404663	73.825	106.8472
1784.240967	73.840	106.3051
1797.170288	73.818	105.6971
1810.193359	73.759	105.0932
1823.310791	73.663	104.5634
1836.523193	73.533	104.1771
1849.831421	73.377	104.0022
1863.236084	73.201	104.1012
1876.737793	73.018	104.5258
1890.337524	72.841	105.3082
1904.035645	72.689	106.4507
1917.833008	72.578	107.9149
1931.730469	72.524	109.6154
1945.728638	72.540	111.4232
1959.828125	72.627	113.1818
1974.029907	72.783	114.7329
1988.334473	72.993	115.9431
2002.742798	73.241	116.7225
2017.255493	73.506	117.0308
2031.873291	73.768	116.8726
2046.597168	74.011	116.2877
2061.427734	74.220	115.3395
2076.365479	74.386	114.1069
2091.411865	74.500	112.6772
2106.566895	74.558	111.1437
2121.832031	74.559	109.6024
2137.207764	74.503	108.1519
2152.694824	74.396	106.8916
2168.294189	74.246	105.9179
2184.006592	74.066	105.3191
2199.832764	73.871	105.1645
2215.773682	73.685	105.4900
2231.830078	73.530	106.2812
2248.002686	73.431	107.4591
2264.292725	73.406	108.8795
2280.700684	73.465	110.3511
2297.227539	73.604	111.6718
2313.874268	73.810	112.6694
2330.641602	74.061	113.2300
2347.530273	74.335	113.3051
2364.541504	74.610	112.9035
2381.676025	74.867	112.0733
2398.934570	75.095	110.8859
2416.318359	75.283	109.4222
2433.827881	75.428	107.7645
2451.464355	75.526	105.9908
2469.228760	75.580	104.1723
2487.121826	75.591	102.3715
2505.144531	75.564	100.6410
2523.297852	75.504	99.0224
2541.582764	75.419	97.5448
2560.000000	75.314	96.2243
2578.550781	75.197	95.0636
2597.236084	75.073	94.0528
2616.056641	74.947	93.1723
2635.013672	74.822	92.3976
2654.108154	74.697	91.7047
2673.340820	74.572	91.0775
2692.713135	74.444	90.5129
2712.225586	74.311	90.0238
2731.879395	74.171	89.6396
2751.675781	74.027	89.4014
2771.615479	73.881	89.3527
2791.699707	73.745	89.5263
2811.929688	73.630	89.9278
2832.305908	73.551	90.5207
2852.830078	73.520	91.2190
2873.502930	73.543	91.8954
2894.325439	73.619	92.4047
2915.298828	73.735	92.6169
2936.424316	73.873	92.4471
2957.702881	74.011	91.8701
2979.135742	74.127	90.9206
3000.723633	74.206	89.6810
3022.468262	74.235	88.2647
3044.370117	74.210	86.7995
3066.430908	74.134	85.4104
3088.651611	74.016	84.2032
3111.033203	73.869	83.2480
3133.577148	73.710	82.5661
3156.284180	73.556	82.1245
3179.156006	73.416	81.8460
3202.193359	73.294	81.6350
3225.397949	73.185	81.4118
3248.770508	73.076	81.1440
3272.312500	72.955	80.8615
3296.024902	72.813	80.6530
3319.909180	72.650	80.6449
3343.966797	72.475	80.9674
3368.198486	72.309	81.7115
3392.605713	72.179	82.8841
3417.189941	72.113	84.3802
3441.952393	72.129	85.9932
3466.894287	72.228	87.4724
3492.016846	72.394	88.6022
3517.321289	72.601	89.2590
3542.809326	72.823	89.4219
3568.481934	73.036	89.1463
3594.340576	73.225	88.5261
3620.386719	73.381	87.6612
3646.621582	73.502	86.6403
3673.046387	73.588	85.5359
3699.662842	73.640	84.4086
3726.472168	73.659	83.3150
3753.475586	73.649	82.3132
3780.675049	73.616	81.4613
3808.071289	73.571	80.8077
3835.666016	73.525	80.3745
3863.460938	73.493	80.1412
3891.457275	73.488	80.0388
3919.656250	73.514	79.9625
3948.059814	73.570	79.8019
3976.668945	73.643	79.4767
4005.485596	73.720	78.9607
4034.510986	73.788	78.2841
4063.746582	73.839	77.5161
4093.194336	73.872	76.7370
4122.855469	73.892	76.0094
4152.730957	73.909	75.3575
4182.823730	73.930	74.7633
4213.133789	73.960	74.1787
4243.664062	73.997	73.5512
4274.415527	74.036	72.8489
4305.389648	74.070	72.0747
4336.588379	74.094	71.2642
4368.013184	74.106	70.4693
4399.665527	74.110	69.7365
4431.547363	74.115	69.0873
4463.660156	74.127	68.5077
4496.005371	74.154	67.9514
4528.585449	74.196	67.3552
4561.401367	74.247	66.6611
4594.455078	74.300	65.8372
4627.748535	74.343	64.8912
4661.283203	74.368	63.8710
4695.060547	74.370	62.8564
4729.083008	74.352	61.9384
4763.352051	74.325	61.1924
4797.869141	74.304	60.6462
4832.636719	74.307	60.2575
4867.655762	74.346	59.9146
4902.928711	74.419	59.4716
4938.457520	74.515	58.8057
4974.243652	74.613	57.8677
5010.289062	74.692	56.6978
5046.595703	74.741	55.4034
5083.165527	74.759	54.1124
5120.000000	74.755	52.9214
5157.101562	74.744	51.8595
5194.472168	74.738	50.8839
5232.113281	74.740	49.9141
5270.027344	74.745	48.8867
5308.216309	74.741	47.7968
5346.681641	74.719	46.7040
5385.426270	74.680	45.7005
5424.451172	74.631	44.8615
5463.758789	74.587	44.2066
5503.351562	74.562	43.6888
5543.230957	74.560	43.2224
5583.399414	74.580	42.7284
5623.859375	74.613	42.1682
5664.611816	74.654	41.5468
5705.660156	74.700	40.8897
5747.005859	74.751	40.2140
5788.650879	74.810	39.5142
5830.597656	74.878	38.7685
5872.848633	74.951	37.9572
5915.405762	75.026	37.0775
5958.271484	75.101	36.1427
6001.447266	75.176	35.1671
6044.936523	75.253	34.1499
6088.740234	75.331	33.0730
6132.861816	75.406	31.9178
6177.303223	75.473	30.6872
6222.066406	75.527	29.4161
6267.154297	75.566	28.1578
6312.568359	75.595	26.9575
6358.312012	75.618	25.8344
6404.386719	75.641	24.7896
6450.795898	75.664	23.8311
6497.541016	75.691	22.9878
6544.625000	75.732	22.2921
6592.049805	75.799	21.7389
6639.818359	75.904	21.2589
6687.933594	76.054	20.7366
6736.396973	76.243	20.0583
6785.211426	76.463	19.1503
6834.379883	76.702	17.9779
6883.904785	76.952	16.5262
6933.788574	77.205	14.7883
6984.033691	77.451	12.7690
7034.642578	77.685	10.4888
7085.618652	77.900	7.9743
7136.963867	78.093	5.2469
7188.681152	78.261	2.3216
7240.773438	78.398	-0.7838
7293.243164	78.500	-4.0405
7346.092773	78.562	-7.4120
7399.325684	78.580	-10.8577
7452.944336	78.549	-14.3267
7506.951172	78.463	-17.7393
7561.350098	78.322	-20.9812
7616.142578	78.135	-23.9237
7671.332031	77.920	-26.4700
7726.921875	77.704	-28.6016
7782.914551	77.514	-30.3940
7839.312500	77.365	-31.9899
7896.119629	77.262	-33.5475
7953.337891	77.195	-35.1948
8010.971191	77.151	-37.0095
8069.021973	77.114	-39.0217
8127.493164	77.070	-41.2267
8186.388672	77.001	-43.5881
8245.710938	76.896	-46.0275
8305.461914	76.746	-48.4170
8365.647461	76.553	-50.5997
8426.267578	76.333	-52.4434
8487.328125	76.111	-53.8972
8548.831055	75.911	-55.0126
8610.779297	75.750	-55.9122
8673.176758	75.632	-56.7343
8736.026367	75.549	-57.5867
8799.331055	75.491	-58.5248
8863.094727	75.444	-59.5491
8927.320312	75.400	-60.6178
8992.010742	75.354	-61.6693
9057.170898	75.310	-62.6460
9122.802734	75.276	-63.5126
9188.910156	75.259	-64.2703
9255.497070	75.268	-64.9668
9322.566406	75.306	-65.6886
9390.121094	75.365	-66.5215
9458.166016	75.430	-67.4872
9526.704102	75.489	-68.5085
9595.738281	75.544	-69.4401
9665.273438	75.610	-70.1466
9735.311523	75.715	-70.5789
9805.857422	75.887	-70.8153
9876.915039	76.143	-71.0533
9948.487305	76.481	-71.5304
10020.578125	76.886	-72.4235
10093.191406	77.341	-73.8096
10166.331055	77.835	-75.7114
10240.000000	78.362	-78.1587
10314.203125	78.911	-81.2197
10388.944336	79.468	-84.9946
10464.226562	80.002	-89.5767
10540.054688	80.480	-95.0024
10616.432617	80.863	-101.2291
10693.363281	81.115	-108.1358
10770.852539	81.203	-115.5217
10848.902344	81.106	-123.1078
10927.517578	80.815	-130.5656
11006.703125	80.339	-137.5659
11086.461914	79.700	-143.8115
11166.798828	78.932	-149.0515
11247.718750	78.078	-153.1165
11329.223633	77.193	-155.9816
11411.320312	76.331	-157.7890
11494.011719	75.533	-158.7788
11577.301758	74.818	-159.1573
11661.195312	74.190	-159.0027
11745.697266	73.660	-158.3268
11830.811523	73.248	-157.2961
11916.542969	72.959	-156.3207
12002.894531	72.765	-155.8050
12089.873047	72.614	-155.8551
12177.480469	72.460	-156.2625
12265.723633	72.286	-156.6767
12354.606445	72.108	-156.7858
12444.132812	71.964	-156.4608
12534.308594	71.895	-155.8268
12625.136719	71.921	-155.2194
12716.624023	72.031	-155.0343
12808.773438	72.188	-155.5381
12901.591797	72.344	-156.7639
12995.082031	72.462	-158.5452
13089.250000	72.524	-160.6276
13184.099609	72.535	-162.7731
13279.636719	72.510	-164.8206
13375.867188	72.470	-166.7062
13472.793945	72.436	-168.4640
13570.422852	72.419	-170.1941
13668.759766	72.419	-172.0054
13767.809570	72.434	-173.9870
13867.577148	72.451	-176.2149
13968.067383	72.457	-178.7400
14069.285156	72.432	178.4486
14171.237305	72.359	175.4338
14273.927734	72.229	172.3430
14377.362305	72.043	169.3154
14481.546875	71.809	166.4679
14586.486328	71.543	163.8636
14692.185547	71.260	161.5065
14798.651367	70.973	159.3596
14905.888672	70.686	157.3788
15013.902344	70.403	155.5474
15122.700195	70.129	153.8615
15232.285156	69.871	152.2916
15342.664062	69.632	150.7902
15453.843750	69.417	149.3195
15565.829102	69.231	147.8234
15678.625000	69.077	146.1920
15792.239258	68.948	144.2972
15906.675781	68.829	142.0579
16021.942383	68.698	139.4679
16138.043945	68.539	136.5896
16254.986328	68.339	133.5206
16372.777344	68.095	130.3593
16491.421875	67.807	127.1865
16610.923828	67.477	124.0621
16731.294922	67.109	121.0400
16852.535156	66.710	118.1622
16974.656250	66.287	115.4396
17097.662109	65.845	112.8636
17221.558594	65.391	110.4120
17346.353516	64.928	108.0417
17472.052734	64.454	105.6960
17598.662109	63.961	103.3439
17726.189453	63.433	101.0282
17854.640625	62.861	98.8737
17984.021484	62.242	97.0325
18114.341797	61.586	95.6141
18245.605469	60.907	94.6506
18377.820312	60.219	94.1058
18510.994141	59.532	93.8988
18645.132812	58.847	93.9343
18780.242188	58.156	94.1579
18916.332031	57.446	94.6429
19053.408203	56.708	95.6042
19191.476562	55.951	97.2584
19330.546875	55.204	99.6395
19470.623047	54.502	102.4979
19611.714844	53.879	105.3357
19753.830078	53.368	107.5089
19896.974609	53.001	108.2715
